Using pre-set license
Built from '2021.3/staging' branch; Version is '2021.3.16f1 (4016570cf34f) revision 4200023'; Using compiler version '192829333'; Build Type 'Release'
OS: 'Windows 10  (10.0.19044) 64bit Professional' Language: 'zh' Physical Memory: 32627 MB
BatchMode: 1, IsHumanControllingUs: 0, StartBugReporterOnCrash: 0, Is64bit: 1, IsPro: 1

COMMAND LINE ARGUMENTS:
C:\Program Files\Unity\Hub\Editor\2021.3.16f1\Editor\Unity.exe
-adb2
-batchMode
-noUpm
-name
AssetImportWorker29
-projectPath
D:/CS/ICS169/Capstone/ProjectCapstone
-logFile
Logs/AssetImportWorker29.log
-srvPort
55163
Successfully changed project path to: D:/CS/ICS169/Capstone/ProjectCapstone
D:/CS/ICS169/Capstone/ProjectCapstone
[UnityMemory] Configuration Parameters - Can be set up in boot.config
    "memorysetup-bucket-allocator-granularity=16"
    "memorysetup-bucket-allocator-bucket-count=8"
    "memorysetup-bucket-allocator-block-size=33554432"
    "memorysetup-bucket-allocator-block-count=8"
    "memorysetup-main-allocator-block-size=16777216"
    "memorysetup-thread-allocator-block-size=16777216"
    "memorysetup-gfx-main-allocator-block-size=16777216"
    "memorysetup-gfx-thread-allocator-block-size=16777216"
    "memorysetup-cache-allocator-block-size=4194304"
    "memorysetup-typetree-allocator-block-size=2097152"
    "memorysetup-profiler-bucket-allocator-granularity=16"
    "memorysetup-profiler-bucket-allocator-bucket-count=8"
    "memorysetup-profiler-bucket-allocator-block-size=33554432"
    "memorysetup-profiler-bucket-allocator-block-count=8"
    "memorysetup-profiler-allocator-block-size=16777216"
    "memorysetup-profiler-editor-allocator-block-size=1048576"
    "memorysetup-temp-allocator-size-main=16777216"
    "memorysetup-job-temp-allocator-block-size=2097152"
    "memorysetup-job-temp-allocator-block-size-background=1048576"
    "memorysetup-job-temp-allocator-reduction-small-platforms=262144"
    "memorysetup-temp-allocator-size-background-worker=32768"
    "memorysetup-temp-allocator-size-job-worker=262144"
    "memorysetup-temp-allocator-size-preload-manager=33554432"
    "memorysetup-temp-allocator-size-nav-mesh-worker=65536"
    "memorysetup-temp-allocator-size-audio-worker=65536"
    "memorysetup-temp-allocator-size-cloud-worker=32768"
    "memorysetup-temp-allocator-size-gi-baking-worker=262144"
    "memorysetup-temp-allocator-size-gfx=262144"
Player connection [24876] Host "[IP] 192.168.1.219 [Port] 0 [Flags] 2 [Guid] 1599791828 [EditorId] 1599791828 [Version] 1048832 [Id] WindowsEditor(7,DESKTOP-8076NJ7) [Debug] 1 [PackageName] WindowsEditor [ProjectName] Editor" joined multi-casting on [225.0.0.222:54997]...

Player connection [24876] Host "[IP] 192.168.1.219 [Port] 0 [Flags] 2 [Guid] 1599791828 [EditorId] 1599791828 [Version] 1048832 [Id] WindowsEditor(7,DESKTOP-8076NJ7) [Debug] 1 [PackageName] WindowsEditor [ProjectName] Editor" joined alternative multi-casting on [225.0.0.222:34997]...

Refreshing native plugins compatible for Editor in 194.42 ms, found 3 plugins.
Preloading 0 native plugins for Editor in 0.00 ms.
Initialize engine version: 2021.3.16f1 (4016570cf34f)
[Subsystems] Discovering subsystems at path C:/Program Files/Unity/Hub/Editor/2021.3.16f1/Editor/Data/Resources/UnitySubsystems
[Subsystems] Discovering subsystems at path D:/CS/ICS169/Capstone/ProjectCapstone/Assets
GfxDevice: creating device client; threaded=0; jobified=0
Direct3D:
    Version:  Direct3D 11.0 [level 11.1]
    Renderer: NVIDIA GeForce RTX 3080 (ID=0x220a)
    Vendor:   NVIDIA
    VRAM:     12107 MB
    Driver:   31.0.15.3623
Initialize mono
Mono path[0] = 'C:/Program Files/Unity/Hub/Editor/2021.3.16f1/Editor/Data/Managed'
Mono path[1] = 'C:/Program Files/Unity/Hub/Editor/2021.3.16f1/Editor/Data/MonoBleedingEdge/lib/mono/unityjit-win32'
Mono config path = 'C:/Program Files/Unity/Hub/Editor/2021.3.16f1/Editor/Data/MonoBleedingEdge/etc'
Using monoOptions --debugger-agent=transport=dt_socket,embedding=1,server=y,suspend=n,address=127.0.0.1:56884
Begin MonoManager ReloadAssembly
Registering precompiled unity dll's ...
Register platform support module: C:/Program Files/Unity/Hub/Editor/2021.3.16f1/Editor/Data/PlaybackEngines/WebGLSupport/UnityEditor.WebGL.Extensions.dll
Register platform support module: C:/Program Files/Unity/Hub/Editor/2021.3.16f1/Editor/Data/PlaybackEngines/WindowsStandaloneSupport/UnityEditor.WindowsStandalone.Extensions.dll
Register platform support module: C:/Program Files/Unity/Hub/Editor/2021.3.16f1/Editor/Data/PlaybackEngines/LinuxStandaloneSupport/UnityEditor.LinuxStandalone.Extensions.dll
Registered in 0.013665 seconds.
Native extension for LinuxStandalone target not found
Native extension for WindowsStandalone target not found
Native extension for WebGL target not found
Refreshing native plugins compatible for Editor in 187.97 ms, found 3 plugins.
Preloading 0 native plugins for Editor in 0.00 ms.
Mono: successfully reloaded assembly
- Completed reload, in  0.892 seconds
Domain Reload Profiling:
	ReloadAssembly (893ms)
		BeginReloadAssembly (91ms)
			ExecutionOrderSort (0ms)
			DisableScriptedObjects (0ms)
			BackupInstance (0ms)
			ReleaseScriptingObjects (0ms)
			CreateAndSetChildDomain (1ms)
		EndReloadAssembly (660ms)
			LoadAssemblies (88ms)
			RebuildTransferFunctionScriptingTraits (0ms)
			SetupTypeCache (123ms)
			ReleaseScriptCaches (0ms)
			RebuildScriptCaches (35ms)
			SetupLoadedEditorAssemblies (437ms)
				LogAssemblyErrors (0ms)
				InitializePlatformSupportModulesInManaged (19ms)
				SetLoadedEditorAssemblies (0ms)
				RefreshPlugins (188ms)
				BeforeProcessingInitializeOnLoad (2ms)
				ProcessInitializeOnLoadAttributes (174ms)
				ProcessInitializeOnLoadMethodAttributes (54ms)
				AfterProcessingInitializeOnLoad (0ms)
				EditorAssembliesLoaded (0ms)
			ExecutionOrderSort2 (0ms)
			AwakeInstancesAfterBackupRestoration (0ms)
Platform modules already initialized, skipping
Registering precompiled user dll's ...
Registered in 0.009438 seconds.
Begin MonoManager ReloadAssembly
Symbol file LoadedFromMemory doesn't match image D:\CS\ICS169\Capstone\ProjectCapstone\Library\PackageCache\com.unity.visualscripting@1.7.8\Editor\VisualScripting.Core\Dependencies\YamlDotNet\Unity.VisualScripting.YamlDotNet.dll
Symbol file LoadedFromMemory doesn't match image D:\CS\ICS169\Capstone\ProjectCapstone\Library\PackageCache\com.unity.visualscripting@1.7.8\Editor\VisualScripting.Core\Dependencies\DotNetZip\Unity.VisualScripting.IonicZip.dll
Native extension for LinuxStandalone target not found
Native extension for WindowsStandalone target not found
Native extension for WebGL target not found
Refreshing native plugins compatible for Editor in 189.51 ms, found 3 plugins.
Preloading 0 native plugins for Editor in 0.00 ms.
Mono: successfully reloaded assembly
- Completed reload, in  5.805 seconds
Domain Reload Profiling:
	ReloadAssembly (5806ms)
		BeginReloadAssembly (120ms)
			ExecutionOrderSort (0ms)
			DisableScriptedObjects (7ms)
			BackupInstance (0ms)
			ReleaseScriptingObjects (0ms)
			CreateAndSetChildDomain (20ms)
		EndReloadAssembly (5542ms)
			LoadAssemblies (122ms)
			RebuildTransferFunctionScriptingTraits (0ms)
			SetupTypeCache (451ms)
			ReleaseScriptCaches (1ms)
			RebuildScriptCaches (165ms)
			SetupLoadedEditorAssemblies (4734ms)
				LogAssemblyErrors (0ms)
				InitializePlatformSupportModulesInManaged (15ms)
				SetLoadedEditorAssemblies (0ms)
				RefreshPlugins (190ms)
				BeforeProcessingInitializeOnLoad (196ms)
				ProcessInitializeOnLoadAttributes (3931ms)
				ProcessInitializeOnLoadMethodAttributes (388ms)
				AfterProcessingInitializeOnLoad (14ms)
				EditorAssembliesLoaded (0ms)
			ExecutionOrderSort2 (0ms)
			AwakeInstancesAfterBackupRestoration (9ms)
Platform modules already initialized, skipping
========================================================================
Worker process is ready to serve import requests
Launched and connected shader compiler UnityShaderCompiler.exe after 0.06 seconds
Refreshing native plugins compatible for Editor in 1.43 ms, found 3 plugins.
Preloading 0 native plugins for Editor in 0.00 ms.
Unloading 8261 Unused Serialized files (Serialized files now loaded: 0)
Unloading 53 unused Assets / (3.4 MB). Loaded Objects now: 8732.
Memory consumption went from 387.7 MB to 384.3 MB.
Total: 5.667800 ms (FindLiveObjects: 0.905200 ms CreateObjectMapping: 0.457800 ms MarkObjects: 3.759200 ms  DeleteObjects: 0.544300 ms)

AssetImportParameters requested are different than current active one (requested -> active):
  custom:video-decoder-ogg-theora: a1e56fd34408186e4bbccfd4996cb3dc -> 
  custom:container-muxer-webm: aa71ff27fc2769a1b78a27578f13a17b -> 
  custom:container-demuxer-webm: 4f35f7cbe854078d1ac9338744f61a02 -> 
  custom:video-encoder-webm-vp8: eb34c28f22e8b96e1ab97ce403110664 -> 
  custom:video-codec-MediaFoundation-h265: 746d11721c4dcdbdad8f713fa42b33f4 -> 
  custom:audio-encoder-webm-vorbis: bf7c407c2cedff20999df2af8eb42d56 -> 
  custom:framework-win-MediaFoundation: 216162199b28c13a410421893ffa2e32 -> 
  custom:SearchIndexIgnoredProperties: e643bd26f0fe6173181afceb89e7c659 -> 
  custom:container-demuxer-ogg: 62fdf1f143b41e24485cea50d1cbac27 -> 
  custom:video-decoder-webm-vp8: 9c59270c3fd7afecdb556c50c9e8de78 -> 
  custom:audio-decoder-ogg-vorbis: bf7c407c2cedff20999df2af8eb42d56 -> 
========================================================================
Received Import Request.
  Time since last request: 779387.957405 seconds.
  path: Assets/Polaris - Low Poly Ecosystem/Polaris - Low Poly Terrain Engine/Editor/Textures/ElevationIcon.psd
  artifactKey: Guid(c58ad81d72b5c624aa0a7ba4b3e14373) Importer(815301076,1909f56bfc062723c751e8b465ee728b)
Start importing Assets/Polaris - Low Poly Ecosystem/Polaris - Low Poly Terrain Engine/Editor/Textures/ElevationIcon.psd using Guid(c58ad81d72b5c624aa0a7ba4b3e14373) Importer(815301076,1909f56bfc062723c751e8b465ee728b)  -> (artifact id: 'b2ff14f97e8c40278251de3761890d5c') in 0.103086 seconds 
========================================================================
Received Import Request.
  Time since last request: 0.161909 seconds.
  path: Assets/Polaris - Low Poly Ecosystem/Polaris - Low Poly Terrain Engine/Editor/Textures/IconWhite.psd
  artifactKey: Guid(d42681901f8662b41941c82d7dca0ec8) Importer(815301076,1909f56bfc062723c751e8b465ee728b)
Start importing Assets/Polaris - Low Poly Ecosystem/Polaris - Low Poly Terrain Engine/Editor/Textures/IconWhite.psd using Guid(d42681901f8662b41941c82d7dca0ec8) Importer(815301076,1909f56bfc062723c751e8b465ee728b)  -> (artifact id: '555cb942ea52ce0f784f654a2680c7c7') in 0.015818 seconds 
========================================================================
Received Import Request.
  Time since last request: 0.001010 seconds.
  path: Assets/Polaris - Low Poly Ecosystem/Polaris - Low Poly Terrain Engine/Editor/Textures/JupiterIcon.png
  artifactKey: Guid(735b028efc3e62e4f91f33078d253cc8) Importer(815301076,1909f56bfc062723c751e8b465ee728b)
Start importing Assets/Polaris - Low Poly Ecosystem/Polaris - Low Poly Terrain Engine/Editor/Textures/JupiterIcon.png using Guid(735b028efc3e62e4f91f33078d253cc8) Importer(815301076,1909f56bfc062723c751e8b465ee728b)  -> (artifact id: 'a64627dc852820738744ed0a22c0b165') in 0.013034 seconds 
========================================================================
Received Import Request.
  Time since last request: 0.034938 seconds.
  path: Assets/Polaris - Low Poly Ecosystem/Polaris - Low Poly Terrain Engine/Editor/Textures/MeshToFileIcon.png
  artifactKey: Guid(5ffa66cafc6dd054aaaef70f2872e654) Importer(815301076,1909f56bfc062723c751e8b465ee728b)
Start importing Assets/Polaris - Low Poly Ecosystem/Polaris - Low Poly Terrain Engine/Editor/Textures/MeshToFileIcon.png using Guid(5ffa66cafc6dd054aaaef70f2872e654) Importer(815301076,1909f56bfc062723c751e8b465ee728b)  -> (artifact id: 'bf172ae98336b345dbc195734305ce78') in 0.009315 seconds 
========================================================================
Received Import Request.
  Time since last request: 0.477327 seconds.
  path: Assets/Polaris - Low Poly Ecosystem/Polaris - Low Poly Terrain Engine/Editor/Textures/NoiseIcon.psd
  artifactKey: Guid(d40864a6805879e4c9e45369718f6199) Importer(815301076,1909f56bfc062723c751e8b465ee728b)
Start importing Assets/Polaris - Low Poly Ecosystem/Polaris - Low Poly Terrain Engine/Editor/Textures/NoiseIcon.psd using Guid(d40864a6805879e4c9e45369718f6199) Importer(815301076,1909f56bfc062723c751e8b465ee728b)  -> (artifact id: '9c3b66c25bc4e1affccb7a49266bc7a1') in 0.007854 seconds 
========================================================================
Received Import Request.
  Time since last request: 0.009730 seconds.
  path: Assets/Polaris - Low Poly Ecosystem/Polaris - Low Poly Terrain Engine/Editor/Textures/PaintGrassIcon.psd
  artifactKey: Guid(76d4675bfad3d734d9932fa98d8f8010) Importer(815301076,1909f56bfc062723c751e8b465ee728b)
Start importing Assets/Polaris - Low Poly Ecosystem/Polaris - Low Poly Terrain Engine/Editor/Textures/PaintGrassIcon.psd using Guid(76d4675bfad3d734d9932fa98d8f8010) Importer(815301076,1909f56bfc062723c751e8b465ee728b)  -> (artifact id: '02f39ed69f12dc103c83c761b41d33de') in 0.013084 seconds 
========================================================================
Received Import Request.
  Time since last request: 0.000027 seconds.
  path: Assets/Polaris - Low Poly Ecosystem/Polaris - Low Poly Terrain Engine/Editor/Textures/PrefabPrototypeGroupIcon.psd
  artifactKey: Guid(5f9926ffcb356ea4c9d4d0d0be344dbb) Importer(815301076,1909f56bfc062723c751e8b465ee728b)
Start importing Assets/Polaris - Low Poly Ecosystem/Polaris - Low Poly Terrain Engine/Editor/Textures/PrefabPrototypeGroupIcon.psd using Guid(5f9926ffcb356ea4c9d4d0d0be344dbb) Importer(815301076,1909f56bfc062723c751e8b465ee728b)  -> (artifact id: '6b06272b5521d27df5a54952769d896a') in 0.010060 seconds 
========================================================================
Received Import Request.
  Time since last request: 2.104108 seconds.
  path: Assets/Polaris - Low Poly Ecosystem/Polaris - Low Poly Terrain Engine/Runtime/Textures/RedTexture.psd
  artifactKey: Guid(be6c4d41444b35148b68cd4432974843) Importer(815301076,1909f56bfc062723c751e8b465ee728b)
Start importing Assets/Polaris - Low Poly Ecosystem/Polaris - Low Poly Terrain Engine/Runtime/Textures/RedTexture.psd using Guid(be6c4d41444b35148b68cd4432974843) Importer(815301076,1909f56bfc062723c751e8b465ee728b)  -> (artifact id: '14b1fe750d7d7de34e48363f08704560') in 0.009309 seconds 
========================================================================
Received Import Request.
  Time since last request: 0.009039 seconds.
  path: Assets/Polaris - Low Poly Ecosystem/Polaris - Low Poly Terrain Engine/Editor/Resources/PolarisBrushes/SampleBrush0.psd
  artifactKey: Guid(36ca50646fcd9bb438393fe69f4fce4d) Importer(815301076,1909f56bfc062723c751e8b465ee728b)
Start importing Assets/Polaris - Low Poly Ecosystem/Polaris - Low Poly Terrain Engine/Editor/Resources/PolarisBrushes/SampleBrush0.psd using Guid(36ca50646fcd9bb438393fe69f4fce4d) Importer(815301076,1909f56bfc062723c751e8b465ee728b)  -> (artifact id: '453d53b4440fa86388261ca944d65c57') in 0.016085 seconds 
========================================================================
Received Import Request.
  Time since last request: 0.000034 seconds.
  path: Assets/Polaris - Low Poly Ecosystem/Polaris - Low Poly Terrain Engine/Editor/Textures/SpawnObjectIcon.psd
  artifactKey: Guid(cc953290d309828419b257b5e9ad3530) Importer(815301076,1909f56bfc062723c751e8b465ee728b)
Start importing Assets/Polaris - Low Poly Ecosystem/Polaris - Low Poly Terrain Engine/Editor/Textures/SpawnObjectIcon.psd using Guid(cc953290d309828419b257b5e9ad3530) Importer(815301076,1909f56bfc062723c751e8b465ee728b)  -> (artifact id: '4ed3f76e214449878508096f844f43d5') in 0.010753 seconds 
========================================================================
Received Import Request.
  Time since last request: 5.673002 seconds.
  path: Assets/Polaris - Low Poly Ecosystem/Polaris - Low Poly Terrain Engine/Editor/Textures/SubDivisionIcon.psd
  artifactKey: Guid(951f32e54569bfc468e13dac18cb5f3d) Importer(815301076,1909f56bfc062723c751e8b465ee728b)
Start importing Assets/Polaris - Low Poly Ecosystem/Polaris - Low Poly Terrain Engine/Editor/Textures/SubDivisionIcon.psd using Guid(951f32e54569bfc468e13dac18cb5f3d) Importer(815301076,1909f56bfc062723c751e8b465ee728b)  -> (artifact id: '71364fef7874732882c7e17efdebccb2') in 0.007238 seconds 
========================================================================
Received Import Request.
  Time since last request: 0.000026 seconds.
  path: Assets/Polaris - Low Poly Ecosystem/Polaris - Low Poly Terrain Engine/Editor/Textures/TerraceIcon.psd
  artifactKey: Guid(81dffbdd326cbc04b883684c728e009d) Importer(815301076,1909f56bfc062723c751e8b465ee728b)
Start importing Assets/Polaris - Low Poly Ecosystem/Polaris - Low Poly Terrain Engine/Editor/Textures/TerraceIcon.psd using Guid(81dffbdd326cbc04b883684c728e009d) Importer(815301076,1909f56bfc062723c751e8b465ee728b)  -> (artifact id: '101b6e5009e3ddf3f78c70f3c80ba0ea') in 0.010976 seconds 
========================================================================
Received Import Request.
  Time since last request: 3.432618 seconds.
  path: Assets/Polaris - Low Poly Ecosystem/Polaris - Low Poly Terrain Engine/Editor/Textures/TreePrototypeGroupIcon.psd
  artifactKey: Guid(46329a0916a135c4d85ecbb651424ba0) Importer(815301076,1909f56bfc062723c751e8b465ee728b)
Start importing Assets/Polaris - Low Poly Ecosystem/Polaris - Low Poly Terrain Engine/Editor/Textures/TreePrototypeGroupIcon.psd using Guid(46329a0916a135c4d85ecbb651424ba0) Importer(815301076,1909f56bfc062723c751e8b465ee728b)  -> (artifact id: 'a516ec8958f04e432281eec933f8e514') in 0.011046 seconds 
========================================================================
Received Import Request.
  Time since last request: 0.000019 seconds.
  path: Assets/Polaris - Low Poly Ecosystem/Polaris - Low Poly Terrain Engine/Editor/Resources/PolarisBrushes/WhiteSquare.png
  artifactKey: Guid(a980d13c990ec08429a09a1d0c1edb47) Importer(815301076,1909f56bfc062723c751e8b465ee728b)
Start importing Assets/Polaris - Low Poly Ecosystem/Polaris - Low Poly Terrain Engine/Editor/Resources/PolarisBrushes/WhiteSquare.png using Guid(a980d13c990ec08429a09a1d0c1edb47) Importer(815301076,1909f56bfc062723c751e8b465ee728b)  -> (artifact id: '2d0bd148e15a71c5a7744b20093a9221') in 0.009083 seconds 
========================================================================
Received Import Request.
  Time since last request: 104.608581 seconds.
  path: Assets/Arts/Sprite/Map.png
  artifactKey: Guid(bc1fc5e14b7e9b64cb4e7ba255da28d8) Importer(815301076,1909f56bfc062723c751e8b465ee728b)
Start importing Assets/Arts/Sprite/Map.png using Guid(bc1fc5e14b7e9b64cb4e7ba255da28d8) Importer(815301076,1909f56bfc062723c751e8b465ee728b)  -> (artifact id: '05a65c92c9766199aaa258de03f710e0') in 0.009868 seconds 
========================================================================
Received Import Request.
  Time since last request: 21.586565 seconds.
  path: Assets/Arts/Sprite/Map.png
  artifactKey: Guid(bc1fc5e14b7e9b64cb4e7ba255da28d8) Importer(815301076,1909f56bfc062723c751e8b465ee728b)
Start importing Assets/Arts/Sprite/Map.png using Guid(bc1fc5e14b7e9b64cb4e7ba255da28d8) Importer(815301076,1909f56bfc062723c751e8b465ee728b)  -> (artifact id: 'eeee9b0a5e69ae086f1b20779af00e73') in 0.010844 seconds 
========================================================================
Received Import Request.
  Time since last request: 67.791190 seconds.
  path: Assets/Arts/Sprite/Materials
  artifactKey: Guid(1048c100b58cc1f4188fb9e4afbd69aa) Importer(815301076,1909f56bfc062723c751e8b465ee728b)
Start importing Assets/Arts/Sprite/Materials using Guid(1048c100b58cc1f4188fb9e4afbd69aa) Importer(815301076,1909f56bfc062723c751e8b465ee728b)  -> (artifact id: '0ba6f0495765a6351bed36f1afe7bed0') in 0.010890 seconds 
========================================================================
Received Import Request.
  Time since last request: 2.685418 seconds.
  path: Assets/Arts/Material/Terrain/RegularGround.mat
  artifactKey: Guid(11ce8d0b80a532747ad5a5a8764f9213) Importer(815301076,1909f56bfc062723c751e8b465ee728b)
Start importing Assets/Arts/Material/Terrain/RegularGround.mat using Guid(11ce8d0b80a532747ad5a5a8764f9213) Importer(815301076,1909f56bfc062723c751e8b465ee728b)  -> (artifact id: 'bfed12ad6233a3f3e37ad422a9d64179') in 0.924122 seconds 
========================================================================
Received Import Request.
  Time since last request: 66.153536 seconds.
  path: Assets/Arts/Sprite/Materials/Map.mat
  artifactKey: Guid(74850d8e87a7f6c4c8c1d3d2525455e2) Importer(815301076,1909f56bfc062723c751e8b465ee728b)
Start importing Assets/Arts/Sprite/Materials/Map.mat using Guid(74850d8e87a7f6c4c8c1d3d2525455e2) Importer(815301076,1909f56bfc062723c751e8b465ee728b)  -> (artifact id: '7409e28a23fb57108796c0b6ca25c3ee') in 0.039862 seconds 
========================================================================
Received Import Request.
  Time since last request: 2.412360 seconds.
  path: Assets/Arts/Material/Terrain/RegularGround.mat
  artifactKey: Guid(11ce8d0b80a532747ad5a5a8764f9213) Importer(815301076,1909f56bfc062723c751e8b465ee728b)
Start importing Assets/Arts/Material/Terrain/RegularGround.mat using Guid(11ce8d0b80a532747ad5a5a8764f9213) Importer(815301076,1909f56bfc062723c751e8b465ee728b)  -> (artifact id: 'd68c48baff04adeb4a5ad8bba096def1') in 0.017663 seconds 
========================================================================
Received Prepare
Registering precompiled user dll's ...
Registered in 0.009064 seconds.
Begin MonoManager ReloadAssembly
Symbol file LoadedFromMemory doesn't match image D:\CS\ICS169\Capstone\ProjectCapstone\Library\PackageCache\com.unity.visualscripting@1.7.8\Editor\VisualScripting.Core\Dependencies\YamlDotNet\Unity.VisualScripting.YamlDotNet.dll
Symbol file LoadedFromMemory doesn't match image D:\CS\ICS169\Capstone\ProjectCapstone\Library\PackageCache\com.unity.visualscripting@1.7.8\Editor\VisualScripting.Core\Dependencies\DotNetZip\Unity.VisualScripting.IonicZip.dll
Native extension for LinuxStandalone target not found
Native extension for WindowsStandalone target not found
Native extension for WebGL target not found
Refreshing native plugins compatible for Editor in 1.32 ms, found 3 plugins.
Preloading 0 native plugins for Editor in 0.00 ms.
Mono: successfully reloaded assembly
- Completed reload, in  4.504 seconds
Domain Reload Profiling:
	ReloadAssembly (4505ms)
		BeginReloadAssembly (233ms)
			ExecutionOrderSort (0ms)
			DisableScriptedObjects (41ms)
			BackupInstance (0ms)
			ReleaseScriptingObjects (0ms)
			CreateAndSetChildDomain (69ms)
		EndReloadAssembly (4159ms)
			LoadAssemblies (115ms)
			RebuildTransferFunctionScriptingTraits (0ms)
			SetupTypeCache (432ms)
			ReleaseScriptCaches (2ms)
			RebuildScriptCaches (113ms)
			SetupLoadedEditorAssemblies (3290ms)
				LogAssemblyErrors (0ms)
				InitializePlatformSupportModulesInManaged (21ms)
				SetLoadedEditorAssemblies (1ms)
				RefreshPlugins (1ms)
				BeforeProcessingInitializeOnLoad (142ms)
				ProcessInitializeOnLoadAttributes (2967ms)
				ProcessInitializeOnLoadMethodAttributes (145ms)
				AfterProcessingInitializeOnLoad (12ms)
				EditorAssembliesLoaded (0ms)
			ExecutionOrderSort2 (0ms)
			AwakeInstancesAfterBackupRestoration (49ms)
Platform modules already initialized, skipping
Refreshing native plugins compatible for Editor in 4.00 ms, found 3 plugins.
Preloading 0 native plugins for Editor in 0.00 ms.
Unloading 7841 Unused Serialized files (Serialized files now loaded: 0)
Unloading 45 unused Assets / (3.4 MB). Loaded Objects now: 8891.
Memory consumption went from 370.9 MB to 367.5 MB.
Total: 5.267300 ms (FindLiveObjects: 0.813100 ms CreateObjectMapping: 0.370800 ms MarkObjects: 3.602200 ms  DeleteObjects: 0.479900 ms)

AssetImportParameters requested are different than current active one (requested -> active):
  custom:video-decoder-ogg-theora: a1e56fd34408186e4bbccfd4996cb3dc -> 
  custom:container-muxer-webm: aa71ff27fc2769a1b78a27578f13a17b -> 
  custom:container-demuxer-webm: 4f35f7cbe854078d1ac9338744f61a02 -> 
  custom:video-encoder-webm-vp8: eb34c28f22e8b96e1ab97ce403110664 -> 
  custom:video-codec-MediaFoundation-h265: 746d11721c4dcdbdad8f713fa42b33f4 -> 
  custom:audio-encoder-webm-vorbis: bf7c407c2cedff20999df2af8eb42d56 -> 
  custom:framework-win-MediaFoundation: 216162199b28c13a410421893ffa2e32 -> 
  custom:SearchIndexIgnoredProperties: e643bd26f0fe6173181afceb89e7c659 -> 
  custom:container-demuxer-ogg: 62fdf1f143b41e24485cea50d1cbac27 -> 
  custom:video-decoder-webm-vp8: 9c59270c3fd7afecdb556c50c9e8de78 -> 
  custom:audio-decoder-ogg-vorbis: bf7c407c2cedff20999df2af8eb42d56 -> 
========================================================================
Received Prepare
Registering precompiled user dll's ...
Registered in 0.008958 seconds.
Begin MonoManager ReloadAssembly
Symbol file LoadedFromMemory doesn't match image D:\CS\ICS169\Capstone\ProjectCapstone\Library\PackageCache\com.unity.visualscripting@1.7.8\Editor\VisualScripting.Core\Dependencies\YamlDotNet\Unity.VisualScripting.YamlDotNet.dll
Symbol file LoadedFromMemory doesn't match image D:\CS\ICS169\Capstone\ProjectCapstone\Library\PackageCache\com.unity.visualscripting@1.7.8\Editor\VisualScripting.Core\Dependencies\DotNetZip\Unity.VisualScripting.IonicZip.dll
Native extension for LinuxStandalone target not found
Native extension for WindowsStandalone target not found
Native extension for WebGL target not found
Refreshing native plugins compatible for Editor in 1.05 ms, found 3 plugins.
Preloading 0 native plugins for Editor in 0.00 ms.
Mono: successfully reloaded assembly
- Completed reload, in  4.379 seconds
Domain Reload Profiling:
	ReloadAssembly (4380ms)
		BeginReloadAssembly (185ms)
			ExecutionOrderSort (0ms)
			DisableScriptedObjects (9ms)
			BackupInstance (0ms)
			ReleaseScriptingObjects (0ms)
			CreateAndSetChildDomain (58ms)
		EndReloadAssembly (4081ms)
			LoadAssemblies (123ms)
			RebuildTransferFunctionScriptingTraits (0ms)
			SetupTypeCache (427ms)
			ReleaseScriptCaches (2ms)
			RebuildScriptCaches (94ms)
			SetupLoadedEditorAssemblies (3252ms)
				LogAssemblyErrors (0ms)
				InitializePlatformSupportModulesInManaged (21ms)
				SetLoadedEditorAssemblies (1ms)
				RefreshPlugins (1ms)
				BeforeProcessingInitializeOnLoad (138ms)
				ProcessInitializeOnLoadAttributes (2929ms)
				ProcessInitializeOnLoadMethodAttributes (148ms)
				AfterProcessingInitializeOnLoad (14ms)
				EditorAssembliesLoaded (1ms)
			ExecutionOrderSort2 (0ms)
			AwakeInstancesAfterBackupRestoration (51ms)
Platform modules already initialized, skipping
Refreshing native plugins compatible for Editor in 3.31 ms, found 3 plugins.
Preloading 0 native plugins for Editor in 0.00 ms.
Unloading 7841 Unused Serialized files (Serialized files now loaded: 0)
Unloading 45 unused Assets / (3.4 MB). Loaded Objects now: 8894.
Memory consumption went from 370.7 MB to 367.3 MB.
Total: 5.410700 ms (FindLiveObjects: 0.821000 ms CreateObjectMapping: 0.427100 ms MarkObjects: 3.666100 ms  DeleteObjects: 0.495400 ms)

AssetImportParameters requested are different than current active one (requested -> active):
  custom:video-decoder-ogg-theora: a1e56fd34408186e4bbccfd4996cb3dc -> 
  custom:container-muxer-webm: aa71ff27fc2769a1b78a27578f13a17b -> 
  custom:container-demuxer-webm: 4f35f7cbe854078d1ac9338744f61a02 -> 
  custom:video-encoder-webm-vp8: eb34c28f22e8b96e1ab97ce403110664 -> 
  custom:video-codec-MediaFoundation-h265: 746d11721c4dcdbdad8f713fa42b33f4 -> 
  custom:audio-encoder-webm-vorbis: bf7c407c2cedff20999df2af8eb42d56 -> 
  custom:framework-win-MediaFoundation: 216162199b28c13a410421893ffa2e32 -> 
  custom:SearchIndexIgnoredProperties: e643bd26f0fe6173181afceb89e7c659 -> 
  custom:container-demuxer-ogg: 62fdf1f143b41e24485cea50d1cbac27 -> 
  custom:video-decoder-webm-vp8: 9c59270c3fd7afecdb556c50c9e8de78 -> 
  custom:audio-decoder-ogg-vorbis: bf7c407c2cedff20999df2af8eb42d56 -> 
========================================================================
Received Import Request.
  Time since last request: 1397.504629 seconds.
  path: Assets/Arts/Sprite/Materials/Map.mat
  artifactKey: Guid(74850d8e87a7f6c4c8c1d3d2525455e2) Importer(815301076,1909f56bfc062723c751e8b465ee728b)
Start importing Assets/Arts/Sprite/Materials/Map.mat using Guid(74850d8e87a7f6c4c8c1d3d2525455e2) Importer(815301076,1909f56bfc062723c751e8b465ee728b)  -> (artifact id: '2d4996c00e27a51ec4d469668b7627e4') in 0.821532 seconds 
========================================================================
Received Import Request.
  Time since last request: 70.575859 seconds.
  path: Assets/Arts/Terrain/Scene_Terrain_Stands_Roof
  artifactKey: Guid(a710788b977107e48a48fa505773e217) Importer(815301076,1909f56bfc062723c751e8b465ee728b)
Start importing Assets/Arts/Terrain/Scene_Terrain_Stands_Roof using Guid(a710788b977107e48a48fa505773e217) Importer(815301076,1909f56bfc062723c751e8b465ee728b)  -> (artifact id: '98e5bdad3c21e4129d4441e62e260c8b') in 0.002087 seconds 
========================================================================
Received Import Request.
  Time since last request: 0.152519 seconds.
  path: Assets/Arts/Terrain/Scene_Terrain_Stands_Roof/Scene_Terrain_Stands_Roof.obj
  artifactKey: Guid(c08232e1b8fe722479e5cae37cef9a1a) Importer(815301076,1909f56bfc062723c751e8b465ee728b)
Start importing Assets/Arts/Terrain/Scene_Terrain_Stands_Roof/Scene_Terrain_Stands_Roof.obj using Guid(c08232e1b8fe722479e5cae37cef9a1a) Importer(815301076,1909f56bfc062723c751e8b465ee728b)  -> (artifact id: '8e5f3d74f92ec8826525c01fb06ee4f4') in 0.087033 seconds 
========================================================================
Received Import Request.
  Time since last request: 158.771512 seconds.
  path: Assets/Arts/TerrainPrefab/Scene_Terrain_Stands_Roof.prefab
  artifactKey: Guid(2df59ffa06c33724d9d25d3bb59c25bd) Importer(815301076,1909f56bfc062723c751e8b465ee728b)
Start importing Assets/Arts/TerrainPrefab/Scene_Terrain_Stands_Roof.prefab using Guid(2df59ffa06c33724d9d25d3bb59c25bd) Importer(815301076,1909f56bfc062723c751e8b465ee728b)  -> (artifact id: 'd1068c9688b381ff71957add6be9331e') in 0.020905 seconds 
========================================================================
Received Import Request.
  Time since last request: 12.988803 seconds.
  path: Assets/Arts/TerrainPrefab/Scene_Terrain_Stands_Roof.prefab
  artifactKey: Guid(2df59ffa06c33724d9d25d3bb59c25bd) Importer(815301076,1909f56bfc062723c751e8b465ee728b)
Start importing Assets/Arts/TerrainPrefab/Scene_Terrain_Stands_Roof.prefab using Guid(2df59ffa06c33724d9d25d3bb59c25bd) Importer(815301076,1909f56bfc062723c751e8b465ee728b)  -> (artifact id: 'a6fc0328135e0c9b8963f647ead3bcd8') in 0.016361 seconds 
========================================================================
Received Import Request.
  Time since last request: 111.064095 seconds.
  path: Assets/Arts/TerrainPrefab/Scene_Terrain_Stands_Roof.prefab
  artifactKey: Guid(2df59ffa06c33724d9d25d3bb59c25bd) Importer(815301076,1909f56bfc062723c751e8b465ee728b)
Start importing Assets/Arts/TerrainPrefab/Scene_Terrain_Stands_Roof.prefab using Guid(2df59ffa06c33724d9d25d3bb59c25bd) Importer(815301076,1909f56bfc062723c751e8b465ee728b)  -> (artifact id: 'db1e075ce4720f2858a3591b7a6d269a') in 0.020887 seconds 
========================================================================
Received Import Request.
  Time since last request: 4.599267 seconds.
  path: Assets/Arts/TerrainPrefab/Scene_Terrain_Stands_Roof.prefab
  artifactKey: Guid(2df59ffa06c33724d9d25d3bb59c25bd) Importer(815301076,1909f56bfc062723c751e8b465ee728b)
Start importing Assets/Arts/TerrainPrefab/Scene_Terrain_Stands_Roof.prefab using Guid(2df59ffa06c33724d9d25d3bb59c25bd) Importer(815301076,1909f56bfc062723c751e8b465ee728b)  -> (artifact id: '75ad16427df404db9dad6e183ecaa807') in 0.018509 seconds 
========================================================================
Received Import Request.
  Time since last request: 0.616665 seconds.
  path: Assets/Arts/TerrainPrefab/Scene_Terrain_Stands_Roof.prefab
  artifactKey: Guid(2df59ffa06c33724d9d25d3bb59c25bd) Importer(815301076,1909f56bfc062723c751e8b465ee728b)
Start importing Assets/Arts/TerrainPrefab/Scene_Terrain_Stands_Roof.prefab using Guid(2df59ffa06c33724d9d25d3bb59c25bd) Importer(815301076,1909f56bfc062723c751e8b465ee728b)  -> (artifact id: 'b9e515f53a017dbc5c170ddd13e08337') in 0.018405 seconds 
========================================================================
Received Import Request.
  Time since last request: 1.632953 seconds.
  path: Assets/Arts/TerrainPrefab/Scene_Terrain_Stands_Roof.prefab
  artifactKey: Guid(2df59ffa06c33724d9d25d3bb59c25bd) Importer(815301076,1909f56bfc062723c751e8b465ee728b)
Start importing Assets/Arts/TerrainPrefab/Scene_Terrain_Stands_Roof.prefab using Guid(2df59ffa06c33724d9d25d3bb59c25bd) Importer(815301076,1909f56bfc062723c751e8b465ee728b)  -> (artifact id: '4c8a11ec9f68c57945cdd3b1b3fe3231') in 0.018777 seconds 
========================================================================
Received Import Request.
  Time since last request: 2.890566 seconds.
  path: Assets/Arts/TerrainPrefab/Scene_Terrain_Stands_Roof.prefab
  artifactKey: Guid(2df59ffa06c33724d9d25d3bb59c25bd) Importer(815301076,1909f56bfc062723c751e8b465ee728b)
Start importing Assets/Arts/TerrainPrefab/Scene_Terrain_Stands_Roof.prefab using Guid(2df59ffa06c33724d9d25d3bb59c25bd) Importer(815301076,1909f56bfc062723c751e8b465ee728b)  -> (artifact id: 'b83e811f1975d3f09a0ecc1b51e67cfc') in 0.018855 seconds 
========================================================================
Received Import Request.
  Time since last request: 6.242407 seconds.
  path: Assets/Arts/TerrainPrefab/Scene_Terrain_Stands_Roof.prefab
  artifactKey: Guid(2df59ffa06c33724d9d25d3bb59c25bd) Importer(815301076,1909f56bfc062723c751e8b465ee728b)
Start importing Assets/Arts/TerrainPrefab/Scene_Terrain_Stands_Roof.prefab using Guid(2df59ffa06c33724d9d25d3bb59c25bd) Importer(815301076,1909f56bfc062723c751e8b465ee728b)  -> (artifact id: '7d8da9359549048d70d55bf214652c87') in 0.017984 seconds 
========================================================================
Received Import Request.
  Time since last request: 3.926464 seconds.
  path: Assets/Arts/TerrainPrefab/Scene_Terrain_Stands_Roof.prefab
  artifactKey: Guid(2df59ffa06c33724d9d25d3bb59c25bd) Importer(815301076,1909f56bfc062723c751e8b465ee728b)
Start importing Assets/Arts/TerrainPrefab/Scene_Terrain_Stands_Roof.prefab using Guid(2df59ffa06c33724d9d25d3bb59c25bd) Importer(815301076,1909f56bfc062723c751e8b465ee728b)  -> (artifact id: '691a33d018da0c3f2519f062388b5b9d') in 0.020298 seconds 
========================================================================
Received Import Request.
  Time since last request: 1.654220 seconds.
  path: Assets/Arts/TerrainPrefab/Scene_Terrain_Stands_Roof.prefab
  artifactKey: Guid(2df59ffa06c33724d9d25d3bb59c25bd) Importer(815301076,1909f56bfc062723c751e8b465ee728b)
Start importing Assets/Arts/TerrainPrefab/Scene_Terrain_Stands_Roof.prefab using Guid(2df59ffa06c33724d9d25d3bb59c25bd) Importer(815301076,1909f56bfc062723c751e8b465ee728b)  -> (artifact id: 'd99f60bc6d29305ef5c7edc92eeaffc3') in 0.018557 seconds 
========================================================================
Received Import Request.
  Time since last request: 1.212602 seconds.
  path: Assets/Arts/TerrainPrefab/Scene_Terrain_Stands_Roof.prefab
  artifactKey: Guid(2df59ffa06c33724d9d25d3bb59c25bd) Importer(815301076,1909f56bfc062723c751e8b465ee728b)
Start importing Assets/Arts/TerrainPrefab/Scene_Terrain_Stands_Roof.prefab using Guid(2df59ffa06c33724d9d25d3bb59c25bd) Importer(815301076,1909f56bfc062723c751e8b465ee728b)  -> (artifact id: '833a7cecd1feb91920d0cc74f6a4210a') in 0.019275 seconds 
========================================================================
Received Import Request.
  Time since last request: 3.143628 seconds.
  path: Assets/Arts/TerrainPrefab/Scene_Terrain_Stands_Roof.prefab
  artifactKey: Guid(2df59ffa06c33724d9d25d3bb59c25bd) Importer(815301076,1909f56bfc062723c751e8b465ee728b)
Start importing Assets/Arts/TerrainPrefab/Scene_Terrain_Stands_Roof.prefab using Guid(2df59ffa06c33724d9d25d3bb59c25bd) Importer(815301076,1909f56bfc062723c751e8b465ee728b)  -> (artifact id: '9ef6492bf9b876e8ef192a9777ea970b') in 0.018208 seconds 
========================================================================
Received Import Request.
  Time since last request: 2.070483 seconds.
  path: Assets/Arts/TerrainPrefab/Scene_Terrain_Stands_Roof.prefab
  artifactKey: Guid(2df59ffa06c33724d9d25d3bb59c25bd) Importer(815301076,1909f56bfc062723c751e8b465ee728b)
Start importing Assets/Arts/TerrainPrefab/Scene_Terrain_Stands_Roof.prefab using Guid(2df59ffa06c33724d9d25d3bb59c25bd) Importer(815301076,1909f56bfc062723c751e8b465ee728b)  -> (artifact id: '4bad288ac55a4efab108a5ea2fdda0a3') in 0.020590 seconds 
========================================================================
Received Import Request.
  Time since last request: 6.268091 seconds.
  path: Assets/Arts/TerrainPrefab/Scene_Terrain_Stands_Roof.prefab
  artifactKey: Guid(2df59ffa06c33724d9d25d3bb59c25bd) Importer(815301076,1909f56bfc062723c751e8b465ee728b)
Start importing Assets/Arts/TerrainPrefab/Scene_Terrain_Stands_Roof.prefab using Guid(2df59ffa06c33724d9d25d3bb59c25bd) Importer(815301076,1909f56bfc062723c751e8b465ee728b)  -> (artifact id: '15d4bc90ecfd4417393354e18b58b935') in 0.017765 seconds 
========================================================================
Received Import Request.
  Time since last request: 11.038564 seconds.
  path: Assets/Arts/TerrainPrefab/Scene_Terrain_Stands_Roof.prefab
  artifactKey: Guid(2df59ffa06c33724d9d25d3bb59c25bd) Importer(815301076,1909f56bfc062723c751e8b465ee728b)
Start importing Assets/Arts/TerrainPrefab/Scene_Terrain_Stands_Roof.prefab using Guid(2df59ffa06c33724d9d25d3bb59c25bd) Importer(815301076,1909f56bfc062723c751e8b465ee728b)  -> (artifact id: 'd97f2122b5fbc143120bed2fd26ce3b2') in 0.019696 seconds 
========================================================================
Received Import Request.
  Time since last request: 4.592108 seconds.
  path: Assets/Arts/TerrainPrefab/Scene_Terrain_Stands_Roof.prefab
  artifactKey: Guid(2df59ffa06c33724d9d25d3bb59c25bd) Importer(815301076,1909f56bfc062723c751e8b465ee728b)
Start importing Assets/Arts/TerrainPrefab/Scene_Terrain_Stands_Roof.prefab using Guid(2df59ffa06c33724d9d25d3bb59c25bd) Importer(815301076,1909f56bfc062723c751e8b465ee728b)  -> (artifact id: 'c21a46e9a00dc017ee4e41ee920952ea') in 0.018680 seconds 
========================================================================
Received Import Request.
  Time since last request: 6.612524 seconds.
  path: Assets/Arts/TerrainPrefab/Scene_Terrain_Stands_Roof.prefab
  artifactKey: Guid(2df59ffa06c33724d9d25d3bb59c25bd) Importer(815301076,1909f56bfc062723c751e8b465ee728b)
Start importing Assets/Arts/TerrainPrefab/Scene_Terrain_Stands_Roof.prefab using Guid(2df59ffa06c33724d9d25d3bb59c25bd) Importer(815301076,1909f56bfc062723c751e8b465ee728b)  -> (artifact id: 'e169e09a128b282e9c732c32bc4f0cd8') in 0.018463 seconds 
========================================================================
Received Import Request.
  Time since last request: 0.986562 seconds.
  path: Assets/Arts/TerrainPrefab/Scene_Terrain_Stands_Roof.prefab
  artifactKey: Guid(2df59ffa06c33724d9d25d3bb59c25bd) Importer(815301076,1909f56bfc062723c751e8b465ee728b)
Start importing Assets/Arts/TerrainPrefab/Scene_Terrain_Stands_Roof.prefab using Guid(2df59ffa06c33724d9d25d3bb59c25bd) Importer(815301076,1909f56bfc062723c751e8b465ee728b)  -> (artifact id: '32f31aa4ed4a7f651a6582164475d13b') in 0.019709 seconds 
========================================================================
Received Import Request.
  Time since last request: 2.948549 seconds.
  path: Assets/Arts/TerrainPrefab/Scene_Terrain_Stands_Roof.prefab
  artifactKey: Guid(2df59ffa06c33724d9d25d3bb59c25bd) Importer(815301076,1909f56bfc062723c751e8b465ee728b)
Start importing Assets/Arts/TerrainPrefab/Scene_Terrain_Stands_Roof.prefab using Guid(2df59ffa06c33724d9d25d3bb59c25bd) Importer(815301076,1909f56bfc062723c751e8b465ee728b)  -> (artifact id: 'c546b26499129f8dfcac50510c92046a') in 0.017740 seconds 
========================================================================
Received Import Request.
  Time since last request: 2.505070 seconds.
  path: Assets/Arts/TerrainPrefab/Scene_Terrain_Stands_Roof.prefab
  artifactKey: Guid(2df59ffa06c33724d9d25d3bb59c25bd) Importer(815301076,1909f56bfc062723c751e8b465ee728b)
Start importing Assets/Arts/TerrainPrefab/Scene_Terrain_Stands_Roof.prefab using Guid(2df59ffa06c33724d9d25d3bb59c25bd) Importer(815301076,1909f56bfc062723c751e8b465ee728b)  -> (artifact id: '5dcb32bf6e8e51a8be23b07368ae93f3') in 0.018748 seconds 
========================================================================
Received Import Request.
  Time since last request: 5.178722 seconds.
  path: Assets/Arts/TerrainPrefab/Scene_Terrain_Stands_Roof.prefab
  artifactKey: Guid(2df59ffa06c33724d9d25d3bb59c25bd) Importer(815301076,1909f56bfc062723c751e8b465ee728b)
Start importing Assets/Arts/TerrainPrefab/Scene_Terrain_Stands_Roof.prefab using Guid(2df59ffa06c33724d9d25d3bb59c25bd) Importer(815301076,1909f56bfc062723c751e8b465ee728b)  -> (artifact id: '3a56c86ab215e51567279b3ecbaadbc8') in 0.018491 seconds 
========================================================================
Received Import Request.
  Time since last request: 4.153046 seconds.
  path: Assets/Arts/TerrainPrefab/Scene_Terrain_Stands_Roof.prefab
  artifactKey: Guid(2df59ffa06c33724d9d25d3bb59c25bd) Importer(815301076,1909f56bfc062723c751e8b465ee728b)
Start importing Assets/Arts/TerrainPrefab/Scene_Terrain_Stands_Roof.prefab using Guid(2df59ffa06c33724d9d25d3bb59c25bd) Importer(815301076,1909f56bfc062723c751e8b465ee728b)  -> (artifact id: 'a81324f9701b414da02e8004632f0f3f') in 0.020588 seconds 
========================================================================
Received Import Request.
  Time since last request: 16.377130 seconds.
  path: Assets/Arts/TerrainPrefab/Scene_Terrain_Stands_Roof.prefab
  artifactKey: Guid(2df59ffa06c33724d9d25d3bb59c25bd) Importer(815301076,1909f56bfc062723c751e8b465ee728b)
Start importing Assets/Arts/TerrainPrefab/Scene_Terrain_Stands_Roof.prefab using Guid(2df59ffa06c33724d9d25d3bb59c25bd) Importer(815301076,1909f56bfc062723c751e8b465ee728b)  -> (artifact id: '15e9377a8f23e3656b1bfb563d9cdcee') in 0.021836 seconds 
========================================================================
Received Import Request.
  Time since last request: 2.051573 seconds.
  path: Assets/Arts/TerrainPrefab/Scene_Terrain_Stands_Roof.prefab
  artifactKey: Guid(2df59ffa06c33724d9d25d3bb59c25bd) Importer(815301076,1909f56bfc062723c751e8b465ee728b)
Start importing Assets/Arts/TerrainPrefab/Scene_Terrain_Stands_Roof.prefab using Guid(2df59ffa06c33724d9d25d3bb59c25bd) Importer(815301076,1909f56bfc062723c751e8b465ee728b)  -> (artifact id: 'eeed553941b0a84f7e70ae479559066d') in 0.019010 seconds 
========================================================================
Received Import Request.
  Time since last request: 4.751977 seconds.
  path: Assets/Arts/TerrainPrefab/Scene_Terrain_Stands_Roof.prefab
  artifactKey: Guid(2df59ffa06c33724d9d25d3bb59c25bd) Importer(815301076,1909f56bfc062723c751e8b465ee728b)
Start importing Assets/Arts/TerrainPrefab/Scene_Terrain_Stands_Roof.prefab using Guid(2df59ffa06c33724d9d25d3bb59c25bd) Importer(815301076,1909f56bfc062723c751e8b465ee728b)  -> (artifact id: '689964873e5e8f90eb7410b4efdb548f') in 0.019060 seconds 
========================================================================
Received Import Request.
  Time since last request: 2.321058 seconds.
  path: Assets/Arts/TerrainPrefab/Scene_Terrain_Stands_Roof.prefab
  artifactKey: Guid(2df59ffa06c33724d9d25d3bb59c25bd) Importer(815301076,1909f56bfc062723c751e8b465ee728b)
Start importing Assets/Arts/TerrainPrefab/Scene_Terrain_Stands_Roof.prefab using Guid(2df59ffa06c33724d9d25d3bb59c25bd) Importer(815301076,1909f56bfc062723c751e8b465ee728b)  -> (artifact id: 'cb866bb40e5e4dc9c57015d4f13eb1aa') in 0.018180 seconds 
========================================================================
Received Import Request.
  Time since last request: 31.791901 seconds.
  path: Assets/Arts/Material/Terrain/GlassShield.mat
  artifactKey: Guid(8a7256432257cf24fa58d88cbc938dc8) Importer(815301076,1909f56bfc062723c751e8b465ee728b)
Start importing Assets/Arts/Material/Terrain/GlassShield.mat using Guid(8a7256432257cf24fa58d88cbc938dc8) Importer(815301076,1909f56bfc062723c751e8b465ee728b)  -> (artifact id: 'ac8fc42c78baa510f54acd7888716c41') in 0.015542 seconds 
========================================================================
Received Import Request.
  Time since last request: 6.392228 seconds.
  path: Assets/Arts/Material/Terrain/GlassShield.mat
  artifactKey: Guid(8a7256432257cf24fa58d88cbc938dc8) Importer(815301076,1909f56bfc062723c751e8b465ee728b)
Start importing Assets/Arts/Material/Terrain/GlassShield.mat using Guid(8a7256432257cf24fa58d88cbc938dc8) Importer(815301076,1909f56bfc062723c751e8b465ee728b)  -> (artifact id: 'd0c417c203449e796b116a01c6774353') in 0.017984 seconds 
========================================================================
Received Import Request.
  Time since last request: 11.631616 seconds.
  path: Assets/Arts/Material/Terrain/GlassShield.mat
  artifactKey: Guid(8a7256432257cf24fa58d88cbc938dc8) Importer(815301076,1909f56bfc062723c751e8b465ee728b)
Start importing Assets/Arts/Material/Terrain/GlassShield.mat using Guid(8a7256432257cf24fa58d88cbc938dc8) Importer(815301076,1909f56bfc062723c751e8b465ee728b)  -> (artifact id: '968c1e388e1ce747484229c47f3f8383') in 0.024744 seconds 
========================================================================
Received Import Request.
  Time since last request: 9.371312 seconds.
  path: Assets/Arts/Material/Terrain/GlassShield.mat
  artifactKey: Guid(8a7256432257cf24fa58d88cbc938dc8) Importer(815301076,1909f56bfc062723c751e8b465ee728b)
Start importing Assets/Arts/Material/Terrain/GlassShield.mat using Guid(8a7256432257cf24fa58d88cbc938dc8) Importer(815301076,1909f56bfc062723c751e8b465ee728b)  -> (artifact id: '1af591e4fd3078fbad0a22f1af53dc85') in 0.015744 seconds 
========================================================================
Received Import Request.
  Time since last request: 25.894500 seconds.
  path: Assets/Arts/Material/Terrain/GlassShield.mat
  artifactKey: Guid(8a7256432257cf24fa58d88cbc938dc8) Importer(815301076,1909f56bfc062723c751e8b465ee728b)
Start importing Assets/Arts/Material/Terrain/GlassShield.mat using Guid(8a7256432257cf24fa58d88cbc938dc8) Importer(815301076,1909f56bfc062723c751e8b465ee728b)  -> (artifact id: '5243156a9ea976101fa59961c4700160') in 0.014743 seconds 
========================================================================
Received Import Request.
  Time since last request: 77.738012 seconds.
  path: Assets/Arts/Material/Terrain/GlassShield.mat
  artifactKey: Guid(8a7256432257cf24fa58d88cbc938dc8) Importer(815301076,1909f56bfc062723c751e8b465ee728b)
Start importing Assets/Arts/Material/Terrain/GlassShield.mat using Guid(8a7256432257cf24fa58d88cbc938dc8) Importer(815301076,1909f56bfc062723c751e8b465ee728b)  -> (artifact id: '8ecff9d73e263ef591191bcead9578a9') in 0.017828 seconds 
========================================================================
Received Import Request.
  Time since last request: 229.660980 seconds.
  path: Assets/Arts/TerrainPrefab/Scene_Terrain_Stands_Roof.prefab
  artifactKey: Guid(2df59ffa06c33724d9d25d3bb59c25bd) Importer(815301076,1909f56bfc062723c751e8b465ee728b)
Start importing Assets/Arts/TerrainPrefab/Scene_Terrain_Stands_Roof.prefab using Guid(2df59ffa06c33724d9d25d3bb59c25bd) Importer(815301076,1909f56bfc062723c751e8b465ee728b)  -> (artifact id: '74e488791bda9567cde634e03cc8d55e') in 0.020217 seconds 
========================================================================
Received Import Request.
  Time since last request: 10.183096 seconds.
  path: Assets/Arts/TerrainPrefab/Scene_Terrain_Stands_A.prefab
  artifactKey: Guid(1d8c1d3b00b8f9742881860a94b96ca9) Importer(815301076,1909f56bfc062723c751e8b465ee728b)
Start importing Assets/Arts/TerrainPrefab/Scene_Terrain_Stands_A.prefab using Guid(1d8c1d3b00b8f9742881860a94b96ca9) Importer(815301076,1909f56bfc062723c751e8b465ee728b)  -> (artifact id: 'ed4871c406cbe1654e0b2ad3dfbafc0b') in 0.027812 seconds 
========================================================================
Received Import Request.
  Time since last request: 62.457024 seconds.
  path: Assets/Arts/TerrainPrefab/Scene_Terrain_Stands_A.prefab
  artifactKey: Guid(1d8c1d3b00b8f9742881860a94b96ca9) Importer(815301076,1909f56bfc062723c751e8b465ee728b)
Start importing Assets/Arts/TerrainPrefab/Scene_Terrain_Stands_A.prefab using Guid(1d8c1d3b00b8f9742881860a94b96ca9) Importer(815301076,1909f56bfc062723c751e8b465ee728b)  -> (artifact id: 'e638f7cf1530a14fc1562a49b8b32596') in 0.024867 seconds 
========================================================================
Received Prepare
Registering precompiled user dll's ...
Registered in 0.008374 seconds.
Begin MonoManager ReloadAssembly
Symbol file LoadedFromMemory doesn't match image D:\CS\ICS169\Capstone\ProjectCapstone\Library\PackageCache\com.unity.visualscripting@1.7.8\Editor\VisualScripting.Core\Dependencies\YamlDotNet\Unity.VisualScripting.YamlDotNet.dll
Symbol file LoadedFromMemory doesn't match image D:\CS\ICS169\Capstone\ProjectCapstone\Library\PackageCache\com.unity.visualscripting@1.7.8\Editor\VisualScripting.Core\Dependencies\DotNetZip\Unity.VisualScripting.IonicZip.dll
Native extension for LinuxStandalone target not found
Native extension for WindowsStandalone target not found
Native extension for WebGL target not found
Refreshing native plugins compatible for Editor in 1.41 ms, found 3 plugins.
Preloading 0 native plugins for Editor in 0.00 ms.
Mono: successfully reloaded assembly
- Completed reload, in  4.516 seconds
Domain Reload Profiling:
	ReloadAssembly (4517ms)
		BeginReloadAssembly (256ms)
			ExecutionOrderSort (0ms)
			DisableScriptedObjects (48ms)
			BackupInstance (0ms)
			ReleaseScriptingObjects (0ms)
			CreateAndSetChildDomain (78ms)
		EndReloadAssembly (4141ms)
			LoadAssemblies (120ms)
			RebuildTransferFunctionScriptingTraits (0ms)
			SetupTypeCache (427ms)
			ReleaseScriptCaches (2ms)
			RebuildScriptCaches (95ms)
			SetupLoadedEditorAssemblies (3315ms)
				LogAssemblyErrors (0ms)
				InitializePlatformSupportModulesInManaged (28ms)
				SetLoadedEditorAssemblies (1ms)
				RefreshPlugins (1ms)
				BeforeProcessingInitializeOnLoad (149ms)
				ProcessInitializeOnLoadAttributes (2972ms)
				ProcessInitializeOnLoadMethodAttributes (150ms)
				AfterProcessingInitializeOnLoad (13ms)
				EditorAssembliesLoaded (1ms)
			ExecutionOrderSort2 (0ms)
			AwakeInstancesAfterBackupRestoration (54ms)
Platform modules already initialized, skipping
Refreshing native plugins compatible for Editor in 3.55 ms, found 3 plugins.
Preloading 0 native plugins for Editor in 0.00 ms.
Unloading 7841 Unused Serialized files (Serialized files now loaded: 0)
Unloading 45 unused Assets / (3.4 MB). Loaded Objects now: 9010.
Memory consumption went from 372.0 MB to 368.6 MB.
Total: 6.220000 ms (FindLiveObjects: 1.092100 ms CreateObjectMapping: 0.453100 ms MarkObjects: 4.181200 ms  DeleteObjects: 0.492100 ms)

AssetImportParameters requested are different than current active one (requested -> active):
  custom:video-decoder-ogg-theora: a1e56fd34408186e4bbccfd4996cb3dc -> 
  custom:container-muxer-webm: aa71ff27fc2769a1b78a27578f13a17b -> 
  custom:container-demuxer-webm: 4f35f7cbe854078d1ac9338744f61a02 -> 
  custom:video-encoder-webm-vp8: eb34c28f22e8b96e1ab97ce403110664 -> 
  custom:video-codec-MediaFoundation-h265: 746d11721c4dcdbdad8f713fa42b33f4 -> 
  custom:audio-encoder-webm-vorbis: bf7c407c2cedff20999df2af8eb42d56 -> 
  custom:framework-win-MediaFoundation: 216162199b28c13a410421893ffa2e32 -> 
  custom:SearchIndexIgnoredProperties: e643bd26f0fe6173181afceb89e7c659 -> 
  custom:container-demuxer-ogg: 62fdf1f143b41e24485cea50d1cbac27 -> 
  custom:video-decoder-webm-vp8: 9c59270c3fd7afecdb556c50c9e8de78 -> 
  custom:audio-decoder-ogg-vorbis: bf7c407c2cedff20999df2af8eb42d56 -> 
========================================================================
Received Prepare
Registering precompiled user dll's ...
Registered in 0.008962 seconds.
Begin MonoManager ReloadAssembly
Symbol file LoadedFromMemory doesn't match image D:\CS\ICS169\Capstone\ProjectCapstone\Library\PackageCache\com.unity.visualscripting@1.7.8\Editor\VisualScripting.Core\Dependencies\YamlDotNet\Unity.VisualScripting.YamlDotNet.dll
Symbol file LoadedFromMemory doesn't match image D:\CS\ICS169\Capstone\ProjectCapstone\Library\PackageCache\com.unity.visualscripting@1.7.8\Editor\VisualScripting.Core\Dependencies\DotNetZip\Unity.VisualScripting.IonicZip.dll
Native extension for LinuxStandalone target not found
Native extension for WindowsStandalone target not found
Native extension for WebGL target not found
Refreshing native plugins compatible for Editor in 1.33 ms, found 3 plugins.
Preloading 0 native plugins for Editor in 0.00 ms.
Mono: successfully reloaded assembly
- Completed reload, in  4.353 seconds
Domain Reload Profiling:
	ReloadAssembly (4354ms)
		BeginReloadAssembly (192ms)
			ExecutionOrderSort (0ms)
			DisableScriptedObjects (7ms)
			BackupInstance (0ms)
			ReleaseScriptingObjects (0ms)
			CreateAndSetChildDomain (61ms)
		EndReloadAssembly (4047ms)
			LoadAssemblies (124ms)
			RebuildTransferFunctionScriptingTraits (0ms)
			SetupTypeCache (400ms)
			ReleaseScriptCaches (2ms)
			RebuildScriptCaches (95ms)
			SetupLoadedEditorAssemblies (3248ms)
				LogAssemblyErrors (0ms)
				InitializePlatformSupportModulesInManaged (21ms)
				SetLoadedEditorAssemblies (1ms)
				RefreshPlugins (1ms)
				BeforeProcessingInitializeOnLoad (138ms)
				ProcessInitializeOnLoadAttributes (2912ms)
				ProcessInitializeOnLoadMethodAttributes (162ms)
				AfterProcessingInitializeOnLoad (12ms)
				EditorAssembliesLoaded (0ms)
			ExecutionOrderSort2 (0ms)
			AwakeInstancesAfterBackupRestoration (53ms)
Platform modules already initialized, skipping
Refreshing native plugins compatible for Editor in 4.58 ms, found 3 plugins.
Preloading 0 native plugins for Editor in 0.00 ms.
Unloading 7841 Unused Serialized files (Serialized files now loaded: 0)
Unloading 45 unused Assets / (3.4 MB). Loaded Objects now: 9013.
Memory consumption went from 371.8 MB to 368.4 MB.
Total: 6.487800 ms (FindLiveObjects: 1.084700 ms CreateObjectMapping: 0.836300 ms MarkObjects: 3.876900 ms  DeleteObjects: 0.688400 ms)

AssetImportParameters requested are different than current active one (requested -> active):
  custom:video-decoder-ogg-theora: a1e56fd34408186e4bbccfd4996cb3dc -> 
  custom:container-muxer-webm: aa71ff27fc2769a1b78a27578f13a17b -> 
  custom:container-demuxer-webm: 4f35f7cbe854078d1ac9338744f61a02 -> 
  custom:video-encoder-webm-vp8: eb34c28f22e8b96e1ab97ce403110664 -> 
  custom:video-codec-MediaFoundation-h265: 746d11721c4dcdbdad8f713fa42b33f4 -> 
  custom:audio-encoder-webm-vorbis: bf7c407c2cedff20999df2af8eb42d56 -> 
  custom:framework-win-MediaFoundation: 216162199b28c13a410421893ffa2e32 -> 
  custom:SearchIndexIgnoredProperties: e643bd26f0fe6173181afceb89e7c659 -> 
  custom:container-demuxer-ogg: 62fdf1f143b41e24485cea50d1cbac27 -> 
  custom:video-decoder-webm-vp8: 9c59270c3fd7afecdb556c50c9e8de78 -> 
  custom:audio-decoder-ogg-vorbis: bf7c407c2cedff20999df2af8eb42d56 -> 
========================================================================
Received Import Request.
  Time since last request: 268.941180 seconds.
  path: Assets/Arts/TerrainPrefab/Scene_Terrain_Stands_A.prefab
  artifactKey: Guid(1d8c1d3b00b8f9742881860a94b96ca9) Importer(815301076,1909f56bfc062723c751e8b465ee728b)
Start importing Assets/Arts/TerrainPrefab/Scene_Terrain_Stands_A.prefab using Guid(1d8c1d3b00b8f9742881860a94b96ca9) Importer(815301076,1909f56bfc062723c751e8b465ee728b)  -> (artifact id: 'a1118d5d5eb6ab7b763d3bb7ba0f4cf5') in 0.730846 seconds 
========================================================================
Received Import Request.
  Time since last request: 194.686551 seconds.
  path: Assets/Polaris - Low Poly Ecosystem/Polaris - Low Poly Terrain Engine/Samples
  artifactKey: Guid(ad79873aaed88544db44e5f8ae3ef3e3) Importer(815301076,1909f56bfc062723c751e8b465ee728b)
Start importing Assets/Polaris - Low Poly Ecosystem/Polaris - Low Poly Terrain Engine/Samples using Guid(ad79873aaed88544db44e5f8ae3ef3e3) Importer(815301076,1909f56bfc062723c751e8b465ee728b)  -> (artifact id: '571e45f06a85a90da09d16bbe36cae8c') in 0.002005 seconds 
========================================================================
Received Import Request.
  Time since last request: 1.344957 seconds.
  path: Assets/Polaris - Low Poly Ecosystem/Polaris - Low Poly Terrain Engine/Samples/Total Game Assets
  artifactKey: Guid(6c348e316e3980c418d90547963402d0) Importer(815301076,1909f56bfc062723c751e8b465ee728b)
Start importing Assets/Polaris - Low Poly Ecosystem/Polaris - Low Poly Terrain Engine/Samples/Total Game Assets using Guid(6c348e316e3980c418d90547963402d0) Importer(815301076,1909f56bfc062723c751e8b465ee728b)  -> (artifact id: '353d1e5d464c0222f3b0f2c60afaec66') in 0.001755 seconds 
========================================================================
Received Import Request.
  Time since last request: 2.090966 seconds.
  path: Assets/Polaris - Low Poly Ecosystem/Polaris - Low Poly Terrain Engine/Samples/Total Game Assets/Prefabs
  artifactKey: Guid(428d19e739b7d64448dd8b3c5691c447) Importer(815301076,1909f56bfc062723c751e8b465ee728b)
Start importing Assets/Polaris - Low Poly Ecosystem/Polaris - Low Poly Terrain Engine/Samples/Total Game Assets/Prefabs using Guid(428d19e739b7d64448dd8b3c5691c447) Importer(815301076,1909f56bfc062723c751e8b465ee728b)  -> (artifact id: 'd560e9c4960916e431ba3f3099459e5f') in 0.001688 seconds 
========================================================================
Received Import Request.
  Time since last request: 0.054887 seconds.
  path: Assets/Polaris - Low Poly Ecosystem/Polaris - Low Poly Terrain Engine/Samples/Total Game Assets/Prefabs/prefab_polytope_campervan.prefab
  artifactKey: Guid(7012ab91eb52ada4b9222fed13391e01) Importer(815301076,1909f56bfc062723c751e8b465ee728b)
Start importing Assets/Polaris - Low Poly Ecosystem/Polaris - Low Poly Terrain Engine/Samples/Total Game Assets/Prefabs/prefab_polytope_campervan.prefab using Guid(7012ab91eb52ada4b9222fed13391e01) Importer(815301076,1909f56bfc062723c751e8b465ee728b)  -> (artifact id: '624cb6fae90073234a94d7a84c722c20') in 0.052444 seconds 
========================================================================
Received Import Request.
  Time since last request: 0.000035 seconds.
  path: Assets/Polaris - Low Poly Ecosystem/Polaris - Low Poly Terrain Engine/Samples/Total Game Assets/Prefabs/prefab_polytope_windmill.prefab
  artifactKey: Guid(e6f9cb2853881bb4399d4dbc6399ffe0) Importer(815301076,1909f56bfc062723c751e8b465ee728b)
Start importing Assets/Polaris - Low Poly Ecosystem/Polaris - Low Poly Terrain Engine/Samples/Total Game Assets/Prefabs/prefab_polytope_windmill.prefab using Guid(e6f9cb2853881bb4399d4dbc6399ffe0) Importer(815301076,1909f56bfc062723c751e8b465ee728b)  -> (artifact id: '1af417d01947d95336b26bcb7a1ee09e') in 0.010648 seconds 
========================================================================
Received Import Request.
  Time since last request: 0.000050 seconds.
  path: Assets/Polaris - Low Poly Ecosystem/Polaris - Low Poly Terrain Engine/Samples/Total Game Assets/Prefabs/prefab_polytope_water_tower.prefab
  artifactKey: Guid(e3d650ec0707a62408ab5bd72773a326) Importer(815301076,1909f56bfc062723c751e8b465ee728b)
Start importing Assets/Polaris - Low Poly Ecosystem/Polaris - Low Poly Terrain Engine/Samples/Total Game Assets/Prefabs/prefab_polytope_water_tower.prefab using Guid(e3d650ec0707a62408ab5bd72773a326) Importer(815301076,1909f56bfc062723c751e8b465ee728b)  -> (artifact id: 'ab0d2d3fef003af5b6bc13b2e458ffeb') in 0.011997 seconds 
========================================================================
Received Import Request.
  Time since last request: 0.000029 seconds.
  path: Assets/Polaris - Low Poly Ecosystem/Polaris - Low Poly Terrain Engine/Samples/Total Game Assets/Prefabs/prefab_polytope_wind_turbine.prefab
  artifactKey: Guid(8076c64c27533d64eb3b5ca28b94e190) Importer(815301076,1909f56bfc062723c751e8b465ee728b)
Start importing Assets/Polaris - Low Poly Ecosystem/Polaris - Low Poly Terrain Engine/Samples/Total Game Assets/Prefabs/prefab_polytope_wind_turbine.prefab using Guid(8076c64c27533d64eb3b5ca28b94e190) Importer(815301076,1909f56bfc062723c751e8b465ee728b)  -> (artifact id: '18d209b4ca4a4aacdaa4665d18c1ea04') in 0.010200 seconds 
========================================================================
Received Import Request.
  Time since last request: 7.380201 seconds.
  path: Assets/Polaris - Low Poly Ecosystem/Polaris - Low Poly Terrain Engine/Samples/Total Game Assets/Models
  artifactKey: Guid(3ebf0d23b4517574db9499c378bc6377) Importer(815301076,1909f56bfc062723c751e8b465ee728b)
Start importing Assets/Polaris - Low Poly Ecosystem/Polaris - Low Poly Terrain Engine/Samples/Total Game Assets/Models using Guid(3ebf0d23b4517574db9499c378bc6377) Importer(815301076,1909f56bfc062723c751e8b465ee728b)  -> (artifact id: '87b71638e32e12a270fb90973dae6ca7') in 0.001968 seconds 
========================================================================
Received Import Request.
  Time since last request: 0.047797 seconds.
  path: Assets/Polaris - Low Poly Ecosystem/Polaris - Low Poly Terrain Engine/Samples/Total Game Assets/Models/model_polytope_campervan.fbx
  artifactKey: Guid(7932616af76443c47ba5588827f5c17c) Importer(815301076,1909f56bfc062723c751e8b465ee728b)
Start importing Assets/Polaris - Low Poly Ecosystem/Polaris - Low Poly Terrain Engine/Samples/Total Game Assets/Models/model_polytope_campervan.fbx using Guid(7932616af76443c47ba5588827f5c17c) Importer(815301076,1909f56bfc062723c751e8b465ee728b)  -> (artifact id: 'd97eeb855323c5f775fba7c66ac02330') in 0.117892 seconds 
========================================================================
Received Import Request.
  Time since last request: 0.000036 seconds.
  path: Assets/Polaris - Low Poly Ecosystem/Polaris - Low Poly Terrain Engine/Samples/Total Game Assets/Models/model_polytope_wind_turbine.fbx
  artifactKey: Guid(613988533aa5fcf4d8db50600256eb0a) Importer(815301076,1909f56bfc062723c751e8b465ee728b)
Start importing Assets/Polaris - Low Poly Ecosystem/Polaris - Low Poly Terrain Engine/Samples/Total Game Assets/Models/model_polytope_wind_turbine.fbx using Guid(613988533aa5fcf4d8db50600256eb0a) Importer(815301076,1909f56bfc062723c751e8b465ee728b)  -> (artifact id: '02f3f292b79b6a90c0b7a0f3ff7a0b82') in 0.038011 seconds 
========================================================================
Received Import Request.
  Time since last request: 0.000048 seconds.
  path: Assets/Polaris - Low Poly Ecosystem/Polaris - Low Poly Terrain Engine/Samples/Total Game Assets/Models/model_polytope_water_tower.fbx
  artifactKey: Guid(e60510e54ecca8847922f444973440f4) Importer(815301076,1909f56bfc062723c751e8b465ee728b)
Start importing Assets/Polaris - Low Poly Ecosystem/Polaris - Low Poly Terrain Engine/Samples/Total Game Assets/Models/model_polytope_water_tower.fbx using Guid(e60510e54ecca8847922f444973440f4) Importer(815301076,1909f56bfc062723c751e8b465ee728b)  -> (artifact id: 'a6b305b27f7bfb0c1fc3604c5d31c6e6') in 0.023935 seconds 
========================================================================
Received Import Request.
  Time since last request: 5.097533 seconds.
  path: Assets/Polaris - Low Poly Ecosystem/Polaris - Low Poly Terrain Engine/Samples/Distant Lands
  artifactKey: Guid(deeae63ae165ff940b384ee330f53c51) Importer(815301076,1909f56bfc062723c751e8b465ee728b)
Start importing Assets/Polaris - Low Poly Ecosystem/Polaris - Low Poly Terrain Engine/Samples/Distant Lands using Guid(deeae63ae165ff940b384ee330f53c51) Importer(815301076,1909f56bfc062723c751e8b465ee728b)  -> (artifact id: 'e0bc54e7dfcf710a5c638b621cc22d5f') in 0.002296 seconds 
========================================================================
Received Import Request.
  Time since last request: 1.500530 seconds.
  path: Assets/Polaris - Low Poly Ecosystem/Polaris - Low Poly Terrain Engine/Samples/Distant Lands/Prefabs
  artifactKey: Guid(3797f460af09e1b46ac53f1b34c539cc) Importer(815301076,1909f56bfc062723c751e8b465ee728b)
Start importing Assets/Polaris - Low Poly Ecosystem/Polaris - Low Poly Terrain Engine/Samples/Distant Lands/Prefabs using Guid(3797f460af09e1b46ac53f1b34c539cc) Importer(815301076,1909f56bfc062723c751e8b465ee728b)  -> (artifact id: '42c869226e29fc42a3c34f9517b92933') in 0.001687 seconds 
========================================================================
Received Import Request.
  Time since last request: 0.068052 seconds.
  path: Assets/Polaris - Low Poly Ecosystem/Polaris - Low Poly Terrain Engine/Samples/Distant Lands/Prefabs/Fir Tree 5.prefab
  artifactKey: Guid(c943e37c84756ac4e809c7790d9ba881) Importer(815301076,1909f56bfc062723c751e8b465ee728b)
Start importing Assets/Polaris - Low Poly Ecosystem/Polaris - Low Poly Terrain Engine/Samples/Distant Lands/Prefabs/Fir Tree 5.prefab using Guid(c943e37c84756ac4e809c7790d9ba881) Importer(815301076,1909f56bfc062723c751e8b465ee728b)  -> (artifact id: 'a121ce5e6275330d55c36dd68f25febb') in 0.022647 seconds 
========================================================================
Received Import Request.
  Time since last request: 0.000048 seconds.
  path: Assets/Polaris - Low Poly Ecosystem/Polaris - Low Poly Terrain Engine/Samples/Distant Lands/Prefabs/Large Jungle Tree 3.prefab
  artifactKey: Guid(70449fc2599c37a409dc726a23b522ee) Importer(815301076,1909f56bfc062723c751e8b465ee728b)
Start importing Assets/Polaris - Low Poly Ecosystem/Polaris - Low Poly Terrain Engine/Samples/Distant Lands/Prefabs/Large Jungle Tree 3.prefab using Guid(70449fc2599c37a409dc726a23b522ee) Importer(815301076,1909f56bfc062723c751e8b465ee728b)  -> (artifact id: '4784e465270030b13df490a65227d176') in 0.018062 seconds 
========================================================================
Received Prepare
Registering precompiled user dll's ...
Registered in 0.008381 seconds.
Begin MonoManager ReloadAssembly
Symbol file LoadedFromMemory doesn't match image D:\CS\ICS169\Capstone\ProjectCapstone\Library\PackageCache\com.unity.visualscripting@1.7.8\Editor\VisualScripting.Core\Dependencies\YamlDotNet\Unity.VisualScripting.YamlDotNet.dll
Symbol file LoadedFromMemory doesn't match image D:\CS\ICS169\Capstone\ProjectCapstone\Library\PackageCache\com.unity.visualscripting@1.7.8\Editor\VisualScripting.Core\Dependencies\DotNetZip\Unity.VisualScripting.IonicZip.dll
Native extension for LinuxStandalone target not found
Native extension for WindowsStandalone target not found
Native extension for WebGL target not found
Refreshing native plugins compatible for Editor in 4.20 ms, found 3 plugins.
Preloading 0 native plugins for Editor in 0.00 ms.
Mono: successfully reloaded assembly
- Completed reload, in  5.615 seconds
Domain Reload Profiling:
	ReloadAssembly (5616ms)
		BeginReloadAssembly (251ms)
			ExecutionOrderSort (0ms)
			DisableScriptedObjects (48ms)
			BackupInstance (0ms)
			ReleaseScriptingObjects (0ms)
			CreateAndSetChildDomain (75ms)
		EndReloadAssembly (5223ms)
			LoadAssemblies (134ms)
			RebuildTransferFunctionScriptingTraits (0ms)
			SetupTypeCache (439ms)
			ReleaseScriptCaches (3ms)
			RebuildScriptCaches (123ms)
			SetupLoadedEditorAssemblies (4257ms)
				LogAssemblyErrors (0ms)
				InitializePlatformSupportModulesInManaged (37ms)
				SetLoadedEditorAssemblies (1ms)
				RefreshPlugins (4ms)
				BeforeProcessingInitializeOnLoad (194ms)
				ProcessInitializeOnLoadAttributes (3824ms)
				ProcessInitializeOnLoadMethodAttributes (184ms)
				AfterProcessingInitializeOnLoad (13ms)
				EditorAssembliesLoaded (0ms)
			ExecutionOrderSort2 (0ms)
			AwakeInstancesAfterBackupRestoration (56ms)
Platform modules already initialized, skipping
Refreshing native plugins compatible for Editor in 3.65 ms, found 3 plugins.
Preloading 0 native plugins for Editor in 0.00 ms.
Unloading 7734 Unused Serialized files (Serialized files now loaded: 0)
Unloading 45 unused Assets / (3.4 MB). Loaded Objects now: 9127.
Memory consumption went from 370.3 MB to 366.9 MB.
Total: 5.121000 ms (FindLiveObjects: 0.830500 ms CreateObjectMapping: 0.377600 ms MarkObjects: 3.364800 ms  DeleteObjects: 0.546200 ms)

AssetImportParameters requested are different than current active one (requested -> active):
  custom:video-decoder-ogg-theora: a1e56fd34408186e4bbccfd4996cb3dc -> 
  custom:container-muxer-webm: aa71ff27fc2769a1b78a27578f13a17b -> 
  custom:container-demuxer-webm: 4f35f7cbe854078d1ac9338744f61a02 -> 
  custom:video-encoder-webm-vp8: eb34c28f22e8b96e1ab97ce403110664 -> 
  custom:video-codec-MediaFoundation-h265: 746d11721c4dcdbdad8f713fa42b33f4 -> 
  custom:audio-encoder-webm-vorbis: bf7c407c2cedff20999df2af8eb42d56 -> 
  custom:framework-win-MediaFoundation: 216162199b28c13a410421893ffa2e32 -> 
  custom:SearchIndexIgnoredProperties: e643bd26f0fe6173181afceb89e7c659 -> 
  custom:container-demuxer-ogg: 62fdf1f143b41e24485cea50d1cbac27 -> 
  custom:video-decoder-webm-vp8: 9c59270c3fd7afecdb556c50c9e8de78 -> 
  custom:audio-decoder-ogg-vorbis: bf7c407c2cedff20999df2af8eb42d56 -> 
Editor requested this worker to shutdown with reason: Scaling down because of idle timeout
AssetImportWorker is now disconnected from the server
Process exiting
Exiting without the bug reporter. Application will terminate with return code 0