Using pre-set license
Built from '2021.3/staging' branch; Version is '2021.3.16f1 (4016570cf34f) revision 4200023'; Using compiler version '192829333'; Build Type 'Release'
OS: 'Windows 10  (10.0.19044) 64bit Professional' Language: 'zh' Physical Memory: 32627 MB
BatchMode: 1, IsHumanControllingUs: 0, StartBugReporterOnCrash: 0, Is64bit: 1, IsPro: 1

COMMAND LINE ARGUMENTS:
C:\Program Files\Unity\Hub\Editor\2021.3.16f1\Editor\Unity.exe
-adb2
-batchMode
-noUpm
-name
AssetImportWorker20
-projectPath
D:/CS/ICS169/Capstone/ProjectCapstone
-logFile
Logs/AssetImportWorker20.log
-srvPort
55163
Successfully changed project path to: D:/CS/ICS169/Capstone/ProjectCapstone
D:/CS/ICS169/Capstone/ProjectCapstone
[UnityMemory] Configuration Parameters - Can be set up in boot.config
    "memorysetup-bucket-allocator-granularity=16"
    "memorysetup-bucket-allocator-bucket-count=8"
    "memorysetup-bucket-allocator-block-size=33554432"
    "memorysetup-bucket-allocator-block-count=8"
    "memorysetup-main-allocator-block-size=16777216"
    "memorysetup-thread-allocator-block-size=16777216"
    "memorysetup-gfx-main-allocator-block-size=16777216"
    "memorysetup-gfx-thread-allocator-block-size=16777216"
    "memorysetup-cache-allocator-block-size=4194304"
    "memorysetup-typetree-allocator-block-size=2097152"
    "memorysetup-profiler-bucket-allocator-granularity=16"
    "memorysetup-profiler-bucket-allocator-bucket-count=8"
    "memorysetup-profiler-bucket-allocator-block-size=33554432"
    "memorysetup-profiler-bucket-allocator-block-count=8"
    "memorysetup-profiler-allocator-block-size=16777216"
    "memorysetup-profiler-editor-allocator-block-size=1048576"
    "memorysetup-temp-allocator-size-main=16777216"
    "memorysetup-job-temp-allocator-block-size=2097152"
    "memorysetup-job-temp-allocator-block-size-background=1048576"
    "memorysetup-job-temp-allocator-reduction-small-platforms=262144"
    "memorysetup-temp-allocator-size-background-worker=32768"
    "memorysetup-temp-allocator-size-job-worker=262144"
    "memorysetup-temp-allocator-size-preload-manager=33554432"
    "memorysetup-temp-allocator-size-nav-mesh-worker=65536"
    "memorysetup-temp-allocator-size-audio-worker=65536"
    "memorysetup-temp-allocator-size-cloud-worker=32768"
    "memorysetup-temp-allocator-size-gi-baking-worker=262144"
    "memorysetup-temp-allocator-size-gfx=262144"
Player connection [56076] Host "[IP] 192.168.1.219 [Port] 0 [Flags] 2 [Guid] 4250183546 [EditorId] 4250183546 [Version] 1048832 [Id] WindowsEditor(7,DESKTOP-8076NJ7) [Debug] 1 [PackageName] WindowsEditor [ProjectName] Editor" joined multi-casting on [225.0.0.222:54997]...

Player connection [56076] Host "[IP] 192.168.1.219 [Port] 0 [Flags] 2 [Guid] 4250183546 [EditorId] 4250183546 [Version] 1048832 [Id] WindowsEditor(7,DESKTOP-8076NJ7) [Debug] 1 [PackageName] WindowsEditor [ProjectName] Editor" joined alternative multi-casting on [225.0.0.222:34997]...

Refreshing native plugins compatible for Editor in 245.76 ms, found 3 plugins.
Preloading 0 native plugins for Editor in 0.00 ms.
Initialize engine version: 2021.3.16f1 (4016570cf34f)
[Subsystems] Discovering subsystems at path C:/Program Files/Unity/Hub/Editor/2021.3.16f1/Editor/Data/Resources/UnitySubsystems
[Subsystems] Discovering subsystems at path D:/CS/ICS169/Capstone/ProjectCapstone/Assets
GfxDevice: creating device client; threaded=0; jobified=0
Direct3D:
    Version:  Direct3D 11.0 [level 11.1]
    Renderer: NVIDIA GeForce RTX 3080 (ID=0x220a)
    Vendor:   NVIDIA
    VRAM:     12107 MB
    Driver:   31.0.15.3623
Initialize mono
Mono path[0] = 'C:/Program Files/Unity/Hub/Editor/2021.3.16f1/Editor/Data/Managed'
Mono path[1] = 'C:/Program Files/Unity/Hub/Editor/2021.3.16f1/Editor/Data/MonoBleedingEdge/lib/mono/unityjit-win32'
Mono config path = 'C:/Program Files/Unity/Hub/Editor/2021.3.16f1/Editor/Data/MonoBleedingEdge/etc'
Using monoOptions --debugger-agent=transport=dt_socket,embedding=1,server=y,suspend=n,address=127.0.0.1:56412
Begin MonoManager ReloadAssembly
Registering precompiled unity dll's ...
Register platform support module: C:/Program Files/Unity/Hub/Editor/2021.3.16f1/Editor/Data/PlaybackEngines/WebGLSupport/UnityEditor.WebGL.Extensions.dll
Register platform support module: C:/Program Files/Unity/Hub/Editor/2021.3.16f1/Editor/Data/PlaybackEngines/WindowsStandaloneSupport/UnityEditor.WindowsStandalone.Extensions.dll
Register platform support module: C:/Program Files/Unity/Hub/Editor/2021.3.16f1/Editor/Data/PlaybackEngines/LinuxStandaloneSupport/UnityEditor.LinuxStandalone.Extensions.dll
Registered in 0.012915 seconds.
Native extension for LinuxStandalone target not found
Native extension for WindowsStandalone target not found
Native extension for WebGL target not found
Refreshing native plugins compatible for Editor in 290.58 ms, found 3 plugins.
Preloading 0 native plugins for Editor in 0.00 ms.
Mono: successfully reloaded assembly
- Completed reload, in  1.121 seconds
Domain Reload Profiling:
	ReloadAssembly (1122ms)
		BeginReloadAssembly (92ms)
			ExecutionOrderSort (0ms)
			DisableScriptedObjects (0ms)
			BackupInstance (0ms)
			ReleaseScriptingObjects (0ms)
			CreateAndSetChildDomain (1ms)
		EndReloadAssembly (834ms)
			LoadAssemblies (92ms)
			RebuildTransferFunctionScriptingTraits (0ms)
			SetupTypeCache (151ms)
			ReleaseScriptCaches (0ms)
			RebuildScriptCaches (37ms)
			SetupLoadedEditorAssemblies (566ms)
				LogAssemblyErrors (0ms)
				InitializePlatformSupportModulesInManaged (18ms)
				SetLoadedEditorAssemblies (0ms)
				RefreshPlugins (291ms)
				BeforeProcessingInitializeOnLoad (5ms)
				ProcessInitializeOnLoadAttributes (190ms)
				ProcessInitializeOnLoadMethodAttributes (62ms)
				AfterProcessingInitializeOnLoad (0ms)
				EditorAssembliesLoaded (0ms)
			ExecutionOrderSort2 (0ms)
			AwakeInstancesAfterBackupRestoration (0ms)
Platform modules already initialized, skipping
Registering precompiled user dll's ...
Registered in 0.010631 seconds.
Begin MonoManager ReloadAssembly
Symbol file LoadedFromMemory doesn't match image D:\CS\ICS169\Capstone\ProjectCapstone\Library\PackageCache\com.unity.visualscripting@1.7.8\Editor\VisualScripting.Core\Dependencies\YamlDotNet\Unity.VisualScripting.YamlDotNet.dll
Symbol file LoadedFromMemory doesn't match image D:\CS\ICS169\Capstone\ProjectCapstone\Library\PackageCache\com.unity.visualscripting@1.7.8\Editor\VisualScripting.Core\Dependencies\DotNetZip\Unity.VisualScripting.IonicZip.dll
Native extension for LinuxStandalone target not found
Native extension for WindowsStandalone target not found
Native extension for WebGL target not found
Refreshing native plugins compatible for Editor in 251.13 ms, found 3 plugins.
Preloading 0 native plugins for Editor in 0.00 ms.
Mono: successfully reloaded assembly
- Completed reload, in  5.499 seconds
Domain Reload Profiling:
	ReloadAssembly (5501ms)
		BeginReloadAssembly (110ms)
			ExecutionOrderSort (0ms)
			DisableScriptedObjects (7ms)
			BackupInstance (0ms)
			ReleaseScriptingObjects (0ms)
			CreateAndSetChildDomain (19ms)
		EndReloadAssembly (5245ms)
			LoadAssemblies (108ms)
			RebuildTransferFunctionScriptingTraits (0ms)
			SetupTypeCache (497ms)
			ReleaseScriptCaches (1ms)
			RebuildScriptCaches (261ms)
			SetupLoadedEditorAssemblies (4253ms)
				LogAssemblyErrors (0ms)
				InitializePlatformSupportModulesInManaged (25ms)
				SetLoadedEditorAssemblies (0ms)
				RefreshPlugins (251ms)
				BeforeProcessingInitializeOnLoad (258ms)
				ProcessInitializeOnLoadAttributes (3326ms)
				ProcessInitializeOnLoadMethodAttributes (379ms)
				AfterProcessingInitializeOnLoad (12ms)
				EditorAssembliesLoaded (1ms)
			ExecutionOrderSort2 (0ms)
			AwakeInstancesAfterBackupRestoration (8ms)
Platform modules already initialized, skipping
========================================================================
Worker process is ready to serve import requests
Launched and connected shader compiler UnityShaderCompiler.exe after 0.05 seconds
Refreshing native plugins compatible for Editor in 1.48 ms, found 3 plugins.
Preloading 0 native plugins for Editor in 0.00 ms.
Unloading 8261 Unused Serialized files (Serialized files now loaded: 0)
Unloading 53 unused Assets / (3.4 MB). Loaded Objects now: 8730.
Memory consumption went from 388.0 MB to 384.6 MB.
Total: 5.421100 ms (FindLiveObjects: 0.892600 ms CreateObjectMapping: 0.499000 ms MarkObjects: 3.531900 ms  DeleteObjects: 0.496400 ms)

AssetImportParameters requested are different than current active one (requested -> active):
  custom:video-decoder-ogg-theora: a1e56fd34408186e4bbccfd4996cb3dc -> 
  custom:container-muxer-webm: aa71ff27fc2769a1b78a27578f13a17b -> 
  custom:container-demuxer-webm: 4f35f7cbe854078d1ac9338744f61a02 -> 
  custom:video-encoder-webm-vp8: eb34c28f22e8b96e1ab97ce403110664 -> 
  custom:video-codec-MediaFoundation-h265: 746d11721c4dcdbdad8f713fa42b33f4 -> 
  custom:audio-encoder-webm-vorbis: bf7c407c2cedff20999df2af8eb42d56 -> 
  custom:framework-win-MediaFoundation: 216162199b28c13a410421893ffa2e32 -> 
  custom:SearchIndexIgnoredProperties: e643bd26f0fe6173181afceb89e7c659 -> 
  custom:container-demuxer-ogg: 62fdf1f143b41e24485cea50d1cbac27 -> 
  custom:video-decoder-webm-vp8: 9c59270c3fd7afecdb556c50c9e8de78 -> 
  custom:audio-decoder-ogg-vorbis: bf7c407c2cedff20999df2af8eb42d56 -> 
========================================================================
Received Import Request.
  Time since last request: 777339.314848 seconds.
  path: Assets/Fantasy Skybox/Cubemaps/FS013/Images/FS013_Rainy_Cubemap_front.png
  artifactKey: Guid(809fd11903f71674cb1db54a814f0538) Importer(815301076,1909f56bfc062723c751e8b465ee728b)
Start importing Assets/Fantasy Skybox/Cubemaps/FS013/Images/FS013_Rainy_Cubemap_front.png using Guid(809fd11903f71674cb1db54a814f0538) Importer(815301076,1909f56bfc062723c751e8b465ee728b)  -> (artifact id: '0ed975259668ff1cff01a05d40aaf45b') in 0.137778 seconds 
========================================================================
Received Import Request.
  Time since last request: 0.293579 seconds.
  path: Assets/Fantasy Skybox/Cubemaps/FS013/Images/FS013_Sunrise_Cubemap_down.png
  artifactKey: Guid(88ee39a8842964d428aab3c08bdcad02) Importer(815301076,1909f56bfc062723c751e8b465ee728b)
Start importing Assets/Fantasy Skybox/Cubemaps/FS013/Images/FS013_Sunrise_Cubemap_down.png using Guid(88ee39a8842964d428aab3c08bdcad02) Importer(815301076,1909f56bfc062723c751e8b465ee728b)  -> (artifact id: '8740570023c7c9feaa04b39c376712ac') in 0.012272 seconds 
========================================================================
Received Import Request.
  Time since last request: 0.000024 seconds.
  path: Assets/Fantasy Skybox/Cubemaps/FS013/Images/FS013_Sunrise_Cubemap_left.png
  artifactKey: Guid(1cce5128dcfa8ea458c36f7dc697f864) Importer(815301076,1909f56bfc062723c751e8b465ee728b)
Start importing Assets/Fantasy Skybox/Cubemaps/FS013/Images/FS013_Sunrise_Cubemap_left.png using Guid(1cce5128dcfa8ea458c36f7dc697f864) Importer(815301076,1909f56bfc062723c751e8b465ee728b)  -> (artifact id: 'b596283a5af6d305b06291c4cc14d1b1') in 0.023660 seconds 
========================================================================
Received Import Request.
  Time since last request: 2.640562 seconds.
  path: Assets/Fantasy Skybox/Cubemaps/FS013/Images/FS013_Sunset_Cubemap_front.png
  artifactKey: Guid(a389bb45410b76c40965e4fecbf316ab) Importer(815301076,1909f56bfc062723c751e8b465ee728b)
Start importing Assets/Fantasy Skybox/Cubemaps/FS013/Images/FS013_Sunset_Cubemap_front.png using Guid(a389bb45410b76c40965e4fecbf316ab) Importer(815301076,1909f56bfc062723c751e8b465ee728b)  -> (artifact id: 'f6bdd23a3a385c456573e5117f7fa187') in 0.018647 seconds 
========================================================================
Received Import Request.
  Time since last request: 0.044870 seconds.
  path: Assets/Fantasy Skybox/Cubemaps/FS013/Images/FS013_Sunset_Cubemap_up.png
  artifactKey: Guid(6cb36085cc0344447a385dceb650373a) Importer(815301076,1909f56bfc062723c751e8b465ee728b)
Start importing Assets/Fantasy Skybox/Cubemaps/FS013/Images/FS013_Sunset_Cubemap_up.png using Guid(6cb36085cc0344447a385dceb650373a) Importer(815301076,1909f56bfc062723c751e8b465ee728b)  -> (artifact id: 'd8b09b5946958c8694c5fc10615a15bf') in 0.014483 seconds 
========================================================================
Received Import Request.
  Time since last request: 15.829049 seconds.
  path: Assets/Fantasy Skybox/Cubemaps/FS014/FS014_Night_Cubemap.mat
  artifactKey: Guid(06021072c696ddf47985fd89e812a233) Importer(815301076,1909f56bfc062723c751e8b465ee728b)
Start importing Assets/Fantasy Skybox/Cubemaps/FS014/FS014_Night_Cubemap.mat using Guid(06021072c696ddf47985fd89e812a233) Importer(815301076,1909f56bfc062723c751e8b465ee728b)  -> (artifact id: 'a9e4999f7e629a25f427a7884e77d8ea') in 4.867976 seconds 
========================================================================
Received Import Request.
  Time since last request: 7.790951 seconds.
  path: Assets/Fantasy Skybox/Cubemaps/FS018/Images/FS018_Day_Cubemap.cubemap
  artifactKey: Guid(16e6835fd7a67dd45897e6f666ae64ce) Importer(815301076,1909f56bfc062723c751e8b465ee728b)
Start importing Assets/Fantasy Skybox/Cubemaps/FS018/Images/FS018_Day_Cubemap.cubemap using Guid(16e6835fd7a67dd45897e6f666ae64ce) Importer(815301076,1909f56bfc062723c751e8b465ee728b)  -> (artifact id: 'e297993c5f5f4aa918151b6ec72b67ae') in 0.465539 seconds 
========================================================================
Received Import Request.
  Time since last request: 0.000036 seconds.
  path: Assets/Fantasy Skybox/Cubemaps/FS019/Images/FS019_Day_Sunless_Cubemap.cubemap
  artifactKey: Guid(8181c1c47e42ff246b40cd82acc3a8df) Importer(815301076,1909f56bfc062723c751e8b465ee728b)
Start importing Assets/Fantasy Skybox/Cubemaps/FS019/Images/FS019_Day_Sunless_Cubemap.cubemap using Guid(8181c1c47e42ff246b40cd82acc3a8df) Importer(815301076,1909f56bfc062723c751e8b465ee728b)  -> (artifact id: '1e23afe61469653e40b3fdf707800705') in 0.365383 seconds 
========================================================================
Received Import Request.
  Time since last request: 0.000046 seconds.
  path: Assets/Fantasy Skybox/Cubemaps/FS020/Images/FS020_Day_Cubemap.cubemap
  artifactKey: Guid(f0c1aa84c7dbb2c4c8bd5a17ff110e5b) Importer(815301076,1909f56bfc062723c751e8b465ee728b)
Start importing Assets/Fantasy Skybox/Cubemaps/FS020/Images/FS020_Day_Cubemap.cubemap using Guid(f0c1aa84c7dbb2c4c8bd5a17ff110e5b) Importer(815301076,1909f56bfc062723c751e8b465ee728b)  -> (artifact id: 'e9b48ad47326018b230672964a43e23e') in 0.366368 seconds 
========================================================================
Received Import Request.
  Time since last request: 0.000055 seconds.
  path: Assets/Fantasy Skybox/Cubemaps/FS018/Images/FS018_Snowy_Cubemap.cubemap
  artifactKey: Guid(8247d0f8a5589e449a302d2647ae1cec) Importer(815301076,1909f56bfc062723c751e8b465ee728b)
Start importing Assets/Fantasy Skybox/Cubemaps/FS018/Images/FS018_Snowy_Cubemap.cubemap using Guid(8247d0f8a5589e449a302d2647ae1cec) Importer(815301076,1909f56bfc062723c751e8b465ee728b)  -> (artifact id: 'df5ef0d1db54951cac054bf44b888239') in 0.369090 seconds 
========================================================================
Received Import Request.
  Time since last request: 0.000050 seconds.
  path: Assets/Fantasy Skybox/Cubemaps/FS019/Images/FS019_Day_Cubemap.cubemap
  artifactKey: Guid(0db35f990230ba345827079193d3b668) Importer(815301076,1909f56bfc062723c751e8b465ee728b)
Start importing Assets/Fantasy Skybox/Cubemaps/FS019/Images/FS019_Day_Cubemap.cubemap using Guid(0db35f990230ba345827079193d3b668) Importer(815301076,1909f56bfc062723c751e8b465ee728b)  -> (artifact id: 'b41370c2fb57a94394e9cd51240ca66e') in 0.311735 seconds 
========================================================================
Received Import Request.
  Time since last request: 19.498177 seconds.
  path: Assets/Fantasy Skybox/Cubemaps/FS011/Images/FS011_Day_Cubemap_front.png
  artifactKey: Guid(dbf65ba9f4b58ff4faf9b62a864bd787) Importer(815301076,1909f56bfc062723c751e8b465ee728b)
Start importing Assets/Fantasy Skybox/Cubemaps/FS011/Images/FS011_Day_Cubemap_front.png using Guid(dbf65ba9f4b58ff4faf9b62a864bd787) Importer(815301076,1909f56bfc062723c751e8b465ee728b)  -> (artifact id: '8b12da7c2dd08eb610e8bfdc422b28d4') in 0.032653 seconds 
========================================================================
Received Import Request.
  Time since last request: 0.000035 seconds.
  path: Assets/Fantasy Skybox/Cubemaps/FS011/Images/FS011_Night_Moonless_Cubemap_up.png
  artifactKey: Guid(23d4a19ad4a11d24e8276b3f15e25c2b) Importer(815301076,1909f56bfc062723c751e8b465ee728b)
Start importing Assets/Fantasy Skybox/Cubemaps/FS011/Images/FS011_Night_Moonless_Cubemap_up.png using Guid(23d4a19ad4a11d24e8276b3f15e25c2b) Importer(815301076,1909f56bfc062723c751e8b465ee728b)  -> (artifact id: 'ae4a175adb715c8c8da46b156d5d6bb6') in 0.046122 seconds 
========================================================================
Received Import Request.
  Time since last request: 0.000035 seconds.
  path: Assets/Fantasy Skybox/Cubemaps/FS011/Images/FS011_Day_Sunless_Cubemap_left.png
  artifactKey: Guid(648a68e18898b324d91e2c98ad3e9242) Importer(815301076,1909f56bfc062723c751e8b465ee728b)
Start importing Assets/Fantasy Skybox/Cubemaps/FS011/Images/FS011_Day_Sunless_Cubemap_left.png using Guid(648a68e18898b324d91e2c98ad3e9242) Importer(815301076,1909f56bfc062723c751e8b465ee728b)  -> (artifact id: '00e831d673a294d61c54303f1f5a7fb5') in 0.038609 seconds 
========================================================================
Received Import Request.
  Time since last request: 0.000045 seconds.
  path: Assets/Fantasy Skybox/Cubemaps/FS011/Images/FS011_Day_Cubemap_up.png
  artifactKey: Guid(eeb2e699d366dd54a8e06efa47029fa4) Importer(815301076,1909f56bfc062723c751e8b465ee728b)
Start importing Assets/Fantasy Skybox/Cubemaps/FS011/Images/FS011_Day_Cubemap_up.png using Guid(eeb2e699d366dd54a8e06efa47029fa4) Importer(815301076,1909f56bfc062723c751e8b465ee728b)  -> (artifact id: 'bcd39d1969dfd224fcd38f4ab7176f31') in 0.018622 seconds 
========================================================================
Received Import Request.
  Time since last request: 0.000100 seconds.
  path: Assets/Fantasy Skybox/Cubemaps/FS011/Images/FS011_Day_Sunless_Cubemap_right.png
  artifactKey: Guid(9c28fea1b4f0e5949838b52e9f11b1e2) Importer(815301076,1909f56bfc062723c751e8b465ee728b)
Start importing Assets/Fantasy Skybox/Cubemaps/FS011/Images/FS011_Day_Sunless_Cubemap_right.png using Guid(9c28fea1b4f0e5949838b52e9f11b1e2) Importer(815301076,1909f56bfc062723c751e8b465ee728b)  -> (artifact id: '7c1ebfee2ee5a41761adb92063cb8c21') in 0.012506 seconds 
========================================================================
Received Import Request.
  Time since last request: 45.468736 seconds.
  path: Assets/Fantasy Skybox/Cubemaps/FS011/Images/FS011_Rainy_Cubemap_front.png
  artifactKey: Guid(f907d164041342e4eba289bcc851b362) Importer(815301076,1909f56bfc062723c751e8b465ee728b)
Start importing Assets/Fantasy Skybox/Cubemaps/FS011/Images/FS011_Rainy_Cubemap_front.png using Guid(f907d164041342e4eba289bcc851b362) Importer(815301076,1909f56bfc062723c751e8b465ee728b)  -> (artifact id: 'bd4a4949ba6573eee42761e17a8e7517') in 0.029116 seconds 
========================================================================
Received Import Request.
  Time since last request: 0.000031 seconds.
  path: Assets/Fantasy Skybox/Cubemaps/FS011/Images/FS011_Snowy_Cubemap_back.png
  artifactKey: Guid(add6ca6d52c7aa84f8199310722ee3eb) Importer(815301076,1909f56bfc062723c751e8b465ee728b)
Start importing Assets/Fantasy Skybox/Cubemaps/FS011/Images/FS011_Snowy_Cubemap_back.png using Guid(add6ca6d52c7aa84f8199310722ee3eb) Importer(815301076,1909f56bfc062723c751e8b465ee728b)  -> (artifact id: 'ddcc2a786b69f53cc0ed511e63d6bb04') in 0.014949 seconds 
========================================================================
Received Import Request.
  Time since last request: 0.073723 seconds.
  path: Assets/Fantasy Skybox/Cubemaps/FS011/Images/FS011_Snowy_Cubemap_left.png
  artifactKey: Guid(4ff24081cd4958c47a4a03a0abce1e75) Importer(815301076,1909f56bfc062723c751e8b465ee728b)
Start importing Assets/Fantasy Skybox/Cubemaps/FS011/Images/FS011_Snowy_Cubemap_left.png using Guid(4ff24081cd4958c47a4a03a0abce1e75) Importer(815301076,1909f56bfc062723c751e8b465ee728b)  -> (artifact id: '43d66b2c2227bd40f47896dc68a58e0a') in 0.026725 seconds 
========================================================================
Received Import Request.
  Time since last request: 0.613423 seconds.
  path: Assets/Fantasy Skybox/Cubemaps/FS011/Images/FS011_Sunrise_Cubemap_down.png
  artifactKey: Guid(e9be43fc38a5d5b43a36e22f636d3c9c) Importer(815301076,1909f56bfc062723c751e8b465ee728b)
Start importing Assets/Fantasy Skybox/Cubemaps/FS011/Images/FS011_Sunrise_Cubemap_down.png using Guid(e9be43fc38a5d5b43a36e22f636d3c9c) Importer(815301076,1909f56bfc062723c751e8b465ee728b)  -> (artifact id: 'b316fb17b22a3b35253e6955c6ddcacb') in 0.034194 seconds 
========================================================================
Received Import Request.
  Time since last request: 0.000047 seconds.
  path: Assets/Fantasy Skybox/Cubemaps/FS011/Images/FS011_Sunrise_Cubemap_right.png
  artifactKey: Guid(902e3dd8a78d9d04b91f43a3dd03e7b4) Importer(815301076,1909f56bfc062723c751e8b465ee728b)
Start importing Assets/Fantasy Skybox/Cubemaps/FS011/Images/FS011_Sunrise_Cubemap_right.png using Guid(902e3dd8a78d9d04b91f43a3dd03e7b4) Importer(815301076,1909f56bfc062723c751e8b465ee728b)  -> (artifact id: 'f30098f8b82d3e2b52fc80e2601f91ac') in 0.028424 seconds 
========================================================================
Received Import Request.
  Time since last request: 0.088092 seconds.
  path: Assets/Fantasy Skybox/Cubemaps/FS011/Images/FS011_Sunset_Cubemap_up.png
  artifactKey: Guid(d2fb8a13ed5f8d145b3d9c479594b0d8) Importer(815301076,1909f56bfc062723c751e8b465ee728b)
Start importing Assets/Fantasy Skybox/Cubemaps/FS011/Images/FS011_Sunset_Cubemap_up.png using Guid(d2fb8a13ed5f8d145b3d9c479594b0d8) Importer(815301076,1909f56bfc062723c751e8b465ee728b)  -> (artifact id: 'ccc5e3eee6331b8a7ef7b50e8b822d2b') in 0.020650 seconds 
========================================================================
Received Import Request.
  Time since last request: 217.996079 seconds.
  path: Assets/SkySeries Freebie/6SidedFluffball.mat
  artifactKey: Guid(efd1c33efd2d58340b88804268e6833f) Importer(815301076,1909f56bfc062723c751e8b465ee728b)
Start importing Assets/SkySeries Freebie/6SidedFluffball.mat using Guid(efd1c33efd2d58340b88804268e6833f) Importer(815301076,1909f56bfc062723c751e8b465ee728b)  -> (artifact id: 'cb340260ac9d57fe1b07d4f36d5a0bb3') in 0.178200 seconds 
========================================================================
Received Import Request.
  Time since last request: 0.000053 seconds.
  path: Assets/SkySeries Freebie/SkyhighFluffycloudField.mat
  artifactKey: Guid(f15c336556dd74f40aaca655f7767970) Importer(815301076,1909f56bfc062723c751e8b465ee728b)
Start importing Assets/SkySeries Freebie/SkyhighFluffycloudField.mat using Guid(f15c336556dd74f40aaca655f7767970) Importer(815301076,1909f56bfc062723c751e8b465ee728b)  -> (artifact id: 'a3dd3f94915d41c8d6130c18d5dc68a0') in 0.059886 seconds 
========================================================================
Received Import Request.
  Time since last request: 0.000051 seconds.
  path: Assets/SkySeries Freebie/CloudedSunGlow.mat
  artifactKey: Guid(e391f00234292cc4f935308c11cf0e54) Importer(815301076,1909f56bfc062723c751e8b465ee728b)
Start importing Assets/SkySeries Freebie/CloudedSunGlow.mat using Guid(e391f00234292cc4f935308c11cf0e54) Importer(815301076,1909f56bfc062723c751e8b465ee728b)  -> (artifact id: 'd5003a3dc8220326f2a13b8817819f3b') in 0.068377 seconds 
========================================================================
Received Import Request.
  Time since last request: 0.000055 seconds.
  path: Assets/SkySeries Freebie/FluffballDay.mat
  artifactKey: Guid(20d4f77b9022eab48b4d94599ed4bf82) Importer(815301076,1909f56bfc062723c751e8b465ee728b)
Start importing Assets/SkySeries Freebie/FluffballDay.mat using Guid(20d4f77b9022eab48b4d94599ed4bf82) Importer(815301076,1909f56bfc062723c751e8b465ee728b)  -> (artifact id: '8c8965e902a59bc32ed8ceed76736b30') in 0.045685 seconds 
========================================================================
Received Import Request.
  Time since last request: 0.000047 seconds.
  path: Assets/SkySeries Freebie/CoriolisNight4k.mat
  artifactKey: Guid(d4454f71d85928744be7771e2143dab7) Importer(815301076,1909f56bfc062723c751e8b465ee728b)
Start importing Assets/SkySeries Freebie/CoriolisNight4k.mat using Guid(d4454f71d85928744be7771e2143dab7) Importer(815301076,1909f56bfc062723c751e8b465ee728b)  -> (artifact id: '0b35612afe08a8ff04ad032571905691') in 0.076707 seconds 
========================================================================
Received Import Request.
  Time since last request: 0.000048 seconds.
  path: Assets/SkySeries Freebie/SunlessCirruscover.mat
  artifactKey: Guid(4e154bf235e41704bbd6bbc6fd6c63f6) Importer(815301076,1909f56bfc062723c751e8b465ee728b)
Start importing Assets/SkySeries Freebie/SunlessCirruscover.mat using Guid(4e154bf235e41704bbd6bbc6fd6c63f6) Importer(815301076,1909f56bfc062723c751e8b465ee728b)  -> (artifact id: '382806ebda455450cc13a34779bca9ac') in 0.044361 seconds 
========================================================================
Received Import Request.
  Time since last request: 0.000050 seconds.
  path: Assets/SkySeries Freebie/AmbienceExposure.mat
  artifactKey: Guid(72deae4d18418f94688abef8e8483df0) Importer(815301076,1909f56bfc062723c751e8b465ee728b)
Start importing Assets/SkySeries Freebie/AmbienceExposure.mat using Guid(72deae4d18418f94688abef8e8483df0) Importer(815301076,1909f56bfc062723c751e8b465ee728b)  -> (artifact id: '3da04d28c0bda211f6b37832f6ed477a') in 0.079030 seconds 
========================================================================
Received Import Request.
  Time since last request: 0.012124 seconds.
  path: Assets/SkySeries Freebie/MegaSun.mat
  artifactKey: Guid(cede08c9fc471e64884909cd4bbeaf59) Importer(815301076,1909f56bfc062723c751e8b465ee728b)
Start importing Assets/SkySeries Freebie/MegaSun.mat using Guid(cede08c9fc471e64884909cd4bbeaf59) Importer(815301076,1909f56bfc062723c751e8b465ee728b)  -> (artifact id: '1f3026b0de63ba31c23b8f2ad76b5db7') in 0.074356 seconds 
========================================================================
Received Import Request.
  Time since last request: 0.000041 seconds.
  path: Assets/SkySeries Freebie/PlanetaryEarth.mat
  artifactKey: Guid(16bc8a9d5451ca44d8f70575adbece3a) Importer(815301076,1909f56bfc062723c751e8b465ee728b)
Start importing Assets/SkySeries Freebie/PlanetaryEarth.mat using Guid(16bc8a9d5451ca44d8f70575adbece3a) Importer(815301076,1909f56bfc062723c751e8b465ee728b)  -> (artifact id: 'a672edc3d6d8d74020400db0ea4ceb9a') in 0.050926 seconds 
========================================================================
Received Import Request.
  Time since last request: 0.000045 seconds.
  path: Assets/SkySeries Freebie/CasualDay.mat
  artifactKey: Guid(85cf0b004bc4a654b9e501efcce47902) Importer(815301076,1909f56bfc062723c751e8b465ee728b)
Start importing Assets/SkySeries Freebie/CasualDay.mat using Guid(85cf0b004bc4a654b9e501efcce47902) Importer(815301076,1909f56bfc062723c751e8b465ee728b)  -> (artifact id: '4c7d42d2ef778e8e4455cb578ebce7cc') in 0.047062 seconds 
========================================================================
Received Import Request.
  Time since last request: 2.853486 seconds.
  path: Assets/SkySeries Freebie/FreebieHdri/CasualDay4K.hdr
  artifactKey: Guid(1153dc89e66880c4eb7adc16ba588855) Importer(815301076,1909f56bfc062723c751e8b465ee728b)
Start importing Assets/SkySeries Freebie/FreebieHdri/CasualDay4K.hdr using Guid(1153dc89e66880c4eb7adc16ba588855) Importer(815301076,1909f56bfc062723c751e8b465ee728b)  -> (artifact id: 'df4ca555381b5945522f5a1271c851c8') in 0.076539 seconds 
========================================================================
Received Import Request.
  Time since last request: 0.000040 seconds.
  path: Assets/SkySeries Freebie/FreebieHdri/HighFantasy4k.hdr
  artifactKey: Guid(6e998e53d0a82bb45928cd08a0fcfff3) Importer(815301076,1909f56bfc062723c751e8b465ee728b)
Start importing Assets/SkySeries Freebie/FreebieHdri/HighFantasy4k.hdr using Guid(6e998e53d0a82bb45928cd08a0fcfff3) Importer(815301076,1909f56bfc062723c751e8b465ee728b)  -> (artifact id: '92531b5a3c2456f7f36358be1da5e861') in 0.071170 seconds 
========================================================================
Received Import Request.
  Time since last request: 0.000059 seconds.
  path: Assets/SkySeries Freebie/FreebieHdri/DarkStorm4K.hdr
  artifactKey: Guid(762f22ba43541df4e95e0e7126e8d96c) Importer(815301076,1909f56bfc062723c751e8b465ee728b)
Start importing Assets/SkySeries Freebie/FreebieHdri/DarkStorm4K.hdr using Guid(762f22ba43541df4e95e0e7126e8d96c) Importer(815301076,1909f56bfc062723c751e8b465ee728b)  -> (artifact id: '684d9b060e459983f3d19e688397300a') in 0.079636 seconds 
========================================================================
Received Import Request.
  Time since last request: 0.000039 seconds.
  path: Assets/SkySeries Freebie/FreebieHdri/MegaSunBottom.hdr
  artifactKey: Guid(3de85f3af41435a4c8f9d237bc1f19ec) Importer(815301076,1909f56bfc062723c751e8b465ee728b)
Start importing Assets/SkySeries Freebie/FreebieHdri/MegaSunBottom.hdr using Guid(3de85f3af41435a4c8f9d237bc1f19ec) Importer(815301076,1909f56bfc062723c751e8b465ee728b)  -> (artifact id: '20b05bb55a91f29548603c736d7383da') in 0.022739 seconds 
========================================================================
Received Import Request.
  Time since last request: 0.000031 seconds.
  path: Assets/SkySeries Freebie/FreebieHdri/FluffballDayFront.hdr
  artifactKey: Guid(4499836ec803a0443834895abc208fba) Importer(815301076,1909f56bfc062723c751e8b465ee728b)
Start importing Assets/SkySeries Freebie/FreebieHdri/FluffballDayFront.hdr using Guid(4499836ec803a0443834895abc208fba) Importer(815301076,1909f56bfc062723c751e8b465ee728b)  -> (artifact id: '7aa13dbf569a84540f146a0d0279c939') in 0.018905 seconds 
========================================================================
Received Import Request.
  Time since last request: 0.000041 seconds.
  path: Assets/SkySeries Freebie/FreebieHdri/CosmicCoolCloudRight.hdr
  artifactKey: Guid(438e868ac8cccca4e81873838a67c003) Importer(815301076,1909f56bfc062723c751e8b465ee728b)
Start importing Assets/SkySeries Freebie/FreebieHdri/CosmicCoolCloudRight.hdr using Guid(438e868ac8cccca4e81873838a67c003) Importer(815301076,1909f56bfc062723c751e8b465ee728b)  -> (artifact id: 'd7697df46e38eb7795410d91d546faa4') in 0.019961 seconds 
========================================================================
Received Import Request.
  Time since last request: 0.000044 seconds.
  path: Assets/SkySeries Freebie/FreebieHdri/MegaSunFront.hdr
  artifactKey: Guid(b915aaf1fa7dbd54a9e60e42712933a9) Importer(815301076,1909f56bfc062723c751e8b465ee728b)
Start importing Assets/SkySeries Freebie/FreebieHdri/MegaSunFront.hdr using Guid(b915aaf1fa7dbd54a9e60e42712933a9) Importer(815301076,1909f56bfc062723c751e8b465ee728b)  -> (artifact id: 'd61667df03fb44b4f3e79b07f176db00') in 0.024462 seconds 
========================================================================
Received Import Request.
  Time since last request: 0.000041 seconds.
  path: Assets/SkySeries Freebie/FreebieHdri/FluffballDayBack.hdr
  artifactKey: Guid(50762494be58d144d98d179cd6ba1470) Importer(815301076,1909f56bfc062723c751e8b465ee728b)
Start importing Assets/SkySeries Freebie/FreebieHdri/FluffballDayBack.hdr using Guid(50762494be58d144d98d179cd6ba1470) Importer(815301076,1909f56bfc062723c751e8b465ee728b)  -> (artifact id: '722085a9c6ab664a3d7123ed7ace4749') in 0.011823 seconds 
========================================================================
Received Import Request.
  Time since last request: 0.000065 seconds.
  path: Assets/SkySeries Freebie/FreebieHdri/FluffballDayLeft.hdr
  artifactKey: Guid(a78d8299279fda54098aca1c72ecfae1) Importer(815301076,1909f56bfc062723c751e8b465ee728b)
Start importing Assets/SkySeries Freebie/FreebieHdri/FluffballDayLeft.hdr using Guid(a78d8299279fda54098aca1c72ecfae1) Importer(815301076,1909f56bfc062723c751e8b465ee728b)  -> (artifact id: 'f2c75b940ec5022eded6abbac373299a') in 0.027179 seconds 
========================================================================
Received Import Request.
  Time since last request: 0.000048 seconds.
  path: Assets/SkySeries Freebie/FreebieHdri/DayInTheClouds4k.hdr
  artifactKey: Guid(90196f2c2d8d2f2448717676e1a09894) Importer(815301076,1909f56bfc062723c751e8b465ee728b)
Start importing Assets/SkySeries Freebie/FreebieHdri/DayInTheClouds4k.hdr using Guid(90196f2c2d8d2f2448717676e1a09894) Importer(815301076,1909f56bfc062723c751e8b465ee728b)  -> (artifact id: '4a21e080ac59ebbf92f6a4d8daece470') in 0.081519 seconds 
========================================================================
Received Import Request.
  Time since last request: 0.000034 seconds.
  path: Assets/SkySeries Freebie/FreebieHdri/MegaSun4k.hdr
  artifactKey: Guid(8967f190ed29c46418093a47d66daee8) Importer(815301076,1909f56bfc062723c751e8b465ee728b)
Start importing Assets/SkySeries Freebie/FreebieHdri/MegaSun4k.hdr using Guid(8967f190ed29c46418093a47d66daee8) Importer(815301076,1909f56bfc062723c751e8b465ee728b)  -> (artifact id: '99a41d2281762059daeefa1c94348ba6') in 0.075755 seconds 
========================================================================
Received Import Request.
  Time since last request: 0.000310 seconds.
  path: Assets/SkySeries Freebie/FreebieHdri/CosmicCoolCloudFront.hdr
  artifactKey: Guid(d822c5eff7d42f04691027bc8c2b0716) Importer(815301076,1909f56bfc062723c751e8b465ee728b)
Start importing Assets/SkySeries Freebie/FreebieHdri/CosmicCoolCloudFront.hdr using Guid(d822c5eff7d42f04691027bc8c2b0716) Importer(815301076,1909f56bfc062723c751e8b465ee728b)  -> (artifact id: 'dfbdde8d89746809aff0534ecbc4ab4f') in 0.036960 seconds 
========================================================================
Received Import Request.
  Time since last request: 0.000049 seconds.
  path: Assets/SkySeries Freebie/FreebieHdri/Cloudymorning4k.hdr
  artifactKey: Guid(3b5d67736d7b8ad4f8da4d58eaef0b98) Importer(815301076,1909f56bfc062723c751e8b465ee728b)
Start importing Assets/SkySeries Freebie/FreebieHdri/Cloudymorning4k.hdr using Guid(3b5d67736d7b8ad4f8da4d58eaef0b98) Importer(815301076,1909f56bfc062723c751e8b465ee728b)  -> (artifact id: '5410300b42fca11d5cef7a1f47bbd08d') in 0.058425 seconds 
========================================================================
Received Import Request.
  Time since last request: 0.000037 seconds.
  path: Assets/SkySeries Freebie/FreebieHdri/FluffballDay4k.hdr
  artifactKey: Guid(3e80b688af9b1d84ea52c5d36bb1cbbd) Importer(815301076,1909f56bfc062723c751e8b465ee728b)
Start importing Assets/SkySeries Freebie/FreebieHdri/FluffballDay4k.hdr using Guid(3e80b688af9b1d84ea52c5d36bb1cbbd) Importer(815301076,1909f56bfc062723c751e8b465ee728b)  -> (artifact id: '5eecc4a830ea48f375732a0555c0211a') in 0.054733 seconds 
========================================================================
Received Import Request.
  Time since last request: 0.000035 seconds.
  path: Assets/SkySeries Freebie/FreebieHdri/MegaSunBack.hdr
  artifactKey: Guid(4e52cbaf92b83a94cb86bed75ed34652) Importer(815301076,1909f56bfc062723c751e8b465ee728b)
Start importing Assets/SkySeries Freebie/FreebieHdri/MegaSunBack.hdr using Guid(4e52cbaf92b83a94cb86bed75ed34652) Importer(815301076,1909f56bfc062723c751e8b465ee728b)  -> (artifact id: '297f2c3943f46f2bb947006a9da3efc2') in 0.020933 seconds 
========================================================================
Received Import Request.
  Time since last request: 0.370751 seconds.
  path: Assets/SkySeries Freebie/FreebieHdri/CosmicCoolCloudEQ_hdr.exr
  artifactKey: Guid(09999639e73bcd64abda22253af612d8) Importer(815301076,1909f56bfc062723c751e8b465ee728b)
Start importing Assets/SkySeries Freebie/FreebieHdri/CosmicCoolCloudEQ_hdr.exr using Guid(09999639e73bcd64abda22253af612d8) Importer(815301076,1909f56bfc062723c751e8b465ee728b)  -> (artifact id: 'afee8fe1da3fc1fe8014fdb3d1f14c0e') in 2.475306 seconds 
========================================================================
Received Import Request.
  Time since last request: 1.554125 seconds.
  path: Assets/SkySeries Freebie/FreebieHdri/SunlessCirruscover4k.hdr
  artifactKey: Guid(99af420a4ccafa74abdc47436d8b0685) Importer(815301076,1909f56bfc062723c751e8b465ee728b)
Start importing Assets/SkySeries Freebie/FreebieHdri/SunlessCirruscover4k.hdr using Guid(99af420a4ccafa74abdc47436d8b0685) Importer(815301076,1909f56bfc062723c751e8b465ee728b)  -> (artifact id: 'a99dc7fed77168567ae18d63dbfa68b9') in 0.082176 seconds 
========================================================================
Received Import Request.
  Time since last request: 0.001054 seconds.
  path: Assets/SkySeries Freebie/FreebieHdri/UnderTheSea4k.hdr
  artifactKey: Guid(26cddb2a3a1bc804d8e9ca09b109793a) Importer(815301076,1909f56bfc062723c751e8b465ee728b)
Start importing Assets/SkySeries Freebie/FreebieHdri/UnderTheSea4k.hdr using Guid(26cddb2a3a1bc804d8e9ca09b109793a) Importer(815301076,1909f56bfc062723c751e8b465ee728b)  -> (artifact id: 'a326e8508528660983accc149a0245f1') in 0.083644 seconds 
Editor requested this worker to shutdown with reason: Scaling down because of idle timeout
AssetImportWorker is now disconnected from the server
Process exiting
Exiting without the bug reporter. Application will terminate with return code 0