Using pre-set license
Built from '2021.3/staging' branch; Version is '2021.3.16f1 (4016570cf34f) revision 4200023'; Using compiler version '192829333'; Build Type 'Release'
OS: 'Windows 10  (10.0.19044) 64bit Professional' Language: 'zh' Physical Memory: 32627 MB
BatchMode: 1, IsHumanControllingUs: 0, StartBugReporterOnCrash: 0, Is64bit: 1, IsPro: 1

COMMAND LINE ARGUMENTS:
C:\Program Files\Unity\Hub\Editor\2021.3.16f1\Editor\Unity.exe
-adb2
-batchMode
-noUpm
-name
AssetImportWorker3
-projectPath
D:/CS/ICS169/Capstone/ProjectCapstone
-logFile
Logs/AssetImportWorker3.log
-srvPort
58394
Successfully changed project path to: D:/CS/ICS169/Capstone/ProjectCapstone
D:/CS/ICS169/Capstone/ProjectCapstone
[UnityMemory] Configuration Parameters - Can be set up in boot.config
    "memorysetup-bucket-allocator-granularity=16"
    "memorysetup-bucket-allocator-bucket-count=8"
    "memorysetup-bucket-allocator-block-size=33554432"
    "memorysetup-bucket-allocator-block-count=8"
    "memorysetup-main-allocator-block-size=16777216"
    "memorysetup-thread-allocator-block-size=16777216"
    "memorysetup-gfx-main-allocator-block-size=16777216"
    "memorysetup-gfx-thread-allocator-block-size=16777216"
    "memorysetup-cache-allocator-block-size=4194304"
    "memorysetup-typetree-allocator-block-size=2097152"
    "memorysetup-profiler-bucket-allocator-granularity=16"
    "memorysetup-profiler-bucket-allocator-bucket-count=8"
    "memorysetup-profiler-bucket-allocator-block-size=33554432"
    "memorysetup-profiler-bucket-allocator-block-count=8"
    "memorysetup-profiler-allocator-block-size=16777216"
    "memorysetup-profiler-editor-allocator-block-size=1048576"
    "memorysetup-temp-allocator-size-main=16777216"
    "memorysetup-job-temp-allocator-block-size=2097152"
    "memorysetup-job-temp-allocator-block-size-background=1048576"
    "memorysetup-job-temp-allocator-reduction-small-platforms=262144"
    "memorysetup-temp-allocator-size-background-worker=32768"
    "memorysetup-temp-allocator-size-job-worker=262144"
    "memorysetup-temp-allocator-size-preload-manager=33554432"
    "memorysetup-temp-allocator-size-nav-mesh-worker=65536"
    "memorysetup-temp-allocator-size-audio-worker=65536"
    "memorysetup-temp-allocator-size-cloud-worker=32768"
    "memorysetup-temp-allocator-size-gi-baking-worker=262144"
    "memorysetup-temp-allocator-size-gfx=262144"
Player connection [45212] Host "[IP] 192.168.1.219 [Port] 0 [Flags] 2 [Guid] 263001036 [EditorId] 263001036 [Version] 1048832 [Id] WindowsEditor(7,DESKTOP-8076NJ7) [Debug] 1 [PackageName] WindowsEditor [ProjectName] Editor" joined multi-casting on [225.0.0.222:54997]...

Player connection [45212] Host "[IP] 192.168.1.219 [Port] 0 [Flags] 2 [Guid] 263001036 [EditorId] 263001036 [Version] 1048832 [Id] WindowsEditor(7,DESKTOP-8076NJ7) [Debug] 1 [PackageName] WindowsEditor [ProjectName] Editor" joined alternative multi-casting on [225.0.0.222:34997]...

Refreshing native plugins compatible for Editor in 196.89 ms, found 3 plugins.
Preloading 0 native plugins for Editor in 0.00 ms.
Initialize engine version: 2021.3.16f1 (4016570cf34f)
[Subsystems] Discovering subsystems at path C:/Program Files/Unity/Hub/Editor/2021.3.16f1/Editor/Data/Resources/UnitySubsystems
[Subsystems] Discovering subsystems at path D:/CS/ICS169/Capstone/ProjectCapstone/Assets
GfxDevice: creating device client; threaded=0; jobified=0
Direct3D:
    Version:  Direct3D 11.0 [level 11.1]
    Renderer: NVIDIA GeForce RTX 3080 (ID=0x220a)
    Vendor:   NVIDIA
    VRAM:     12107 MB
    Driver:   31.0.15.3623
Initialize mono
Mono path[0] = 'C:/Program Files/Unity/Hub/Editor/2021.3.16f1/Editor/Data/Managed'
Mono path[1] = 'C:/Program Files/Unity/Hub/Editor/2021.3.16f1/Editor/Data/MonoBleedingEdge/lib/mono/unityjit-win32'
Mono config path = 'C:/Program Files/Unity/Hub/Editor/2021.3.16f1/Editor/Data/MonoBleedingEdge/etc'
Using monoOptions --debugger-agent=transport=dt_socket,embedding=1,server=y,suspend=n,address=127.0.0.1:56920
Begin MonoManager ReloadAssembly
Registering precompiled unity dll's ...
Register platform support module: C:/Program Files/Unity/Hub/Editor/2021.3.16f1/Editor/Data/PlaybackEngines/WebGLSupport/UnityEditor.WebGL.Extensions.dll
Register platform support module: C:/Program Files/Unity/Hub/Editor/2021.3.16f1/Editor/Data/PlaybackEngines/WindowsStandaloneSupport/UnityEditor.WindowsStandalone.Extensions.dll
Register platform support module: C:/Program Files/Unity/Hub/Editor/2021.3.16f1/Editor/Data/PlaybackEngines/LinuxStandaloneSupport/UnityEditor.LinuxStandalone.Extensions.dll
Registered in 0.012550 seconds.
Native extension for LinuxStandalone target not found
Native extension for WindowsStandalone target not found
Native extension for WebGL target not found
Refreshing native plugins compatible for Editor in 180.52 ms, found 3 plugins.
Preloading 0 native plugins for Editor in 0.00 ms.
Mono: successfully reloaded assembly
- Completed reload, in  0.882 seconds
Domain Reload Profiling:
	ReloadAssembly (883ms)
		BeginReloadAssembly (96ms)
			ExecutionOrderSort (0ms)
			DisableScriptedObjects (0ms)
			BackupInstance (0ms)
			ReleaseScriptingObjects (0ms)
			CreateAndSetChildDomain (1ms)
		EndReloadAssembly (648ms)
			LoadAssemblies (92ms)
			RebuildTransferFunctionScriptingTraits (0ms)
			SetupTypeCache (121ms)
			ReleaseScriptCaches (0ms)
			RebuildScriptCaches (35ms)
			SetupLoadedEditorAssemblies (424ms)
				LogAssemblyErrors (0ms)
				InitializePlatformSupportModulesInManaged (18ms)
				SetLoadedEditorAssemblies (0ms)
				RefreshPlugins (181ms)
				BeforeProcessingInitializeOnLoad (2ms)
				ProcessInitializeOnLoadAttributes (167ms)
				ProcessInitializeOnLoadMethodAttributes (57ms)
				AfterProcessingInitializeOnLoad (0ms)
				EditorAssembliesLoaded (0ms)
			ExecutionOrderSort2 (0ms)
			AwakeInstancesAfterBackupRestoration (0ms)
Platform modules already initialized, skipping
Registering precompiled user dll's ...
Registered in 0.011813 seconds.
Begin MonoManager ReloadAssembly
Symbol file LoadedFromMemory doesn't match image D:\CS\ICS169\Capstone\ProjectCapstone\Library\PackageCache\com.unity.visualscripting@1.7.8\Editor\VisualScripting.Core\Dependencies\YamlDotNet\Unity.VisualScripting.YamlDotNet.dll
Symbol file LoadedFromMemory doesn't match image D:\CS\ICS169\Capstone\ProjectCapstone\Library\PackageCache\com.unity.visualscripting@1.7.8\Editor\VisualScripting.Core\Dependencies\DotNetZip\Unity.VisualScripting.IonicZip.dll
Native extension for LinuxStandalone target not found
Native extension for WindowsStandalone target not found
Native extension for WebGL target not found
Refreshing native plugins compatible for Editor in 261.49 ms, found 3 plugins.
Preloading 0 native plugins for Editor in 0.00 ms.
Mono: successfully reloaded assembly
- Completed reload, in  5.349 seconds
Domain Reload Profiling:
	ReloadAssembly (5350ms)
		BeginReloadAssembly (133ms)
			ExecutionOrderSort (0ms)
			DisableScriptedObjects (7ms)
			BackupInstance (0ms)
			ReleaseScriptingObjects (0ms)
			CreateAndSetChildDomain (20ms)
		EndReloadAssembly (5077ms)
			LoadAssemblies (121ms)
			RebuildTransferFunctionScriptingTraits (0ms)
			SetupTypeCache (480ms)
			ReleaseScriptCaches (1ms)
			RebuildScriptCaches (156ms)
			SetupLoadedEditorAssemblies (4261ms)
				LogAssemblyErrors (0ms)
				InitializePlatformSupportModulesInManaged (15ms)
				SetLoadedEditorAssemblies (0ms)
				RefreshPlugins (262ms)
				BeforeProcessingInitializeOnLoad (223ms)
				ProcessInitializeOnLoadAttributes (3444ms)
				ProcessInitializeOnLoadMethodAttributes (306ms)
				AfterProcessingInitializeOnLoad (12ms)
				EditorAssembliesLoaded (0ms)
			ExecutionOrderSort2 (0ms)
			AwakeInstancesAfterBackupRestoration (9ms)
Platform modules already initialized, skipping
========================================================================
Worker process is ready to serve import requests
Launched and connected shader compiler UnityShaderCompiler.exe after 0.06 seconds
Refreshing native plugins compatible for Editor in 1.74 ms, found 3 plugins.
Preloading 0 native plugins for Editor in 0.00 ms.
Unloading 7827 Unused Serialized files (Serialized files now loaded: 0)
Unloading 53 unused Assets / (3.4 MB). Loaded Objects now: 8296.
Memory consumption went from 353.3 MB to 349.9 MB.
Total: 7.332600 ms (FindLiveObjects: 1.046800 ms CreateObjectMapping: 0.485300 ms MarkObjects: 5.237800 ms  DeleteObjects: 0.561100 ms)

AssetImportParameters requested are different than current active one (requested -> active):
  custom:video-decoder-ogg-theora: a1e56fd34408186e4bbccfd4996cb3dc -> 
  custom:container-muxer-webm: aa71ff27fc2769a1b78a27578f13a17b -> 
  custom:container-demuxer-webm: 4f35f7cbe854078d1ac9338744f61a02 -> 
  custom:video-encoder-webm-vp8: eb34c28f22e8b96e1ab97ce403110664 -> 
  custom:video-codec-MediaFoundation-h265: 746d11721c4dcdbdad8f713fa42b33f4 -> 
  custom:audio-encoder-webm-vorbis: bf7c407c2cedff20999df2af8eb42d56 -> 
  custom:framework-win-MediaFoundation: 216162199b28c13a410421893ffa2e32 -> 
  custom:container-demuxer-ogg: 62fdf1f143b41e24485cea50d1cbac27 -> 
  custom:video-decoder-webm-vp8: 9c59270c3fd7afecdb556c50c9e8de78 -> 
  custom:audio-decoder-ogg-vorbis: bf7c407c2cedff20999df2af8eb42d56 -> 
========================================================================
Received Import Request.
  Time since last request: 162752.778595 seconds.
  path: Assets/Scripts/GamePlay/LogicSystem/2DScene/UI_Level2DComplete.cs
  artifactKey: Guid(96f0536cb88aa694b9a18bfcfba752f5) Importer(815301076,1909f56bfc062723c751e8b465ee728b)
Start importing Assets/Scripts/GamePlay/LogicSystem/2DScene/UI_Level2DComplete.cs using Guid(96f0536cb88aa694b9a18bfcfba752f5) Importer(815301076,1909f56bfc062723c751e8b465ee728b)  -> (artifact id: '96497b78cb13e9099d07da0b813475db') in 0.049552 seconds 
========================================================================
Received Prepare
Registering precompiled user dll's ...
Registered in 0.009670 seconds.
Begin MonoManager ReloadAssembly
Symbol file LoadedFromMemory doesn't match image D:\CS\ICS169\Capstone\ProjectCapstone\Library\PackageCache\com.unity.visualscripting@1.7.8\Editor\VisualScripting.Core\Dependencies\YamlDotNet\Unity.VisualScripting.YamlDotNet.dll
Symbol file LoadedFromMemory doesn't match image D:\CS\ICS169\Capstone\ProjectCapstone\Library\PackageCache\com.unity.visualscripting@1.7.8\Editor\VisualScripting.Core\Dependencies\DotNetZip\Unity.VisualScripting.IonicZip.dll
Native extension for LinuxStandalone target not found
Native extension for WindowsStandalone target not found
Native extension for WebGL target not found
Refreshing native plugins compatible for Editor in 1.04 ms, found 3 plugins.
Preloading 0 native plugins for Editor in 0.00 ms.
Mono: successfully reloaded assembly
- Completed reload, in  4.474 seconds
Domain Reload Profiling:
	ReloadAssembly (4475ms)
		BeginReloadAssembly (192ms)
			ExecutionOrderSort (0ms)
			DisableScriptedObjects (6ms)
			BackupInstance (0ms)
			ReleaseScriptingObjects (0ms)
			CreateAndSetChildDomain (64ms)
		EndReloadAssembly (4168ms)
			LoadAssemblies (131ms)
			RebuildTransferFunctionScriptingTraits (0ms)
			SetupTypeCache (436ms)
			ReleaseScriptCaches (2ms)
			RebuildScriptCaches (97ms)
			SetupLoadedEditorAssemblies (3357ms)
				LogAssemblyErrors (0ms)
				InitializePlatformSupportModulesInManaged (21ms)
				SetLoadedEditorAssemblies (1ms)
				RefreshPlugins (1ms)
				BeforeProcessingInitializeOnLoad (187ms)
				ProcessInitializeOnLoadAttributes (3083ms)
				ProcessInitializeOnLoadMethodAttributes (49ms)
				AfterProcessingInitializeOnLoad (15ms)
				EditorAssembliesLoaded (0ms)
			ExecutionOrderSort2 (0ms)
			AwakeInstancesAfterBackupRestoration (53ms)
Platform modules already initialized, skipping
Refreshing native plugins compatible for Editor in 3.56 ms, found 3 plugins.
Preloading 0 native plugins for Editor in 0.00 ms.
Unloading 7483 Unused Serialized files (Serialized files now loaded: 0)
Unloading 45 unused Assets / (3.4 MB). Loaded Objects now: 8299.
Memory consumption went from 336.9 MB to 333.5 MB.
Total: 4.861400 ms (FindLiveObjects: 0.703100 ms CreateObjectMapping: 0.275000 ms MarkObjects: 3.444700 ms  DeleteObjects: 0.436800 ms)

AssetImportParameters requested are different than current active one (requested -> active):
  custom:video-decoder-ogg-theora: a1e56fd34408186e4bbccfd4996cb3dc -> 
  custom:container-muxer-webm: aa71ff27fc2769a1b78a27578f13a17b -> 
  custom:container-demuxer-webm: 4f35f7cbe854078d1ac9338744f61a02 -> 
  custom:video-encoder-webm-vp8: eb34c28f22e8b96e1ab97ce403110664 -> 
  custom:video-codec-MediaFoundation-h265: 746d11721c4dcdbdad8f713fa42b33f4 -> 
  custom:audio-encoder-webm-vorbis: bf7c407c2cedff20999df2af8eb42d56 -> 
  custom:framework-win-MediaFoundation: 216162199b28c13a410421893ffa2e32 -> 
  custom:container-demuxer-ogg: 62fdf1f143b41e24485cea50d1cbac27 -> 
  custom:video-decoder-webm-vp8: 9c59270c3fd7afecdb556c50c9e8de78 -> 
  custom:audio-decoder-ogg-vorbis: bf7c407c2cedff20999df2af8eb42d56 -> 
========================================================================
Received Prepare
Registering precompiled user dll's ...
Registered in 0.009753 seconds.
Begin MonoManager ReloadAssembly
Symbol file LoadedFromMemory doesn't match image D:\CS\ICS169\Capstone\ProjectCapstone\Library\PackageCache\com.unity.visualscripting@1.7.8\Editor\VisualScripting.Core\Dependencies\YamlDotNet\Unity.VisualScripting.YamlDotNet.dll
Symbol file LoadedFromMemory doesn't match image D:\CS\ICS169\Capstone\ProjectCapstone\Library\PackageCache\com.unity.visualscripting@1.7.8\Editor\VisualScripting.Core\Dependencies\DotNetZip\Unity.VisualScripting.IonicZip.dll
Native extension for LinuxStandalone target not found
Native extension for WindowsStandalone target not found
Native extension for WebGL target not found
Refreshing native plugins compatible for Editor in 1.22 ms, found 3 plugins.
Preloading 0 native plugins for Editor in 0.00 ms.
Mono: successfully reloaded assembly
- Completed reload, in  4.434 seconds
Domain Reload Profiling:
	ReloadAssembly (4434ms)
		BeginReloadAssembly (189ms)
			ExecutionOrderSort (0ms)
			DisableScriptedObjects (6ms)
			BackupInstance (0ms)
			ReleaseScriptingObjects (0ms)
			CreateAndSetChildDomain (58ms)
		EndReloadAssembly (4116ms)
			LoadAssemblies (133ms)
			RebuildTransferFunctionScriptingTraits (0ms)
			SetupTypeCache (437ms)
			ReleaseScriptCaches (2ms)
			RebuildScriptCaches (99ms)
			SetupLoadedEditorAssemblies (3310ms)
				LogAssemblyErrors (0ms)
				InitializePlatformSupportModulesInManaged (22ms)
				SetLoadedEditorAssemblies (1ms)
				RefreshPlugins (1ms)
				BeforeProcessingInitializeOnLoad (147ms)
				ProcessInitializeOnLoadAttributes (3091ms)
				ProcessInitializeOnLoadMethodAttributes (36ms)
				AfterProcessingInitializeOnLoad (12ms)
				EditorAssembliesLoaded (0ms)
			ExecutionOrderSort2 (0ms)
			AwakeInstancesAfterBackupRestoration (48ms)
Platform modules already initialized, skipping
Refreshing native plugins compatible for Editor in 3.56 ms, found 3 plugins.
Preloading 0 native plugins for Editor in 0.00 ms.
Unloading 7483 Unused Serialized files (Serialized files now loaded: 0)
Unloading 45 unused Assets / (3.4 MB). Loaded Objects now: 8302.
Memory consumption went from 336.9 MB to 333.5 MB.
Total: 5.089000 ms (FindLiveObjects: 0.810900 ms CreateObjectMapping: 0.331900 ms MarkObjects: 3.502100 ms  DeleteObjects: 0.442400 ms)

AssetImportParameters requested are different than current active one (requested -> active):
  custom:video-decoder-ogg-theora: a1e56fd34408186e4bbccfd4996cb3dc -> 
  custom:container-muxer-webm: aa71ff27fc2769a1b78a27578f13a17b -> 
  custom:container-demuxer-webm: 4f35f7cbe854078d1ac9338744f61a02 -> 
  custom:video-encoder-webm-vp8: eb34c28f22e8b96e1ab97ce403110664 -> 
  custom:video-codec-MediaFoundation-h265: 746d11721c4dcdbdad8f713fa42b33f4 -> 
  custom:audio-encoder-webm-vorbis: bf7c407c2cedff20999df2af8eb42d56 -> 
  custom:framework-win-MediaFoundation: 216162199b28c13a410421893ffa2e32 -> 
  custom:container-demuxer-ogg: 62fdf1f143b41e24485cea50d1cbac27 -> 
  custom:video-decoder-webm-vp8: 9c59270c3fd7afecdb556c50c9e8de78 -> 
  custom:audio-decoder-ogg-vorbis: bf7c407c2cedff20999df2af8eb42d56 -> 
========================================================================
Received Import Request.
  Time since last request: 74.957851 seconds.
  path: Assets/New UI Widgets/Assets/UI Themes/Prefabs/Templates/SceneTemplate.prefab
  artifactKey: Guid(6228dd23b09af0a43af1e06ff967eb16) Importer(815301076,1909f56bfc062723c751e8b465ee728b)
Start importing Assets/New UI Widgets/Assets/UI Themes/Prefabs/Templates/SceneTemplate.prefab using Guid(6228dd23b09af0a43af1e06ff967eb16) Importer(815301076,1909f56bfc062723c751e8b465ee728b)  -> (artifact id: '2682d2452db47945abcf4b96a6dee9f7') in 0.116021 seconds 
========================================================================
Received Import Request.
  Time since last request: 0.000029 seconds.
  path: Assets/New UI Widgets/Assets/Styles/Prefabs/SpinnerFloat.prefab
  artifactKey: Guid(6aad880eb41ae6b4b9df85d950760dca) Importer(815301076,1909f56bfc062723c751e8b465ee728b)
Start importing Assets/New UI Widgets/Assets/Styles/Prefabs/SpinnerFloat.prefab using Guid(6aad880eb41ae6b4b9df85d950760dca) Importer(815301076,1909f56bfc062723c751e8b465ee728b)  -> (artifact id: 'c0bb732ef261570ad51f2456d0109d6b') in 0.024909 seconds 
========================================================================
Received Import Request.
  Time since last request: 0.000049 seconds.
  path: Assets/New UI Widgets/Assets/Styles/Prefabs/Templates/TreeViewTemplate.prefab
  artifactKey: Guid(33a70010632654f4fbd64a2c897b7b9c) Importer(815301076,1909f56bfc062723c751e8b465ee728b)
Start importing Assets/New UI Widgets/Assets/Styles/Prefabs/Templates/TreeViewTemplate.prefab using Guid(33a70010632654f4fbd64a2c897b7b9c) Importer(815301076,1909f56bfc062723c751e8b465ee728b)  -> (artifact id: 'd87533a29c5f67901cbfa0ac5f331959') in 0.016760 seconds 
========================================================================
Received Import Request.
  Time since last request: 0.000024 seconds.
  path: Assets/New UI Widgets/Assets/UI Themes/Prefabs/TabsIconsLeft.prefab
  artifactKey: Guid(f6fc1659e0bfde54ebcccdfd55f9dcbf) Importer(815301076,1909f56bfc062723c751e8b465ee728b)
Start importing Assets/New UI Widgets/Assets/UI Themes/Prefabs/TabsIconsLeft.prefab using Guid(f6fc1659e0bfde54ebcccdfd55f9dcbf) Importer(815301076,1909f56bfc062723c751e8b465ee728b)  -> (artifact id: '4925cf33f43c864bc51e368042b463e7') in 0.011228 seconds 
========================================================================
Received Import Request.
  Time since last request: 0.000028 seconds.
  path: Assets/New UI Widgets/Assets/Styles/Prefabs/Spinner.prefab
  artifactKey: Guid(1d1ade6fb50552a4ab6f1f4deeb26272) Importer(815301076,1909f56bfc062723c751e8b465ee728b)
Start importing Assets/New UI Widgets/Assets/Styles/Prefabs/Spinner.prefab using Guid(1d1ade6fb50552a4ab6f1f4deeb26272) Importer(815301076,1909f56bfc062723c751e8b465ee728b)  -> (artifact id: '0db835cb7428def71ce5e751b36343c7') in 0.025337 seconds 
========================================================================
Received Import Request.
  Time since last request: 0.000026 seconds.
  path: Assets/New UI Widgets/Assets/Styles/Prefabs/TooltipString.prefab
  artifactKey: Guid(171022134795bbe459a655918211902b) Importer(815301076,1909f56bfc062723c751e8b465ee728b)
Start importing Assets/New UI Widgets/Assets/Styles/Prefabs/TooltipString.prefab using Guid(171022134795bbe459a655918211902b) Importer(815301076,1909f56bfc062723c751e8b465ee728b)  -> (artifact id: 'e4b48a9f92fca313a6beea3c0f1f900f') in 0.014518 seconds 
========================================================================
Received Import Request.
  Time since last request: 0.000024 seconds.
  path: Assets/New UI Widgets/Assets/Styles/Prefabs/Sidebar.prefab
  artifactKey: Guid(f9fcabbca36a6ba4b8db1dfe7c3fd6f3) Importer(815301076,1909f56bfc062723c751e8b465ee728b)
Start importing Assets/New UI Widgets/Assets/Styles/Prefabs/Sidebar.prefab using Guid(f9fcabbca36a6ba4b8db1dfe7c3fd6f3) Importer(815301076,1909f56bfc062723c751e8b465ee728b)  -> (artifact id: '976cda5b9434dbc85cfb33db6233a9a3') in 0.013822 seconds 
========================================================================
Received Import Request.
  Time since last request: 0.000023 seconds.
  path: Assets/New UI Widgets/Assets/Styles/Prefabs/Templates/TileViewTemplate.prefab
  artifactKey: Guid(39b137aa840da9640a143a44538f0bb7) Importer(815301076,1909f56bfc062723c751e8b465ee728b)
Start importing Assets/New UI Widgets/Assets/Styles/Prefabs/Templates/TileViewTemplate.prefab using Guid(39b137aa840da9640a143a44538f0bb7) Importer(815301076,1909f56bfc062723c751e8b465ee728b)  -> (artifact id: 'd299119983559e45e9be9922af4fd256') in 0.039789 seconds 
========================================================================
Received Import Request.
  Time since last request: 0.000026 seconds.
  path: Assets/New UI Widgets/Assets/UI Themes/Prefabs/Templates/TreeGraphTemplate.prefab
  artifactKey: Guid(9f1523379661ca043af7a091aca0582c) Importer(815301076,1909f56bfc062723c751e8b465ee728b)
Start importing Assets/New UI Widgets/Assets/UI Themes/Prefabs/Templates/TreeGraphTemplate.prefab using Guid(9f1523379661ca043af7a091aca0582c) Importer(815301076,1909f56bfc062723c751e8b465ee728b)  -> (artifact id: '60926d1d4cf0438b6cfa45e3196a9cf6') in 0.010827 seconds 
========================================================================
Received Import Request.
  Time since last request: 0.000028 seconds.
  path: Assets/New UI Widgets/Assets/UI Themes/Prefabs/TooltipString.prefab
  artifactKey: Guid(2e31482b5bea81544b36e2c609c86311) Importer(815301076,1909f56bfc062723c751e8b465ee728b)
Start importing Assets/New UI Widgets/Assets/UI Themes/Prefabs/TooltipString.prefab using Guid(2e31482b5bea81544b36e2c609c86311) Importer(815301076,1909f56bfc062723c751e8b465ee728b)  -> (artifact id: '360cad1e60983426f6c6d22be9fb84ec') in 0.020456 seconds 
========================================================================
Received Import Request.
  Time since last request: 0.000040 seconds.
  path: Assets/New UI Widgets/Assets/UI Themes/Prefabs/Tabs.prefab
  artifactKey: Guid(38c72dd0b0ff1ac48afdb77a0200111f) Importer(815301076,1909f56bfc062723c751e8b465ee728b)
Start importing Assets/New UI Widgets/Assets/UI Themes/Prefabs/Tabs.prefab using Guid(38c72dd0b0ff1ac48afdb77a0200111f) Importer(815301076,1909f56bfc062723c751e8b465ee728b)  -> (artifact id: 'ee0f5c8d0e1e2946e0880cd82abbc033') in 0.016917 seconds 
========================================================================
Received Import Request.
  Time since last request: 0.000024 seconds.
  path: Assets/New UI Widgets/Assets/UI Themes/Prefabs/Time12.prefab
  artifactKey: Guid(2c97875ab91d6584b8701185d1fe7796) Importer(815301076,1909f56bfc062723c751e8b465ee728b)
Start importing Assets/New UI Widgets/Assets/UI Themes/Prefabs/Time12.prefab using Guid(2c97875ab91d6584b8701185d1fe7796) Importer(815301076,1909f56bfc062723c751e8b465ee728b)  -> (artifact id: '3861f5c67b45be1e5b4a1ae1c915f062') in 0.015329 seconds 
========================================================================
Received Import Request.
  Time since last request: 0.000023 seconds.
  path: Assets/New UI Widgets/Assets/Styles/Prefabs/TimePicker.prefab
  artifactKey: Guid(7951d0ed20953984a9669cc52732e5bc) Importer(815301076,1909f56bfc062723c751e8b465ee728b)
Start importing Assets/New UI Widgets/Assets/Styles/Prefabs/TimePicker.prefab using Guid(7951d0ed20953984a9669cc52732e5bc) Importer(815301076,1909f56bfc062723c751e8b465ee728b)  -> (artifact id: 'fbf49eb23d877a60472ac8366ee38241') in 0.016401 seconds 
========================================================================
Received Import Request.
  Time since last request: 0.000026 seconds.
  path: Assets/New UI Widgets/Assets/Styles/Prefabs/Switch.prefab
  artifactKey: Guid(3020f7628b4322b41ac22aee667c2910) Importer(815301076,1909f56bfc062723c751e8b465ee728b)
Start importing Assets/New UI Widgets/Assets/Styles/Prefabs/Switch.prefab using Guid(3020f7628b4322b41ac22aee667c2910) Importer(815301076,1909f56bfc062723c751e8b465ee728b)  -> (artifact id: 'a497aa4a502ff0f51d1df488271a415e') in 0.008237 seconds 
========================================================================
Received Import Request.
  Time since last request: 0.000026 seconds.
  path: Assets/New UI Widgets/Assets/UI Themes/Prefabs/TimeAnalog.prefab
  artifactKey: Guid(c935f4715a857cb489dbf1b298f6580c) Importer(815301076,1909f56bfc062723c751e8b465ee728b)
Start importing Assets/New UI Widgets/Assets/UI Themes/Prefabs/TimeAnalog.prefab using Guid(c935f4715a857cb489dbf1b298f6580c) Importer(815301076,1909f56bfc062723c751e8b465ee728b)  -> (artifact id: '28eea9718b2a92b8733134b923db7b97') in 0.012002 seconds 
========================================================================
Received Import Request.
  Time since last request: 0.000030 seconds.
  path: Assets/New UI Widgets/Assets/Styles/Prefabs/Templates/SceneTemplate.prefab
  artifactKey: Guid(6b310b905d67cc3458f66428ef8fbcf8) Importer(815301076,1909f56bfc062723c751e8b465ee728b)
Start importing Assets/New UI Widgets/Assets/Styles/Prefabs/Templates/SceneTemplate.prefab using Guid(6b310b905d67cc3458f66428ef8fbcf8) Importer(815301076,1909f56bfc062723c751e8b465ee728b)  -> (artifact id: 'dcb22a07dc0c7288db42711288f0e115') in 0.045953 seconds 
========================================================================
Received Import Request.
  Time since last request: 0.000039 seconds.
  path: Assets/New UI Widgets/Assets/UI Themes/Prefabs/Tooltip.prefab
  artifactKey: Guid(f6aa7f508c5877747a320e47d32d226c) Importer(815301076,1909f56bfc062723c751e8b465ee728b)
Start importing Assets/New UI Widgets/Assets/UI Themes/Prefabs/Tooltip.prefab using Guid(f6aa7f508c5877747a320e47d32d226c) Importer(815301076,1909f56bfc062723c751e8b465ee728b)  -> (artifact id: '7e93604e60e100ae4a3123ea09a80a8f') in 0.004371 seconds 
========================================================================
Received Import Request.
  Time since last request: 0.000024 seconds.
  path: Assets/New UI Widgets/Assets/UI Themes/Prefabs/Sidebar.prefab
  artifactKey: Guid(9b47034efead4e0418c6d2143d55d66e) Importer(815301076,1909f56bfc062723c751e8b465ee728b)
Start importing Assets/New UI Widgets/Assets/UI Themes/Prefabs/Sidebar.prefab using Guid(9b47034efead4e0418c6d2143d55d66e) Importer(815301076,1909f56bfc062723c751e8b465ee728b)  -> (artifact id: '6c41c6bfd547520086b044b1aadfeed3') in 0.007887 seconds 
========================================================================
Received Import Request.
  Time since last request: 0.000029 seconds.
  path: Assets/New UI Widgets/Assets/UI Themes/Prefabs/Spinner.prefab
  artifactKey: Guid(cb8abc5d3220390479be7a1ddf43779b) Importer(815301076,1909f56bfc062723c751e8b465ee728b)
Start importing Assets/New UI Widgets/Assets/UI Themes/Prefabs/Spinner.prefab using Guid(cb8abc5d3220390479be7a1ddf43779b) Importer(815301076,1909f56bfc062723c751e8b465ee728b)  -> (artifact id: '6bdc3494fe79312a3649ea1f6e1a92b0') in 0.005664 seconds 
========================================================================
Received Import Request.
  Time since last request: 0.000025 seconds.
  path: Assets/New UI Widgets/Assets/UI Themes/Prefabs/TimeScroller.prefab
  artifactKey: Guid(3fd1d28dc1e0aa946b701652b9367e3d) Importer(815301076,1909f56bfc062723c751e8b465ee728b)
Start importing Assets/New UI Widgets/Assets/UI Themes/Prefabs/TimeScroller.prefab using Guid(3fd1d28dc1e0aa946b701652b9367e3d) Importer(815301076,1909f56bfc062723c751e8b465ee728b)  -> (artifact id: 'ca0e593c5aa6b6dd9a76154285796515') in 0.018720 seconds 
========================================================================
Received Import Request.
  Time since last request: 0.000029 seconds.
  path: Assets/New UI Widgets/Assets/Styles/Prefabs/TabsIcons.prefab
  artifactKey: Guid(2d3f650dbc0b674459c903bab0155c44) Importer(815301076,1909f56bfc062723c751e8b465ee728b)
Start importing Assets/New UI Widgets/Assets/Styles/Prefabs/TabsIcons.prefab using Guid(2d3f650dbc0b674459c903bab0155c44) Importer(815301076,1909f56bfc062723c751e8b465ee728b)  -> (artifact id: '9f7aa2c002b8689b9f9e7c9bf4f2773d') in 0.015517 seconds 
========================================================================
Received Import Request.
  Time since last request: 0.000024 seconds.
  path: Assets/New UI Widgets/Assets/UI Themes/Prefabs/SpinnerFloat.prefab
  artifactKey: Guid(bf2f0452dc66d704ea7b0fd4c01ef259) Importer(815301076,1909f56bfc062723c751e8b465ee728b)
Start importing Assets/New UI Widgets/Assets/UI Themes/Prefabs/SpinnerFloat.prefab using Guid(bf2f0452dc66d704ea7b0fd4c01ef259) Importer(815301076,1909f56bfc062723c751e8b465ee728b)  -> (artifact id: '6325cd1200625460b5f6c19e86ddc968') in 0.007931 seconds 
========================================================================
Received Import Request.
  Time since last request: 0.000025 seconds.
  path: Assets/New UI Widgets/Assets/UI Themes/Prefabs/ScrollRectPaginator.prefab
  artifactKey: Guid(b4b5b858f58ac8f48a776c6da0ac1169) Importer(815301076,1909f56bfc062723c751e8b465ee728b)
Start importing Assets/New UI Widgets/Assets/UI Themes/Prefabs/ScrollRectPaginator.prefab using Guid(b4b5b858f58ac8f48a776c6da0ac1169) Importer(815301076,1909f56bfc062723c751e8b465ee728b)  -> (artifact id: '3fb71143bfe5fce7c221499ef71089e3') in 0.011600 seconds 
========================================================================
Received Import Request.
  Time since last request: 0.000026 seconds.
  path: Assets/New UI Widgets/Assets/Styles/Prefabs/TreeView.prefab
  artifactKey: Guid(4495de215ea5d5f4bbb9876faff9502a) Importer(815301076,1909f56bfc062723c751e8b465ee728b)
Start importing Assets/New UI Widgets/Assets/Styles/Prefabs/TreeView.prefab using Guid(4495de215ea5d5f4bbb9876faff9502a) Importer(815301076,1909f56bfc062723c751e8b465ee728b)  -> (artifact id: 'ea279d1b960c5ee551bd781fe2a8d511') in 0.045923 seconds 
========================================================================
Received Import Request.
  Time since last request: 0.000035 seconds.
  path: Assets/New UI Widgets/Assets/UI Themes/Prefabs/Templates/TileViewTemplate.prefab
  artifactKey: Guid(4cdb016f2d98a334c85a16ab84caed5d) Importer(815301076,1909f56bfc062723c751e8b465ee728b)
Start importing Assets/New UI Widgets/Assets/UI Themes/Prefabs/Templates/TileViewTemplate.prefab using Guid(4cdb016f2d98a334c85a16ab84caed5d) Importer(815301076,1909f56bfc062723c751e8b465ee728b)  -> (artifact id: '0256568091c615e4ab4e025fd10db7d8') in 0.007264 seconds 
========================================================================
Received Import Request.
  Time since last request: 0.000052 seconds.
  path: Assets/New UI Widgets/Assets/Styles/Prefabs/ScrollRectNumericPaginator.prefab
  artifactKey: Guid(877f619f4d057c647989bef35b682ffe) Importer(815301076,1909f56bfc062723c751e8b465ee728b)
Start importing Assets/New UI Widgets/Assets/Styles/Prefabs/ScrollRectNumericPaginator.prefab using Guid(877f619f4d057c647989bef35b682ffe) Importer(815301076,1909f56bfc062723c751e8b465ee728b)  -> (artifact id: 'cc7311375ff5c501e19216bba2908cbb') in 0.017726 seconds 
========================================================================
Received Import Request.
  Time since last request: 0.000026 seconds.
  path: Assets/New UI Widgets/Assets/Styles/Prefabs/TabsIconsLeft.prefab
  artifactKey: Guid(27cc1ab466b3ca24e922c71fdbb61e2b) Importer(815301076,1909f56bfc062723c751e8b465ee728b)
Start importing Assets/New UI Widgets/Assets/Styles/Prefabs/TabsIconsLeft.prefab using Guid(27cc1ab466b3ca24e922c71fdbb61e2b) Importer(815301076,1909f56bfc062723c751e8b465ee728b)  -> (artifact id: '55426c4014e3180ff8d8b63dc9d5524b') in 0.017657 seconds 
========================================================================
Received Import Request.
  Time since last request: 0.000033 seconds.
  path: Assets/New UI Widgets/Assets/UI Themes/Prefabs/TimePicker.prefab
  artifactKey: Guid(51618d88aae3a3f428beffa49e6b49bd) Importer(815301076,1909f56bfc062723c751e8b465ee728b)
Start importing Assets/New UI Widgets/Assets/UI Themes/Prefabs/TimePicker.prefab using Guid(51618d88aae3a3f428beffa49e6b49bd) Importer(815301076,1909f56bfc062723c751e8b465ee728b)  -> (artifact id: '3b985aaca54abd54c9a183221e0db06d') in 0.036336 seconds 
========================================================================
Received Import Request.
  Time since last request: 0.000023 seconds.
  path: Assets/New UI Widgets/Assets/UI Themes/Prefabs/SplitButton.prefab
  artifactKey: Guid(73121bcaaa02d324b92e80931ad546e4) Importer(815301076,1909f56bfc062723c751e8b465ee728b)
Start importing Assets/New UI Widgets/Assets/UI Themes/Prefabs/SplitButton.prefab using Guid(73121bcaaa02d324b92e80931ad546e4) Importer(815301076,1909f56bfc062723c751e8b465ee728b)  -> (artifact id: '21aeb1283a30f4de0876b57e44cdc5b1') in 0.007022 seconds 
========================================================================
Received Import Request.
  Time since last request: 0.000022 seconds.
  path: Assets/New UI Widgets/Assets/Styles/Prefabs/Templates/TreeGraphTemplate.prefab
  artifactKey: Guid(993d062021d9b5642a114fd0c53e709b) Importer(815301076,1909f56bfc062723c751e8b465ee728b)
Start importing Assets/New UI Widgets/Assets/Styles/Prefabs/Templates/TreeGraphTemplate.prefab using Guid(993d062021d9b5642a114fd0c53e709b) Importer(815301076,1909f56bfc062723c751e8b465ee728b)  -> (artifact id: 'e6bc9482fd2fce89f9dccfbcbf50da44') in 0.008971 seconds 
========================================================================
Received Import Request.
  Time since last request: 0.000023 seconds.
  path: Assets/New UI Widgets/Assets/Styles/Prefabs/TimeScroller.prefab
  artifactKey: Guid(df9665328e702a94c89670b08038f66a) Importer(815301076,1909f56bfc062723c751e8b465ee728b)
Start importing Assets/New UI Widgets/Assets/Styles/Prefabs/TimeScroller.prefab using Guid(df9665328e702a94c89670b08038f66a) Importer(815301076,1909f56bfc062723c751e8b465ee728b)  -> (artifact id: 'fb0d91a46261d3e9aad67bb93756f504') in 0.008300 seconds 
========================================================================
Received Import Request.
  Time since last request: 0.000026 seconds.
  path: Assets/New UI Widgets/Assets/UI Themes/Prefabs/TreeView.prefab
  artifactKey: Guid(6b8f259dc93cd154786739045597d9d1) Importer(815301076,1909f56bfc062723c751e8b465ee728b)
Start importing Assets/New UI Widgets/Assets/UI Themes/Prefabs/TreeView.prefab using Guid(6b8f259dc93cd154786739045597d9d1) Importer(815301076,1909f56bfc062723c751e8b465ee728b)  -> (artifact id: '2721098d0b6d5c81ad490730102ef0e1') in 0.007902 seconds 
========================================================================
Received Import Request.
  Time since last request: 0.000023 seconds.
  path: Assets/New UI Widgets/Assets/Styles/Prefabs/SplitButton.prefab
  artifactKey: Guid(ae551d4d784eade4ab71c3753ec3f065) Importer(815301076,1909f56bfc062723c751e8b465ee728b)
Start importing Assets/New UI Widgets/Assets/Styles/Prefabs/SplitButton.prefab using Guid(ae551d4d784eade4ab71c3753ec3f065) Importer(815301076,1909f56bfc062723c751e8b465ee728b)  -> (artifact id: '2413fb7af6c6fbe7a0d218cec4c69e42') in 0.013576 seconds 
========================================================================
Received Import Request.
  Time since last request: 0.000027 seconds.
  path: Assets/New UI Widgets/Assets/UI Themes/Prefabs/TabsLeft.prefab
  artifactKey: Guid(a7d638f75da870e4588742d76afc4c4b) Importer(815301076,1909f56bfc062723c751e8b465ee728b)
Start importing Assets/New UI Widgets/Assets/UI Themes/Prefabs/TabsLeft.prefab using Guid(a7d638f75da870e4588742d76afc4c4b) Importer(815301076,1909f56bfc062723c751e8b465ee728b)  -> (artifact id: '263e2f968bfba546a00a30454ba4718e') in 0.012477 seconds 
========================================================================
Received Import Request.
  Time since last request: 0.000082 seconds.
  path: Assets/New UI Widgets/Assets/Styles/Prefabs/Tabs.prefab
  artifactKey: Guid(aeb64a7c634915a43b6caf27d54e8f43) Importer(815301076,1909f56bfc062723c751e8b465ee728b)
Start importing Assets/New UI Widgets/Assets/Styles/Prefabs/Tabs.prefab using Guid(aeb64a7c634915a43b6caf27d54e8f43) Importer(815301076,1909f56bfc062723c751e8b465ee728b)  -> (artifact id: 'e71383733e57955d1455c83bb896705f') in 0.010468 seconds 
========================================================================
Received Import Request.
  Time since last request: 0.000024 seconds.
  path: Assets/New UI Widgets/Assets/UI Themes/Prefabs/Templates/TableTemplate.prefab
  artifactKey: Guid(1c1fb28c99da5204bb58fc9992b7540c) Importer(815301076,1909f56bfc062723c751e8b465ee728b)
Start importing Assets/New UI Widgets/Assets/UI Themes/Prefabs/Templates/TableTemplate.prefab using Guid(1c1fb28c99da5204bb58fc9992b7540c) Importer(815301076,1909f56bfc062723c751e8b465ee728b)  -> (artifact id: '9e518fe32bb3ce1d5e2c88978335abf0') in 0.008863 seconds 
========================================================================
Received Import Request.
  Time since last request: 0.000024 seconds.
  path: Assets/New UI Widgets/Assets/Styles/Prefabs/Templates/TableTemplate.prefab
  artifactKey: Guid(b10b7177272a5304caf2370fec76803b) Importer(815301076,1909f56bfc062723c751e8b465ee728b)
Start importing Assets/New UI Widgets/Assets/Styles/Prefabs/Templates/TableTemplate.prefab using Guid(b10b7177272a5304caf2370fec76803b) Importer(815301076,1909f56bfc062723c751e8b465ee728b)  -> (artifact id: '1eb9c92de8d7a025d9cb2e3bc6b74aca') in 0.011733 seconds 
========================================================================
Received Import Request.
  Time since last request: 0.000024 seconds.
  path: Assets/New UI Widgets/Assets/UI Themes/Prefabs/Time24.prefab
  artifactKey: Guid(ff6dbd4e549dbfa4abed65af7660d4b2) Importer(815301076,1909f56bfc062723c751e8b465ee728b)
Start importing Assets/New UI Widgets/Assets/UI Themes/Prefabs/Time24.prefab using Guid(ff6dbd4e549dbfa4abed65af7660d4b2) Importer(815301076,1909f56bfc062723c751e8b465ee728b)  -> (artifact id: '95552f088e02165bcb1b9c8a27517d81') in 0.026026 seconds 
========================================================================
Received Import Request.
  Time since last request: 0.000025 seconds.
  path: Assets/New UI Widgets/Assets/UI Themes/Prefabs/Templates/TreeViewTemplate.prefab
  artifactKey: Guid(74a62ca8c1cc9d549a4b8cc42ec023f2) Importer(815301076,1909f56bfc062723c751e8b465ee728b)
Start importing Assets/New UI Widgets/Assets/UI Themes/Prefabs/Templates/TreeViewTemplate.prefab using Guid(74a62ca8c1cc9d549a4b8cc42ec023f2) Importer(815301076,1909f56bfc062723c751e8b465ee728b)  -> (artifact id: '115214b768c536f5a893526cb0b8f08d') in 0.006212 seconds 
========================================================================
Received Import Request.
  Time since last request: 0.000028 seconds.
  path: Assets/New UI Widgets/Assets/Styles/Prefabs/TimeAnalog.prefab
  artifactKey: Guid(7a0a0d3a6b8ac264c826c2481d33ab28) Importer(815301076,1909f56bfc062723c751e8b465ee728b)
Start importing Assets/New UI Widgets/Assets/Styles/Prefabs/TimeAnalog.prefab using Guid(7a0a0d3a6b8ac264c826c2481d33ab28) Importer(815301076,1909f56bfc062723c751e8b465ee728b)  -> (artifact id: '723bc4f782b9ea166bdf1d66a780d3ed') in 0.009402 seconds 
========================================================================
Received Import Request.
  Time since last request: 0.000022 seconds.
  path: Assets/New UI Widgets/Assets/UI Themes/Prefabs/Templates/TooltipTemplate.prefab
  artifactKey: Guid(f4f14be37c1001b4c898e220500d880a) Importer(815301076,1909f56bfc062723c751e8b465ee728b)
Start importing Assets/New UI Widgets/Assets/UI Themes/Prefabs/Templates/TooltipTemplate.prefab using Guid(f4f14be37c1001b4c898e220500d880a) Importer(815301076,1909f56bfc062723c751e8b465ee728b)  -> (artifact id: '7cdd96dfe610f9d6b309ad3ee4682580') in 0.005313 seconds 
========================================================================
Received Import Request.
  Time since last request: 0.000026 seconds.
  path: Assets/New UI Widgets/Assets/Styles/Prefabs/ScrollRectPaginator.prefab
  artifactKey: Guid(0070b37023502424f80009a4bdb33d54) Importer(815301076,1909f56bfc062723c751e8b465ee728b)
Start importing Assets/New UI Widgets/Assets/Styles/Prefabs/ScrollRectPaginator.prefab using Guid(0070b37023502424f80009a4bdb33d54) Importer(815301076,1909f56bfc062723c751e8b465ee728b)  -> (artifact id: '157fa0f4b7d425cc25066763d75556b4') in 0.005128 seconds 
========================================================================
Received Import Request.
  Time since last request: 0.000025 seconds.
  path: Assets/New UI Widgets/Assets/Styles/Prefabs/Time24.prefab
  artifactKey: Guid(0aa111d940a7d7b4a8e1ca3425549f6d) Importer(815301076,1909f56bfc062723c751e8b465ee728b)
Start importing Assets/New UI Widgets/Assets/Styles/Prefabs/Time24.prefab using Guid(0aa111d940a7d7b4a8e1ca3425549f6d) Importer(815301076,1909f56bfc062723c751e8b465ee728b)  -> (artifact id: 'e980a3bf8488cb832180ace45ec32e9d') in 0.007201 seconds 
========================================================================
Received Import Request.
  Time since last request: 0.000027 seconds.
  path: Assets/New UI Widgets/Assets/UI Themes/Prefabs/TabsIcons.prefab
  artifactKey: Guid(7f56eae9a7f9b714096e95c8c4e1d91c) Importer(815301076,1909f56bfc062723c751e8b465ee728b)
Start importing Assets/New UI Widgets/Assets/UI Themes/Prefabs/TabsIcons.prefab using Guid(7f56eae9a7f9b714096e95c8c4e1d91c) Importer(815301076,1909f56bfc062723c751e8b465ee728b)  -> (artifact id: 'ad2ba448062fda0265ceb5750c7b328a') in 0.005218 seconds 
========================================================================
Received Import Request.
  Time since last request: 0.000032 seconds.
  path: Assets/New UI Widgets/Assets/Styles/Prefabs/Time12.prefab
  artifactKey: Guid(67a8bb737f2a7174c9cb3c86a1262c94) Importer(815301076,1909f56bfc062723c751e8b465ee728b)
Start importing Assets/New UI Widgets/Assets/Styles/Prefabs/Time12.prefab using Guid(67a8bb737f2a7174c9cb3c86a1262c94) Importer(815301076,1909f56bfc062723c751e8b465ee728b)  -> (artifact id: 'bf377f116849db9b8d23db4db1026ee4') in 0.013444 seconds 
========================================================================
Received Import Request.
  Time since last request: 0.000039 seconds.
  path: Assets/New UI Widgets/Assets/UI Themes/Prefabs/ScrollRectNumericPaginator.prefab
  artifactKey: Guid(ddf178ee6c9559f49bd7e9651c235fde) Importer(815301076,1909f56bfc062723c751e8b465ee728b)
Start importing Assets/New UI Widgets/Assets/UI Themes/Prefabs/ScrollRectNumericPaginator.prefab using Guid(ddf178ee6c9559f49bd7e9651c235fde) Importer(815301076,1909f56bfc062723c751e8b465ee728b)  -> (artifact id: '43675f307abaf929a96c97f759121101') in 0.026850 seconds 
========================================================================
Received Import Request.
  Time since last request: 0.000022 seconds.
  path: Assets/New UI Widgets/Assets/UI Themes/Prefabs/Switch.prefab
  artifactKey: Guid(be41bf8b3ae337a4d8404ae5b75fd512) Importer(815301076,1909f56bfc062723c751e8b465ee728b)
Start importing Assets/New UI Widgets/Assets/UI Themes/Prefabs/Switch.prefab using Guid(be41bf8b3ae337a4d8404ae5b75fd512) Importer(815301076,1909f56bfc062723c751e8b465ee728b)  -> (artifact id: '196904eafcea3fc7732d1519fe2865c0') in 0.007568 seconds 
Editor requested this worker to shutdown with reason: Scaling down because of idle timeout
AssetImportWorker is now disconnected from the server
Process exiting
Exiting without the bug reporter. Application will terminate with return code 0