Using pre-set license
Built from '2021.3/staging' branch; Version is '2021.3.16f1 (4016570cf34f) revision 4200023'; Using compiler version '192829333'; Build Type 'Release'
OS: 'Windows 10  (10.0.19044) 64bit Professional' Language: 'zh' Physical Memory: 32627 MB
BatchMode: 1, IsHumanControllingUs: 0, StartBugReporterOnCrash: 0, Is64bit: 1, IsPro: 1

COMMAND LINE ARGUMENTS:
C:\Program Files\Unity\Hub\Editor\2021.3.16f1\Editor\Unity.exe
-adb2
-batchMode
-noUpm
-name
AssetImportWorker18
-projectPath
D:/CS/ICS169/Capstone/ProjectCapstone
-logFile
Logs/AssetImportWorker18.log
-srvPort
55163
Successfully changed project path to: D:/CS/ICS169/Capstone/ProjectCapstone
D:/CS/ICS169/Capstone/ProjectCapstone
[UnityMemory] Configuration Parameters - Can be set up in boot.config
    "memorysetup-bucket-allocator-granularity=16"
    "memorysetup-bucket-allocator-bucket-count=8"
    "memorysetup-bucket-allocator-block-size=33554432"
    "memorysetup-bucket-allocator-block-count=8"
    "memorysetup-main-allocator-block-size=16777216"
    "memorysetup-thread-allocator-block-size=16777216"
    "memorysetup-gfx-main-allocator-block-size=16777216"
    "memorysetup-gfx-thread-allocator-block-size=16777216"
    "memorysetup-cache-allocator-block-size=4194304"
    "memorysetup-typetree-allocator-block-size=2097152"
    "memorysetup-profiler-bucket-allocator-granularity=16"
    "memorysetup-profiler-bucket-allocator-bucket-count=8"
    "memorysetup-profiler-bucket-allocator-block-size=33554432"
    "memorysetup-profiler-bucket-allocator-block-count=8"
    "memorysetup-profiler-allocator-block-size=16777216"
    "memorysetup-profiler-editor-allocator-block-size=1048576"
    "memorysetup-temp-allocator-size-main=16777216"
    "memorysetup-job-temp-allocator-block-size=2097152"
    "memorysetup-job-temp-allocator-block-size-background=1048576"
    "memorysetup-job-temp-allocator-reduction-small-platforms=262144"
    "memorysetup-temp-allocator-size-background-worker=32768"
    "memorysetup-temp-allocator-size-job-worker=262144"
    "memorysetup-temp-allocator-size-preload-manager=33554432"
    "memorysetup-temp-allocator-size-nav-mesh-worker=65536"
    "memorysetup-temp-allocator-size-audio-worker=65536"
    "memorysetup-temp-allocator-size-cloud-worker=32768"
    "memorysetup-temp-allocator-size-gi-baking-worker=262144"
    "memorysetup-temp-allocator-size-gfx=262144"
Player connection [60048] Host "[IP] 192.168.1.219 [Port] 0 [Flags] 2 [Guid] 2706336967 [EditorId] 2706336967 [Version] 1048832 [Id] WindowsEditor(7,DESKTOP-8076NJ7) [Debug] 1 [PackageName] WindowsEditor [ProjectName] Editor" joined multi-casting on [225.0.0.222:54997]...

Player connection [60048] Host "[IP] 192.168.1.219 [Port] 0 [Flags] 2 [Guid] 2706336967 [EditorId] 2706336967 [Version] 1048832 [Id] WindowsEditor(7,DESKTOP-8076NJ7) [Debug] 1 [PackageName] WindowsEditor [ProjectName] Editor" joined alternative multi-casting on [225.0.0.222:34997]...

Refreshing native plugins compatible for Editor in 200.30 ms, found 3 plugins.
Preloading 0 native plugins for Editor in 0.00 ms.
Initialize engine version: 2021.3.16f1 (4016570cf34f)
[Subsystems] Discovering subsystems at path C:/Program Files/Unity/Hub/Editor/2021.3.16f1/Editor/Data/Resources/UnitySubsystems
[Subsystems] Discovering subsystems at path D:/CS/ICS169/Capstone/ProjectCapstone/Assets
GfxDevice: creating device client; threaded=0; jobified=0
Direct3D:
    Version:  Direct3D 11.0 [level 11.1]
    Renderer: NVIDIA GeForce RTX 3080 (ID=0x220a)
    Vendor:   NVIDIA
    VRAM:     12107 MB
    Driver:   31.0.15.3623
Initialize mono
Mono path[0] = 'C:/Program Files/Unity/Hub/Editor/2021.3.16f1/Editor/Data/Managed'
Mono path[1] = 'C:/Program Files/Unity/Hub/Editor/2021.3.16f1/Editor/Data/MonoBleedingEdge/lib/mono/unityjit-win32'
Mono config path = 'C:/Program Files/Unity/Hub/Editor/2021.3.16f1/Editor/Data/MonoBleedingEdge/etc'
Using monoOptions --debugger-agent=transport=dt_socket,embedding=1,server=y,suspend=n,address=127.0.0.1:56396
Begin MonoManager ReloadAssembly
Registering precompiled unity dll's ...
Register platform support module: C:/Program Files/Unity/Hub/Editor/2021.3.16f1/Editor/Data/PlaybackEngines/WebGLSupport/UnityEditor.WebGL.Extensions.dll
Register platform support module: C:/Program Files/Unity/Hub/Editor/2021.3.16f1/Editor/Data/PlaybackEngines/WindowsStandaloneSupport/UnityEditor.WindowsStandalone.Extensions.dll
Register platform support module: C:/Program Files/Unity/Hub/Editor/2021.3.16f1/Editor/Data/PlaybackEngines/LinuxStandaloneSupport/UnityEditor.LinuxStandalone.Extensions.dll
Registered in 0.012175 seconds.
Native extension for LinuxStandalone target not found
Native extension for WindowsStandalone target not found
Native extension for WebGL target not found
Refreshing native plugins compatible for Editor in 252.49 ms, found 3 plugins.
Preloading 0 native plugins for Editor in 0.00 ms.
Mono: successfully reloaded assembly
- Completed reload, in  1.070 seconds
Domain Reload Profiling:
	ReloadAssembly (1071ms)
		BeginReloadAssembly (89ms)
			ExecutionOrderSort (0ms)
			DisableScriptedObjects (0ms)
			BackupInstance (0ms)
			ReleaseScriptingObjects (0ms)
			CreateAndSetChildDomain (1ms)
		EndReloadAssembly (846ms)
			LoadAssemblies (85ms)
			RebuildTransferFunctionScriptingTraits (0ms)
			SetupTypeCache (111ms)
			ReleaseScriptCaches (0ms)
			RebuildScriptCaches (33ms)
			SetupLoadedEditorAssemblies (637ms)
				LogAssemblyErrors (0ms)
				InitializePlatformSupportModulesInManaged (16ms)
				SetLoadedEditorAssemblies (0ms)
				RefreshPlugins (253ms)
				BeforeProcessingInitializeOnLoad (2ms)
				ProcessInitializeOnLoadAttributes (284ms)
				ProcessInitializeOnLoadMethodAttributes (81ms)
				AfterProcessingInitializeOnLoad (0ms)
				EditorAssembliesLoaded (0ms)
			ExecutionOrderSort2 (0ms)
			AwakeInstancesAfterBackupRestoration (0ms)
Platform modules already initialized, skipping
Registering precompiled user dll's ...
Registered in 0.009165 seconds.
Begin MonoManager ReloadAssembly
Symbol file LoadedFromMemory doesn't match image D:\CS\ICS169\Capstone\ProjectCapstone\Library\PackageCache\com.unity.visualscripting@1.7.8\Editor\VisualScripting.Core\Dependencies\YamlDotNet\Unity.VisualScripting.YamlDotNet.dll
Symbol file LoadedFromMemory doesn't match image D:\CS\ICS169\Capstone\ProjectCapstone\Library\PackageCache\com.unity.visualscripting@1.7.8\Editor\VisualScripting.Core\Dependencies\DotNetZip\Unity.VisualScripting.IonicZip.dll
Native extension for LinuxStandalone target not found
Native extension for WindowsStandalone target not found
Native extension for WebGL target not found
Refreshing native plugins compatible for Editor in 248.77 ms, found 3 plugins.
Preloading 0 native plugins for Editor in 0.00 ms.
Mono: successfully reloaded assembly
- Completed reload, in  5.611 seconds
Domain Reload Profiling:
	ReloadAssembly (5612ms)
		BeginReloadAssembly (134ms)
			ExecutionOrderSort (0ms)
			DisableScriptedObjects (7ms)
			BackupInstance (0ms)
			ReleaseScriptingObjects (0ms)
			CreateAndSetChildDomain (20ms)
		EndReloadAssembly (5328ms)
			LoadAssemblies (119ms)
			RebuildTransferFunctionScriptingTraits (0ms)
			SetupTypeCache (457ms)
			ReleaseScriptCaches (1ms)
			RebuildScriptCaches (177ms)
			SetupLoadedEditorAssemblies (4515ms)
				LogAssemblyErrors (0ms)
				InitializePlatformSupportModulesInManaged (14ms)
				SetLoadedEditorAssemblies (0ms)
				RefreshPlugins (249ms)
				BeforeProcessingInitializeOnLoad (215ms)
				ProcessInitializeOnLoadAttributes (3573ms)
				ProcessInitializeOnLoadMethodAttributes (448ms)
				AfterProcessingInitializeOnLoad (16ms)
				EditorAssembliesLoaded (1ms)
			ExecutionOrderSort2 (0ms)
			AwakeInstancesAfterBackupRestoration (10ms)
Platform modules already initialized, skipping
========================================================================
Worker process is ready to serve import requests
Launched and connected shader compiler UnityShaderCompiler.exe after 0.07 seconds
Refreshing native plugins compatible for Editor in 4.24 ms, found 3 plugins.
Preloading 0 native plugins for Editor in 0.00 ms.
Unloading 8261 Unused Serialized files (Serialized files now loaded: 0)
Unloading 53 unused Assets / (3.4 MB). Loaded Objects now: 8730.
Memory consumption went from 387.9 MB to 384.5 MB.
Total: 5.257300 ms (FindLiveObjects: 0.821500 ms CreateObjectMapping: 0.384900 ms MarkObjects: 3.627800 ms  DeleteObjects: 0.421700 ms)

AssetImportParameters requested are different than current active one (requested -> active):
  custom:video-decoder-ogg-theora: a1e56fd34408186e4bbccfd4996cb3dc -> 
  custom:container-muxer-webm: aa71ff27fc2769a1b78a27578f13a17b -> 
  custom:container-demuxer-webm: 4f35f7cbe854078d1ac9338744f61a02 -> 
  custom:video-encoder-webm-vp8: eb34c28f22e8b96e1ab97ce403110664 -> 
  custom:video-codec-MediaFoundation-h265: 746d11721c4dcdbdad8f713fa42b33f4 -> 
  custom:audio-encoder-webm-vorbis: bf7c407c2cedff20999df2af8eb42d56 -> 
  custom:framework-win-MediaFoundation: 216162199b28c13a410421893ffa2e32 -> 
  custom:SearchIndexIgnoredProperties: e643bd26f0fe6173181afceb89e7c659 -> 
  custom:container-demuxer-ogg: 62fdf1f143b41e24485cea50d1cbac27 -> 
  custom:video-decoder-webm-vp8: 9c59270c3fd7afecdb556c50c9e8de78 -> 
  custom:audio-decoder-ogg-vorbis: bf7c407c2cedff20999df2af8eb42d56 -> 
========================================================================
Received Import Request.
  Time since last request: 777339.314990 seconds.
  path: Assets/Fantasy Skybox/Cubemaps/FS013/Images/FS013_Rainy_Cubemap_left.png
  artifactKey: Guid(62bbafb5d633d8e49b070f3874d8eb3e) Importer(815301076,1909f56bfc062723c751e8b465ee728b)
Start importing Assets/Fantasy Skybox/Cubemaps/FS013/Images/FS013_Rainy_Cubemap_left.png using Guid(62bbafb5d633d8e49b070f3874d8eb3e) Importer(815301076,1909f56bfc062723c751e8b465ee728b)  -> (artifact id: '846327718232dadf89923104b9b00116') in 0.123025 seconds 
========================================================================
Received Import Request.
  Time since last request: 0.000026 seconds.
  path: Assets/Fantasy Skybox/Cubemaps/FS013/Images/FS013_Snowy_Cubemap_left.png
  artifactKey: Guid(7ac30d7e6a86cde439dfc8f3203dc49e) Importer(815301076,1909f56bfc062723c751e8b465ee728b)
Start importing Assets/Fantasy Skybox/Cubemaps/FS013/Images/FS013_Snowy_Cubemap_left.png using Guid(7ac30d7e6a86cde439dfc8f3203dc49e) Importer(815301076,1909f56bfc062723c751e8b465ee728b)  -> (artifact id: '3d80860517c2eceed88782f89e97ac65') in 0.023624 seconds 
========================================================================
Received Import Request.
  Time since last request: 0.293017 seconds.
  path: Assets/Fantasy Skybox/Cubemaps/FS013/Images/FS013_Sunrise_Cubemap_right.png
  artifactKey: Guid(a4166af9d6b845d4c9e8ec0bbf0b70d0) Importer(815301076,1909f56bfc062723c751e8b465ee728b)
Start importing Assets/Fantasy Skybox/Cubemaps/FS013/Images/FS013_Sunrise_Cubemap_right.png using Guid(a4166af9d6b845d4c9e8ec0bbf0b70d0) Importer(815301076,1909f56bfc062723c751e8b465ee728b)  -> (artifact id: '8b0260b9357f15919052ca32fadf9023') in 0.014531 seconds 
========================================================================
Received Import Request.
  Time since last request: 18.586151 seconds.
  path: Assets/Fantasy Skybox/Cubemaps/FS014/FS014_Night_Moonless_Cubemap.mat
  artifactKey: Guid(2b288320ac4c3124a8317832590c1921) Importer(815301076,1909f56bfc062723c751e8b465ee728b)
Start importing Assets/Fantasy Skybox/Cubemaps/FS014/FS014_Night_Moonless_Cubemap.mat using Guid(2b288320ac4c3124a8317832590c1921) Importer(815301076,1909f56bfc062723c751e8b465ee728b)  -> (artifact id: '722f8b4fee362efbbb5faca92faf07a7') in 2.728078 seconds 
========================================================================
Received Import Request.
  Time since last request: 9.935318 seconds.
  path: Assets/Fantasy Skybox/Cubemaps/FS018/Images/FS018_Day_Sunless_Cubemap.cubemap
  artifactKey: Guid(3a24321132407b44dad8e2afed76da5b) Importer(815301076,1909f56bfc062723c751e8b465ee728b)
Start importing Assets/Fantasy Skybox/Cubemaps/FS018/Images/FS018_Day_Sunless_Cubemap.cubemap using Guid(3a24321132407b44dad8e2afed76da5b) Importer(815301076,1909f56bfc062723c751e8b465ee728b)  -> (artifact id: '47d0e209cb41a0dd56f363a26521743e') in 0.486519 seconds 
========================================================================
Received Import Request.
  Time since last request: 0.000040 seconds.
  path: Assets/Fantasy Skybox/Cubemaps/FS020/Images/FS020_Night_Cubemap.cubemap
  artifactKey: Guid(9b23e9e194128ba45a82cb0d861cfaaa) Importer(815301076,1909f56bfc062723c751e8b465ee728b)
Start importing Assets/Fantasy Skybox/Cubemaps/FS020/Images/FS020_Night_Cubemap.cubemap using Guid(9b23e9e194128ba45a82cb0d861cfaaa) Importer(815301076,1909f56bfc062723c751e8b465ee728b)  -> (artifact id: 'ad261db811cdb1c9697fc1800f8b0e9c') in 0.319177 seconds 
========================================================================
Received Import Request.
  Time since last request: 0.000051 seconds.
  path: Assets/Fantasy Skybox/Cubemaps/FS018/Images/FS018_Sunset_Cubemap.cubemap
  artifactKey: Guid(eec2e970a1211df49abf9d62f5f6fc58) Importer(815301076,1909f56bfc062723c751e8b465ee728b)
Start importing Assets/Fantasy Skybox/Cubemaps/FS018/Images/FS018_Sunset_Cubemap.cubemap using Guid(eec2e970a1211df49abf9d62f5f6fc58) Importer(815301076,1909f56bfc062723c751e8b465ee728b)  -> (artifact id: '8d009f466867075e8454b281d8b77f3a') in 0.364526 seconds 
========================================================================
Received Import Request.
  Time since last request: 0.000038 seconds.
  path: Assets/Fantasy Skybox/Cubemaps/FS019/Images/FS019_Sunrise_Cubemap.cubemap
  artifactKey: Guid(257f12434369ae34d9e8ab5fc865ac4d) Importer(815301076,1909f56bfc062723c751e8b465ee728b)
Start importing Assets/Fantasy Skybox/Cubemaps/FS019/Images/FS019_Sunrise_Cubemap.cubemap using Guid(257f12434369ae34d9e8ab5fc865ac4d) Importer(815301076,1909f56bfc062723c751e8b465ee728b)  -> (artifact id: 'b701c7fd1d71e622ffe9f3b8c0bc916e') in 0.379987 seconds 
========================================================================
Received Import Request.
  Time since last request: 0.000042 seconds.
  path: Assets/Fantasy Skybox/Cubemaps/FS019/Images/FS019_Rainy_Cubemap.cubemap
  artifactKey: Guid(d3ca2a1e10c887042905ffe5b27726c3) Importer(815301076,1909f56bfc062723c751e8b465ee728b)
Start importing Assets/Fantasy Skybox/Cubemaps/FS019/Images/FS019_Rainy_Cubemap.cubemap using Guid(d3ca2a1e10c887042905ffe5b27726c3) Importer(815301076,1909f56bfc062723c751e8b465ee728b)  -> (artifact id: 'fc7482c4da04ff839f13f4ea34df54ae') in 0.325219 seconds 
========================================================================
Received Import Request.
  Time since last request: 19.520945 seconds.
  path: Assets/Fantasy Skybox/Cubemaps/FS011/Images/FS011_Day_Cubemap_left.png
  artifactKey: Guid(48f38013ce3e5d747a59725149a964a4) Importer(815301076,1909f56bfc062723c751e8b465ee728b)
Start importing Assets/Fantasy Skybox/Cubemaps/FS011/Images/FS011_Day_Cubemap_left.png using Guid(48f38013ce3e5d747a59725149a964a4) Importer(815301076,1909f56bfc062723c751e8b465ee728b)  -> (artifact id: 'bc07f005e25df09d29fa442477014890') in 0.024040 seconds 
========================================================================
Received Import Request.
  Time since last request: 0.001851 seconds.
  path: Assets/Fantasy Skybox/Cubemaps/FS011/Images/FS011_Night_Moonless_Cubemap_left.png
  artifactKey: Guid(2e1da02433c46f3459584755e2371dda) Importer(815301076,1909f56bfc062723c751e8b465ee728b)
Start importing Assets/Fantasy Skybox/Cubemaps/FS011/Images/FS011_Night_Moonless_Cubemap_left.png using Guid(2e1da02433c46f3459584755e2371dda) Importer(815301076,1909f56bfc062723c751e8b465ee728b)  -> (artifact id: '64478be55a489de965c8bfc8ab908f27') in 0.044347 seconds 
========================================================================
Received Import Request.
  Time since last request: 0.000053 seconds.
  path: Assets/Fantasy Skybox/Cubemaps/FS011/Images/FS011_Night_Moonless_Cubemap_down.png
  artifactKey: Guid(a3d37a2b5bd8a9f45900d36d758030ed) Importer(815301076,1909f56bfc062723c751e8b465ee728b)
Start importing Assets/Fantasy Skybox/Cubemaps/FS011/Images/FS011_Night_Moonless_Cubemap_down.png using Guid(a3d37a2b5bd8a9f45900d36d758030ed) Importer(815301076,1909f56bfc062723c751e8b465ee728b)  -> (artifact id: '84e033a4baf211463b510e0bc4dd89c1') in 0.035174 seconds 
========================================================================
Received Import Request.
  Time since last request: 0.000031 seconds.
  path: Assets/Fantasy Skybox/Cubemaps/FS011/Images/FS011_Day_Sunless_Cubemap_front.png
  artifactKey: Guid(c6d25c7bbd6a7234d94c1652daafc5c1) Importer(815301076,1909f56bfc062723c751e8b465ee728b)
Start importing Assets/Fantasy Skybox/Cubemaps/FS011/Images/FS011_Day_Sunless_Cubemap_front.png using Guid(c6d25c7bbd6a7234d94c1652daafc5c1) Importer(815301076,1909f56bfc062723c751e8b465ee728b)  -> (artifact id: '5976a69abc32ba088a71e17b20c4dae2') in 0.029099 seconds 
========================================================================
Received Import Request.
  Time since last request: 45.483000 seconds.
  path: Assets/Fantasy Skybox/Cubemaps/FS011/Images/FS011_Rainy_Cubemap_left.png
  artifactKey: Guid(34d1a05f37c683342bcfc6eb3c66950e) Importer(815301076,1909f56bfc062723c751e8b465ee728b)
Start importing Assets/Fantasy Skybox/Cubemaps/FS011/Images/FS011_Rainy_Cubemap_left.png using Guid(34d1a05f37c683342bcfc6eb3c66950e) Importer(815301076,1909f56bfc062723c751e8b465ee728b)  -> (artifact id: '9086d88f2794b339eb3100f09fe0bd12') in 0.033370 seconds 
========================================================================
Received Import Request.
  Time since last request: 0.100360 seconds.
  path: Assets/Fantasy Skybox/Cubemaps/FS011/Images/FS011_Snowy_Cubemap_right.png
  artifactKey: Guid(38c5381f2670b334bb10a04a41e0d9b3) Importer(815301076,1909f56bfc062723c751e8b465ee728b)
Start importing Assets/Fantasy Skybox/Cubemaps/FS011/Images/FS011_Snowy_Cubemap_right.png using Guid(38c5381f2670b334bb10a04a41e0d9b3) Importer(815301076,1909f56bfc062723c751e8b465ee728b)  -> (artifact id: '66a180298c49eeb6def40370667734fd') in 0.017409 seconds 
========================================================================
Received Import Request.
  Time since last request: 0.640578 seconds.
  path: Assets/Fantasy Skybox/Cubemaps/FS011/Images/FS011_Sunrise_Cubemap_front.png
  artifactKey: Guid(3cd8872c1f4d0314880815237d86f4bd) Importer(815301076,1909f56bfc062723c751e8b465ee728b)
Start importing Assets/Fantasy Skybox/Cubemaps/FS011/Images/FS011_Sunrise_Cubemap_front.png using Guid(3cd8872c1f4d0314880815237d86f4bd) Importer(815301076,1909f56bfc062723c751e8b465ee728b)  -> (artifact id: '119e2efa8a186b91f1d9b937d2bac7ae') in 0.027002 seconds 
========================================================================
Received Import Request.
  Time since last request: 0.000044 seconds.
  path: Assets/Fantasy Skybox/Cubemaps/FS011/Images/FS011_Sunset_Cubemap_down.png
  artifactKey: Guid(6c0bea907b3063d4a88d065815af8d76) Importer(815301076,1909f56bfc062723c751e8b465ee728b)
Start importing Assets/Fantasy Skybox/Cubemaps/FS011/Images/FS011_Sunset_Cubemap_down.png using Guid(6c0bea907b3063d4a88d065815af8d76) Importer(815301076,1909f56bfc062723c751e8b465ee728b)  -> (artifact id: 'ceed80b7e4a3f6b9345eb5a6c3e7b4bb') in 0.025798 seconds 
Editor requested this worker to shutdown with reason: Scaling down because of idle timeout
AssetImportWorker is now disconnected from the server
Process exiting
Exiting without the bug reporter. Application will terminate with return code 0