Using pre-set license
Built from '2023.1/staging' branch; Version is '2023.1.20f1 (35a524b12060) revision 3515684'; Using compiler version '192829333'; Build Type 'Release'
OS: 'Windows 10  (10.0.19045) 64bit Professional' Language: 'zh' Physical Memory: 32627 MB
BatchMode: 1, IsHumanControllingUs: 0, StartBugReporterOnCrash: 0, Is64bit: 1, IsPro: 1

COMMAND LINE ARGUMENTS:
C:\Program Files\Unity\Hub\Editor\2023.1.20f1\Editor\Unity.exe
-adb2
-batchMode
-noUpm
-name
AssetImportWorker10
-projectPath
D:/CS/ICS169/Capstone/ProjectCapstone
-logFile
Logs/AssetImportWorker10.log
-srvPort
56322
Successfully changed project path to: D:/CS/ICS169/Capstone/ProjectCapstone
D:/CS/ICS169/Capstone/ProjectCapstone
[UnityMemory] Configuration Parameters - Can be set up in boot.config
    "memorysetup-bucket-allocator-granularity=16"
    "memorysetup-bucket-allocator-bucket-count=8"
    "memorysetup-bucket-allocator-block-size=33554432"
    "memorysetup-bucket-allocator-block-count=8"
    "memorysetup-main-allocator-block-size=16777216"
    "memorysetup-thread-allocator-block-size=16777216"
    "memorysetup-gfx-main-allocator-block-size=16777216"
    "memorysetup-gfx-thread-allocator-block-size=16777216"
    "memorysetup-cache-allocator-block-size=4194304"
    "memorysetup-typetree-allocator-block-size=2097152"
    "memorysetup-profiler-bucket-allocator-granularity=16"
    "memorysetup-profiler-bucket-allocator-bucket-count=8"
    "memorysetup-profiler-bucket-allocator-block-size=33554432"
    "memorysetup-profiler-bucket-allocator-block-count=8"
    "memorysetup-profiler-allocator-block-size=16777216"
    "memorysetup-profiler-editor-allocator-block-size=1048576"
    "memorysetup-temp-allocator-size-main=16777216"
    "memorysetup-job-temp-allocator-block-size=2097152"
    "memorysetup-job-temp-allocator-block-size-background=1048576"
    "memorysetup-job-temp-allocator-reduction-small-platforms=262144"
    "memorysetup-allocator-temp-initial-block-size-main=262144"
    "memorysetup-allocator-temp-initial-block-size-worker=262144"
    "memorysetup-temp-allocator-size-background-worker=32768"
    "memorysetup-temp-allocator-size-job-worker=262144"
    "memorysetup-temp-allocator-size-preload-manager=33554432"
    "memorysetup-temp-allocator-size-nav-mesh-worker=65536"
    "memorysetup-temp-allocator-size-audio-worker=65536"
    "memorysetup-temp-allocator-size-cloud-worker=32768"
    "memorysetup-temp-allocator-size-gi-baking-worker=262144"
    "memorysetup-temp-allocator-size-gfx=262144"
Player connection [32552] Host "[IP] 192.168.1.219 [Port] 0 [Flags] 2 [Guid] 2127855595 [EditorId] 2127855595 [Version] 1048832 [Id] WindowsEditor(7,DESKTOP-8076NJ7) [Debug] 1 [PackageName] WindowsEditor [ProjectName] Editor" joined multi-casting on [225.0.0.222:54997]...

Player connection [32552] Host "[IP] 192.168.1.219 [Port] 0 [Flags] 2 [Guid] 2127855595 [EditorId] 2127855595 [Version] 1048832 [Id] WindowsEditor(7,DESKTOP-8076NJ7) [Debug] 1 [PackageName] WindowsEditor [ProjectName] Editor" joined alternative multi-casting on [225.0.0.222:34997]...

[Physics::Module] Initialized MultithreadedJobDispatcher with 19 workers.
Library Redirect Path: Library/OpenGL ES 2.0 has been removed.
Refreshing native plugins compatible for Editor in 21.31 ms, found 4 plugins.
Preloading 0 native plugins for Editor in 0.00 ms.
Initialize engine version: 2023.1.20f1 (35a524b12060)
[Subsystems] Discovering subsystems at path C:/Program Files/Unity/Hub/Editor/2023.1.20f1/Editor/Data/Resources/UnitySubsystems
[Subsystems] Discovering subsystems at path D:/CS/ICS169/Capstone/ProjectCapstone/Assets
GfxDevice: creating device client; threaded=0; jobified=0
Direct3D:
    Version:  Direct3D 11.0 [level 11.1]
    Renderer: NVIDIA GeForce RTX 3080 (ID=0x220a)
    Vendor:   NVIDIA
    VRAM:     12107 MB
    Driver:   31.0.15.3623
Initialize mono
Mono path[0] = 'C:/Program Files/Unity/Hub/Editor/2023.1.20f1/Editor/Data/Managed'
Mono path[1] = 'C:/Program Files/Unity/Hub/Editor/2023.1.20f1/Editor/Data/MonoBleedingEdge/lib/mono/unityjit-win32'
Mono config path = 'C:/Program Files/Unity/Hub/Editor/2023.1.20f1/Editor/Data/MonoBleedingEdge/etc'
Using monoOptions --debugger-agent=transport=dt_socket,embedding=1,server=y,suspend=n,address=127.0.0.1:56104
Begin MonoManager ReloadAssembly
C:\build\output\Unity-Technologies\mono\mono\metadata\icall.c:1842:
C:\build\output\Unity-Technologies\mono\mono\metadata\icall.c:1842:
C:\build\output\Unity-Technologies\mono\mono\metadata\icall.c:1842:
C:\build\output\Unity-Technologies\mono\mono\metadata\icall.c:1842:
C:\build\output\Unity-Technologies\mono\mono\metadata\icall.c:1842:
C:\build\output\Unity-Technologies\mono\mono\metadata\icall.c:1842:
C:\build\output\Unity-Technologies\mono\mono\metadata\icall.c:1842:
C:\build\output\Unity-Technologies\mono\mono\metadata\icall.c:1842:
C:\build\output\Unity-Technologies\mono\mono\metadata\icall.c:1842:
C:\build\output\Unity-Technologies\mono\mono\metadata\icall.c:1842:
Registering precompiled unity dll's ...
Register platform support module: C:/Program Files/Unity/Hub/Editor/2023.1.20f1/Editor/Data/PlaybackEngines/WindowsStandaloneSupport/UnityEditor.WindowsStandalone.Extensions.dll
Registered in 0.004870 seconds.
- Loaded All Assemblies, in  0.854 seconds
Native extension for WindowsStandalone target not found
Mono: successfully reloaded assembly
C:\build\output\Unity-Technologies\mono\mono\metadata\icall.c:1842:
C:\build\output\Unity-Technologies\mono\mono\metadata\icall.c:1842:
- Finished resetting the current domain, in  0.928 seconds
Domain Reload Profiling: 1778ms
	BeginReloadAssembly (286ms)
		ExecutionOrderSort (0ms)
		DisableScriptedObjects (0ms)
		BackupInstance (0ms)
		ReleaseScriptingObjects (0ms)
		CreateAndSetChildDomain (1ms)
	RebuildCommonClasses (55ms)
	RebuildNativeTypeToScriptingClass (46ms)
	initialDomainReloadingComplete (109ms)
	LoadAllAssembliesAndSetupDomain (354ms)
		LoadAssemblies (280ms)
		RebuildTransferFunctionScriptingTraits (0ms)
		AnalyzeDomain (345ms)
			TypeCache.Refresh (344ms)
				TypeCache.ScanAssembly (325ms)
			ScanForSourceGeneratedMonoScriptInfo (0ms)
			ResolveRequiredComponents (1ms)
	FinalizeReload (928ms)
		ReleaseScriptCaches (0ms)
		RebuildScriptCaches (0ms)
		SetupLoadedEditorAssemblies (811ms)
			LogAssemblyErrors (0ms)
			InitializePlatformSupportModulesInManaged (27ms)
			SetLoadedEditorAssemblies (32ms)
			BeforeProcessingInitializeOnLoad (45ms)
			ProcessInitializeOnLoadAttributes (583ms)
			ProcessInitializeOnLoadMethodAttributes (124ms)
			AfterProcessingInitializeOnLoad (0ms)
			EditorAssembliesLoaded (0ms)
		ExecutionOrderSort2 (0ms)
		AwakeInstancesAfterBackupRestoration (0ms)
========================================================================
Worker process is ready to serve import requests
Import Worker Mode flag is 0x00
Begin MonoManager ReloadAssembly
C:\build\output\Unity-Technologies\mono\mono\metadata\icall.c:1842:
C:\build\output\Unity-Technologies\mono\mono\metadata\icall.c:1842:
C:\build\output\Unity-Technologies\mono\mono\metadata\icall.c:1842:
C:\build\output\Unity-Technologies\mono\mono\metadata\icall.c:1842:
C:\build\output\Unity-Technologies\mono\mono\metadata\icall.c:1842:
C:\build\output\Unity-Technologies\mono\mono\metadata\icall.c:1842:
C:\build\output\Unity-Technologies\mono\mono\metadata\icall.c:1842:
C:\build\output\Unity-Technologies\mono\mono\metadata\icall.c:1842:
C:\build\output\Unity-Technologies\mono\mono\metadata\icall.c:1842:
C:\build\output\Unity-Technologies\mono\mono\metadata\icall.c:1842:
C:\build\output\Unity-Technologies\mono\mono\metadata\icall.c:1842:
C:\build\output\Unity-Technologies\mono\mono\metadata\icall.c:1842:
Symbol file LoadedFromMemory doesn't match image D:\CS\ICS169\Capstone\ProjectCapstone\Library\PackageCache\com.unity.visualscripting@1.8.0\Editor\VisualScripting.Core\Dependencies\YamlDotNet\Unity.VisualScripting.YamlDotNet.dll
Symbol file LoadedFromMemory doesn't match image D:\CS\ICS169\Capstone\ProjectCapstone\Library\PackageCache\com.unity.visualscripting@1.8.0\Editor\VisualScripting.Core\Dependencies\DotNetZip\Unity.VisualScripting.IonicZip.dll
- Loaded All Assemblies, in  2.018 seconds
Refreshing native plugins compatible for Editor in 9.43 ms, found 4 plugins.
Native extension for WindowsStandalone target not found
Mono: successfully reloaded assembly
- Finished resetting the current domain, in  6.640 seconds
Domain Reload Profiling: 8651ms
	BeginReloadAssembly (442ms)
		ExecutionOrderSort (0ms)
		DisableScriptedObjects (11ms)
		BackupInstance (0ms)
		ReleaseScriptingObjects (0ms)
		CreateAndSetChildDomain (37ms)
	RebuildCommonClasses (48ms)
	RebuildNativeTypeToScriptingClass (15ms)
	initialDomainReloadingComplete (59ms)
	LoadAllAssembliesAndSetupDomain (1447ms)
		LoadAssemblies (628ms)
		RebuildTransferFunctionScriptingTraits (0ms)
		AnalyzeDomain (958ms)
			TypeCache.Refresh (864ms)
				TypeCache.ScanAssembly (846ms)
			ScanForSourceGeneratedMonoScriptInfo (54ms)
			ResolveRequiredComponents (39ms)
	FinalizeReload (6640ms)
		ReleaseScriptCaches (0ms)
		RebuildScriptCaches (0ms)
		SetupLoadedEditorAssemblies (5960ms)
			LogAssemblyErrors (0ms)
			InitializePlatformSupportModulesInManaged (13ms)
			SetLoadedEditorAssemblies (6ms)
			BeforeProcessingInitializeOnLoad (417ms)
			ProcessInitializeOnLoadAttributes (5414ms)
			ProcessInitializeOnLoadMethodAttributes (102ms)
			AfterProcessingInitializeOnLoad (7ms)
			EditorAssembliesLoaded (0ms)
		ExecutionOrderSort2 (0ms)
		AwakeInstancesAfterBackupRestoration (80ms)
OpenGL ES 2.0 has been removed.
Launched and connected shader compiler UnityShaderCompiler.exe after 0.02 seconds
Refreshing native plugins compatible for Editor in 8.64 ms, found 4 plugins.
Preloading 0 native plugins for Editor in 0.00 ms.
Unloading 8821 Unused Serialized files (Serialized files now loaded: 0)
Unloading 150 unused Assets / (5.4 MB). Loaded Objects now: 9366.
Memory consumption went from 393.1 MB to 387.7 MB.
Total: 8.106400 ms (FindLiveObjects: 0.642000 ms CreateObjectMapping: 0.357400 ms MarkObjects: 5.768100 ms  DeleteObjects: 1.337000 ms)

AssetImportParameters requested are different than current active one (requested -> active):
  custom:video-decoder-webm-vp8: 9c59270c3fd7afecdb556c50c9e8de78 -> 
  custom:SearchIndexIgnoredProperties: e643bd26f0fe6173181afceb89e7c659 -> 
  custom:audio-encoder-webm-vorbis: bf7c407c2cedff20999df2af8eb42d56 -> 
  custom:audio-decoder-ogg-vorbis: bf7c407c2cedff20999df2af8eb42d56 -> 
  custom:video-encoder-webm-vp8: eb34c28f22e8b96e1ab97ce403110664 -> 
  custom:framework-win-MediaFoundation: 216162199b28c13a410421893ffa2e32 -> 
  custom:video-decoder-ogg-theora: a1e56fd34408186e4bbccfd4996cb3dc -> 
  custom:container-muxer-webm: aa71ff27fc2769a1b78a27578f13a17b -> 
  custom:AudioImporter_EditorPlatform: d09bf68614088b80899f8185d706f6e7 -> 
  custom:container-demuxer-ogg: 62fdf1f143b41e24485cea50d1cbac27 -> 
  custom:video-codec-MediaFoundation-h265: 746d11721c4dcdbdad8f713fa42b33f4 -> 
  custom:CustomObjectIndexerAttribute: 756ad292c208cfabdd7b50bc23989ffe -> 
  custom:container-demuxer-webm: 4f35f7cbe854078d1ac9338744f61a02 -> 
========================================================================
Received Import Request.
  Time since last request: 127959.592771 seconds.
  path: Assets/Sprite Shaders Ultimate/Demo/Materials/GUI/SSU_Demo_Color_Pick.mat
  artifactKey: Guid(85bda74ecbda46743bfcaef5f59867e5) Importer(815301076,1909f56bfc062723c751e8b465ee728b)
Start importing Assets/Sprite Shaders Ultimate/Demo/Materials/GUI/SSU_Demo_Color_Pick.mat using Guid(85bda74ecbda46743bfcaef5f59867e5) Importer(815301076,1909f56bfc062723c751e8b465ee728b)  -> (artifact id: 'bdb83359ffb84bf9d3f80eafe3eb015e') in 9.547427 seconds
Number of updated asset objects reloaded before import = 0
Number of asset objects unloaded after import = 3
========================================================================
Received Import Request.
  Time since last request: 0.191590 seconds.
  path: Assets/TextMesh Pro/Resources/Fonts & Materials/LiberationSans SDF - Fallback.asset
  artifactKey: Guid(2e498d1c8094910479dc3e1b768306a4) Importer(815301076,1909f56bfc062723c751e8b465ee728b)
Start importing Assets/TextMesh Pro/Resources/Fonts & Materials/LiberationSans SDF - Fallback.asset using Guid(2e498d1c8094910479dc3e1b768306a4) Importer(815301076,1909f56bfc062723c751e8b465ee728b)  -> (artifact id: '48657625043ad8367d3ae3fbb69c97d7') in 0.263786 seconds
Number of updated asset objects reloaded before import = 0
Number of asset objects unloaded after import = 6
========================================================================
Received Import Request.
  Time since last request: 0.205304 seconds.
  path: Assets/Sprite Shaders Ultimate/Demo/Materials/Example/Demo_Cloud1.mat
  artifactKey: Guid(7ad4ff36556fea643812e5fa43809d5a) Importer(815301076,1909f56bfc062723c751e8b465ee728b)
Start importing Assets/Sprite Shaders Ultimate/Demo/Materials/Example/Demo_Cloud1.mat using Guid(7ad4ff36556fea643812e5fa43809d5a) Importer(815301076,1909f56bfc062723c751e8b465ee728b)  -> (artifact id: 'e51eff1f7fcae5b8c8e16be778334018') in 0.253942 seconds
Number of updated asset objects reloaded before import = 0
Number of asset objects unloaded after import = 4
========================================================================
Received Import Request.
  Time since last request: 0.002393 seconds.
  path: Assets/Sprite Shaders Ultimate/Demo/Materials/Shaders/SSU_Demo_GaussianBlurBaked2.mat
  artifactKey: Guid(830bc3fce850c6248bf19601bce509c0) Importer(815301076,1909f56bfc062723c751e8b465ee728b)
Start importing Assets/Sprite Shaders Ultimate/Demo/Materials/Shaders/SSU_Demo_GaussianBlurBaked2.mat using Guid(830bc3fce850c6248bf19601bce509c0) Importer(815301076,1909f56bfc062723c751e8b465ee728b)  -> (artifact id: '9ced14721cf301b0d53d9740b4865cee') in 0.189879 seconds
Number of updated asset objects reloaded before import = 0
Number of asset objects unloaded after import = 3
========================================================================
Received Import Request.
  Time since last request: 0.038778 seconds.
  path: Assets/Arts/Material/Terrain/PureWhite.mat
  artifactKey: Guid(16416575b646efe4b8af1e1fc574a692) Importer(815301076,1909f56bfc062723c751e8b465ee728b)
Start importing Assets/Arts/Material/Terrain/PureWhite.mat using Guid(16416575b646efe4b8af1e1fc574a692) Importer(815301076,1909f56bfc062723c751e8b465ee728b)  -> (artifact id: '98448eafdbb8e64f476f547a48edc958') in 0.228841 seconds
Number of updated asset objects reloaded before import = 0
Number of asset objects unloaded after import = 1
========================================================================
Received Import Request.
  Time since last request: 0.001996 seconds.
  path: Assets/Sprite Shaders Ultimate/Demo/Materials/Shaders/SSU_Demo_SineGlow.mat
  artifactKey: Guid(f249504a221be6548a2d1810abbd87e1) Importer(815301076,1909f56bfc062723c751e8b465ee728b)
Start importing Assets/Sprite Shaders Ultimate/Demo/Materials/Shaders/SSU_Demo_SineGlow.mat using Guid(f249504a221be6548a2d1810abbd87e1) Importer(815301076,1909f56bfc062723c751e8b465ee728b)  -> (artifact id: '5d160a32d8aa15e2c8487aae39ded8f2') in 0.135519 seconds
Number of updated asset objects reloaded before import = 0
Number of asset objects unloaded after import = 3
========================================================================
Received Import Request.
  Time since last request: 0.001710 seconds.
  path: Assets/Arts/Material/Terrain/PureBlackFront.mat
  artifactKey: Guid(d84938bf3bcf4404b805929979c2716a) Importer(815301076,1909f56bfc062723c751e8b465ee728b)
Start importing Assets/Arts/Material/Terrain/PureBlackFront.mat using Guid(d84938bf3bcf4404b805929979c2716a) Importer(815301076,1909f56bfc062723c751e8b465ee728b)  -> (artifact id: '855292d4fe04659b66cc2f622a4dd139') in 0.022865 seconds
Number of updated asset objects reloaded before import = 0
Number of asset objects unloaded after import = 1
========================================================================
Received Import Request.
  Time since last request: 0.000224 seconds.
  path: Assets/Sprite Shaders Ultimate/Demo/Materials/Shaders/SSU_Demo_Shifting2.mat
  artifactKey: Guid(84558b2346954af41b9e00a642a8cb2a) Importer(815301076,1909f56bfc062723c751e8b465ee728b)
Start importing Assets/Sprite Shaders Ultimate/Demo/Materials/Shaders/SSU_Demo_Shifting2.mat using Guid(84558b2346954af41b9e00a642a8cb2a) Importer(815301076,1909f56bfc062723c751e8b465ee728b)  -> (artifact id: '7109d0ad908d2493079b774203ba62f8') in 0.268636 seconds
Number of updated asset objects reloaded before import = 0
Number of asset objects unloaded after import = 3
========================================================================
Received Import Request.
  Time since last request: 0.172862 seconds.
  path: Assets/TextMesh Pro/Resources/Fonts & Materials/LiberationSans SDF.asset
  artifactKey: Guid(8f586378b4e144a9851e7b34d9b748ee) Importer(815301076,1909f56bfc062723c751e8b465ee728b)
Start importing Assets/TextMesh Pro/Resources/Fonts & Materials/LiberationSans SDF.asset using Guid(8f586378b4e144a9851e7b34d9b748ee) Importer(815301076,1909f56bfc062723c751e8b465ee728b)  -> (artifact id: '15a9fd0297ae15b53667d945335556be') in 0.143579 seconds
Number of updated asset objects reloaded before import = 0
Number of asset objects unloaded after import = 9
========================================================================
Received Import Request.
  Time since last request: 0.001130 seconds.
  path: Assets/Sprite Shaders Ultimate/Demo/Materials/Shaders/SSU_Demo_Brightness.mat
  artifactKey: Guid(df431553f2ee19748962d15863c616a0) Importer(815301076,1909f56bfc062723c751e8b465ee728b)
Start importing Assets/Sprite Shaders Ultimate/Demo/Materials/Shaders/SSU_Demo_Brightness.mat using Guid(df431553f2ee19748962d15863c616a0) Importer(815301076,1909f56bfc062723c751e8b465ee728b)  -> (artifact id: 'e6b5c7377046163b42777cb42818cbfd') in 0.082515 seconds
Number of updated asset objects reloaded before import = 0
Number of asset objects unloaded after import = 3
========================================================================
Received Import Request.
  Time since last request: 0.003811 seconds.
  path: Assets/Sprite Shaders Ultimate/Demo/Materials/Shaders/SSU_Demo_SourceGlowDissolve.mat
  artifactKey: Guid(801fd56dc738e6749b889f8500eccb75) Importer(815301076,1909f56bfc062723c751e8b465ee728b)
Start importing Assets/Sprite Shaders Ultimate/Demo/Materials/Shaders/SSU_Demo_SourceGlowDissolve.mat using Guid(801fd56dc738e6749b889f8500eccb75) Importer(815301076,1909f56bfc062723c751e8b465ee728b)  -> (artifact id: '0069499af078d30f634c3e4c4a3b8b41') in 0.060904 seconds
Number of updated asset objects reloaded before import = 0
Number of asset objects unloaded after import = 3
========================================================================
Received Import Request.
  Time since last request: 0.031086 seconds.
  path: Assets/_TerrainData/TerrainMaterial_758924458696733836.mat
  artifactKey: Guid(8aa648087bd0e224ab7b5526c3c92f16) Importer(815301076,1909f56bfc062723c751e8b465ee728b)
Start importing Assets/_TerrainData/TerrainMaterial_758924458696733836.mat using Guid(8aa648087bd0e224ab7b5526c3c92f16) Importer(815301076,1909f56bfc062723c751e8b465ee728b)  -> (artifact id: '5059f6c99d2be837e35be6ed37cbd356') in 0.089404 seconds
Number of updated asset objects reloaded before import = 0
Number of asset objects unloaded after import = 4
========================================================================
Received Import Request.
  Time since last request: 0.000382 seconds.
  path: Assets/New UI Widgets/Assets/Materials/UIFlareGlobal.mat
  artifactKey: Guid(9fe77ae922bef5448ad43661d5b48cae) Importer(815301076,1909f56bfc062723c751e8b465ee728b)
Start importing Assets/New UI Widgets/Assets/Materials/UIFlareGlobal.mat using Guid(9fe77ae922bef5448ad43661d5b48cae) Importer(815301076,1909f56bfc062723c751e8b465ee728b)  -> (artifact id: 'f70b854b03ac4006b2181de83dc4690d') in 0.054420 seconds
Number of updated asset objects reloaded before import = 0
Number of asset objects unloaded after import = 1
========================================================================
Received Import Request.
  Time since last request: 0.077477 seconds.
  path: Assets/Sprite Shaders Ultimate/Demo/Materials/GUI/SSU_Demo_Display_Frame.mat
  artifactKey: Guid(3899cb2e11ab61c438de08115f8f7159) Importer(815301076,1909f56bfc062723c751e8b465ee728b)
Start importing Assets/Sprite Shaders Ultimate/Demo/Materials/GUI/SSU_Demo_Display_Frame.mat using Guid(3899cb2e11ab61c438de08115f8f7159) Importer(815301076,1909f56bfc062723c751e8b465ee728b)  -> (artifact id: '5b877402dc1fe1e42acf9e3089c2faf0') in 0.242795 seconds
Number of updated asset objects reloaded before import = 0
Number of asset objects unloaded after import = 3
========================================================================
Received Import Request.
  Time since last request: 0.093764 seconds.
  path: Assets/Prefabs/TerrainPrefab/Scene_Terrain_RoomA.prefab
  artifactKey: Guid(ac98345c7e3eb814eabbfc4d6ff04072) Importer(815301076,1909f56bfc062723c751e8b465ee728b)
Start importing Assets/Prefabs/TerrainPrefab/Scene_Terrain_RoomA.prefab using Guid(ac98345c7e3eb814eabbfc4d6ff04072) Importer(815301076,1909f56bfc062723c751e8b465ee728b)  -> (artifact id: 'e079452f7778ba9974603d528ccda883') in 0.139686 seconds
Number of updated asset objects reloaded before import = 0
Number of asset objects unloaded after import = 12
========================================================================
Received Import Request.
  Time since last request: 14.191520 seconds.
  path: Assets/Scenes/LevelScene/DefaultLevel/DefaultHDMaterial.mat
  artifactKey: Guid(cdf810ea90344ae4bb10de1750869149) Importer(815301076,1909f56bfc062723c751e8b465ee728b)
Start importing Assets/Scenes/LevelScene/DefaultLevel/DefaultHDMaterial.mat using Guid(cdf810ea90344ae4bb10de1750869149) Importer(815301076,1909f56bfc062723c751e8b465ee728b)  -> (artifact id: '3a0cce38af4ea0cbbe8ef16c7f7ecd5e') in 0.019208 seconds
Number of updated asset objects reloaded before import = 0
Number of asset objects unloaded after import = 1
========================================================================
Received Import Request.
  Time since last request: 0.000067 seconds.
  path: Assets/Sprite Shaders Ultimate/Demo/Materials/Shaders/SSU_Demo_SplitToning.mat
  artifactKey: Guid(e79140a2437f9a0419dd6d901f5353a6) Importer(815301076,1909f56bfc062723c751e8b465ee728b)
Start importing Assets/Sprite Shaders Ultimate/Demo/Materials/Shaders/SSU_Demo_SplitToning.mat using Guid(e79140a2437f9a0419dd6d901f5353a6) Importer(815301076,1909f56bfc062723c751e8b465ee728b)  -> (artifact id: '330740db945fb835fc967a9108b474c0') in 0.090731 seconds
Number of updated asset objects reloaded before import = 0
Number of asset objects unloaded after import = 3
========================================================================
Received Import Request.
  Time since last request: 0.001170 seconds.
  path: Assets/Sprite Shaders Ultimate/Demo/Materials/Shaders/SSU_Demo_Flame.mat
  artifactKey: Guid(83a676355aaa11f40aa5fea5f6d0f870) Importer(815301076,1909f56bfc062723c751e8b465ee728b)
Start importing Assets/Sprite Shaders Ultimate/Demo/Materials/Shaders/SSU_Demo_Flame.mat using Guid(83a676355aaa11f40aa5fea5f6d0f870) Importer(815301076,1909f56bfc062723c751e8b465ee728b)  -> (artifact id: '04628061b66dbd9cb437d6fc92a6b82c') in 0.062828 seconds
Number of updated asset objects reloaded before import = 0
Number of asset objects unloaded after import = 4
========================================================================
Received Import Request.
  Time since last request: 0.000020 seconds.
  path: Assets/New UI Widgets/Assets/Materials/UIGradientPlaneHSV.mat
  artifactKey: Guid(8a957317a0d696048a67a984b78be273) Importer(815301076,1909f56bfc062723c751e8b465ee728b)
Start importing Assets/New UI Widgets/Assets/Materials/UIGradientPlaneHSV.mat using Guid(8a957317a0d696048a67a984b78be273) Importer(815301076,1909f56bfc062723c751e8b465ee728b)  -> (artifact id: 'e9ba3d0592c1e8348ca89277ba91f21d') in 0.016664 seconds
Number of updated asset objects reloaded before import = 0
Number of asset objects unloaded after import = 1
========================================================================
Received Import Request.
  Time since last request: 0.000038 seconds.
  path: Assets/Sprite Shaders Ultimate/Demo/Materials/Shaders/SSU_Demo_ColorReplace.mat
  artifactKey: Guid(4b6a8eab754869b4b875d18982bb041a) Importer(815301076,1909f56bfc062723c751e8b465ee728b)
Start importing Assets/Sprite Shaders Ultimate/Demo/Materials/Shaders/SSU_Demo_ColorReplace.mat using Guid(4b6a8eab754869b4b875d18982bb041a) Importer(815301076,1909f56bfc062723c751e8b465ee728b)  -> (artifact id: 'b582ed510c917d091ba97e8a27d2b1b3') in 0.066405 seconds
Number of updated asset objects reloaded before import = 0
Number of asset objects unloaded after import = 3
========================================================================
Received Import Request.
  Time since last request: 0.000025 seconds.
  path: Assets/Sprite Shaders Ultimate/Demo/Materials/Example/Demo_BakedBlur1.mat
  artifactKey: Guid(21d9279f401976c48a4e0c9af1bf20e9) Importer(815301076,1909f56bfc062723c751e8b465ee728b)
Start importing Assets/Sprite Shaders Ultimate/Demo/Materials/Example/Demo_BakedBlur1.mat using Guid(21d9279f401976c48a4e0c9af1bf20e9) Importer(815301076,1909f56bfc062723c751e8b465ee728b)  -> (artifact id: 'c38baf0989298ffda9799f3628c747d8') in 0.015905 seconds
Number of updated asset objects reloaded before import = 0
Number of asset objects unloaded after import = 3
========================================================================
Received Import Request.
  Time since last request: 0.000326 seconds.
  path: Assets/Arts/Sprite/Materials/Test2D.mat
  artifactKey: Guid(465eef50889bb344c9e7d4dd486c4767) Importer(815301076,1909f56bfc062723c751e8b465ee728b)
Start importing Assets/Arts/Sprite/Materials/Test2D.mat using Guid(465eef50889bb344c9e7d4dd486c4767) Importer(815301076,1909f56bfc062723c751e8b465ee728b)  -> (artifact id: '7a11b84e21555ed609685b5a83889363') in 0.018904 seconds
Number of updated asset objects reloaded before import = 0
Number of asset objects unloaded after import = 2
========================================================================
Received Import Request.
  Time since last request: 0.000025 seconds.
  path: Assets/Sprite Shaders Ultimate/Demo/Materials/Shaders/SSU_Demo_Sharpen.mat
  artifactKey: Guid(5c8a05b0c277680449821b494e2260c1) Importer(815301076,1909f56bfc062723c751e8b465ee728b)
Start importing Assets/Sprite Shaders Ultimate/Demo/Materials/Shaders/SSU_Demo_Sharpen.mat using Guid(5c8a05b0c277680449821b494e2260c1) Importer(815301076,1909f56bfc062723c751e8b465ee728b)  -> (artifact id: '2a9773905299be9c4941022492fb6cd5') in 0.074893 seconds
Number of updated asset objects reloaded before import = 0
Number of asset objects unloaded after import = 3
========================================================================
Received Import Request.
  Time since last request: 0.000023 seconds.
  path: Assets/Sprite Shaders Ultimate/Demo/Materials/Shaders/SSU_Demo_DirectionalAlphaFade.mat
  artifactKey: Guid(0865269f9264e2f4392d8f6273c8608e) Importer(815301076,1909f56bfc062723c751e8b465ee728b)
Start importing Assets/Sprite Shaders Ultimate/Demo/Materials/Shaders/SSU_Demo_DirectionalAlphaFade.mat using Guid(0865269f9264e2f4392d8f6273c8608e) Importer(815301076,1909f56bfc062723c751e8b465ee728b)  -> (artifact id: 'e0f68d440c3f4b26f91a180e5452b17e') in 0.062434 seconds
Number of updated asset objects reloaded before import = 0
Number of asset objects unloaded after import = 3
========================================================================
Received Import Request.
  Time since last request: 0.000029 seconds.
  path: Assets/Sprite Shaders Ultimate/Demo/Materials/Shaders/SSU_Demo_Poison.mat
  artifactKey: Guid(c973cfbe25e0c194fb57567b929c3483) Importer(815301076,1909f56bfc062723c751e8b465ee728b)
Start importing Assets/Sprite Shaders Ultimate/Demo/Materials/Shaders/SSU_Demo_Poison.mat using Guid(c973cfbe25e0c194fb57567b929c3483) Importer(815301076,1909f56bfc062723c751e8b465ee728b)  -> (artifact id: 'e57fc55c499305634f502f144861aea0') in 0.072226 seconds
Number of updated asset objects reloaded before import = 0
Number of asset objects unloaded after import = 3
========================================================================
Received Import Request.
  Time since last request: 0.000035 seconds.
  path: Assets/Sprite Shaders Ultimate/Demo/Materials/Shaders/SSU_Demo_Pixelate.mat
  artifactKey: Guid(fc62512bf9263cb41b0230ee237ac02b) Importer(815301076,1909f56bfc062723c751e8b465ee728b)
Start importing Assets/Sprite Shaders Ultimate/Demo/Materials/Shaders/SSU_Demo_Pixelate.mat using Guid(fc62512bf9263cb41b0230ee237ac02b) Importer(815301076,1909f56bfc062723c751e8b465ee728b)  -> (artifact id: 'f1a76267aacc7e71d3535c12ab5aa133') in 0.059892 seconds
Number of updated asset objects reloaded before import = 0
Number of asset objects unloaded after import = 3
========================================================================
Received Import Request.
  Time since last request: 0.000059 seconds.
  path: Assets/Sprite Shaders Ultimate/Demo/Materials/Example/Demo_Plate.mat
  artifactKey: Guid(8d856104004fadf4ba4b17d575c08a80) Importer(815301076,1909f56bfc062723c751e8b465ee728b)
Start importing Assets/Sprite Shaders Ultimate/Demo/Materials/Example/Demo_Plate.mat using Guid(8d856104004fadf4ba4b17d575c08a80) Importer(815301076,1909f56bfc062723c751e8b465ee728b)  -> (artifact id: '100f41190669430d5ee1066289845971') in 0.059283 seconds
Number of updated asset objects reloaded before import = 0
Number of asset objects unloaded after import = 4
========================================================================
Received Import Request.
  Time since last request: 0.000023 seconds.
  path: Assets/Sprite Shaders Ultimate/Demo/Materials/Shaders/SSU_Demo_OuterOutline2.mat
  artifactKey: Guid(3800ed04f4b1197448771e3deb1d56ec) Importer(815301076,1909f56bfc062723c751e8b465ee728b)
Start importing Assets/Sprite Shaders Ultimate/Demo/Materials/Shaders/SSU_Demo_OuterOutline2.mat using Guid(3800ed04f4b1197448771e3deb1d56ec) Importer(815301076,1909f56bfc062723c751e8b465ee728b)  -> (artifact id: '2f21d60bd02fc7b1959b609896b81e78') in 0.082967 seconds
Number of updated asset objects reloaded before import = 0
Number of asset objects unloaded after import = 3
========================================================================
Received Import Request.
  Time since last request: 0.000547 seconds.
  path: Assets/Sprite Shaders Ultimate/Demo/Materials/Shaders/SSU_Demo_Glitch.mat
  artifactKey: Guid(551590223c18d484eab9e62bfc462166) Importer(815301076,1909f56bfc062723c751e8b465ee728b)
Start importing Assets/Sprite Shaders Ultimate/Demo/Materials/Shaders/SSU_Demo_Glitch.mat using Guid(551590223c18d484eab9e62bfc462166) Importer(815301076,1909f56bfc062723c751e8b465ee728b)  -> (artifact id: '603264284fffb20551f18df150b7f520') in 0.096081 seconds
Number of updated asset objects reloaded before import = 0
Number of asset objects unloaded after import = 3
========================================================================
Received Import Request.
  Time since last request: 0.000028 seconds.
  path: Assets/Sprite Shaders Ultimate/Demo/Materials/Shaders/SSU_Demo_Checkerboard2.mat
  artifactKey: Guid(1a6d506743a5df54fa68e3ee50f4cc7e) Importer(815301076,1909f56bfc062723c751e8b465ee728b)
Start importing Assets/Sprite Shaders Ultimate/Demo/Materials/Shaders/SSU_Demo_Checkerboard2.mat using Guid(1a6d506743a5df54fa68e3ee50f4cc7e) Importer(815301076,1909f56bfc062723c751e8b465ee728b)  -> (artifact id: 'a01a6c9ad0fa90b19fbf76f838841769') in 0.065380 seconds
Number of updated asset objects reloaded before import = 0
Number of asset objects unloaded after import = 3
========================================================================
Received Import Request.
  Time since last request: 0.000031 seconds.
  path: Assets/Sprite Shaders Ultimate/Demo/Materials/Example/Demo_BakedBlur2.mat
  artifactKey: Guid(9b92ab35aa2fe374e9acfd1f111d97ad) Importer(815301076,1909f56bfc062723c751e8b465ee728b)
Start importing Assets/Sprite Shaders Ultimate/Demo/Materials/Example/Demo_BakedBlur2.mat using Guid(9b92ab35aa2fe374e9acfd1f111d97ad) Importer(815301076,1909f56bfc062723c751e8b465ee728b)  -> (artifact id: 'b9d6bd7030eee1fe316543464f81bf87') in 0.021829 seconds
Number of updated asset objects reloaded before import = 0
Number of asset objects unloaded after import = 3
========================================================================
Received Import Request.
  Time since last request: 0.000259 seconds.
  path: Assets/TextMesh Pro/Resources/Fonts & Materials/LiberationSans SDF - Drop Shadow.mat
  artifactKey: Guid(e73a58f6e2794ae7b1b7e50b7fb811b0) Importer(815301076,1909f56bfc062723c751e8b465ee728b)
Start importing Assets/TextMesh Pro/Resources/Fonts & Materials/LiberationSans SDF - Drop Shadow.mat using Guid(e73a58f6e2794ae7b1b7e50b7fb811b0) Importer(815301076,1909f56bfc062723c751e8b465ee728b)  -> (artifact id: '2bf702641cf327c1c434dda44f1a36f9') in 0.058491 seconds
Number of updated asset objects reloaded before import = 0
Number of asset objects unloaded after import = 2
========================================================================
Received Import Request.
  Time since last request: 0.000028 seconds.
  path: Assets/Sprite Shaders Ultimate/Demo/Materials/Shaders/SSU_Demo_PixelOutline2.mat
  artifactKey: Guid(7d786f02a80e2964fa9f1826d2442649) Importer(815301076,1909f56bfc062723c751e8b465ee728b)
Start importing Assets/Sprite Shaders Ultimate/Demo/Materials/Shaders/SSU_Demo_PixelOutline2.mat using Guid(7d786f02a80e2964fa9f1826d2442649) Importer(815301076,1909f56bfc062723c751e8b465ee728b)  -> (artifact id: 'ecb0d2297080f057afcbf7135ea5f780') in 0.078294 seconds
Number of updated asset objects reloaded before import = 0
Number of asset objects unloaded after import = 4
========================================================================
Received Import Request.
  Time since last request: 0.022353 seconds.
  path: Assets/Sprite Shaders Ultimate/Demo/Materials/Shaders/SSU_Demo_Burn.mat
  artifactKey: Guid(113f6f13f48f51b43834f00efde89451) Importer(815301076,1909f56bfc062723c751e8b465ee728b)
Start importing Assets/Sprite Shaders Ultimate/Demo/Materials/Shaders/SSU_Demo_Burn.mat using Guid(113f6f13f48f51b43834f00efde89451) Importer(815301076,1909f56bfc062723c751e8b465ee728b)  -> (artifact id: '96e2b12a369d421df4017c15b79bb7ec') in 0.099507 seconds
Number of updated asset objects reloaded before import = 0
Number of asset objects unloaded after import = 3
========================================================================
Received Import Request.
  Time since last request: 0.000025 seconds.
  path: Assets/Sprite Shaders Ultimate/Demo/Materials/Shaders/SSU_Demo_SineMove.mat
  artifactKey: Guid(f6d44012771ebca4eb5f39cff587982d) Importer(815301076,1909f56bfc062723c751e8b465ee728b)
Start importing Assets/Sprite Shaders Ultimate/Demo/Materials/Shaders/SSU_Demo_SineMove.mat using Guid(f6d44012771ebca4eb5f39cff587982d) Importer(815301076,1909f56bfc062723c751e8b465ee728b)  -> (artifact id: 'fc87c1229050894970d24c588ea40784') in 0.050739 seconds
Number of updated asset objects reloaded before import = 0
Number of asset objects unloaded after import = 3
========================================================================
Received Import Request.
  Time since last request: 0.000126 seconds.
  path: Assets/Sprite Shaders Ultimate/Demo/Materials/Shaders/SSU_Demo_UVRotate.mat
  artifactKey: Guid(c9912d6a47e99144a870f24476c54fcb) Importer(815301076,1909f56bfc062723c751e8b465ee728b)
Start importing Assets/Sprite Shaders Ultimate/Demo/Materials/Shaders/SSU_Demo_UVRotate.mat using Guid(c9912d6a47e99144a870f24476c54fcb) Importer(815301076,1909f56bfc062723c751e8b465ee728b)  -> (artifact id: '1d70469cedcde694a9f4fa88ac5357f8') in 0.065800 seconds
Number of updated asset objects reloaded before import = 0
Number of asset objects unloaded after import = 3
========================================================================
Received Import Request.
  Time since last request: 0.004318 seconds.
  path: Assets/Sprite Shaders Ultimate/Demo/Materials/Shaders/SSU_Demo_Shifting.mat
  artifactKey: Guid(ebf399f6f809e154baa14d73dfcf3196) Importer(815301076,1909f56bfc062723c751e8b465ee728b)
Start importing Assets/Sprite Shaders Ultimate/Demo/Materials/Shaders/SSU_Demo_Shifting.mat using Guid(ebf399f6f809e154baa14d73dfcf3196) Importer(815301076,1909f56bfc062723c751e8b465ee728b)  -> (artifact id: '12ceb84f61d53d408a67065d85067564') in 0.063292 seconds
Number of updated asset objects reloaded before import = 0
Number of asset objects unloaded after import = 3
========================================================================
Received Import Request.
  Time since last request: 0.000021 seconds.
  path: Assets/Sprite Shaders Ultimate/Demo/Materials/Shaders/SSU_Demo_InnerOutline2.mat
  artifactKey: Guid(49fdc002f9724c649b71a2af193d116a) Importer(815301076,1909f56bfc062723c751e8b465ee728b)
Start importing Assets/Sprite Shaders Ultimate/Demo/Materials/Shaders/SSU_Demo_InnerOutline2.mat using Guid(49fdc002f9724c649b71a2af193d116a) Importer(815301076,1909f56bfc062723c751e8b465ee728b)  -> (artifact id: '3aefc2465f2cf14a6744001efc8d0c5d') in 0.061117 seconds
Number of updated asset objects reloaded before import = 0
Number of asset objects unloaded after import = 3
========================================================================
Received Import Request.
  Time since last request: 0.001692 seconds.
  path: Assets/Sprite Shaders Ultimate/Demo/Materials/Shaders/SSU_Demo_OuterOutline.mat
  artifactKey: Guid(73934b3be3ea718429df543406f091df) Importer(815301076,1909f56bfc062723c751e8b465ee728b)
Start importing Assets/Sprite Shaders Ultimate/Demo/Materials/Shaders/SSU_Demo_OuterOutline.mat using Guid(73934b3be3ea718429df543406f091df) Importer(815301076,1909f56bfc062723c751e8b465ee728b)  -> (artifact id: '372e2af13e88c999fde273c9600eefc2') in 0.058353 seconds
Number of updated asset objects reloaded before import = 0
Number of asset objects unloaded after import = 3
========================================================================
Received Import Request.
  Time since last request: 0.000032 seconds.
  path: Assets/Sprite Shaders Ultimate/Demo/Materials/Shaders/SSU_Demo_Shine.mat
  artifactKey: Guid(be97da0cf3ede0c44b584412658fa111) Importer(815301076,1909f56bfc062723c751e8b465ee728b)
Start importing Assets/Sprite Shaders Ultimate/Demo/Materials/Shaders/SSU_Demo_Shine.mat using Guid(be97da0cf3ede0c44b584412658fa111) Importer(815301076,1909f56bfc062723c751e8b465ee728b)  -> (artifact id: 'f92f04fe80d748dd935bc59f71d84101') in 0.097583 seconds
Number of updated asset objects reloaded before import = 0
Number of asset objects unloaded after import = 3
========================================================================
Received Import Request.
  Time since last request: 0.001419 seconds.
  path: Assets/Sprite Shaders Ultimate/Demo/Materials/Shaders/SSU_Demo_Hologram.mat
  artifactKey: Guid(3f77b931513575940a6c5aa3bb2294b8) Importer(815301076,1909f56bfc062723c751e8b465ee728b)
Start importing Assets/Sprite Shaders Ultimate/Demo/Materials/Shaders/SSU_Demo_Hologram.mat using Guid(3f77b931513575940a6c5aa3bb2294b8) Importer(815301076,1909f56bfc062723c751e8b465ee728b)  -> (artifact id: 'b58e96a8c4e852daca653d1637eccab7') in 0.067040 seconds
Number of updated asset objects reloaded before import = 0
Number of asset objects unloaded after import = 3
========================================================================
Received Import Request.
  Time since last request: 0.000024 seconds.
  path: Assets/Arts/Terrain/Scene_Terrain_Low_Entrance/Scene_Terrain_Low_Entrance.obj
  artifactKey: Guid(e8996564b9cbc0d44a73c79034fecc25) Importer(815301076,1909f56bfc062723c751e8b465ee728b)
Start importing Assets/Arts/Terrain/Scene_Terrain_Low_Entrance/Scene_Terrain_Low_Entrance.obj using Guid(e8996564b9cbc0d44a73c79034fecc25) Importer(815301076,1909f56bfc062723c751e8b465ee728b)  -> (artifact id: 'aca032c70ac03f1b95890157c59fd25a') in 0.058821 seconds
Number of updated asset objects reloaded before import = 0
Number of asset objects unloaded after import = 12
========================================================================
Received Import Request.
  Time since last request: 0.000023 seconds.
  path: Assets/Sprite Shaders Ultimate/Demo/Materials/Example/Demo_SecretArea.mat
  artifactKey: Guid(0104eeca7a1435c41942e50a1c901193) Importer(815301076,1909f56bfc062723c751e8b465ee728b)
Start importing Assets/Sprite Shaders Ultimate/Demo/Materials/Example/Demo_SecretArea.mat using Guid(0104eeca7a1435c41942e50a1c901193) Importer(815301076,1909f56bfc062723c751e8b465ee728b)  -> (artifact id: 'f27ce03675f9b1fdd719c9142916466f') in 0.063908 seconds
Number of updated asset objects reloaded before import = 0
Number of asset objects unloaded after import = 3
========================================================================
Received Import Request.
  Time since last request: 0.000257 seconds.
  path: Assets/Sprite Shaders Ultimate/Demo/Materials/Shaders/SSU_Demo_Enchanted2.mat
  artifactKey: Guid(4007b9f9115537a488075c6519435084) Importer(815301076,1909f56bfc062723c751e8b465ee728b)
Start importing Assets/Sprite Shaders Ultimate/Demo/Materials/Shaders/SSU_Demo_Enchanted2.mat using Guid(4007b9f9115537a488075c6519435084) Importer(815301076,1909f56bfc062723c751e8b465ee728b)  -> (artifact id: '97452ecf0eb99ca3decedfd118170fd4') in 0.070582 seconds
Number of updated asset objects reloaded before import = 0
Number of asset objects unloaded after import = 3
========================================================================
Received Import Request.
  Time since last request: 0.000510 seconds.
  path: Assets/Sprite Shaders Ultimate/Demo/Materials/Example/Demo_Halftone.mat
  artifactKey: Guid(22a62c0e3696e794bb81d57dbe7ace29) Importer(815301076,1909f56bfc062723c751e8b465ee728b)
Start importing Assets/Sprite Shaders Ultimate/Demo/Materials/Example/Demo_Halftone.mat using Guid(22a62c0e3696e794bb81d57dbe7ace29) Importer(815301076,1909f56bfc062723c751e8b465ee728b)  -> (artifact id: 'daa21997313267a4244a48fead622813') in 0.068436 seconds
Number of updated asset objects reloaded before import = 0
Number of asset objects unloaded after import = 3
========================================================================
Received Import Request.
  Time since last request: 0.007200 seconds.
  path: Assets/New UI Widgets/Assets/Materials/UIGradientPlaneRGB.mat
  artifactKey: Guid(e9bce3c58e926db40b89912c146b2eb9) Importer(815301076,1909f56bfc062723c751e8b465ee728b)
Start importing Assets/New UI Widgets/Assets/Materials/UIGradientPlaneRGB.mat using Guid(e9bce3c58e926db40b89912c146b2eb9) Importer(815301076,1909f56bfc062723c751e8b465ee728b)  -> (artifact id: 'c1bb6040c109338e035538a5aea49e40') in 0.022666 seconds
Number of updated asset objects reloaded before import = 0
Number of asset objects unloaded after import = 1
========================================================================
Received Import Request.
  Time since last request: 0.000025 seconds.
  path: Assets/Arts/Material/Terrain/PureBlackLightRecv.mat
  artifactKey: Guid(06bfef89b64b79a4388141d72a3fcfef) Importer(815301076,1909f56bfc062723c751e8b465ee728b)
Start importing Assets/Arts/Material/Terrain/PureBlackLightRecv.mat using Guid(06bfef89b64b79a4388141d72a3fcfef) Importer(815301076,1909f56bfc062723c751e8b465ee728b)  -> (artifact id: '9432f2087e7413c5bc3ef48194e31512') in 0.036745 seconds
Number of updated asset objects reloaded before import = 0
Number of asset objects unloaded after import = 1
========================================================================
Received Import Request.
  Time since last request: 0.000670 seconds.
  path: Assets/Arts/Terrain/Scene_Terrain_GuildLow/Scene_Terrain_GuildLow.obj
  artifactKey: Guid(bf3f22a9252410d47a1f9b3fbab6f647) Importer(815301076,1909f56bfc062723c751e8b465ee728b)
Start importing Assets/Arts/Terrain/Scene_Terrain_GuildLow/Scene_Terrain_GuildLow.obj using Guid(bf3f22a9252410d47a1f9b3fbab6f647) Importer(815301076,1909f56bfc062723c751e8b465ee728b)  -> (artifact id: '2a897cf1488ebbd96bd627cda36e0b3f') in 0.084870 seconds
Number of updated asset objects reloaded before import = 0
Number of asset objects unloaded after import = 12
========================================================================
Received Import Request.
  Time since last request: 0.003808 seconds.
  path: Assets/Arts/Material/Terrain/GuildHighMaterial.mat
  artifactKey: Guid(8905625d6b698c549a07500d31788a30) Importer(815301076,1909f56bfc062723c751e8b465ee728b)
Start importing Assets/Arts/Material/Terrain/GuildHighMaterial.mat using Guid(8905625d6b698c549a07500d31788a30) Importer(815301076,1909f56bfc062723c751e8b465ee728b)  -> (artifact id: 'fb2d3fa0c34a9079260009424d6967c7') in 0.024553 seconds
Number of updated asset objects reloaded before import = 0
Number of asset objects unloaded after import = 2
========================================================================
Received Import Request.
  Time since last request: 0.014754 seconds.
  path: Assets/Sprite Shaders Ultimate/Demo/Materials/Shaders/SSU_Demo_FullDistortion.mat
  artifactKey: Guid(ad83c1efa5b02644088f9fc5896226d1) Importer(815301076,1909f56bfc062723c751e8b465ee728b)
Start importing Assets/Sprite Shaders Ultimate/Demo/Materials/Shaders/SSU_Demo_FullDistortion.mat using Guid(ad83c1efa5b02644088f9fc5896226d1) Importer(815301076,1909f56bfc062723c751e8b465ee728b)  -> (artifact id: '5260144b4f1d77cf565f84783903bc2e') in 0.068552 seconds
Number of updated asset objects reloaded before import = 0
Number of asset objects unloaded after import = 3
========================================================================
Received Import Request.
  Time since last request: 0.000191 seconds.
  path: Assets/Arts/Shader/SpriteShaderShadow.shadergraph
  artifactKey: Guid(b1b0e7204c2f4834b8a06d95faac9c27) Importer(815301076,1909f56bfc062723c751e8b465ee728b)
Start importing Assets/Arts/Shader/SpriteShaderShadow.shadergraph using Guid(b1b0e7204c2f4834b8a06d95faac9c27) Importer(815301076,1909f56bfc062723c751e8b465ee728b)  -> (artifact id: '3d78bf2c88508ac4c7846da25aee88f8') in 1.592801 seconds
Number of updated asset objects reloaded before import = 0
Number of asset objects unloaded after import = 1
Editor requested this worker to shutdown with reason: Scaling down because of idle timeout
AssetImportWorker is now disconnected from the server
Process exiting
Exiting without the bug reporter. Application will terminate with return code 0