Using pre-set license
Built from '2021.3/staging' branch; Version is '2021.3.16f1 (4016570cf34f) revision 4200023'; Using compiler version '192829333'; Build Type 'Release'
OS: 'Windows 10  (10.0.19044) 64bit Professional' Language: 'zh' Physical Memory: 32627 MB
BatchMode: 1, IsHumanControllingUs: 0, StartBugReporterOnCrash: 0, Is64bit: 1, IsPro: 1

COMMAND LINE ARGUMENTS:
C:\Program Files\Unity\Hub\Editor\2021.3.16f1\Editor\Unity.exe
-adb2
-batchMode
-noUpm
-name
AssetImportWorker2
-projectPath
D:/CS/ICS169/Capstone/ProjectCapstone
-logFile
Logs/AssetImportWorker2.log
-srvPort
58741
Successfully changed project path to: D:/CS/ICS169/Capstone/ProjectCapstone
D:/CS/ICS169/Capstone/ProjectCapstone
[UnityMemory] Configuration Parameters - Can be set up in boot.config
    "memorysetup-bucket-allocator-granularity=16"
    "memorysetup-bucket-allocator-bucket-count=8"
    "memorysetup-bucket-allocator-block-size=33554432"
    "memorysetup-bucket-allocator-block-count=8"
    "memorysetup-main-allocator-block-size=16777216"
    "memorysetup-thread-allocator-block-size=16777216"
    "memorysetup-gfx-main-allocator-block-size=16777216"
    "memorysetup-gfx-thread-allocator-block-size=16777216"
    "memorysetup-cache-allocator-block-size=4194304"
    "memorysetup-typetree-allocator-block-size=2097152"
    "memorysetup-profiler-bucket-allocator-granularity=16"
    "memorysetup-profiler-bucket-allocator-bucket-count=8"
    "memorysetup-profiler-bucket-allocator-block-size=33554432"
    "memorysetup-profiler-bucket-allocator-block-count=8"
    "memorysetup-profiler-allocator-block-size=16777216"
    "memorysetup-profiler-editor-allocator-block-size=1048576"
    "memorysetup-temp-allocator-size-main=16777216"
    "memorysetup-job-temp-allocator-block-size=2097152"
    "memorysetup-job-temp-allocator-block-size-background=1048576"
    "memorysetup-job-temp-allocator-reduction-small-platforms=262144"
    "memorysetup-temp-allocator-size-background-worker=32768"
    "memorysetup-temp-allocator-size-job-worker=262144"
    "memorysetup-temp-allocator-size-preload-manager=33554432"
    "memorysetup-temp-allocator-size-nav-mesh-worker=65536"
    "memorysetup-temp-allocator-size-audio-worker=65536"
    "memorysetup-temp-allocator-size-cloud-worker=32768"
    "memorysetup-temp-allocator-size-gi-baking-worker=262144"
    "memorysetup-temp-allocator-size-gfx=262144"
Player connection [60084] Host "[IP] 192.168.1.219 [Port] 0 [Flags] 2 [Guid] 2546256171 [EditorId] 2546256171 [Version] 1048832 [Id] WindowsEditor(7,DESKTOP-8076NJ7) [Debug] 1 [PackageName] WindowsEditor [ProjectName] Editor" joined multi-casting on [225.0.0.222:54997]...

Player connection [60084] Host "[IP] 192.168.1.219 [Port] 0 [Flags] 2 [Guid] 2546256171 [EditorId] 2546256171 [Version] 1048832 [Id] WindowsEditor(7,DESKTOP-8076NJ7) [Debug] 1 [PackageName] WindowsEditor [ProjectName] Editor" joined alternative multi-casting on [225.0.0.222:34997]...

Refreshing native plugins compatible for Editor in 229.37 ms, found 4 plugins.
Preloading 0 native plugins for Editor in 0.00 ms.
Initialize engine version: 2021.3.16f1 (4016570cf34f)
[Subsystems] Discovering subsystems at path C:/Program Files/Unity/Hub/Editor/2021.3.16f1/Editor/Data/Resources/UnitySubsystems
[Subsystems] Discovering subsystems at path D:/CS/ICS169/Capstone/ProjectCapstone/Assets
GfxDevice: creating device client; threaded=0; jobified=0
Direct3D:
    Version:  Direct3D 11.0 [level 11.1]
    Renderer: NVIDIA GeForce RTX 3080 (ID=0x220a)
    Vendor:   NVIDIA
    VRAM:     12107 MB
    Driver:   31.0.15.3623
Initialize mono
Mono path[0] = 'C:/Program Files/Unity/Hub/Editor/2021.3.16f1/Editor/Data/Managed'
Mono path[1] = 'C:/Program Files/Unity/Hub/Editor/2021.3.16f1/Editor/Data/MonoBleedingEdge/lib/mono/unityjit-win32'
Mono config path = 'C:/Program Files/Unity/Hub/Editor/2021.3.16f1/Editor/Data/MonoBleedingEdge/etc'
Using monoOptions --debugger-agent=transport=dt_socket,embedding=1,server=y,suspend=n,address=127.0.0.1:56836
Begin MonoManager ReloadAssembly
Registering precompiled unity dll's ...
Register platform support module: C:/Program Files/Unity/Hub/Editor/2021.3.16f1/Editor/Data/PlaybackEngines/WebGLSupport/UnityEditor.WebGL.Extensions.dll
Register platform support module: C:/Program Files/Unity/Hub/Editor/2021.3.16f1/Editor/Data/PlaybackEngines/WindowsStandaloneSupport/UnityEditor.WindowsStandalone.Extensions.dll
Register platform support module: C:/Program Files/Unity/Hub/Editor/2021.3.16f1/Editor/Data/PlaybackEngines/LinuxStandaloneSupport/UnityEditor.LinuxStandalone.Extensions.dll
Registered in 0.013539 seconds.
Native extension for LinuxStandalone target not found
Native extension for WindowsStandalone target not found
Native extension for WebGL target not found
Refreshing native plugins compatible for Editor in 219.19 ms, found 4 plugins.
Preloading 0 native plugins for Editor in 0.00 ms.
Mono: successfully reloaded assembly
- Completed reload, in  0.953 seconds
Domain Reload Profiling:
	ReloadAssembly (954ms)
		BeginReloadAssembly (98ms)
			ExecutionOrderSort (0ms)
			DisableScriptedObjects (0ms)
			BackupInstance (0ms)
			ReleaseScriptingObjects (0ms)
			CreateAndSetChildDomain (1ms)
		EndReloadAssembly (713ms)
			LoadAssemblies (95ms)
			RebuildTransferFunctionScriptingTraits (0ms)
			SetupTypeCache (127ms)
			ReleaseScriptCaches (0ms)
			RebuildScriptCaches (39ms)
			SetupLoadedEditorAssemblies (478ms)
				LogAssemblyErrors (0ms)
				InitializePlatformSupportModulesInManaged (18ms)
				SetLoadedEditorAssemblies (0ms)
				RefreshPlugins (219ms)
				BeforeProcessingInitializeOnLoad (2ms)
				ProcessInitializeOnLoadAttributes (183ms)
				ProcessInitializeOnLoadMethodAttributes (55ms)
				AfterProcessingInitializeOnLoad (0ms)
				EditorAssembliesLoaded (0ms)
			ExecutionOrderSort2 (0ms)
			AwakeInstancesAfterBackupRestoration (0ms)
Platform modules already initialized, skipping
Registering precompiled user dll's ...
Registered in 0.010002 seconds.
Begin MonoManager ReloadAssembly
Symbol file LoadedFromMemory doesn't match image D:\CS\ICS169\Capstone\ProjectCapstone\Library\PackageCache\com.unity.visualscripting@1.7.8\Editor\VisualScripting.Core\Dependencies\YamlDotNet\Unity.VisualScripting.YamlDotNet.dll
Symbol file LoadedFromMemory doesn't match image D:\CS\ICS169\Capstone\ProjectCapstone\Library\PackageCache\com.unity.visualscripting@1.7.8\Editor\VisualScripting.Core\Dependencies\DotNetZip\Unity.VisualScripting.IonicZip.dll
Native extension for LinuxStandalone target not found
Native extension for WindowsStandalone target not found
Native extension for WebGL target not found
Refreshing native plugins compatible for Editor in 260.52 ms, found 4 plugins.
Preloading 0 native plugins for Editor in 0.00 ms.
Mono: successfully reloaded assembly
- Completed reload, in  4.311 seconds
Domain Reload Profiling:
	ReloadAssembly (4312ms)
		BeginReloadAssembly (130ms)
			ExecutionOrderSort (0ms)
			DisableScriptedObjects (7ms)
			BackupInstance (0ms)
			ReleaseScriptingObjects (0ms)
			CreateAndSetChildDomain (20ms)
		EndReloadAssembly (4020ms)
			LoadAssemblies (141ms)
			RebuildTransferFunctionScriptingTraits (0ms)
			SetupTypeCache (474ms)
			ReleaseScriptCaches (1ms)
			RebuildScriptCaches (169ms)
			SetupLoadedEditorAssemblies (3165ms)
				LogAssemblyErrors (0ms)
				InitializePlatformSupportModulesInManaged (16ms)
				SetLoadedEditorAssemblies (0ms)
				RefreshPlugins (261ms)
				BeforeProcessingInitializeOnLoad (246ms)
				ProcessInitializeOnLoadAttributes (2393ms)
				ProcessInitializeOnLoadMethodAttributes (237ms)
				AfterProcessingInitializeOnLoad (12ms)
				EditorAssembliesLoaded (0ms)
			ExecutionOrderSort2 (0ms)
			AwakeInstancesAfterBackupRestoration (8ms)
Platform modules already initialized, skipping
========================================================================
Worker process is ready to serve import requests
Launched and connected shader compiler UnityShaderCompiler.exe after 0.06 seconds
Refreshing native plugins compatible for Editor in 1.34 ms, found 4 plugins.
Preloading 0 native plugins for Editor in 0.00 ms.
Unloading 8381 Unused Serialized files (Serialized files now loaded: 0)
Unloading 76 unused Assets / (9.8 MB). Loaded Objects now: 8833.
Memory consumption went from 394.2 MB to 384.4 MB.
Total: 7.152900 ms (FindLiveObjects: 1.014300 ms CreateObjectMapping: 0.332100 ms MarkObjects: 3.278300 ms  DeleteObjects: 2.526600 ms)

AssetImportParameters requested are different than current active one (requested -> active):
  custom:video-decoder-ogg-theora: a1e56fd34408186e4bbccfd4996cb3dc -> 
  custom:container-muxer-webm: aa71ff27fc2769a1b78a27578f13a17b -> 
  custom:container-demuxer-webm: 4f35f7cbe854078d1ac9338744f61a02 -> 
  custom:video-encoder-webm-vp8: eb34c28f22e8b96e1ab97ce403110664 -> 
  custom:video-codec-MediaFoundation-h265: 746d11721c4dcdbdad8f713fa42b33f4 -> 
  custom:audio-encoder-webm-vorbis: bf7c407c2cedff20999df2af8eb42d56 -> 
  custom:framework-win-MediaFoundation: 216162199b28c13a410421893ffa2e32 -> 
  custom:container-demuxer-ogg: 62fdf1f143b41e24485cea50d1cbac27 -> 
  custom:video-decoder-webm-vp8: 9c59270c3fd7afecdb556c50c9e8de78 -> 
  custom:audio-decoder-ogg-vorbis: bf7c407c2cedff20999df2af8eb42d56 -> 
========================================================================
Received Import Request.
  Time since last request: 665231.638084 seconds.
  path: Assets/Arts/UI/Menu/Assets/IMG_6379.PNG
  artifactKey: Guid(649d5528e428ee4429fdea3ee4b3ab6d) Importer(815301076,1909f56bfc062723c751e8b465ee728b)
Start importing Assets/Arts/UI/Menu/Assets/IMG_6379.PNG using Guid(649d5528e428ee4429fdea3ee4b3ab6d) Importer(815301076,1909f56bfc062723c751e8b465ee728b)  -> (artifact id: 'f09c45d1c0508fba3557d145e637ecf8') in 0.095601 seconds 
========================================================================
Received Import Request.
  Time since last request: 13.929942 seconds.
  path: Assets/Arts/UI/Menu/Assets/Img_Menu_Notes.PNG
  artifactKey: Guid(649d5528e428ee4429fdea3ee4b3ab6d) Importer(815301076,1909f56bfc062723c751e8b465ee728b)
Start importing Assets/Arts/UI/Menu/Assets/Img_Menu_Notes.PNG using Guid(649d5528e428ee4429fdea3ee4b3ab6d) Importer(815301076,1909f56bfc062723c751e8b465ee728b)  -> (artifact id: '14fb779c1da704b58268eee4aaed3e0d') in 0.011552 seconds 
========================================================================
Received Import Request.
  Time since last request: 7.609894 seconds.
  path: Assets/Arts/UI/Menu/Assets/Img_Menu_Characters.PNG
  artifactKey: Guid(d913330c4b948474b94cccff8606f401) Importer(815301076,1909f56bfc062723c751e8b465ee728b)
Start importing Assets/Arts/UI/Menu/Assets/Img_Menu_Characters.PNG using Guid(d913330c4b948474b94cccff8606f401) Importer(815301076,1909f56bfc062723c751e8b465ee728b)  -> (artifact id: '334b9459aae1a96440f3936307ee506e') in 0.009578 seconds 
========================================================================
Received Import Request.
  Time since last request: 7.944328 seconds.
  path: Assets/Arts/UI/Menu/Assets/Ing_Menu_Quit.PNG
  artifactKey: Guid(15d2efc15a6a68346995c8221998d6df) Importer(815301076,1909f56bfc062723c751e8b465ee728b)
Start importing Assets/Arts/UI/Menu/Assets/Ing_Menu_Quit.PNG using Guid(15d2efc15a6a68346995c8221998d6df) Importer(815301076,1909f56bfc062723c751e8b465ee728b)  -> (artifact id: 'c608c3c3ce2c0eb07e7af69e4ee4395a') in 0.008873 seconds 
========================================================================
Received Import Request.
  Time since last request: 11.530834 seconds.
  path: Assets/Arts/UI/Menu/Assets/Img_Menu_Hom3.PNG
  artifactKey: Guid(b3384ab3b0ed71145aad5e7d1c339d97) Importer(815301076,1909f56bfc062723c751e8b465ee728b)
Start importing Assets/Arts/UI/Menu/Assets/Img_Menu_Hom3.PNG using Guid(b3384ab3b0ed71145aad5e7d1c339d97) Importer(815301076,1909f56bfc062723c751e8b465ee728b)  -> (artifact id: 'd6edf35f3add2a754571645064b6bce0') in 0.009058 seconds 
========================================================================
Received Import Request.
  Time since last request: 9.975759 seconds.
  path: Assets/Arts/UI/Menu/Assets/Img_Menu_Settings.PNG
  artifactKey: Guid(ed958243c09d2d44aa38e50b3a50344f) Importer(815301076,1909f56bfc062723c751e8b465ee728b)
Start importing Assets/Arts/UI/Menu/Assets/Img_Menu_Settings.PNG using Guid(ed958243c09d2d44aa38e50b3a50344f) Importer(815301076,1909f56bfc062723c751e8b465ee728b)  -> (artifact id: 'c0fd7727c790b58448efea320d22c832') in 0.011995 seconds 
========================================================================
Received Import Request.
  Time since last request: 8.898377 seconds.
  path: Assets/Arts/UI/Menu/Assets/Img_Menu.PNG
  artifactKey: Guid(f7acf2b167c8632439bbd93c1987fc24) Importer(815301076,1909f56bfc062723c751e8b465ee728b)
Start importing Assets/Arts/UI/Menu/Assets/Img_Menu.PNG using Guid(f7acf2b167c8632439bbd93c1987fc24) Importer(815301076,1909f56bfc062723c751e8b465ee728b)  -> (artifact id: '20e23e9bd439d7db13004af43108fe66') in 0.041053 seconds 
========================================================================
Received Import Request.
  Time since last request: 3.404827 seconds.
  path: Assets/Arts/UI/Menu/Assets/Img_Menu.PNG
  artifactKey: Guid(f7acf2b167c8632439bbd93c1987fc24) Importer(815301076,1909f56bfc062723c751e8b465ee728b)
Start importing Assets/Arts/UI/Menu/Assets/Img_Menu.PNG using Guid(f7acf2b167c8632439bbd93c1987fc24) Importer(815301076,1909f56bfc062723c751e8b465ee728b)  -> (artifact id: 'b53f7c2d67a3f0ea73e68d0d25e67be1') in 0.021543 seconds 
========================================================================
Received Import Request.
  Time since last request: 6.439558 seconds.
  path: Assets/Arts/UI/Menu/Assets/Img_Menu_Characters.PNG
  artifactKey: Guid(d913330c4b948474b94cccff8606f401) Importer(815301076,1909f56bfc062723c751e8b465ee728b)
Start importing Assets/Arts/UI/Menu/Assets/Img_Menu_Characters.PNG using Guid(d913330c4b948474b94cccff8606f401) Importer(815301076,1909f56bfc062723c751e8b465ee728b)  -> (artifact id: '8bb0f6faa4075e2af36822c7abbd21d7') in 0.013199 seconds 
========================================================================
Received Import Request.
  Time since last request: 15.112549 seconds.
  path: Assets/Arts/UI/Menu/Assets
  artifactKey: Guid(443835024ab856d40a9b5cd8c6298979) Importer(815301076,1909f56bfc062723c751e8b465ee728b)
Start importing Assets/Arts/UI/Menu/Assets using Guid(443835024ab856d40a9b5cd8c6298979) Importer(815301076,1909f56bfc062723c751e8b465ee728b)  -> (artifact id: '7bcef309126a0e3f89b636d0ca227d2e') in 0.001752 seconds 
========================================================================
Received Import Request.
  Time since last request: 2.782554 seconds.
  path: Assets/Arts/UI/Menu/Assets/Img_Menu.PNG
  artifactKey: Guid(f7acf2b167c8632439bbd93c1987fc24) Importer(815301076,1909f56bfc062723c751e8b465ee728b)
Start importing Assets/Arts/UI/Menu/Assets/Img_Menu.PNG using Guid(f7acf2b167c8632439bbd93c1987fc24) Importer(815301076,1909f56bfc062723c751e8b465ee728b)  -> (artifact id: 'c6f87d186f1f90b19b6defbcd778b858') in 0.209964 seconds 
========================================================================
Received Import Request.
  Time since last request: 486.066287 seconds.
  path: Assets/Arts/UI/Menu/Assets/Img_Menu_Notes.PNG
  artifactKey: Guid(649d5528e428ee4429fdea3ee4b3ab6d) Importer(815301076,1909f56bfc062723c751e8b465ee728b)
Start importing Assets/Arts/UI/Menu/Assets/Img_Menu_Notes.PNG using Guid(649d5528e428ee4429fdea3ee4b3ab6d) Importer(815301076,1909f56bfc062723c751e8b465ee728b)  -> (artifact id: 'a2070e9309803592bfa6849aaf281c9e') in 0.033663 seconds 
========================================================================
Received Import Request.
  Time since last request: 6.321851 seconds.
  path: Assets/Arts/UI/Menu/Assets/Img_Menu_Characters.PNG
  artifactKey: Guid(d913330c4b948474b94cccff8606f401) Importer(815301076,1909f56bfc062723c751e8b465ee728b)
Start importing Assets/Arts/UI/Menu/Assets/Img_Menu_Characters.PNG using Guid(d913330c4b948474b94cccff8606f401) Importer(815301076,1909f56bfc062723c751e8b465ee728b)  -> (artifact id: '5f1ea6e3111fb3975dd645211a1f28eb') in 0.034032 seconds 
========================================================================
Received Import Request.
  Time since last request: 8.401559 seconds.
  path: Assets/Arts/UI/Menu/Assets/Img_Menu_Settings.PNG
  artifactKey: Guid(ed958243c09d2d44aa38e50b3a50344f) Importer(815301076,1909f56bfc062723c751e8b465ee728b)
Start importing Assets/Arts/UI/Menu/Assets/Img_Menu_Settings.PNG using Guid(ed958243c09d2d44aa38e50b3a50344f) Importer(815301076,1909f56bfc062723c751e8b465ee728b)  -> (artifact id: 'b0a3941d1151750d05dcdf28ce8b7f93') in 0.019011 seconds 
========================================================================
Received Import Request.
  Time since last request: 5.317221 seconds.
  path: Assets/Arts/UI/Menu/Assets/Ing_Menu_Quit.PNG
  artifactKey: Guid(15d2efc15a6a68346995c8221998d6df) Importer(815301076,1909f56bfc062723c751e8b465ee728b)
Start importing Assets/Arts/UI/Menu/Assets/Ing_Menu_Quit.PNG using Guid(15d2efc15a6a68346995c8221998d6df) Importer(815301076,1909f56bfc062723c751e8b465ee728b)  -> (artifact id: '54318951ea2fb6ae2c6c7071e3e24786') in 0.017526 seconds 
========================================================================
Received Import Request.
  Time since last request: 2.295164 seconds.
  path: Assets/Arts/UI/Menu/Assets/Img_Menu_Hom3.PNG
  artifactKey: Guid(b3384ab3b0ed71145aad5e7d1c339d97) Importer(815301076,1909f56bfc062723c751e8b465ee728b)
Start importing Assets/Arts/UI/Menu/Assets/Img_Menu_Hom3.PNG using Guid(b3384ab3b0ed71145aad5e7d1c339d97) Importer(815301076,1909f56bfc062723c751e8b465ee728b)  -> (artifact id: '0429a5ebecba4885445841ac6dd33e39') in 0.016092 seconds 
========================================================================
Received Prepare
Registering precompiled user dll's ...
Registered in 0.009630 seconds.
Begin MonoManager ReloadAssembly
Symbol file LoadedFromMemory doesn't match image D:\CS\ICS169\Capstone\ProjectCapstone\Library\PackageCache\com.unity.visualscripting@1.7.8\Editor\VisualScripting.Core\Dependencies\YamlDotNet\Unity.VisualScripting.YamlDotNet.dll
Symbol file LoadedFromMemory doesn't match image D:\CS\ICS169\Capstone\ProjectCapstone\Library\PackageCache\com.unity.visualscripting@1.7.8\Editor\VisualScripting.Core\Dependencies\DotNetZip\Unity.VisualScripting.IonicZip.dll
Native extension for LinuxStandalone target not found
Native extension for WindowsStandalone target not found
Native extension for WebGL target not found
Refreshing native plugins compatible for Editor in 2.18 ms, found 4 plugins.
Preloading 0 native plugins for Editor in 0.00 ms.
Mono: successfully reloaded assembly
- Completed reload, in  4.642 seconds
Domain Reload Profiling:
	ReloadAssembly (4643ms)
		BeginReloadAssembly (210ms)
			ExecutionOrderSort (0ms)
			DisableScriptedObjects (7ms)
			BackupInstance (0ms)
			ReleaseScriptingObjects (0ms)
			CreateAndSetChildDomain (65ms)
		EndReloadAssembly (4299ms)
			LoadAssemblies (153ms)
			RebuildTransferFunctionScriptingTraits (0ms)
			SetupTypeCache (430ms)
			ReleaseScriptCaches (2ms)
			RebuildScriptCaches (104ms)
			SetupLoadedEditorAssemblies (3453ms)
				LogAssemblyErrors (0ms)
				InitializePlatformSupportModulesInManaged (27ms)
				SetLoadedEditorAssemblies (1ms)
				RefreshPlugins (2ms)
				BeforeProcessingInitializeOnLoad (173ms)
				ProcessInitializeOnLoadAttributes (3193ms)
				ProcessInitializeOnLoadMethodAttributes (44ms)
				AfterProcessingInitializeOnLoad (12ms)
				EditorAssembliesLoaded (0ms)
			ExecutionOrderSort2 (0ms)
			AwakeInstancesAfterBackupRestoration (50ms)
Platform modules already initialized, skipping
Refreshing native plugins compatible for Editor in 3.79 ms, found 4 plugins.
Preloading 0 native plugins for Editor in 0.00 ms.
Unloading 7996 Unused Serialized files (Serialized files now loaded: 0)
Unloading 66 unused Assets / (9.8 MB). Loaded Objects now: 8849.
Memory consumption went from 378.0 MB to 368.3 MB.
Total: 6.666300 ms (FindLiveObjects: 0.727400 ms CreateObjectMapping: 0.267700 ms MarkObjects: 3.068500 ms  DeleteObjects: 2.601500 ms)

AssetImportParameters requested are different than current active one (requested -> active):
  custom:video-decoder-ogg-theora: a1e56fd34408186e4bbccfd4996cb3dc -> 
  custom:container-muxer-webm: aa71ff27fc2769a1b78a27578f13a17b -> 
  custom:container-demuxer-webm: 4f35f7cbe854078d1ac9338744f61a02 -> 
  custom:video-encoder-webm-vp8: eb34c28f22e8b96e1ab97ce403110664 -> 
  custom:video-codec-MediaFoundation-h265: 746d11721c4dcdbdad8f713fa42b33f4 -> 
  custom:audio-encoder-webm-vorbis: bf7c407c2cedff20999df2af8eb42d56 -> 
  custom:framework-win-MediaFoundation: 216162199b28c13a410421893ffa2e32 -> 
  custom:container-demuxer-ogg: 62fdf1f143b41e24485cea50d1cbac27 -> 
  custom:video-decoder-webm-vp8: 9c59270c3fd7afecdb556c50c9e8de78 -> 
  custom:audio-decoder-ogg-vorbis: bf7c407c2cedff20999df2af8eb42d56 -> 
========================================================================
Received Import Request.
  Time since last request: 172.296449 seconds.
  path: Assets/Arts/UI/Menu/UI_Menu.prefab
  artifactKey: Guid(848626e0dfcd1be4593dd88564a4cee9) Importer(815301076,1909f56bfc062723c751e8b465ee728b)
Start importing Assets/Arts/UI/Menu/UI_Menu.prefab using Guid(848626e0dfcd1be4593dd88564a4cee9) Importer(815301076,1909f56bfc062723c751e8b465ee728b)  -> (artifact id: '2f073b89b3fb58977a9cd46dd811b1e0') in 0.104187 seconds 
========================================================================
Received Import Request.
  Time since last request: 22.480197 seconds.
  path: Assets/Arts/UI/Menu/UI_Menu.prefab
  artifactKey: Guid(848626e0dfcd1be4593dd88564a4cee9) Importer(815301076,1909f56bfc062723c751e8b465ee728b)
Start importing Assets/Arts/UI/Menu/UI_Menu.prefab using Guid(848626e0dfcd1be4593dd88564a4cee9) Importer(815301076,1909f56bfc062723c751e8b465ee728b)  -> (artifact id: 'ac2c72e5678eb75c1e81f42271614e0c') in 0.028938 seconds 
========================================================================
Received Import Request.
  Time since last request: 3.581832 seconds.
  path: Assets/TextMesh Pro/Resources/Fonts & Materials/LiberationSans SDF - Drop Shadow.mat
  artifactKey: Guid(e73a58f6e2794ae7b1b7e50b7fb811b0) Importer(815301076,1909f56bfc062723c751e8b465ee728b)
Start importing Assets/TextMesh Pro/Resources/Fonts & Materials/LiberationSans SDF - Drop Shadow.mat using Guid(e73a58f6e2794ae7b1b7e50b7fb811b0) Importer(815301076,1909f56bfc062723c751e8b465ee728b)  -> (artifact id: '487acde59b1c0ddb296ec54be335f705') in 1.118178 seconds 
========================================================================
Received Import Request.
  Time since last request: 0.000032 seconds.
  path: Assets/TextMesh Pro/Resources/Fonts & Materials/LiberationSans SDF.asset
  artifactKey: Guid(8f586378b4e144a9851e7b34d9b748ee) Importer(815301076,1909f56bfc062723c751e8b465ee728b)
Start importing Assets/TextMesh Pro/Resources/Fonts & Materials/LiberationSans SDF.asset using Guid(8f586378b4e144a9851e7b34d9b748ee) Importer(815301076,1909f56bfc062723c751e8b465ee728b)  -> (artifact id: '03fd058170f0ef9eb70d0e4804e07f0a') in 0.047287 seconds 
========================================================================
Received Import Request.
  Time since last request: 24.006592 seconds.
  path: Assets/TextMesh Pro/Resources/Fonts & Materials/LiberationSans SDF - Drop Shadow.mat
  artifactKey: Guid(e73a58f6e2794ae7b1b7e50b7fb811b0) Importer(815301076,1909f56bfc062723c751e8b465ee728b)
Start importing Assets/TextMesh Pro/Resources/Fonts & Materials/LiberationSans SDF - Drop Shadow.mat using Guid(e73a58f6e2794ae7b1b7e50b7fb811b0) Importer(815301076,1909f56bfc062723c751e8b465ee728b)  -> (artifact id: '7d65758c149f19f7a66307f0531e7e1b') in 0.040745 seconds 
========================================================================
Received Import Request.
  Time since last request: 0.000038 seconds.
  path: Assets/TextMesh Pro/Resources/Fonts & Materials/LiberationSans SDF.asset
  artifactKey: Guid(8f586378b4e144a9851e7b34d9b748ee) Importer(815301076,1909f56bfc062723c751e8b465ee728b)
Start importing Assets/TextMesh Pro/Resources/Fonts & Materials/LiberationSans SDF.asset using Guid(8f586378b4e144a9851e7b34d9b748ee) Importer(815301076,1909f56bfc062723c751e8b465ee728b)  -> (artifact id: 'e621412bfc7b620eaf09ac1cea926986') in 0.041038 seconds 
========================================================================
Received Import Request.
  Time since last request: 13.151747 seconds.
  path: Assets/Arts/UI/Menu/Assets/Img_Menu.PNG
  artifactKey: Guid(f7acf2b167c8632439bbd93c1987fc24) Importer(815301076,1909f56bfc062723c751e8b465ee728b)
Start importing Assets/Arts/UI/Menu/Assets/Img_Menu.PNG using Guid(f7acf2b167c8632439bbd93c1987fc24) Importer(815301076,1909f56bfc062723c751e8b465ee728b)  -> (artifact id: '4662e81c225366a6c3e8530d21d743b9') in 0.199231 seconds 
========================================================================
Received Import Request.
  Time since last request: 11.601357 seconds.
  path: Assets/Arts/UI/Menu/Assets/Img_Menu_Characters.PNG
  artifactKey: Guid(d913330c4b948474b94cccff8606f401) Importer(815301076,1909f56bfc062723c751e8b465ee728b)
Start importing Assets/Arts/UI/Menu/Assets/Img_Menu_Characters.PNG using Guid(d913330c4b948474b94cccff8606f401) Importer(815301076,1909f56bfc062723c751e8b465ee728b)  -> (artifact id: '99b7e62a109196be9253a7422332cf85') in 0.035608 seconds 
========================================================================
Received Import Request.
  Time since last request: 0.000042 seconds.
  path: Assets/Arts/UI/Menu/Assets/Img_Menu_Notes.PNG
  artifactKey: Guid(649d5528e428ee4429fdea3ee4b3ab6d) Importer(815301076,1909f56bfc062723c751e8b465ee728b)
Start importing Assets/Arts/UI/Menu/Assets/Img_Menu_Notes.PNG using Guid(649d5528e428ee4429fdea3ee4b3ab6d) Importer(815301076,1909f56bfc062723c751e8b465ee728b)  -> (artifact id: '621fe72384be4db2fe476ddfa899e261') in 0.029787 seconds 
========================================================================
Received Import Request.
  Time since last request: 6.003830 seconds.
  path: Assets/Arts/UI/Menu/Assets/Img_Menu_Settings.PNG
  artifactKey: Guid(ed958243c09d2d44aa38e50b3a50344f) Importer(815301076,1909f56bfc062723c751e8b465ee728b)
Start importing Assets/Arts/UI/Menu/Assets/Img_Menu_Settings.PNG using Guid(ed958243c09d2d44aa38e50b3a50344f) Importer(815301076,1909f56bfc062723c751e8b465ee728b)  -> (artifact id: '6c0dc3d19cd8b0e2e2a2825d94b5db38') in 0.018037 seconds 
========================================================================
Received Prepare
Registering precompiled user dll's ...
Registered in 0.010288 seconds.
Begin MonoManager ReloadAssembly
Symbol file LoadedFromMemory doesn't match image D:\CS\ICS169\Capstone\ProjectCapstone\Library\PackageCache\com.unity.visualscripting@1.7.8\Editor\VisualScripting.Core\Dependencies\YamlDotNet\Unity.VisualScripting.YamlDotNet.dll
Symbol file LoadedFromMemory doesn't match image D:\CS\ICS169\Capstone\ProjectCapstone\Library\PackageCache\com.unity.visualscripting@1.7.8\Editor\VisualScripting.Core\Dependencies\DotNetZip\Unity.VisualScripting.IonicZip.dll
Native extension for LinuxStandalone target not found
Native extension for WindowsStandalone target not found
Native extension for WebGL target not found
Refreshing native plugins compatible for Editor in 1.40 ms, found 4 plugins.
Preloading 0 native plugins for Editor in 0.00 ms.
Mono: successfully reloaded assembly
- Completed reload, in  5.439 seconds
Domain Reload Profiling:
	ReloadAssembly (5441ms)
		BeginReloadAssembly (274ms)
			ExecutionOrderSort (0ms)
			DisableScriptedObjects (56ms)
			BackupInstance (0ms)
			ReleaseScriptingObjects (0ms)
			CreateAndSetChildDomain (74ms)
		EndReloadAssembly (5041ms)
			LoadAssemblies (138ms)
			RebuildTransferFunctionScriptingTraits (0ms)
			SetupTypeCache (427ms)
			ReleaseScriptCaches (2ms)
			RebuildScriptCaches (100ms)
			SetupLoadedEditorAssemblies (4183ms)
				LogAssemblyErrors (0ms)
				InitializePlatformSupportModulesInManaged (22ms)
				SetLoadedEditorAssemblies (1ms)
				RefreshPlugins (1ms)
				BeforeProcessingInitializeOnLoad (155ms)
				ProcessInitializeOnLoadAttributes (3946ms)
				ProcessInitializeOnLoadMethodAttributes (45ms)
				AfterProcessingInitializeOnLoad (12ms)
				EditorAssembliesLoaded (0ms)
			ExecutionOrderSort2 (0ms)
			AwakeInstancesAfterBackupRestoration (54ms)
Platform modules already initialized, skipping
Refreshing native plugins compatible for Editor in 4.23 ms, found 4 plugins.
Preloading 0 native plugins for Editor in 0.00 ms.
Unloading 7997 Unused Serialized files (Serialized files now loaded: 0)
Unloading 68 unused Assets / (9.7 MB). Loaded Objects now: 9005.
Memory consumption went from 381.2 MB to 371.5 MB.
Total: 7.632100 ms (FindLiveObjects: 0.802700 ms CreateObjectMapping: 0.353900 ms MarkObjects: 3.491700 ms  DeleteObjects: 2.982500 ms)

AssetImportParameters requested are different than current active one (requested -> active):
  custom:video-decoder-ogg-theora: a1e56fd34408186e4bbccfd4996cb3dc -> 
  custom:container-muxer-webm: aa71ff27fc2769a1b78a27578f13a17b -> 
  custom:container-demuxer-webm: 4f35f7cbe854078d1ac9338744f61a02 -> 
  custom:video-encoder-webm-vp8: eb34c28f22e8b96e1ab97ce403110664 -> 
  custom:video-codec-MediaFoundation-h265: 746d11721c4dcdbdad8f713fa42b33f4 -> 
  custom:audio-encoder-webm-vorbis: bf7c407c2cedff20999df2af8eb42d56 -> 
  custom:framework-win-MediaFoundation: 216162199b28c13a410421893ffa2e32 -> 
  custom:container-demuxer-ogg: 62fdf1f143b41e24485cea50d1cbac27 -> 
  custom:video-decoder-webm-vp8: 9c59270c3fd7afecdb556c50c9e8de78 -> 
  custom:audio-decoder-ogg-vorbis: bf7c407c2cedff20999df2af8eb42d56 -> 
========================================================================
Received Import Request.
  Time since last request: 47.697780 seconds.
  path: Assets/Arts/UI/Menu/Assets/Ing_Menu_Quit.PNG
  artifactKey: Guid(15d2efc15a6a68346995c8221998d6df) Importer(815301076,1909f56bfc062723c751e8b465ee728b)
Start importing Assets/Arts/UI/Menu/Assets/Ing_Menu_Quit.PNG using Guid(15d2efc15a6a68346995c8221998d6df) Importer(815301076,1909f56bfc062723c751e8b465ee728b)  -> (artifact id: 'dcf8f4a0f5c4f8a936c4c1e38340265e') in 0.100508 seconds 
========================================================================
Received Import Request.
  Time since last request: 10.758770 seconds.
  path: Assets/Arts/UI/Menu/Assets/Img_Menu.PNG
  artifactKey: Guid(f7acf2b167c8632439bbd93c1987fc24) Importer(815301076,1909f56bfc062723c751e8b465ee728b)
Start importing Assets/Arts/UI/Menu/Assets/Img_Menu.PNG using Guid(f7acf2b167c8632439bbd93c1987fc24) Importer(815301076,1909f56bfc062723c751e8b465ee728b)  -> (artifact id: 'd83899d9e3f49fccb04c76aa83cfdeb8') in 0.169291 seconds 
========================================================================
Received Import Request.
  Time since last request: 40.871788 seconds.
  path: Assets/Arts/Material/2DSpriteShadow.mat
  artifactKey: Guid(1ca061ff68f96064da1c91e239258d0d) Importer(815301076,1909f56bfc062723c751e8b465ee728b)
Start importing Assets/Arts/Material/2DSpriteShadow.mat using Guid(1ca061ff68f96064da1c91e239258d0d) Importer(815301076,1909f56bfc062723c751e8b465ee728b)  -> (artifact id: '5e768407893a2a59b100ce2a7f31e75b') in 1.141920 seconds 
========================================================================
Received Import Request.
  Time since last request: 0.000036 seconds.
  path: Assets/Sprite Shaders Ultimate/Demo/Materials/Shaders/SSU_Demo_Wind_Trees.mat
  artifactKey: Guid(e5b60323e5682d74d96870b8c4cd214d) Importer(815301076,1909f56bfc062723c751e8b465ee728b)
Start importing Assets/Sprite Shaders Ultimate/Demo/Materials/Shaders/SSU_Demo_Wind_Trees.mat using Guid(e5b60323e5682d74d96870b8c4cd214d) Importer(815301076,1909f56bfc062723c751e8b465ee728b)  -> (artifact id: 'be3ade1c7d27c87eba32c219ac0023a4') in 0.093122 seconds 
========================================================================
Received Import Request.
  Time since last request: 0.000054 seconds.
  path: Assets/Sprite Shaders Ultimate/Demo/Materials/Shaders/SSU_Demo_AddColor.mat
  artifactKey: Guid(3d3ad0bc7c1cdbc429b0d5c7f740d3dc) Importer(815301076,1909f56bfc062723c751e8b465ee728b)
Start importing Assets/Sprite Shaders Ultimate/Demo/Materials/Shaders/SSU_Demo_AddColor.mat using Guid(3d3ad0bc7c1cdbc429b0d5c7f740d3dc) Importer(815301076,1909f56bfc062723c751e8b465ee728b)  -> (artifact id: '2bee7beb36d37072b3b35e0f3a85cd0f') in 0.047397 seconds 
========================================================================
Received Import Request.
  Time since last request: 0.000025 seconds.
  path: Assets/Sprite Shaders Ultimate/Demo/Materials/Shaders/SSU_Demo_Rainbow.mat
  artifactKey: Guid(cf763815b20e1104cafbdafedcaee3c8) Importer(815301076,1909f56bfc062723c751e8b465ee728b)
Start importing Assets/Sprite Shaders Ultimate/Demo/Materials/Shaders/SSU_Demo_Rainbow.mat using Guid(cf763815b20e1104cafbdafedcaee3c8) Importer(815301076,1909f56bfc062723c751e8b465ee728b)  -> (artifact id: '1ff6c4800657c33ef63cc24320dca41c') in 0.072943 seconds 
========================================================================
Received Import Request.
  Time since last request: 0.000049 seconds.
  path: Assets/Sprite Shaders Ultimate/Demo/Materials/Shaders/SSU_Demo_Enchanted.mat
  artifactKey: Guid(ed17deac0414ca44093d1d8655f4a9c6) Importer(815301076,1909f56bfc062723c751e8b465ee728b)
Start importing Assets/Sprite Shaders Ultimate/Demo/Materials/Shaders/SSU_Demo_Enchanted.mat using Guid(ed17deac0414ca44093d1d8655f4a9c6) Importer(815301076,1909f56bfc062723c751e8b465ee728b)  -> (artifact id: '6738fa0ef49ad3bde963adb1b1bafc60') in 0.047671 seconds 
========================================================================
Received Import Request.
  Time since last request: 0.000025 seconds.
  path: Assets/Sprite Shaders Ultimate/Demo/Materials/GUI/SSU_Demo_Color_Dot.mat
  artifactKey: Guid(dd6bf6b966bc4cc409ede73fd8436520) Importer(815301076,1909f56bfc062723c751e8b465ee728b)
Start importing Assets/Sprite Shaders Ultimate/Demo/Materials/GUI/SSU_Demo_Color_Dot.mat using Guid(dd6bf6b966bc4cc409ede73fd8436520) Importer(815301076,1909f56bfc062723c751e8b465ee728b)  -> (artifact id: '3983b83d1b9fb8656c1dd17f0f124db6') in 0.060131 seconds 
========================================================================
Received Import Request.
  Time since last request: 0.000031 seconds.
  path: Assets/Sprite Shaders Ultimate/Demo/Materials/Shaders/SSU_Demo_Contrast.mat
  artifactKey: Guid(9f7447347aeec704f959caf38a4070a9) Importer(815301076,1909f56bfc062723c751e8b465ee728b)
Start importing Assets/Sprite Shaders Ultimate/Demo/Materials/Shaders/SSU_Demo_Contrast.mat using Guid(9f7447347aeec704f959caf38a4070a9) Importer(815301076,1909f56bfc062723c751e8b465ee728b)  -> (artifact id: '2be76113365a6414847f4247dd5dbb35') in 0.043849 seconds 
========================================================================
Received Import Request.
  Time since last request: 0.000045 seconds.
  path: Assets/Sprite Shaders Ultimate/Demo/Materials/Shaders/SSU_Demo_GaussianBlurBaked2.mat
  artifactKey: Guid(830bc3fce850c6248bf19601bce509c0) Importer(815301076,1909f56bfc062723c751e8b465ee728b)
Start importing Assets/Sprite Shaders Ultimate/Demo/Materials/Shaders/SSU_Demo_GaussianBlurBaked2.mat using Guid(830bc3fce850c6248bf19601bce509c0) Importer(815301076,1909f56bfc062723c751e8b465ee728b)  -> (artifact id: 'f048735cfee1e7dd7da7b88319ec8ebe') in 0.021766 seconds 
========================================================================
Received Import Request.
  Time since last request: 0.000035 seconds.
  path: Assets/Sprite Shaders Ultimate/Demo/Materials/Shaders/SSU_Demo_Shifting2.mat
  artifactKey: Guid(84558b2346954af41b9e00a642a8cb2a) Importer(815301076,1909f56bfc062723c751e8b465ee728b)
Start importing Assets/Sprite Shaders Ultimate/Demo/Materials/Shaders/SSU_Demo_Shifting2.mat using Guid(84558b2346954af41b9e00a642a8cb2a) Importer(815301076,1909f56bfc062723c751e8b465ee728b)  -> (artifact id: 'eb56ff9bb61820fe220113a020a57751') in 0.060477 seconds 
========================================================================
Received Import Request.
  Time since last request: 0.000029 seconds.
  path: Assets/Sprite Shaders Ultimate/Demo/Materials/GUI/SSU_Demo_Display_Frame.mat
  artifactKey: Guid(3899cb2e11ab61c438de08115f8f7159) Importer(815301076,1909f56bfc062723c751e8b465ee728b)
Start importing Assets/Sprite Shaders Ultimate/Demo/Materials/GUI/SSU_Demo_Display_Frame.mat using Guid(3899cb2e11ab61c438de08115f8f7159) Importer(815301076,1909f56bfc062723c751e8b465ee728b)  -> (artifact id: '879e9cf2bdfaf6224b61459a1d2a8daf') in 0.106747 seconds 
========================================================================
Received Import Request.
  Time since last request: 0.000036 seconds.
  path: Assets/Sprite Shaders Ultimate/Demo/Materials/Shaders/SSU_Demo_Wiggle.mat
  artifactKey: Guid(53833ae43c7c5ed4f80a46a41dd91afc) Importer(815301076,1909f56bfc062723c751e8b465ee728b)
Start importing Assets/Sprite Shaders Ultimate/Demo/Materials/Shaders/SSU_Demo_Wiggle.mat using Guid(53833ae43c7c5ed4f80a46a41dd91afc) Importer(815301076,1909f56bfc062723c751e8b465ee728b)  -> (artifact id: '63d36c6bf065499a1c5c51915ba82af0') in 0.043240 seconds 
========================================================================
Received Import Request.
  Time since last request: 0.000036 seconds.
  path: Assets/Sprite Shaders Ultimate/Demo/Materials/Shaders/SSU_Demo_ColorReplace.mat
  artifactKey: Guid(4b6a8eab754869b4b875d18982bb041a) Importer(815301076,1909f56bfc062723c751e8b465ee728b)
Start importing Assets/Sprite Shaders Ultimate/Demo/Materials/Shaders/SSU_Demo_ColorReplace.mat using Guid(4b6a8eab754869b4b875d18982bb041a) Importer(815301076,1909f56bfc062723c751e8b465ee728b)  -> (artifact id: '86a19aa6598d9de36263cc3c514c6d92') in 0.044482 seconds 
========================================================================
Received Import Request.
  Time since last request: 0.000033 seconds.
  path: Assets/Sprite Shaders Ultimate/Demo/Materials/Example/Demo_Player.mat
  artifactKey: Guid(26a6f09f9add0a6409a0307cf95ecfb5) Importer(815301076,1909f56bfc062723c751e8b465ee728b)
Start importing Assets/Sprite Shaders Ultimate/Demo/Materials/Example/Demo_Player.mat using Guid(26a6f09f9add0a6409a0307cf95ecfb5) Importer(815301076,1909f56bfc062723c751e8b465ee728b)  -> (artifact id: '9338a2c144b0a5b967847b49f7fc0bbf') in 0.021639 seconds 
========================================================================
Received Import Request.
  Time since last request: 0.000034 seconds.
  path: Assets/Sprite Shaders Ultimate/Demo/Materials/Example/Demo_BakedBlur1.mat
  artifactKey: Guid(21d9279f401976c48a4e0c9af1bf20e9) Importer(815301076,1909f56bfc062723c751e8b465ee728b)
Start importing Assets/Sprite Shaders Ultimate/Demo/Materials/Example/Demo_BakedBlur1.mat using Guid(21d9279f401976c48a4e0c9af1bf20e9) Importer(815301076,1909f56bfc062723c751e8b465ee728b)  -> (artifact id: '1ef6fdf0c8fed7079c89dc9fd9354f27') in 0.020567 seconds 
========================================================================
Received Import Request.
  Time since last request: 0.000034 seconds.
  path: Assets/Sprite Shaders Ultimate/Demo/Materials/Shaders/SSU_Demo_Camouflage.mat
  artifactKey: Guid(0ed09baef45b98c48857d02be77a1be2) Importer(815301076,1909f56bfc062723c751e8b465ee728b)
Start importing Assets/Sprite Shaders Ultimate/Demo/Materials/Shaders/SSU_Demo_Camouflage.mat using Guid(0ed09baef45b98c48857d02be77a1be2) Importer(815301076,1909f56bfc062723c751e8b465ee728b)  -> (artifact id: 'e194051a1bc2a11c7080509c181e263d') in 0.056069 seconds 
========================================================================
Received Import Request.
  Time since last request: 0.000033 seconds.
  path: Assets/Sprite Shaders Ultimate/Demo/Materials/Shaders/SSU_Demo_DirectionalAlphaFade.mat
  artifactKey: Guid(0865269f9264e2f4392d8f6273c8608e) Importer(815301076,1909f56bfc062723c751e8b465ee728b)
Start importing Assets/Sprite Shaders Ultimate/Demo/Materials/Shaders/SSU_Demo_DirectionalAlphaFade.mat using Guid(0865269f9264e2f4392d8f6273c8608e) Importer(815301076,1909f56bfc062723c751e8b465ee728b)  -> (artifact id: '33bb6f536c70ea5c329ae4367cade3cc') in 0.043447 seconds 
========================================================================
Received Import Request.
  Time since last request: 0.000028 seconds.
  path: Assets/Sprite Shaders Ultimate/Demo/Materials/Shaders/SSU_Demo_Poison.mat
  artifactKey: Guid(c973cfbe25e0c194fb57567b929c3483) Importer(815301076,1909f56bfc062723c751e8b465ee728b)
Start importing Assets/Sprite Shaders Ultimate/Demo/Materials/Shaders/SSU_Demo_Poison.mat using Guid(c973cfbe25e0c194fb57567b929c3483) Importer(815301076,1909f56bfc062723c751e8b465ee728b)  -> (artifact id: '71afb24d0fa39ac4af1fa37b68fb0a09') in 0.047503 seconds 
========================================================================
Received Import Request.
  Time since last request: 0.000043 seconds.
  path: Assets/Sprite Shaders Ultimate/Demo/Materials/Shaders/SSU_Demo_Saturation.mat
  artifactKey: Guid(26bb81b63a82c2a4b833aa4309b20f46) Importer(815301076,1909f56bfc062723c751e8b465ee728b)
Start importing Assets/Sprite Shaders Ultimate/Demo/Materials/Shaders/SSU_Demo_Saturation.mat using Guid(26bb81b63a82c2a4b833aa4309b20f46) Importer(815301076,1909f56bfc062723c751e8b465ee728b)  -> (artifact id: 'fcf8173fc29f1c51da368fd9e1c3ef7c') in 0.045677 seconds 
========================================================================
Received Import Request.
  Time since last request: 0.000035 seconds.
  path: Assets/Sprite Shaders Ultimate/Demo/Materials/Shaders/SSU_Demo_OuterOutline2.mat
  artifactKey: Guid(3800ed04f4b1197448771e3deb1d56ec) Importer(815301076,1909f56bfc062723c751e8b465ee728b)
Start importing Assets/Sprite Shaders Ultimate/Demo/Materials/Shaders/SSU_Demo_OuterOutline2.mat using Guid(3800ed04f4b1197448771e3deb1d56ec) Importer(815301076,1909f56bfc062723c751e8b465ee728b)  -> (artifact id: 'fde91b68bc993ec334a0bb2976ace246') in 0.055896 seconds 
========================================================================
Received Import Request.
  Time since last request: 0.000036 seconds.
  path: Assets/Sprite Shaders Ultimate/Demo/Materials/Shaders/SSU_Demo_InnerOutline.mat
  artifactKey: Guid(ed67456006c23fe47ae0b480988bc1cc) Importer(815301076,1909f56bfc062723c751e8b465ee728b)
Start importing Assets/Sprite Shaders Ultimate/Demo/Materials/Shaders/SSU_Demo_InnerOutline.mat using Guid(ed67456006c23fe47ae0b480988bc1cc) Importer(815301076,1909f56bfc062723c751e8b465ee728b)  -> (artifact id: 'e896d7aa3e0361e0bbaca2bd5b087104') in 0.049207 seconds 
========================================================================
Received Import Request.
  Time since last request: 0.000034 seconds.
  path: Assets/Sprite Shaders Ultimate/Demo/Materials/Example/Demo_BakedBlur3.mat
  artifactKey: Guid(b70f5d08b752bc3498161e998b00dc25) Importer(815301076,1909f56bfc062723c751e8b465ee728b)
Start importing Assets/Sprite Shaders Ultimate/Demo/Materials/Example/Demo_BakedBlur3.mat using Guid(b70f5d08b752bc3498161e998b00dc25) Importer(815301076,1909f56bfc062723c751e8b465ee728b)  -> (artifact id: 'f439ed010e29abbba01be85cb1fce15c') in 0.025275 seconds 
========================================================================
Received Import Request.
  Time since last request: 0.000040 seconds.
  path: Assets/Sprite Shaders Ultimate/Demo/Materials/Shaders/SSU_Demo_Checkerboard2.mat
  artifactKey: Guid(1a6d506743a5df54fa68e3ee50f4cc7e) Importer(815301076,1909f56bfc062723c751e8b465ee728b)
Start importing Assets/Sprite Shaders Ultimate/Demo/Materials/Shaders/SSU_Demo_Checkerboard2.mat using Guid(1a6d506743a5df54fa68e3ee50f4cc7e) Importer(815301076,1909f56bfc062723c751e8b465ee728b)  -> (artifact id: '5fcc4570b102ce5e336eae1fed5f72ac') in 0.047837 seconds 
========================================================================
Received Import Request.
  Time since last request: 0.000037 seconds.
  path: Assets/Sprite Shaders Ultimate/Demo/Materials/Shaders/SSU_Demo_WorldTiling.mat
  artifactKey: Guid(9c6bbe513ea28c040ad73021707b2699) Importer(815301076,1909f56bfc062723c751e8b465ee728b)
Start importing Assets/Sprite Shaders Ultimate/Demo/Materials/Shaders/SSU_Demo_WorldTiling.mat using Guid(9c6bbe513ea28c040ad73021707b2699) Importer(815301076,1909f56bfc062723c751e8b465ee728b)  -> (artifact id: '33a618b83955d35ad35eecae37eb3e90') in 0.041594 seconds 
========================================================================
Received Import Request.
  Time since last request: 0.000038 seconds.
  path: Assets/Sprite Shaders Ultimate/Demo/Materials/Shaders/SSU_Demo_SourceAlphaDissolve.mat
  artifactKey: Guid(abe7ea5ed0d18f442b763cf590229280) Importer(815301076,1909f56bfc062723c751e8b465ee728b)
Start importing Assets/Sprite Shaders Ultimate/Demo/Materials/Shaders/SSU_Demo_SourceAlphaDissolve.mat using Guid(abe7ea5ed0d18f442b763cf590229280) Importer(815301076,1909f56bfc062723c751e8b465ee728b)  -> (artifact id: '6de858c5ccbdca6a49df0dcef133896e') in 0.053983 seconds 
========================================================================
Received Import Request.
  Time since last request: 0.000027 seconds.
  path: Assets/Sprite Shaders Ultimate/Demo/Materials/Shaders/SSU_Demo_Burn.mat
  artifactKey: Guid(113f6f13f48f51b43834f00efde89451) Importer(815301076,1909f56bfc062723c751e8b465ee728b)
Start importing Assets/Sprite Shaders Ultimate/Demo/Materials/Shaders/SSU_Demo_Burn.mat using Guid(113f6f13f48f51b43834f00efde89451) Importer(815301076,1909f56bfc062723c751e8b465ee728b)  -> (artifact id: '6f32c32ca3a36164c5916babc3a541cf') in 0.062418 seconds 
========================================================================
Received Import Request.
  Time since last request: 0.000038 seconds.
  path: Assets/Sprite Shaders Ultimate/Demo/Materials/Shaders/SSU_Demo_SineMove.mat
  artifactKey: Guid(f6d44012771ebca4eb5f39cff587982d) Importer(815301076,1909f56bfc062723c751e8b465ee728b)
Start importing Assets/Sprite Shaders Ultimate/Demo/Materials/Shaders/SSU_Demo_SineMove.mat using Guid(f6d44012771ebca4eb5f39cff587982d) Importer(815301076,1909f56bfc062723c751e8b465ee728b)  -> (artifact id: '94a4acb70931f1634d1ab7d5b990a510') in 0.057725 seconds 
========================================================================
Received Import Request.
  Time since last request: 0.000031 seconds.
  path: Assets/Sprite Shaders Ultimate/Demo/Materials/Example/Demo_Cloud3.mat
  artifactKey: Guid(e74c1172097154744bede00f3258f20e) Importer(815301076,1909f56bfc062723c751e8b465ee728b)
Start importing Assets/Sprite Shaders Ultimate/Demo/Materials/Example/Demo_Cloud3.mat using Guid(e74c1172097154744bede00f3258f20e) Importer(815301076,1909f56bfc062723c751e8b465ee728b)  -> (artifact id: 'ded9136a4152bc6ede76ebf33e1fcb6d') in 0.019241 seconds 
========================================================================
Received Import Request.
  Time since last request: 0.000036 seconds.
  path: Assets/Sprite Shaders Ultimate/Demo/Materials/Shaders/SSU_Demo_OuterOutline.mat
  artifactKey: Guid(73934b3be3ea718429df543406f091df) Importer(815301076,1909f56bfc062723c751e8b465ee728b)
Start importing Assets/Sprite Shaders Ultimate/Demo/Materials/Shaders/SSU_Demo_OuterOutline.mat using Guid(73934b3be3ea718429df543406f091df) Importer(815301076,1909f56bfc062723c751e8b465ee728b)  -> (artifact id: 'abd735c6d8490ed6c7a2dbc7e7d8196e') in 0.045491 seconds 
========================================================================
Received Import Request.
  Time since last request: 0.000029 seconds.
  path: Assets/Sprite Shaders Ultimate/Demo/Materials/Shaders/SSU_Demo_Squish.mat
  artifactKey: Guid(5c215653ed952c649a45e45489f8e410) Importer(815301076,1909f56bfc062723c751e8b465ee728b)
Start importing Assets/Sprite Shaders Ultimate/Demo/Materials/Shaders/SSU_Demo_Squish.mat using Guid(5c215653ed952c649a45e45489f8e410) Importer(815301076,1909f56bfc062723c751e8b465ee728b)  -> (artifact id: '25021c9d59257d23d540995366ec1a64') in 0.056936 seconds 
========================================================================
Received Import Request.
  Time since last request: 0.000030 seconds.
  path: Assets/Sprite Shaders Ultimate/Demo/Materials/Example/Demo_SecretArea.mat
  artifactKey: Guid(0104eeca7a1435c41942e50a1c901193) Importer(815301076,1909f56bfc062723c751e8b465ee728b)
Start importing Assets/Sprite Shaders Ultimate/Demo/Materials/Example/Demo_SecretArea.mat using Guid(0104eeca7a1435c41942e50a1c901193) Importer(815301076,1909f56bfc062723c751e8b465ee728b)  -> (artifact id: 'e6a041bb219bb91088f3efcc49070412') in 0.015343 seconds 
========================================================================
Received Import Request.
  Time since last request: 0.000028 seconds.
  path: Assets/Sprite Shaders Ultimate/Demo/Materials/Shaders/SSU_Demo_Metal.mat
  artifactKey: Guid(f2ee19b6ac424e444acee8f598cfde9b) Importer(815301076,1909f56bfc062723c751e8b465ee728b)
Start importing Assets/Sprite Shaders Ultimate/Demo/Materials/Shaders/SSU_Demo_Metal.mat using Guid(f2ee19b6ac424e444acee8f598cfde9b) Importer(815301076,1909f56bfc062723c751e8b465ee728b)  -> (artifact id: '36319231ca9946cbf6819aad9f9b430c') in 0.055804 seconds 
========================================================================
Received Import Request.
  Time since last request: 0.000032 seconds.
  path: Assets/Sprite Shaders Ultimate/Demo/Materials/Example/Demo_Sky.mat
  artifactKey: Guid(4d42cdce36ab4e34b98dc9baf130488a) Importer(815301076,1909f56bfc062723c751e8b465ee728b)
Start importing Assets/Sprite Shaders Ultimate/Demo/Materials/Example/Demo_Sky.mat using Guid(4d42cdce36ab4e34b98dc9baf130488a) Importer(815301076,1909f56bfc062723c751e8b465ee728b)  -> (artifact id: '6592e67fc190c910dc6e80a49e9528e6') in 0.021959 seconds 
========================================================================
Received Import Request.
  Time since last request: 0.000049 seconds.
  path: Assets/Sprite Shaders Ultimate/Demo/Materials/Shaders/SSU_Demo_AlphaTint.mat
  artifactKey: Guid(a4180fd572b68e64982d017266f9c9f5) Importer(815301076,1909f56bfc062723c751e8b465ee728b)
Start importing Assets/Sprite Shaders Ultimate/Demo/Materials/Shaders/SSU_Demo_AlphaTint.mat using Guid(a4180fd572b68e64982d017266f9c9f5) Importer(815301076,1909f56bfc062723c751e8b465ee728b)  -> (artifact id: 'c2cd43909781fd7d8afc98a1b018b4f9') in 0.067916 seconds 
========================================================================
Received Import Request.
  Time since last request: 0.000032 seconds.
  path: Assets/Sprite Shaders Ultimate/Demo/Materials/Shaders/SSU_Demo_Vibrate.mat
  artifactKey: Guid(7e08ecf96dd29224ebe1098e681d2f58) Importer(815301076,1909f56bfc062723c751e8b465ee728b)
Start importing Assets/Sprite Shaders Ultimate/Demo/Materials/Shaders/SSU_Demo_Vibrate.mat using Guid(7e08ecf96dd29224ebe1098e681d2f58) Importer(815301076,1909f56bfc062723c751e8b465ee728b)  -> (artifact id: 'cd7affad3e17ae2f0575f781e148cb14') in 0.048728 seconds 
========================================================================
Received Import Request.
  Time since last request: 0.000033 seconds.
  path: Assets/Sprite Shaders Ultimate/Demo/Materials/Shaders/SSU_Demo_DirectionalDistortion.mat
  artifactKey: Guid(65e64fdca7637d54f87180f988ae114e) Importer(815301076,1909f56bfc062723c751e8b465ee728b)
Start importing Assets/Sprite Shaders Ultimate/Demo/Materials/Shaders/SSU_Demo_DirectionalDistortion.mat using Guid(65e64fdca7637d54f87180f988ae114e) Importer(815301076,1909f56bfc062723c751e8b465ee728b)  -> (artifact id: '8a67a66cda9caa80cbe336d9523274bc') in 0.052822 seconds 
========================================================================
Received Import Request.
  Time since last request: 7.209419 seconds.
  path: Packages/com.unity.inputsystem/InputSystem/Editor/Icons/Axis@4x.png
  artifactKey: Guid(a940917cc397643afb071010cb2143d9) Importer(815301076,1909f56bfc062723c751e8b465ee728b)
Start importing Packages/com.unity.inputsystem/InputSystem/Editor/Icons/Axis@4x.png using Guid(a940917cc397643afb071010cb2143d9) Importer(815301076,1909f56bfc062723c751e8b465ee728b)  -> (artifact id: '71b882d64cb27994cf6ba6dcf52b5069') in 0.014757 seconds 
========================================================================
Received Import Request.
  Time since last request: 0.000044 seconds.
  path: Packages/com.unity.collab-proxy/Editor/Collaborate/Assets/Icons/choose-remote-dark.png
  artifactKey: Guid(289215d22fcafb941b9e25f8609e25b9) Importer(815301076,1909f56bfc062723c751e8b465ee728b)
Start importing Packages/com.unity.collab-proxy/Editor/Collaborate/Assets/Icons/choose-remote-dark.png using Guid(289215d22fcafb941b9e25f8609e25b9) Importer(815301076,1909f56bfc062723c751e8b465ee728b)  -> (artifact id: 'f9d724d1868552ddef340873ce761496') in 0.017112 seconds 
========================================================================
Received Import Request.
  Time since last request: 0.000045 seconds.
  path: Packages/com.unity.collab-proxy/Editor/Collaborate/Assets/Icons/collaborate-progress-light@2x.png
  artifactKey: Guid(ae9e7828f0813b04fbe3f839422b2289) Importer(815301076,1909f56bfc062723c751e8b465ee728b)
Start importing Packages/com.unity.collab-proxy/Editor/Collaborate/Assets/Icons/collaborate-progress-light@2x.png using Guid(ae9e7828f0813b04fbe3f839422b2289) Importer(815301076,1909f56bfc062723c751e8b465ee728b)  -> (artifact id: 'b69d3b600b1c318d8a9647abbbabd28d') in 0.011279 seconds 
========================================================================
Received Import Request.
  Time since last request: 0.000032 seconds.
  path: Packages/com.unity.collab-proxy/Editor/Collaborate/Assets/Icons/collaborate-error-light.png
  artifactKey: Guid(b08f8cbc53d0bfb45bd2fd1f676d3554) Importer(815301076,1909f56bfc062723c751e8b465ee728b)
Start importing Packages/com.unity.collab-proxy/Editor/Collaborate/Assets/Icons/collaborate-error-light.png using Guid(b08f8cbc53d0bfb45bd2fd1f676d3554) Importer(815301076,1909f56bfc062723c751e8b465ee728b)  -> (artifact id: '247a0be859419b970ecb0b2e4e8ce75f') in 0.008900 seconds 
========================================================================
Received Import Request.
  Time since last request: 0.000030 seconds.
  path: Packages/com.unity.2d.animation/Editor/Assets/SkinningModule/Icons/Selected/Bone_Influence.png
  artifactKey: Guid(ff00345da0563d641903c5bd5bb748a4) Importer(815301076,1909f56bfc062723c751e8b465ee728b)
Start importing Packages/com.unity.2d.animation/Editor/Assets/SkinningModule/Icons/Selected/Bone_Influence.png using Guid(ff00345da0563d641903c5bd5bb748a4) Importer(815301076,1909f56bfc062723c751e8b465ee728b)  -> (artifact id: '161d639b0170e231d6255168fa27e7ef') in 0.016498 seconds 
========================================================================
Received Import Request.
  Time since last request: 0.000032 seconds.
  path: Packages/com.unity.2d.animation/Editor/Assets/SkinningModule/Icons/Light/character_Mode@2x.png
  artifactKey: Guid(25096ce515c063c48a2bd6b108c95912) Importer(815301076,1909f56bfc062723c751e8b465ee728b)
Start importing Packages/com.unity.2d.animation/Editor/Assets/SkinningModule/Icons/Light/character_Mode@2x.png using Guid(25096ce515c063c48a2bd6b108c95912) Importer(815301076,1909f56bfc062723c751e8b465ee728b)  -> (artifact id: '11762777fede7096077c3442857f2dc9') in 0.015662 seconds 
========================================================================
Received Import Request.
  Time since last request: 0.000034 seconds.
  path: Packages/com.unity.collab-proxy/Editor/Collaborate/Assets/Icons/collaborate-dark.png
  artifactKey: Guid(8558913fe46542045b38c8f97ef8546a) Importer(815301076,1909f56bfc062723c751e8b465ee728b)
Start importing Packages/com.unity.collab-proxy/Editor/Collaborate/Assets/Icons/collaborate-dark.png using Guid(8558913fe46542045b38c8f97ef8546a) Importer(815301076,1909f56bfc062723c751e8b465ee728b)  -> (artifact id: '63b65405cc21bb32fea3a237f62aaecd') in 0.010340 seconds 
========================================================================
Received Import Request.
  Time since last request: 0.000033 seconds.
  path: Packages/com.unity.inputsystem/InputSystem/Editor/Icons/ChevronDown@2x.png
  artifactKey: Guid(153c8e15f7f6c452ca50f6795813ed39) Importer(815301076,1909f56bfc062723c751e8b465ee728b)
Start importing Packages/com.unity.inputsystem/InputSystem/Editor/Icons/ChevronDown@2x.png using Guid(153c8e15f7f6c452ca50f6795813ed39) Importer(815301076,1909f56bfc062723c751e8b465ee728b)  -> (artifact id: 'd5056afd394cb840a240bb13dcf48f3a') in 0.009866 seconds 
========================================================================
Received Import Request.
  Time since last request: 0.000031 seconds.
  path: Packages/com.unity.textmeshpro/Editor Resources/Textures/btn_AlignFlush.psd
  artifactKey: Guid(691475c57a824010be0c6f474caeb7e1) Importer(815301076,1909f56bfc062723c751e8b465ee728b)
Start importing Packages/com.unity.textmeshpro/Editor Resources/Textures/btn_AlignFlush.psd using Guid(691475c57a824010be0c6f474caeb7e1) Importer(815301076,1909f56bfc062723c751e8b465ee728b)  -> (artifact id: 'b3d60f9a2272ead997f01dce035e0c22') in 0.015903 seconds 
========================================================================
Received Import Request.
  Time since last request: 0.000041 seconds.
  path: Packages/com.unity.testtools.codecoverage/Editor/Icons/CodeCoverage@2x.png
  artifactKey: Guid(37164f8d49df70f448b593fa86e488f5) Importer(815301076,1909f56bfc062723c751e8b465ee728b)
Start importing Packages/com.unity.testtools.codecoverage/Editor/Icons/CodeCoverage@2x.png using Guid(37164f8d49df70f448b593fa86e488f5) Importer(815301076,1909f56bfc062723c751e8b465ee728b)  -> (artifact id: '3e21ab2fa64eb3547f6031f11779640f') in 0.011820 seconds 
========================================================================
Received Import Request.
  Time since last request: 0.000034 seconds.
  path: Packages/com.unity.textmeshpro/Editor Resources/Textures/btn_AlignCenter_Light.psd
  artifactKey: Guid(6ace62d30f494c948b71d5594afce11d) Importer(815301076,1909f56bfc062723c751e8b465ee728b)
Start importing Packages/com.unity.textmeshpro/Editor Resources/Textures/btn_AlignCenter_Light.psd using Guid(6ace62d30f494c948b71d5594afce11d) Importer(815301076,1909f56bfc062723c751e8b465ee728b)  -> (artifact id: 'b5ece06169d04cb0bcbf1e1856640ef8') in 0.010655 seconds 
========================================================================
Received Import Request.
  Time since last request: 0.000043 seconds.
  path: Packages/com.unity.collab-proxy/Editor/Collaborate/Assets/Icons/choose-mine-light.png
  artifactKey: Guid(2c0bdcbf152ceb64ba9b01cc370a9092) Importer(815301076,1909f56bfc062723c751e8b465ee728b)
Start importing Packages/com.unity.collab-proxy/Editor/Collaborate/Assets/Icons/choose-mine-light.png using Guid(2c0bdcbf152ceb64ba9b01cc370a9092) Importer(815301076,1909f56bfc062723c751e8b465ee728b)  -> (artifact id: 'f65b2a1dac6dad0a959f3d2ecdc25b35') in 0.020674 seconds 
========================================================================
Received Import Request.
  Time since last request: 0.000033 seconds.
  path: Packages/com.unity.textmeshpro/Editor Resources/Textures/btn_AlignMiddle_Light.psd
  artifactKey: Guid(066619c9c9c84f89acb1b48c11a7efe2) Importer(815301076,1909f56bfc062723c751e8b465ee728b)
Start importing Packages/com.unity.textmeshpro/Editor Resources/Textures/btn_AlignMiddle_Light.psd using Guid(066619c9c9c84f89acb1b48c11a7efe2) Importer(815301076,1909f56bfc062723c751e8b465ee728b)  -> (artifact id: 'e31bb4f307efe7044ebf5bc4b7847f3d') in 0.014974 seconds 
========================================================================
Received Import Request.
  Time since last request: 0.000042 seconds.
  path: Packages/com.unity.2d.animation/Editor/Assets/SkinningModule/Icons/Light/character_Mode.png
  artifactKey: Guid(d4d64a6cd9624c34a815dd79fb2a20a4) Importer(815301076,1909f56bfc062723c751e8b465ee728b)
Start importing Packages/com.unity.2d.animation/Editor/Assets/SkinningModule/Icons/Light/character_Mode.png using Guid(d4d64a6cd9624c34a815dd79fb2a20a4) Importer(815301076,1909f56bfc062723c751e8b465ee728b)  -> (artifact id: '1411c4e80b8bc863fb76e2d23cba9621') in 0.023044 seconds 
========================================================================
Received Import Request.
  Time since last request: 0.000036 seconds.
  path: Packages/com.unity.collab-proxy/Editor/Collaborate/Assets/Icons/collaborate-available-changes-light.png
  artifactKey: Guid(c27f4e1f2b76b2f45b48df65c02ba338) Importer(815301076,1909f56bfc062723c751e8b465ee728b)
Start importing Packages/com.unity.collab-proxy/Editor/Collaborate/Assets/Icons/collaborate-available-changes-light.png using Guid(c27f4e1f2b76b2f45b48df65c02ba338) Importer(815301076,1909f56bfc062723c751e8b465ee728b)  -> (artifact id: '04e40e9353b8fdbced678d1deb116d6d') in 0.014167 seconds 
========================================================================
Received Import Request.
  Time since last request: 0.000035 seconds.
  path: Assets/SkySeries Freebie/FreebieHdri/CasualDay4K.hdr
  artifactKey: Guid(1153dc89e66880c4eb7adc16ba588855) Importer(815301076,1909f56bfc062723c751e8b465ee728b)
Start importing Assets/SkySeries Freebie/FreebieHdri/CasualDay4K.hdr using Guid(1153dc89e66880c4eb7adc16ba588855) Importer(815301076,1909f56bfc062723c751e8b465ee728b)  -> (artifact id: 'fb597a83c441e5e9ff8a3e5f3e3aa7f1') in 0.112510 seconds 
========================================================================
Received Import Request.
  Time since last request: 0.000036 seconds.
  path: Packages/com.unity.inputsystem/InputSystem/Editor/AssetEditor/Resources/pro/actionTreeBackground.png
  artifactKey: Guid(c4b66e31395c54087a2fbc13ae7e0f3c) Importer(815301076,1909f56bfc062723c751e8b465ee728b)
Start importing Packages/com.unity.inputsystem/InputSystem/Editor/AssetEditor/Resources/pro/actionTreeBackground.png using Guid(c4b66e31395c54087a2fbc13ae7e0f3c) Importer(815301076,1909f56bfc062723c751e8b465ee728b)  -> (artifact id: '51557c43a7b9a38e989dfef9537b7900') in 0.013185 seconds 
========================================================================
Received Import Request.
  Time since last request: 0.000044 seconds.
  path: Assets/New UI Widgets/Assets/Styles/DefaultStyle/arrow.png
  artifactKey: Guid(b2c3862e069a65e41ae6b03ad7c7a57d) Importer(815301076,1909f56bfc062723c751e8b465ee728b)
Start importing Assets/New UI Widgets/Assets/Styles/DefaultStyle/arrow.png using Guid(b2c3862e069a65e41ae6b03ad7c7a57d) Importer(815301076,1909f56bfc062723c751e8b465ee728b)  -> (artifact id: 'b61d054eb9792aa3ced4928ee1435cdb') in 0.016641 seconds 
========================================================================
Received Import Request.
  Time since last request: 0.000035 seconds.
  path: Packages/com.unity.inputsystem/InputSystem/Editor/Icons/Add Binding.png
  artifactKey: Guid(958a10dec4f3a4764bb345b0aa03510b) Importer(815301076,1909f56bfc062723c751e8b465ee728b)
Start importing Packages/com.unity.inputsystem/InputSystem/Editor/Icons/Add Binding.png using Guid(958a10dec4f3a4764bb345b0aa03510b) Importer(815301076,1909f56bfc062723c751e8b465ee728b)  -> (artifact id: '22a657624e4ffc03b860eed1530baf70') in 0.009189 seconds 
========================================================================
Received Import Request.
  Time since last request: 0.000040 seconds.
  path: Packages/com.unity.2d.animation/Editor/Assets/SkinningModule/Icons/Light/Bone@3x.png
  artifactKey: Guid(76beef9fdae7b48468ddf07d0400a374) Importer(815301076,1909f56bfc062723c751e8b465ee728b)
Start importing Packages/com.unity.2d.animation/Editor/Assets/SkinningModule/Icons/Light/Bone@3x.png using Guid(76beef9fdae7b48468ddf07d0400a374) Importer(815301076,1909f56bfc062723c751e8b465ee728b)  -> (artifact id: '74f5c427e26f7bb82fa1b89845c098da') in 0.015961 seconds 
========================================================================
Received Import Request.
  Time since last request: 0.000030 seconds.
  path: Packages/com.unity.2d.animation/Editor/Assets/SkinningModule/Icons/Selected/character_Mode@2x.png
  artifactKey: Guid(5d52b20f865aff242bfcb08c3b6f61a5) Importer(815301076,1909f56bfc062723c751e8b465ee728b)
Start importing Packages/com.unity.2d.animation/Editor/Assets/SkinningModule/Icons/Selected/character_Mode@2x.png using Guid(5d52b20f865aff242bfcb08c3b6f61a5) Importer(815301076,1909f56bfc062723c751e8b465ee728b)  -> (artifact id: 'f7c69f60bac37b7f86935d5931c783f4') in 0.013796 seconds 
========================================================================
Received Import Request.
  Time since last request: 0.000036 seconds.
  path: Packages/com.unity.inputsystem/InputSystem/Editor/AssetEditor/Resources/personal/actionTreeBackground.png
  artifactKey: Guid(ce5f11cd993284c4f9c54f854bdc8c9c) Importer(815301076,1909f56bfc062723c751e8b465ee728b)
Start importing Packages/com.unity.inputsystem/InputSystem/Editor/AssetEditor/Resources/personal/actionTreeBackground.png using Guid(ce5f11cd993284c4f9c54f854bdc8c9c) Importer(815301076,1909f56bfc062723c751e8b465ee728b)  -> (artifact id: '14c37978556d63455ce17dc5c2061ef2') in 0.010113 seconds 
========================================================================
Received Import Request.
  Time since last request: 0.000044 seconds.
  path: Assets/New UI Widgets/Assets/Styles/BlueStyle/blue-iprogressbar-texture.png
  artifactKey: Guid(438cffca1adbf104088c27cd8fe431c9) Importer(815301076,1909f56bfc062723c751e8b465ee728b)
Start importing Assets/New UI Widgets/Assets/Styles/BlueStyle/blue-iprogressbar-texture.png using Guid(438cffca1adbf104088c27cd8fe431c9) Importer(815301076,1909f56bfc062723c751e8b465ee728b)  -> (artifact id: 'c2f79aad111b9a61ad9790cbc5e23d52') in 0.017058 seconds 
========================================================================
Received Import Request.
  Time since last request: 0.000038 seconds.
  path: Assets/New UI Widgets/Assets/UI Themes/Sprites/canvas_red.png
  artifactKey: Guid(8ba4d2f0afaa65e42bf9f098d80150ad) Importer(815301076,1909f56bfc062723c751e8b465ee728b)
Start importing Assets/New UI Widgets/Assets/UI Themes/Sprites/canvas_red.png using Guid(8ba4d2f0afaa65e42bf9f098d80150ad) Importer(815301076,1909f56bfc062723c751e8b465ee728b)  -> (artifact id: '2c7f94cd5e9fa635c0ef7459d86881fe') in 0.505560 seconds 
========================================================================
Received Import Request.
  Time since last request: 0.000049 seconds.
  path: Assets/Sprite Shaders Ultimate/Textures/Mask/CircleMask.png
  artifactKey: Guid(91f759c7694b66c41b5a9e587c22f40e) Importer(815301076,1909f56bfc062723c751e8b465ee728b)
Start importing Assets/Sprite Shaders Ultimate/Textures/Mask/CircleMask.png using Guid(91f759c7694b66c41b5a9e587c22f40e) Importer(815301076,1909f56bfc062723c751e8b465ee728b)  -> (artifact id: '487bc7eacf46f1ef888a09ce7c02c245') in 0.023098 seconds 
========================================================================
Received Import Request.
  Time since last request: 0.000046 seconds.
  path: Packages/com.unity.collab-proxy/Editor/Collaborate/Assets/Icons/added-file-dark@2x.png
  artifactKey: Guid(c223e0c507e2c6549a2cb97441b62cbe) Importer(815301076,1909f56bfc062723c751e8b465ee728b)
Start importing Packages/com.unity.collab-proxy/Editor/Collaborate/Assets/Icons/added-file-dark@2x.png using Guid(c223e0c507e2c6549a2cb97441b62cbe) Importer(815301076,1909f56bfc062723c751e8b465ee728b)  -> (artifact id: '5267f6d891ce850322a5ef6a1fbdbb08') in 0.010617 seconds 
========================================================================
Received Import Request.
  Time since last request: 0.000055 seconds.
  path: Packages/com.unity.collab-proxy/Editor/Collaborate/Assets/Icons/added-file-light.png
  artifactKey: Guid(397fff6c3885f8343bb65714f0064b5d) Importer(815301076,1909f56bfc062723c751e8b465ee728b)
Start importing Packages/com.unity.collab-proxy/Editor/Collaborate/Assets/Icons/added-file-light.png using Guid(397fff6c3885f8343bb65714f0064b5d) Importer(815301076,1909f56bfc062723c751e8b465ee728b)  -> (artifact id: 'db042668cd888a595cead60b391f3883') in 0.014425 seconds 
========================================================================
Received Import Request.
  Time since last request: 0.000050 seconds.
  path: Packages/com.unity.collab-proxy/Editor/Collaborate/Assets/Icons/collaborate-incoming-dark.png
  artifactKey: Guid(4f1f02bee0a5ae24aac00a40a212299a) Importer(815301076,1909f56bfc062723c751e8b465ee728b)
Start importing Packages/com.unity.collab-proxy/Editor/Collaborate/Assets/Icons/collaborate-incoming-dark.png using Guid(4f1f02bee0a5ae24aac00a40a212299a) Importer(815301076,1909f56bfc062723c751e8b465ee728b)  -> (artifact id: 'f7af5c756674b80dcd810c14f47beec3') in 0.015643 seconds 
========================================================================
Received Import Request.
  Time since last request: 0.000031 seconds.
  path: Packages/com.unity.2d.animation/Editor/Assets/SkinningModule/Icons/Selected/Bone_Influence@4x.png
  artifactKey: Guid(daf2ab606d4db0d4f9ecf4c02137d2a8) Importer(815301076,1909f56bfc062723c751e8b465ee728b)
Start importing Packages/com.unity.2d.animation/Editor/Assets/SkinningModule/Icons/Selected/Bone_Influence@4x.png using Guid(daf2ab606d4db0d4f9ecf4c02137d2a8) Importer(815301076,1909f56bfc062723c751e8b465ee728b)  -> (artifact id: '02ccfb4cb19601f0c96be736c618ae84') in 0.016702 seconds 
========================================================================
Received Import Request.
  Time since last request: 0.000039 seconds.
  path: Packages/com.unity.textmeshpro/Editor Resources/Textures/btn_AlignLeft.psd
  artifactKey: Guid(9288066c33474b94b6ee5465f4df1cc0) Importer(815301076,1909f56bfc062723c751e8b465ee728b)
Start importing Packages/com.unity.textmeshpro/Editor Resources/Textures/btn_AlignLeft.psd using Guid(9288066c33474b94b6ee5465f4df1cc0) Importer(815301076,1909f56bfc062723c751e8b465ee728b)  -> (artifact id: '037ee4c6e5c08a74821ed00f5e364f80') in 0.009224 seconds 
========================================================================
Received Import Request.
  Time since last request: 0.000041 seconds.
  path: Assets/Sprite Shaders Ultimate/Demo/Textures/Example/Cloud 1.png
  artifactKey: Guid(b90c6332c1c326742b5882aa99e0d188) Importer(815301076,1909f56bfc062723c751e8b465ee728b)
Start importing Assets/Sprite Shaders Ultimate/Demo/Textures/Example/Cloud 1.png using Guid(b90c6332c1c326742b5882aa99e0d188) Importer(815301076,1909f56bfc062723c751e8b465ee728b)  -> (artifact id: '5cffa23aa8f45a9c68cde6636404c767') in 0.055880 seconds 
========================================================================
Received Import Request.
  Time since last request: 0.000054 seconds.
  path: Packages/com.unity.2d.animation/Editor/Assets/SkinningModule/Icons/Light/Bone_Influence@4x.png
  artifactKey: Guid(c7aa62ae78ffca0498c89e5f45f94c0e) Importer(815301076,1909f56bfc062723c751e8b465ee728b)
Start importing Packages/com.unity.2d.animation/Editor/Assets/SkinningModule/Icons/Light/Bone_Influence@4x.png using Guid(c7aa62ae78ffca0498c89e5f45f94c0e) Importer(815301076,1909f56bfc062723c751e8b465ee728b)  -> (artifact id: '5b5219ff40cf97a4dd4191002ee0707d') in 0.020794 seconds 
========================================================================
Received Import Request.
  Time since last request: 0.000058 seconds.
  path: Assets/New UI Widgets/Assets/Styles/BlueStyle/blue-pause.png
  artifactKey: Guid(2d3e2f9d30b3aba4bb8b164f68eed8a5) Importer(815301076,1909f56bfc062723c751e8b465ee728b)
Start importing Assets/New UI Widgets/Assets/Styles/BlueStyle/blue-pause.png using Guid(2d3e2f9d30b3aba4bb8b164f68eed8a5) Importer(815301076,1909f56bfc062723c751e8b465ee728b)  -> (artifact id: '6da196388ae3114b82923cd6903aba4e') in 0.022121 seconds 
========================================================================
Received Import Request.
  Time since last request: 0.000037 seconds.
  path: Packages/com.unity.2d.animation/Editor/Assets/SkinningModule/Icons/Light/Bone@2x.png
  artifactKey: Guid(d6a44ab95b0def041a7929981a2c23a1) Importer(815301076,1909f56bfc062723c751e8b465ee728b)
Start importing Packages/com.unity.2d.animation/Editor/Assets/SkinningModule/Icons/Light/Bone@2x.png using Guid(d6a44ab95b0def041a7929981a2c23a1) Importer(815301076,1909f56bfc062723c751e8b465ee728b)  -> (artifact id: '512c1daa8dbc1f3ba5d0c31e80e056d0') in 0.018694 seconds 
========================================================================
Received Import Request.
  Time since last request: 0.000034 seconds.
  path: Assets/New UI Widgets/Assets/Styles/BlueStyle/blue-dialog-border.png
  artifactKey: Guid(e294d5a5b96225442ba1497ea4b4f16d) Importer(815301076,1909f56bfc062723c751e8b465ee728b)
Start importing Assets/New UI Widgets/Assets/Styles/BlueStyle/blue-dialog-border.png using Guid(e294d5a5b96225442ba1497ea4b4f16d) Importer(815301076,1909f56bfc062723c751e8b465ee728b)  -> (artifact id: '172be3cc5e1ed1a25a51d087a2588fc7') in 0.019049 seconds 
========================================================================
Received Import Request.
  Time since last request: 0.000038 seconds.
  path: Assets/New UI Widgets/Assets/Styles/DefaultStyle/checkmark.png
  artifactKey: Guid(aa2719b38d5cb5a4c8f7a6579d54e2b9) Importer(815301076,1909f56bfc062723c751e8b465ee728b)
Start importing Assets/New UI Widgets/Assets/Styles/DefaultStyle/checkmark.png using Guid(aa2719b38d5cb5a4c8f7a6579d54e2b9) Importer(815301076,1909f56bfc062723c751e8b465ee728b)  -> (artifact id: '7c505e1d0df76ed6480e5b848157cd18') in 0.020194 seconds 
========================================================================
Received Import Request.
  Time since last request: 0.000035 seconds.
  path: Assets/New UI Widgets/Assets/Styles/BlueStyle/blue-tab-button-left-inactive.png
  artifactKey: Guid(56441aa8e0a31f04598bf0920e58d17b) Importer(815301076,1909f56bfc062723c751e8b465ee728b)
Start importing Assets/New UI Widgets/Assets/Styles/BlueStyle/blue-tab-button-left-inactive.png using Guid(56441aa8e0a31f04598bf0920e58d17b) Importer(815301076,1909f56bfc062723c751e8b465ee728b)  -> (artifact id: 'c6e4ab2997ba4e385c81d6c2a4dfd606') in 0.017797 seconds 
========================================================================
Received Import Request.
  Time since last request: 0.000039 seconds.
  path: Assets/New UI Widgets/Assets/Styles/BlueStyle/blue-tab-button-top-inactive.png
  artifactKey: Guid(17869cd2e1f71f14dbdd7afeef93f6b6) Importer(815301076,1909f56bfc062723c751e8b465ee728b)
Start importing Assets/New UI Widgets/Assets/Styles/BlueStyle/blue-tab-button-top-inactive.png using Guid(17869cd2e1f71f14dbdd7afeef93f6b6) Importer(815301076,1909f56bfc062723c751e8b465ee728b)  -> (artifact id: 'c4acc4e10fb108a45d08bb51fd143f6d') in 0.038255 seconds 
========================================================================
Received Import Request.
  Time since last request: 0.000044 seconds.
  path: Packages/com.unity.textmeshpro/Editor Resources/Textures/btn_AlignCenter.psd
  artifactKey: Guid(81ed8c76d2bc4a4c95d092c98af4e58f) Importer(815301076,1909f56bfc062723c751e8b465ee728b)
Start importing Packages/com.unity.textmeshpro/Editor Resources/Textures/btn_AlignCenter.psd using Guid(81ed8c76d2bc4a4c95d092c98af4e58f) Importer(815301076,1909f56bfc062723c751e8b465ee728b)  -> (artifact id: 'cbd0aabd2c1000cff14b801e24906ccc') in 0.017569 seconds 
========================================================================
Received Import Request.
  Time since last request: 0.000053 seconds.
  path: Packages/com.unity.collab-proxy/Editor/Collaborate/Assets/Icons/clear-light@2x.png
  artifactKey: Guid(c84258b6921bcce45a57f68a07b2143f) Importer(815301076,1909f56bfc062723c751e8b465ee728b)
Start importing Packages/com.unity.collab-proxy/Editor/Collaborate/Assets/Icons/clear-light@2x.png using Guid(c84258b6921bcce45a57f68a07b2143f) Importer(815301076,1909f56bfc062723c751e8b465ee728b)  -> (artifact id: '9063923f95ba2322289394c5078f04ae') in 0.011564 seconds 
========================================================================
Received Import Request.
  Time since last request: 0.000035 seconds.
  path: Packages/com.unity.textmeshpro/Editor Resources/Textures/btn_AlignTop.psd
  artifactKey: Guid(48d034c499ee4697af9dd6e327110249) Importer(815301076,1909f56bfc062723c751e8b465ee728b)
Start importing Packages/com.unity.textmeshpro/Editor Resources/Textures/btn_AlignTop.psd using Guid(48d034c499ee4697af9dd6e327110249) Importer(815301076,1909f56bfc062723c751e8b465ee728b)  -> (artifact id: 'c497c7eb3c1b20789e5b6118a52c5d21') in 0.012860 seconds 
========================================================================
Received Import Request.
  Time since last request: 0.000034 seconds.
  path: Assets/New UI Widgets/Assets/Styles/BlueStyle/blue-tooltip.png
  artifactKey: Guid(59235cae37283484bbb8cdeeb6b7943a) Importer(815301076,1909f56bfc062723c751e8b465ee728b)
Start importing Assets/New UI Widgets/Assets/Styles/BlueStyle/blue-tooltip.png using Guid(59235cae37283484bbb8cdeeb6b7943a) Importer(815301076,1909f56bfc062723c751e8b465ee728b)  -> (artifact id: '1cccbfc52f844d4f3cb3f809242f28da') in 0.017436 seconds 
========================================================================
Received Import Request.
  Time since last request: 0.000033 seconds.
  path: Packages/com.unity.collab-proxy/Editor/Collaborate/Assets/Icons/clear-dark.png
  artifactKey: Guid(432426364f0e2474b9817a7e5b9dd1c2) Importer(815301076,1909f56bfc062723c751e8b465ee728b)
Start importing Packages/com.unity.collab-proxy/Editor/Collaborate/Assets/Icons/clear-dark.png using Guid(432426364f0e2474b9817a7e5b9dd1c2) Importer(815301076,1909f56bfc062723c751e8b465ee728b)  -> (artifact id: 'e7add5deea2193641145f200da738af5') in 0.012384 seconds 
========================================================================
Received Import Request.
  Time since last request: 0.000037 seconds.
  path: Packages/com.unity.2d.animation/Editor/Assets/SkinningModule/Icons/Light/character_Mode@4x.png
  artifactKey: Guid(748ae8b33df036b46a86e0387f1602cf) Importer(815301076,1909f56bfc062723c751e8b465ee728b)
Start importing Packages/com.unity.2d.animation/Editor/Assets/SkinningModule/Icons/Light/character_Mode@4x.png using Guid(748ae8b33df036b46a86e0387f1602cf) Importer(815301076,1909f56bfc062723c751e8b465ee728b)  -> (artifact id: '47db376b85b677e829962320e266d932') in 0.015791 seconds 
========================================================================
Received Import Request.
  Time since last request: 0.000045 seconds.
  path: Assets/New UI Widgets/Assets/Styles/DefaultStyle/canvas_background.png
  artifactKey: Guid(e6ec35e733105f64698fcce9abe1800e) Importer(815301076,1909f56bfc062723c751e8b465ee728b)
Start importing Assets/New UI Widgets/Assets/Styles/DefaultStyle/canvas_background.png using Guid(e6ec35e733105f64698fcce9abe1800e) Importer(815301076,1909f56bfc062723c751e8b465ee728b)  -> (artifact id: '35828f24650186270479856f3974ab50') in 0.219898 seconds 
Editor requested this worker to shutdown with reason: Scaling down because of idle timeout
AssetImportWorker is now disconnected from the server
Process exiting
Exiting without the bug reporter. Application will terminate with return code 0