Using pre-set license
Built from '2021.3/staging' branch; Version is '2021.3.16f1 (4016570cf34f) revision 4200023'; Using compiler version '192829333'; Build Type 'Release'
OS: 'Windows 10  (10.0.19044) 64bit Professional' Language: 'zh' Physical Memory: 32627 MB
BatchMode: 1, IsHumanControllingUs: 0, StartBugReporterOnCrash: 0, Is64bit: 1, IsPro: 1

COMMAND LINE ARGUMENTS:
C:\Program Files\Unity\Hub\Editor\2021.3.16f1\Editor\Unity.exe
-adb2
-batchMode
-noUpm
-name
AssetImportWorker0
-projectPath
D:/CS/ICS169/Capstone/ProjectCapstone
-logFile
Logs/AssetImportWorker0.log
-srvPort
51114
Successfully changed project path to: D:/CS/ICS169/Capstone/ProjectCapstone
D:/CS/ICS169/Capstone/ProjectCapstone
[UnityMemory] Configuration Parameters - Can be set up in boot.config
    "memorysetup-bucket-allocator-granularity=16"
    "memorysetup-bucket-allocator-bucket-count=8"
    "memorysetup-bucket-allocator-block-size=33554432"
    "memorysetup-bucket-allocator-block-count=8"
    "memorysetup-main-allocator-block-size=16777216"
    "memorysetup-thread-allocator-block-size=16777216"
    "memorysetup-gfx-main-allocator-block-size=16777216"
    "memorysetup-gfx-thread-allocator-block-size=16777216"
    "memorysetup-cache-allocator-block-size=4194304"
    "memorysetup-typetree-allocator-block-size=2097152"
    "memorysetup-profiler-bucket-allocator-granularity=16"
    "memorysetup-profiler-bucket-allocator-bucket-count=8"
    "memorysetup-profiler-bucket-allocator-block-size=33554432"
    "memorysetup-profiler-bucket-allocator-block-count=8"
    "memorysetup-profiler-allocator-block-size=16777216"
    "memorysetup-profiler-editor-allocator-block-size=1048576"
    "memorysetup-temp-allocator-size-main=16777216"
    "memorysetup-job-temp-allocator-block-size=2097152"
    "memorysetup-job-temp-allocator-block-size-background=1048576"
    "memorysetup-job-temp-allocator-reduction-small-platforms=262144"
    "memorysetup-temp-allocator-size-background-worker=32768"
    "memorysetup-temp-allocator-size-job-worker=262144"
    "memorysetup-temp-allocator-size-preload-manager=33554432"
    "memorysetup-temp-allocator-size-nav-mesh-worker=65536"
    "memorysetup-temp-allocator-size-audio-worker=65536"
    "memorysetup-temp-allocator-size-cloud-worker=32768"
    "memorysetup-temp-allocator-size-gi-baking-worker=262144"
    "memorysetup-temp-allocator-size-gfx=262144"
Player connection [73508] Host "[IP] 192.168.1.219 [Port] 0 [Flags] 2 [Guid] 1637587354 [EditorId] 1637587354 [Version] 1048832 [Id] WindowsEditor(7,DESKTOP-8076NJ7) [Debug] 1 [PackageName] WindowsEditor [ProjectName] Editor" joined multi-casting on [225.0.0.222:54997]...

Player connection [73508] Host "[IP] 192.168.1.219 [Port] 0 [Flags] 2 [Guid] 1637587354 [EditorId] 1637587354 [Version] 1048832 [Id] WindowsEditor(7,DESKTOP-8076NJ7) [Debug] 1 [PackageName] WindowsEditor [ProjectName] Editor" joined alternative multi-casting on [225.0.0.222:34997]...

Refreshing native plugins compatible for Editor in 187.49 ms, found 3 plugins.
Preloading 0 native plugins for Editor in 0.00 ms.
Initialize engine version: 2021.3.16f1 (4016570cf34f)
[Subsystems] Discovering subsystems at path C:/Program Files/Unity/Hub/Editor/2021.3.16f1/Editor/Data/Resources/UnitySubsystems
[Subsystems] Discovering subsystems at path D:/CS/ICS169/Capstone/ProjectCapstone/Assets
GfxDevice: creating device client; threaded=0; jobified=0
Direct3D:
    Version:  Direct3D 11.0 [level 11.1]
    Renderer: NVIDIA GeForce RTX 3080 (ID=0x220a)
    Vendor:   NVIDIA
    VRAM:     12107 MB
    Driver:   31.0.15.3623
Initialize mono
Mono path[0] = 'C:/Program Files/Unity/Hub/Editor/2021.3.16f1/Editor/Data/Managed'
Mono path[1] = 'C:/Program Files/Unity/Hub/Editor/2021.3.16f1/Editor/Data/MonoBleedingEdge/lib/mono/unityjit-win32'
Mono config path = 'C:/Program Files/Unity/Hub/Editor/2021.3.16f1/Editor/Data/MonoBleedingEdge/etc'
Using monoOptions --debugger-agent=transport=dt_socket,embedding=1,server=y,suspend=n,address=127.0.0.1:56748
Begin MonoManager ReloadAssembly
Registering precompiled unity dll's ...
Register platform support module: C:/Program Files/Unity/Hub/Editor/2021.3.16f1/Editor/Data/PlaybackEngines/WebGLSupport/UnityEditor.WebGL.Extensions.dll
Register platform support module: C:/Program Files/Unity/Hub/Editor/2021.3.16f1/Editor/Data/PlaybackEngines/WindowsStandaloneSupport/UnityEditor.WindowsStandalone.Extensions.dll
Register platform support module: C:/Program Files/Unity/Hub/Editor/2021.3.16f1/Editor/Data/PlaybackEngines/LinuxStandaloneSupport/UnityEditor.LinuxStandalone.Extensions.dll
Registered in 0.013839 seconds.
Native extension for LinuxStandalone target not found
Native extension for WindowsStandalone target not found
Native extension for WebGL target not found
Refreshing native plugins compatible for Editor in 174.98 ms, found 3 plugins.
Preloading 0 native plugins for Editor in 0.00 ms.
Mono: successfully reloaded assembly
- Completed reload, in  0.862 seconds
Domain Reload Profiling:
	ReloadAssembly (862ms)
		BeginReloadAssembly (93ms)
			ExecutionOrderSort (0ms)
			DisableScriptedObjects (0ms)
			BackupInstance (0ms)
			ReleaseScriptingObjects (0ms)
			CreateAndSetChildDomain (1ms)
		EndReloadAssembly (627ms)
			LoadAssemblies (90ms)
			RebuildTransferFunctionScriptingTraits (0ms)
			SetupTypeCache (120ms)
			ReleaseScriptCaches (0ms)
			RebuildScriptCaches (34ms)
			SetupLoadedEditorAssemblies (410ms)
				LogAssemblyErrors (0ms)
				InitializePlatformSupportModulesInManaged (17ms)
				SetLoadedEditorAssemblies (0ms)
				RefreshPlugins (175ms)
				BeforeProcessingInitializeOnLoad (2ms)
				ProcessInitializeOnLoadAttributes (165ms)
				ProcessInitializeOnLoadMethodAttributes (51ms)
				AfterProcessingInitializeOnLoad (0ms)
				EditorAssembliesLoaded (0ms)
			ExecutionOrderSort2 (0ms)
			AwakeInstancesAfterBackupRestoration (0ms)
Platform modules already initialized, skipping
Registering precompiled user dll's ...
Registered in 0.011331 seconds.
Begin MonoManager ReloadAssembly
Symbol file LoadedFromMemory doesn't match image D:\CS\ICS169\Capstone\ProjectCapstone\Library\PackageCache\com.unity.visualscripting@1.7.8\Editor\VisualScripting.Core\Dependencies\YamlDotNet\Unity.VisualScripting.YamlDotNet.dll
Symbol file LoadedFromMemory doesn't match image D:\CS\ICS169\Capstone\ProjectCapstone\Library\PackageCache\com.unity.visualscripting@1.7.8\Editor\VisualScripting.Core\Dependencies\DotNetZip\Unity.VisualScripting.IonicZip.dll
Native extension for LinuxStandalone target not found
Native extension for WindowsStandalone target not found
Native extension for WebGL target not found
Refreshing native plugins compatible for Editor in 179.29 ms, found 3 plugins.
Preloading 0 native plugins for Editor in 0.00 ms.
Mono: successfully reloaded assembly
- Completed reload, in  4.807 seconds
Domain Reload Profiling:
	ReloadAssembly (4808ms)
		BeginReloadAssembly (113ms)
			ExecutionOrderSort (0ms)
			DisableScriptedObjects (6ms)
			BackupInstance (0ms)
			ReleaseScriptingObjects (0ms)
			CreateAndSetChildDomain (19ms)
		EndReloadAssembly (4467ms)
			LoadAssemblies (147ms)
			RebuildTransferFunctionScriptingTraits (0ms)
			SetupTypeCache (444ms)
			ReleaseScriptCaches (1ms)
			RebuildScriptCaches (148ms)
			SetupLoadedEditorAssemblies (3665ms)
				LogAssemblyErrors (0ms)
				InitializePlatformSupportModulesInManaged (13ms)
				SetLoadedEditorAssemblies (0ms)
				RefreshPlugins (179ms)
				BeforeProcessingInitializeOnLoad (187ms)
				ProcessInitializeOnLoadAttributes (3040ms)
				ProcessInitializeOnLoadMethodAttributes (233ms)
				AfterProcessingInitializeOnLoad (12ms)
				EditorAssembliesLoaded (0ms)
			ExecutionOrderSort2 (0ms)
			AwakeInstancesAfterBackupRestoration (8ms)
Platform modules already initialized, skipping
========================================================================
Worker process is ready to serve import requests
Launched and connected shader compiler UnityShaderCompiler.exe after 0.07 seconds
Refreshing native plugins compatible for Editor in 1.22 ms, found 3 plugins.
Preloading 0 native plugins for Editor in 0.00 ms.
Unloading 7819 Unused Serialized files (Serialized files now loaded: 0)
Unloading 53 unused Assets / (3.4 MB). Loaded Objects now: 8288.
Memory consumption went from 353.1 MB to 349.7 MB.
Total: 5.077800 ms (FindLiveObjects: 0.870000 ms CreateObjectMapping: 0.343200 ms MarkObjects: 3.431400 ms  DeleteObjects: 0.431800 ms)

AssetImportParameters requested are different than current active one (requested -> active):
  custom:video-decoder-ogg-theora: a1e56fd34408186e4bbccfd4996cb3dc -> 
  custom:container-muxer-webm: aa71ff27fc2769a1b78a27578f13a17b -> 
  custom:container-demuxer-webm: 4f35f7cbe854078d1ac9338744f61a02 -> 
  custom:video-encoder-webm-vp8: eb34c28f22e8b96e1ab97ce403110664 -> 
  custom:video-codec-MediaFoundation-h265: 746d11721c4dcdbdad8f713fa42b33f4 -> 
  custom:audio-encoder-webm-vorbis: bf7c407c2cedff20999df2af8eb42d56 -> 
  custom:framework-win-MediaFoundation: 216162199b28c13a410421893ffa2e32 -> 
  custom:container-demuxer-ogg: 62fdf1f143b41e24485cea50d1cbac27 -> 
  custom:video-decoder-webm-vp8: 9c59270c3fd7afecdb556c50c9e8de78 -> 
  custom:audio-decoder-ogg-vorbis: bf7c407c2cedff20999df2af8eb42d56 -> 
========================================================================
Received Import Request.
  Time since last request: 1855909.031127 seconds.
  path: Assets/Arts/Terrain/Scene_Terrain
  artifactKey: Guid(3a6c174bf61f5304aba6c7c81e6aad67) Importer(815301076,1909f56bfc062723c751e8b465ee728b)
Start importing Assets/Arts/Terrain/Scene_Terrain using Guid(3a6c174bf61f5304aba6c7c81e6aad67) Importer(815301076,1909f56bfc062723c751e8b465ee728b)  -> (artifact id: '12cec798ede553771d8b6a3332154193') in 0.013507 seconds 
========================================================================
Received Import Request.
  Time since last request: 18.909978 seconds.
  path: Assets/Arts/Terrain/Scene_Terrain_Stands_Low/Scene_Terrain_Stands_A_M.obj
  artifactKey: Guid(bf84a8a9e5a80964197dea0de83c3776) Importer(815301076,1909f56bfc062723c751e8b465ee728b)
Start importing Assets/Arts/Terrain/Scene_Terrain_Stands_Low/Scene_Terrain_Stands_A_M.obj using Guid(bf84a8a9e5a80964197dea0de83c3776) Importer(815301076,1909f56bfc062723c751e8b465ee728b)  -> (artifact id: 'cb2095a23f8703f3df526a31358b09cb') in 1.139000 seconds 
========================================================================
Received Import Request.
  Time since last request: 72.114982 seconds.
  path: Assets/Arts/Terrain/Scene_Terrain_Stands_Low/Scene_Terrain_Stands_A_M.mtl
  artifactKey: Guid(b7eb369271f57b64598667ad0ebb1054) Importer(815301076,1909f56bfc062723c751e8b465ee728b)
Start importing Assets/Arts/Terrain/Scene_Terrain_Stands_Low/Scene_Terrain_Stands_A_M.mtl using Guid(b7eb369271f57b64598667ad0ebb1054) Importer(815301076,1909f56bfc062723c751e8b465ee728b)  -> (artifact id: 'a16352aa7c3d93c0286a35a729cb8774') in 0.004944 seconds 
========================================================================
Received Import Request.
  Time since last request: 12.891811 seconds.
  path: Assets/Arts/Terrain/Scene_Terrain_Stands_A/Scene_Terrain_Stands_A_M.obj
  artifactKey: Guid(46d7f2ef3b7340f4fa205859de042441) Importer(815301076,1909f56bfc062723c751e8b465ee728b)
Start importing Assets/Arts/Terrain/Scene_Terrain_Stands_A/Scene_Terrain_Stands_A_M.obj using Guid(46d7f2ef3b7340f4fa205859de042441) Importer(815301076,1909f56bfc062723c751e8b465ee728b)  -> (artifact id: '14cd8caa5c6b85ceeee7ae2c695d9517') in 0.044600 seconds 
========================================================================
Received Import Request.
  Time since last request: 146.980965 seconds.
  path: Assets/Arts/Terrain/Scene_Terrain_Stands_A/Scene_Terrain_Stands_A_M.fbx
  artifactKey: Guid(c0f4aaccdddb56349b006fd757aa3cbb) Importer(815301076,1909f56bfc062723c751e8b465ee728b)
Start importing Assets/Arts/Terrain/Scene_Terrain_Stands_A/Scene_Terrain_Stands_A_M.fbx using Guid(c0f4aaccdddb56349b006fd757aa3cbb) Importer(815301076,1909f56bfc062723c751e8b465ee728b)  -> (artifact id: '12a415543053eea957de81dcb1e58db4') in 0.042303 seconds 
========================================================================
Received Import Request.
  Time since last request: 25.427731 seconds.
  path: Assets/Arts/Terrain/Scene_Terrain_Stands_A/Scene_Terrain_Stands_A_M.fbx
  artifactKey: Guid(c0f4aaccdddb56349b006fd757aa3cbb) Importer(815301076,1909f56bfc062723c751e8b465ee728b)
Start importing Assets/Arts/Terrain/Scene_Terrain_Stands_A/Scene_Terrain_Stands_A_M.fbx using Guid(c0f4aaccdddb56349b006fd757aa3cbb) Importer(815301076,1909f56bfc062723c751e8b465ee728b)  -> (artifact id: 'bc96405796a545b5491714d3a0694721') in 0.041722 seconds 
========================================================================
Received Import Request.
  Time since last request: 45.840456 seconds.
  path: Assets/Arts/Terrain/Scene_Terrain_Stands_A/Scene_Terrain_Stands_A_M.fbx
  artifactKey: Guid(c0f4aaccdddb56349b006fd757aa3cbb) Importer(815301076,1909f56bfc062723c751e8b465ee728b)
Start importing Assets/Arts/Terrain/Scene_Terrain_Stands_A/Scene_Terrain_Stands_A_M.fbx using Guid(c0f4aaccdddb56349b006fd757aa3cbb) Importer(815301076,1909f56bfc062723c751e8b465ee728b)  -> (artifact id: '5ab1de1bc93435bfb812eb97f6e19496') in 0.039765 seconds 
========================================================================
Received Import Request.
  Time since last request: 15.868678 seconds.
  path: Assets/Arts/Terrain/Scene_Terrain_Stands_A/Scene_Terrain_Stands_A_M.mtl
  artifactKey: Guid(65d56063680481846ba39887d46a7582) Importer(815301076,1909f56bfc062723c751e8b465ee728b)
Start importing Assets/Arts/Terrain/Scene_Terrain_Stands_A/Scene_Terrain_Stands_A_M.mtl using Guid(65d56063680481846ba39887d46a7582) Importer(815301076,1909f56bfc062723c751e8b465ee728b)  -> (artifact id: '22279d3099bf570183b90a69ba904d62') in 0.002682 seconds 
========================================================================
Received Import Request.
  Time since last request: 4.444685 seconds.
  path: Assets/Arts/Terrain/Scene_Terrain_Stands_A/Scene_Terrain_Stands_A.mtl
  artifactKey: Guid(49ca571f79f41894ca6da79ed4f64781) Importer(815301076,1909f56bfc062723c751e8b465ee728b)
Start importing Assets/Arts/Terrain/Scene_Terrain_Stands_A/Scene_Terrain_Stands_A.mtl using Guid(49ca571f79f41894ca6da79ed4f64781) Importer(815301076,1909f56bfc062723c751e8b465ee728b)  -> (artifact id: '136870a89f3db7d48eff99ca199201a6') in 0.002548 seconds 
========================================================================
Received Import Request.
  Time since last request: 15.805366 seconds.
  path: Assets/Arts/Terrain/Scene_Terrain_Stands_A/Scene_Terrain_Stands_A_M.fbx
  artifactKey: Guid(c0f4aaccdddb56349b006fd757aa3cbb) Importer(815301076,1909f56bfc062723c751e8b465ee728b)
Start importing Assets/Arts/Terrain/Scene_Terrain_Stands_A/Scene_Terrain_Stands_A_M.fbx using Guid(c0f4aaccdddb56349b006fd757aa3cbb) Importer(815301076,1909f56bfc062723c751e8b465ee728b)  -> (artifact id: '40a1cc1fae98975dec638d53f092b172') in 0.047085 seconds 
========================================================================
Received Import Request.
  Time since last request: 12.964830 seconds.
  path: Assets/Arts/Terrain/Scene_Terrain_Stands_A/Scene_Terrain_Stands_A_M.fbx
  artifactKey: Guid(c0f4aaccdddb56349b006fd757aa3cbb) Importer(815301076,1909f56bfc062723c751e8b465ee728b)
Start importing Assets/Arts/Terrain/Scene_Terrain_Stands_A/Scene_Terrain_Stands_A_M.fbx using Guid(c0f4aaccdddb56349b006fd757aa3cbb) Importer(815301076,1909f56bfc062723c751e8b465ee728b)  -> (artifact id: '189cd16386f9d1b3b0c929b3ac7685c4') in 0.060414 seconds 
========================================================================
Received Prepare
Registering precompiled user dll's ...
Registered in 0.009968 seconds.
Begin MonoManager ReloadAssembly
Symbol file LoadedFromMemory doesn't match image D:\CS\ICS169\Capstone\ProjectCapstone\Library\PackageCache\com.unity.visualscripting@1.7.8\Editor\VisualScripting.Core\Dependencies\YamlDotNet\Unity.VisualScripting.YamlDotNet.dll
Symbol file LoadedFromMemory doesn't match image D:\CS\ICS169\Capstone\ProjectCapstone\Library\PackageCache\com.unity.visualscripting@1.7.8\Editor\VisualScripting.Core\Dependencies\DotNetZip\Unity.VisualScripting.IonicZip.dll
Native extension for LinuxStandalone target not found
Native extension for WindowsStandalone target not found
Native extension for WebGL target not found
Refreshing native plugins compatible for Editor in 1.09 ms, found 3 plugins.
Preloading 0 native plugins for Editor in 0.00 ms.
Mono: successfully reloaded assembly
- Completed reload, in  4.207 seconds
Domain Reload Profiling:
	ReloadAssembly (4208ms)
		BeginReloadAssembly (253ms)
			ExecutionOrderSort (0ms)
			DisableScriptedObjects (54ms)
			BackupInstance (0ms)
			ReleaseScriptingObjects (0ms)
			CreateAndSetChildDomain (66ms)
		EndReloadAssembly (3831ms)
			LoadAssemblies (123ms)
			RebuildTransferFunctionScriptingTraits (0ms)
			SetupTypeCache (409ms)
			ReleaseScriptCaches (2ms)
			RebuildScriptCaches (91ms)
			SetupLoadedEditorAssemblies (3024ms)
				LogAssemblyErrors (0ms)
				InitializePlatformSupportModulesInManaged (22ms)
				SetLoadedEditorAssemblies (1ms)
				RefreshPlugins (1ms)
				BeforeProcessingInitializeOnLoad (140ms)
				ProcessInitializeOnLoadAttributes (2813ms)
				ProcessInitializeOnLoadMethodAttributes (36ms)
				AfterProcessingInitializeOnLoad (11ms)
				EditorAssembliesLoaded (0ms)
			ExecutionOrderSort2 (0ms)
			AwakeInstancesAfterBackupRestoration (50ms)
Platform modules already initialized, skipping
Refreshing native plugins compatible for Editor in 3.23 ms, found 3 plugins.
Preloading 0 native plugins for Editor in 0.00 ms.
Unloading 7476 Unused Serialized files (Serialized files now loaded: 0)
Unloading 45 unused Assets / (3.4 MB). Loaded Objects now: 8443.
Memory consumption went from 344.2 MB to 340.8 MB.
Total: 5.177100 ms (FindLiveObjects: 0.718100 ms CreateObjectMapping: 0.300900 ms MarkObjects: 3.657000 ms  DeleteObjects: 0.499700 ms)

AssetImportParameters requested are different than current active one (requested -> active):
  custom:video-decoder-ogg-theora: a1e56fd34408186e4bbccfd4996cb3dc -> 
  custom:container-muxer-webm: aa71ff27fc2769a1b78a27578f13a17b -> 
  custom:container-demuxer-webm: 4f35f7cbe854078d1ac9338744f61a02 -> 
  custom:video-encoder-webm-vp8: eb34c28f22e8b96e1ab97ce403110664 -> 
  custom:video-codec-MediaFoundation-h265: 746d11721c4dcdbdad8f713fa42b33f4 -> 
  custom:audio-encoder-webm-vorbis: bf7c407c2cedff20999df2af8eb42d56 -> 
  custom:framework-win-MediaFoundation: 216162199b28c13a410421893ffa2e32 -> 
  custom:container-demuxer-ogg: 62fdf1f143b41e24485cea50d1cbac27 -> 
  custom:video-decoder-webm-vp8: 9c59270c3fd7afecdb556c50c9e8de78 -> 
  custom:audio-decoder-ogg-vorbis: bf7c407c2cedff20999df2af8eb42d56 -> 
========================================================================
Received Prepare
Registering precompiled user dll's ...
Registered in 0.009271 seconds.
Begin MonoManager ReloadAssembly
Symbol file LoadedFromMemory doesn't match image D:\CS\ICS169\Capstone\ProjectCapstone\Library\PackageCache\com.unity.visualscripting@1.7.8\Editor\VisualScripting.Core\Dependencies\YamlDotNet\Unity.VisualScripting.YamlDotNet.dll
Symbol file LoadedFromMemory doesn't match image D:\CS\ICS169\Capstone\ProjectCapstone\Library\PackageCache\com.unity.visualscripting@1.7.8\Editor\VisualScripting.Core\Dependencies\DotNetZip\Unity.VisualScripting.IonicZip.dll
Native extension for LinuxStandalone target not found
Native extension for WindowsStandalone target not found
Native extension for WebGL target not found
Refreshing native plugins compatible for Editor in 1.37 ms, found 3 plugins.
Preloading 0 native plugins for Editor in 0.00 ms.
Mono: successfully reloaded assembly
- Completed reload, in  4.190 seconds
Domain Reload Profiling:
	ReloadAssembly (4191ms)
		BeginReloadAssembly (195ms)
			ExecutionOrderSort (0ms)
			DisableScriptedObjects (7ms)
			BackupInstance (0ms)
			ReleaseScriptingObjects (0ms)
			CreateAndSetChildDomain (59ms)
		EndReloadAssembly (3877ms)
			LoadAssemblies (133ms)
			RebuildTransferFunctionScriptingTraits (0ms)
			SetupTypeCache (409ms)
			ReleaseScriptCaches (2ms)
			RebuildScriptCaches (90ms)
			SetupLoadedEditorAssemblies (3066ms)
				LogAssemblyErrors (0ms)
				InitializePlatformSupportModulesInManaged (22ms)
				SetLoadedEditorAssemblies (1ms)
				RefreshPlugins (1ms)
				BeforeProcessingInitializeOnLoad (142ms)
				ProcessInitializeOnLoadAttributes (2848ms)
				ProcessInitializeOnLoadMethodAttributes (38ms)
				AfterProcessingInitializeOnLoad (12ms)
				EditorAssembliesLoaded (0ms)
			ExecutionOrderSort2 (0ms)
			AwakeInstancesAfterBackupRestoration (51ms)
Platform modules already initialized, skipping
Refreshing native plugins compatible for Editor in 2.94 ms, found 3 plugins.
Preloading 0 native plugins for Editor in 0.00 ms.
Unloading 7476 Unused Serialized files (Serialized files now loaded: 0)
Unloading 45 unused Assets / (3.4 MB). Loaded Objects now: 8446.
Memory consumption went from 344.0 MB to 340.6 MB.
Total: 6.020800 ms (FindLiveObjects: 0.673800 ms CreateObjectMapping: 0.252200 ms MarkObjects: 4.695500 ms  DeleteObjects: 0.398200 ms)

AssetImportParameters requested are different than current active one (requested -> active):
  custom:video-decoder-ogg-theora: a1e56fd34408186e4bbccfd4996cb3dc -> 
  custom:container-muxer-webm: aa71ff27fc2769a1b78a27578f13a17b -> 
  custom:container-demuxer-webm: 4f35f7cbe854078d1ac9338744f61a02 -> 
  custom:video-encoder-webm-vp8: eb34c28f22e8b96e1ab97ce403110664 -> 
  custom:video-codec-MediaFoundation-h265: 746d11721c4dcdbdad8f713fa42b33f4 -> 
  custom:audio-encoder-webm-vorbis: bf7c407c2cedff20999df2af8eb42d56 -> 
  custom:framework-win-MediaFoundation: 216162199b28c13a410421893ffa2e32 -> 
  custom:container-demuxer-ogg: 62fdf1f143b41e24485cea50d1cbac27 -> 
  custom:video-decoder-webm-vp8: 9c59270c3fd7afecdb556c50c9e8de78 -> 
  custom:audio-decoder-ogg-vorbis: bf7c407c2cedff20999df2af8eb42d56 -> 
========================================================================
Received Prepare
Registering precompiled user dll's ...
Registered in 0.009428 seconds.
Begin MonoManager ReloadAssembly
Symbol file LoadedFromMemory doesn't match image D:\CS\ICS169\Capstone\ProjectCapstone\Library\PackageCache\com.unity.visualscripting@1.7.8\Editor\VisualScripting.Core\Dependencies\YamlDotNet\Unity.VisualScripting.YamlDotNet.dll
Symbol file LoadedFromMemory doesn't match image D:\CS\ICS169\Capstone\ProjectCapstone\Library\PackageCache\com.unity.visualscripting@1.7.8\Editor\VisualScripting.Core\Dependencies\DotNetZip\Unity.VisualScripting.IonicZip.dll
Native extension for LinuxStandalone target not found
Native extension for WindowsStandalone target not found
Native extension for WebGL target not found
Refreshing native plugins compatible for Editor in 1.25 ms, found 3 plugins.
Preloading 0 native plugins for Editor in 0.00 ms.
Mono: successfully reloaded assembly
- Completed reload, in  4.124 seconds
Domain Reload Profiling:
	ReloadAssembly (4125ms)
		BeginReloadAssembly (189ms)
			ExecutionOrderSort (0ms)
			DisableScriptedObjects (7ms)
			BackupInstance (0ms)
			ReleaseScriptingObjects (0ms)
			CreateAndSetChildDomain (56ms)
		EndReloadAssembly (3814ms)
			LoadAssemblies (130ms)
			RebuildTransferFunctionScriptingTraits (0ms)
			SetupTypeCache (407ms)
			ReleaseScriptCaches (2ms)
			RebuildScriptCaches (95ms)
			SetupLoadedEditorAssemblies (3010ms)
				LogAssemblyErrors (0ms)
				InitializePlatformSupportModulesInManaged (22ms)
				SetLoadedEditorAssemblies (1ms)
				RefreshPlugins (1ms)
				BeforeProcessingInitializeOnLoad (144ms)
				ProcessInitializeOnLoadAttributes (2794ms)
				ProcessInitializeOnLoadMethodAttributes (36ms)
				AfterProcessingInitializeOnLoad (12ms)
				EditorAssembliesLoaded (0ms)
			ExecutionOrderSort2 (0ms)
			AwakeInstancesAfterBackupRestoration (48ms)
Platform modules already initialized, skipping
Refreshing native plugins compatible for Editor in 7.38 ms, found 3 plugins.
Preloading 0 native plugins for Editor in 0.00 ms.
Unloading 7476 Unused Serialized files (Serialized files now loaded: 0)
Unloading 45 unused Assets / (3.4 MB). Loaded Objects now: 8449.
Memory consumption went from 344.1 MB to 340.7 MB.
Total: 4.949200 ms (FindLiveObjects: 0.804900 ms CreateObjectMapping: 0.320300 ms MarkObjects: 3.375500 ms  DeleteObjects: 0.447200 ms)

AssetImportParameters requested are different than current active one (requested -> active):
  custom:video-decoder-ogg-theora: a1e56fd34408186e4bbccfd4996cb3dc -> 
  custom:container-muxer-webm: aa71ff27fc2769a1b78a27578f13a17b -> 
  custom:container-demuxer-webm: 4f35f7cbe854078d1ac9338744f61a02 -> 
  custom:video-encoder-webm-vp8: eb34c28f22e8b96e1ab97ce403110664 -> 
  custom:video-codec-MediaFoundation-h265: 746d11721c4dcdbdad8f713fa42b33f4 -> 
  custom:audio-encoder-webm-vorbis: bf7c407c2cedff20999df2af8eb42d56 -> 
  custom:framework-win-MediaFoundation: 216162199b28c13a410421893ffa2e32 -> 
  custom:container-demuxer-ogg: 62fdf1f143b41e24485cea50d1cbac27 -> 
  custom:video-decoder-webm-vp8: 9c59270c3fd7afecdb556c50c9e8de78 -> 
  custom:audio-decoder-ogg-vorbis: bf7c407c2cedff20999df2af8eb42d56 -> 
========================================================================
Received Import Request.
  Time since last request: 3044.005623 seconds.
  path: Assets/Arts/Lighting/Lighting_Audience_Level.lighting
  artifactKey: Guid(060623bc382fbc8438c4869b1cd898c0) Importer(815301076,1909f56bfc062723c751e8b465ee728b)
Start importing Assets/Arts/Lighting/Lighting_Audience_Level.lighting using Guid(060623bc382fbc8438c4869b1cd898c0) Importer(815301076,1909f56bfc062723c751e8b465ee728b)  -> (artifact id: '5da8a8aff7541907d5a887e750422a64') in 0.065543 seconds 
========================================================================
Received Import Request.
  Time since last request: 0.371933 seconds.
  path: Assets/Scenes/LevelScene/DefaultLevel/DefaultProfile.asset
  artifactKey: Guid(7e9103d2e1b11fa41b8acef1d23a02ff) Importer(2089858483,0ecaa5967403d082aa24f35e1b516d23)
Start importing Assets/Scenes/LevelScene/DefaultLevel/DefaultProfile.asset using Guid(7e9103d2e1b11fa41b8acef1d23a02ff) Importer(2089858483,0ecaa5967403d082aa24f35e1b516d23) Generated GUIDs only implemented for interfaces!
 -> (artifact id: '4b2c5fd281bb1e764463b4fe930071fa') in 0.156194 seconds 
========================================================================
Received Import Request.
  Time since last request: 0.000034 seconds.
  path: Assets/Scenes/LevelScene/EntranceLevel/VolumeEntrance.asset
  artifactKey: Guid(8810d3871f5a792409c9aa29bed09fc5) Importer(2089858483,0ecaa5967403d082aa24f35e1b516d23)
Start importing Assets/Scenes/LevelScene/EntranceLevel/VolumeEntrance.asset using Guid(8810d3871f5a792409c9aa29bed09fc5) Importer(2089858483,0ecaa5967403d082aa24f35e1b516d23) Generated GUIDs only implemented for interfaces!
 -> (artifact id: '2b9a44a13a8aaeafb3166105dcdd4e04') in 0.011604 seconds 
========================================================================
Received Import Request.
  Time since last request: 0.000039 seconds.
  path: Assets/Scenes/LevelScene/EntranceLevel.unity
  artifactKey: Guid(d0e2de988927cf34988ed66b564b89cc) Importer(2089858483,0ecaa5967403d082aa24f35e1b516d23)
Start importing Assets/Scenes/LevelScene/EntranceLevel.unity using Guid(d0e2de988927cf34988ed66b564b89cc) Importer(2089858483,0ecaa5967403d082aa24f35e1b516d23) Generated GUIDs only implemented for interfaces!
 -> (artifact id: 'beaa179c8af85fa003ffe43345b11a61') in 0.008987 seconds 
========================================================================
Received Import Request.
  Time since last request: 0.000023 seconds.
  path: Assets/Scenes/LevelScene/AudienceLowLevel.unity
  artifactKey: Guid(95ada340b8b52c242a1614fb2ce57f35) Importer(2089858483,0ecaa5967403d082aa24f35e1b516d23)
Start importing Assets/Scenes/LevelScene/AudienceLowLevel.unity using Guid(95ada340b8b52c242a1614fb2ce57f35) Importer(2089858483,0ecaa5967403d082aa24f35e1b516d23) Generated GUIDs only implemented for interfaces!
 -> (artifact id: '5fb214ab2e24804002eb97b7e669f2b0') in 0.018523 seconds 
========================================================================
Received Import Request.
  Time since last request: 0.000023 seconds.
  path: Assets/Scenes/LevelScene/EntranceLevel/HDAdditionalLightData.png
  artifactKey: Guid(1eb1ab1b38118c44fa6ffc133f6b021c) Importer(2089858483,0ecaa5967403d082aa24f35e1b516d23)
Start importing Assets/Scenes/LevelScene/EntranceLevel/HDAdditionalLightData.png using Guid(1eb1ab1b38118c44fa6ffc133f6b021c) Importer(2089858483,0ecaa5967403d082aa24f35e1b516d23) Generated GUIDs only implemented for interfaces!
 -> (artifact id: 'b50566530a9c327113a14ad9bd480f82') in 0.117683 seconds 
========================================================================
Received Import Request.
  Time since last request: 0.000021 seconds.
  path: Assets/Scenes/LevelScene/EntranceLevel/VolumeProfileAsset.png
  artifactKey: Guid(b0fe600ce0ffeae439111ded7dd534f1) Importer(2089858483,0ecaa5967403d082aa24f35e1b516d23)
Start importing Assets/Scenes/LevelScene/EntranceLevel/VolumeProfileAsset.png using Guid(b0fe600ce0ffeae439111ded7dd534f1) Importer(2089858483,0ecaa5967403d082aa24f35e1b516d23) Generated GUIDs only implemented for interfaces!
 -> (artifact id: 'a9910450c5ce58181fc9ea2e11254f2f') in 0.032437 seconds 
========================================================================
Received Import Request.
  Time since last request: 0.000025 seconds.
  path: Assets/Scenes/LevelScene/EntranceLevel/DefaultHDMaterial.mat
  artifactKey: Guid(90533539b6fd0c546b12b564dbf63dec) Importer(2089858483,0ecaa5967403d082aa24f35e1b516d23)
Start importing Assets/Scenes/LevelScene/EntranceLevel/DefaultHDMaterial.mat using Guid(90533539b6fd0c546b12b564dbf63dec) Importer(2089858483,0ecaa5967403d082aa24f35e1b516d23) Generated GUIDs only implemented for interfaces!
 -> (artifact id: '281246eaa61eccf5c5bb54f09ee4819f') in 0.099248 seconds 
========================================================================
Received Import Request.
  Time since last request: 0.000032 seconds.
  path: Assets/Scenes/LevelScene/AudienceLowLevel/VolumeAudienceLow.asset
  artifactKey: Guid(39e709a28176c3d408cd83cbfbb80502) Importer(2089858483,0ecaa5967403d082aa24f35e1b516d23)
Start importing Assets/Scenes/LevelScene/AudienceLowLevel/VolumeAudienceLow.asset using Guid(39e709a28176c3d408cd83cbfbb80502) Importer(2089858483,0ecaa5967403d082aa24f35e1b516d23) Generated GUIDs only implemented for interfaces!
 -> (artifact id: 'fd61862e2ad7d59d04688ebcfa55e2ee') in 0.016776 seconds 
========================================================================
Received Prepare
Refreshing native plugins compatible for Editor in 10.29 ms, found 3 plugins.
Preloading 0 native plugins for Editor in 0.00 ms.
Unloading 45 Unused Serialized files (Serialized files now loaded: 0)
Unloading 45 unused Assets / (3.4 MB). Loaded Objects now: 8449.
Memory consumption went from 191.6 MB to 188.2 MB.
Total: 6.002700 ms (FindLiveObjects: 0.738500 ms CreateObjectMapping: 0.318100 ms MarkObjects: 4.396400 ms  DeleteObjects: 0.548500 ms)

AssetImportParameters requested are different than current active one (requested -> active):
  custom:video-decoder-ogg-theora: a1e56fd34408186e4bbccfd4996cb3dc -> 
  custom:container-muxer-webm: aa71ff27fc2769a1b78a27578f13a17b -> 
  custom:container-demuxer-webm: 4f35f7cbe854078d1ac9338744f61a02 -> 
  custom:video-encoder-webm-vp8: eb34c28f22e8b96e1ab97ce403110664 -> 
  custom:video-codec-MediaFoundation-h265: 746d11721c4dcdbdad8f713fa42b33f4 -> 
  custom:audio-encoder-webm-vorbis: bf7c407c2cedff20999df2af8eb42d56 -> 
  custom:framework-win-MediaFoundation: 216162199b28c13a410421893ffa2e32 -> 
  custom:SearchIndexIgnoredProperties: e643bd26f0fe6173181afceb89e7c659 -> 
  custom:container-demuxer-ogg: 62fdf1f143b41e24485cea50d1cbac27 -> 
  custom:video-decoder-webm-vp8: 9c59270c3fd7afecdb556c50c9e8de78 -> 
  custom:audio-decoder-ogg-vorbis: bf7c407c2cedff20999df2af8eb42d56 -> 
Editor requested this worker to shutdown with reason: Scaling down because of idle timeout
AssetImportWorker is now disconnected from the server
Process exiting
Exiting without the bug reporter. Application will terminate with return code 0