Using pre-set license
Built from '2021.3/staging' branch; Version is '2021.3.16f1 (4016570cf34f) revision 4200023'; Using compiler version '192829333'; Build Type 'Release'
OS: 'Windows 10  (10.0.19044) 64bit Professional' Language: 'zh' Physical Memory: 32627 MB
BatchMode: 1, IsHumanControllingUs: 0, StartBugReporterOnCrash: 0, Is64bit: 1, IsPro: 1

COMMAND LINE ARGUMENTS:
C:\Program Files\Unity\Hub\Editor\2021.3.16f1\Editor\Unity.exe
-adb2
-batchMode
-noUpm
-name
AssetImportWorker17
-projectPath
D:/CS/ICS169/Capstone/ProjectCapstone
-logFile
Logs/AssetImportWorker17.log
-srvPort
55163
Successfully changed project path to: D:/CS/ICS169/Capstone/ProjectCapstone
D:/CS/ICS169/Capstone/ProjectCapstone
[UnityMemory] Configuration Parameters - Can be set up in boot.config
    "memorysetup-bucket-allocator-granularity=16"
    "memorysetup-bucket-allocator-bucket-count=8"
    "memorysetup-bucket-allocator-block-size=33554432"
    "memorysetup-bucket-allocator-block-count=8"
    "memorysetup-main-allocator-block-size=16777216"
    "memorysetup-thread-allocator-block-size=16777216"
    "memorysetup-gfx-main-allocator-block-size=16777216"
    "memorysetup-gfx-thread-allocator-block-size=16777216"
    "memorysetup-cache-allocator-block-size=4194304"
    "memorysetup-typetree-allocator-block-size=2097152"
    "memorysetup-profiler-bucket-allocator-granularity=16"
    "memorysetup-profiler-bucket-allocator-bucket-count=8"
    "memorysetup-profiler-bucket-allocator-block-size=33554432"
    "memorysetup-profiler-bucket-allocator-block-count=8"
    "memorysetup-profiler-allocator-block-size=16777216"
    "memorysetup-profiler-editor-allocator-block-size=1048576"
    "memorysetup-temp-allocator-size-main=16777216"
    "memorysetup-job-temp-allocator-block-size=2097152"
    "memorysetup-job-temp-allocator-block-size-background=1048576"
    "memorysetup-job-temp-allocator-reduction-small-platforms=262144"
    "memorysetup-temp-allocator-size-background-worker=32768"
    "memorysetup-temp-allocator-size-job-worker=262144"
    "memorysetup-temp-allocator-size-preload-manager=33554432"
    "memorysetup-temp-allocator-size-nav-mesh-worker=65536"
    "memorysetup-temp-allocator-size-audio-worker=65536"
    "memorysetup-temp-allocator-size-cloud-worker=32768"
    "memorysetup-temp-allocator-size-gi-baking-worker=262144"
    "memorysetup-temp-allocator-size-gfx=262144"
Player connection [60308] Host "[IP] 192.168.1.219 [Port] 0 [Flags] 2 [Guid] 2017908242 [EditorId] 2017908242 [Version] 1048832 [Id] WindowsEditor(7,DESKTOP-8076NJ7) [Debug] 1 [PackageName] WindowsEditor [ProjectName] Editor" joined multi-casting on [225.0.0.222:54997]...

Player connection [60308] Host "[IP] 192.168.1.219 [Port] 0 [Flags] 2 [Guid] 2017908242 [EditorId] 2017908242 [Version] 1048832 [Id] WindowsEditor(7,DESKTOP-8076NJ7) [Debug] 1 [PackageName] WindowsEditor [ProjectName] Editor" joined alternative multi-casting on [225.0.0.222:34997]...

Refreshing native plugins compatible for Editor in 288.31 ms, found 3 plugins.
Preloading 0 native plugins for Editor in 0.00 ms.
Initialize engine version: 2021.3.16f1 (4016570cf34f)
[Subsystems] Discovering subsystems at path C:/Program Files/Unity/Hub/Editor/2021.3.16f1/Editor/Data/Resources/UnitySubsystems
[Subsystems] Discovering subsystems at path D:/CS/ICS169/Capstone/ProjectCapstone/Assets
GfxDevice: creating device client; threaded=0; jobified=0
Direct3D:
    Version:  Direct3D 11.0 [level 11.1]
    Renderer: NVIDIA GeForce RTX 3080 (ID=0x220a)
    Vendor:   NVIDIA
    VRAM:     12107 MB
    Driver:   31.0.15.3623
Initialize mono
Mono path[0] = 'C:/Program Files/Unity/Hub/Editor/2021.3.16f1/Editor/Data/Managed'
Mono path[1] = 'C:/Program Files/Unity/Hub/Editor/2021.3.16f1/Editor/Data/MonoBleedingEdge/lib/mono/unityjit-win32'
Mono config path = 'C:/Program Files/Unity/Hub/Editor/2021.3.16f1/Editor/Data/MonoBleedingEdge/etc'
Using monoOptions --debugger-agent=transport=dt_socket,embedding=1,server=y,suspend=n,address=127.0.0.1:56052
Begin MonoManager ReloadAssembly
Registering precompiled unity dll's ...
Register platform support module: C:/Program Files/Unity/Hub/Editor/2021.3.16f1/Editor/Data/PlaybackEngines/WebGLSupport/UnityEditor.WebGL.Extensions.dll
Register platform support module: C:/Program Files/Unity/Hub/Editor/2021.3.16f1/Editor/Data/PlaybackEngines/WindowsStandaloneSupport/UnityEditor.WindowsStandalone.Extensions.dll
Register platform support module: C:/Program Files/Unity/Hub/Editor/2021.3.16f1/Editor/Data/PlaybackEngines/LinuxStandaloneSupport/UnityEditor.LinuxStandalone.Extensions.dll
Registered in 0.067734 seconds.
Native extension for LinuxStandalone target not found
Native extension for WindowsStandalone target not found
Native extension for WebGL target not found
Refreshing native plugins compatible for Editor in 311.31 ms, found 3 plugins.
Preloading 0 native plugins for Editor in 0.00 ms.
Mono: successfully reloaded assembly
- Completed reload, in  1.371 seconds
Domain Reload Profiling:
	ReloadAssembly (1372ms)
		BeginReloadAssembly (138ms)
			ExecutionOrderSort (0ms)
			DisableScriptedObjects (0ms)
			BackupInstance (0ms)
			ReleaseScriptingObjects (0ms)
			CreateAndSetChildDomain (1ms)
		EndReloadAssembly (966ms)
			LoadAssemblies (131ms)
			RebuildTransferFunctionScriptingTraits (0ms)
			SetupTypeCache (146ms)
			ReleaseScriptCaches (0ms)
			RebuildScriptCaches (44ms)
			SetupLoadedEditorAssemblies (684ms)
				LogAssemblyErrors (0ms)
				InitializePlatformSupportModulesInManaged (29ms)
				SetLoadedEditorAssemblies (0ms)
				RefreshPlugins (311ms)
				BeforeProcessingInitializeOnLoad (2ms)
				ProcessInitializeOnLoadAttributes (254ms)
				ProcessInitializeOnLoadMethodAttributes (87ms)
				AfterProcessingInitializeOnLoad (0ms)
				EditorAssembliesLoaded (0ms)
			ExecutionOrderSort2 (0ms)
			AwakeInstancesAfterBackupRestoration (0ms)
Platform modules already initialized, skipping
Registering precompiled user dll's ...
Registered in 0.010150 seconds.
Begin MonoManager ReloadAssembly
Symbol file LoadedFromMemory doesn't match image D:\CS\ICS169\Capstone\ProjectCapstone\Library\PackageCache\com.unity.visualscripting@1.7.8\Editor\VisualScripting.Core\Dependencies\YamlDotNet\Unity.VisualScripting.YamlDotNet.dll
Symbol file LoadedFromMemory doesn't match image D:\CS\ICS169\Capstone\ProjectCapstone\Library\PackageCache\com.unity.visualscripting@1.7.8\Editor\VisualScripting.Core\Dependencies\DotNetZip\Unity.VisualScripting.IonicZip.dll
Native extension for LinuxStandalone target not found
Native extension for WindowsStandalone target not found
Native extension for WebGL target not found
Refreshing native plugins compatible for Editor in 254.94 ms, found 3 plugins.
Preloading 0 native plugins for Editor in 0.00 ms.
Mono: successfully reloaded assembly
- Completed reload, in  6.786 seconds
Domain Reload Profiling:
	ReloadAssembly (6788ms)
		BeginReloadAssembly (171ms)
			ExecutionOrderSort (0ms)
			DisableScriptedObjects (7ms)
			BackupInstance (0ms)
			ReleaseScriptingObjects (0ms)
			CreateAndSetChildDomain (20ms)
		EndReloadAssembly (6408ms)
			LoadAssemblies (177ms)
			RebuildTransferFunctionScriptingTraits (0ms)
			SetupTypeCache (644ms)
			ReleaseScriptCaches (1ms)
			RebuildScriptCaches (209ms)
			SetupLoadedEditorAssemblies (5260ms)
				LogAssemblyErrors (0ms)
				InitializePlatformSupportModulesInManaged (15ms)
				SetLoadedEditorAssemblies (0ms)
				RefreshPlugins (255ms)
				BeforeProcessingInitializeOnLoad (244ms)
				ProcessInitializeOnLoadAttributes (4037ms)
				ProcessInitializeOnLoadMethodAttributes (663ms)
				AfterProcessingInitializeOnLoad (44ms)
				EditorAssembliesLoaded (1ms)
			ExecutionOrderSort2 (0ms)
			AwakeInstancesAfterBackupRestoration (19ms)
Platform modules already initialized, skipping
========================================================================
Worker process is ready to serve import requests
Launched and connected shader compiler UnityShaderCompiler.exe after 0.23 seconds
Refreshing native plugins compatible for Editor in 1.38 ms, found 3 plugins.
Preloading 0 native plugins for Editor in 0.00 ms.
Unloading 8261 Unused Serialized files (Serialized files now loaded: 0)
Unloading 53 unused Assets / (3.4 MB). Loaded Objects now: 8730.
Memory consumption went from 387.9 MB to 384.5 MB.
Total: 5.866600 ms (FindLiveObjects: 1.294100 ms CreateObjectMapping: 0.479200 ms MarkObjects: 3.501900 ms  DeleteObjects: 0.590100 ms)

AssetImportParameters requested are different than current active one (requested -> active):
  custom:video-decoder-ogg-theora: a1e56fd34408186e4bbccfd4996cb3dc -> 
  custom:container-muxer-webm: aa71ff27fc2769a1b78a27578f13a17b -> 
  custom:container-demuxer-webm: 4f35f7cbe854078d1ac9338744f61a02 -> 
  custom:video-encoder-webm-vp8: eb34c28f22e8b96e1ab97ce403110664 -> 
  custom:video-codec-MediaFoundation-h265: 746d11721c4dcdbdad8f713fa42b33f4 -> 
  custom:audio-encoder-webm-vorbis: bf7c407c2cedff20999df2af8eb42d56 -> 
  custom:framework-win-MediaFoundation: 216162199b28c13a410421893ffa2e32 -> 
  custom:SearchIndexIgnoredProperties: e643bd26f0fe6173181afceb89e7c659 -> 
  custom:container-demuxer-ogg: 62fdf1f143b41e24485cea50d1cbac27 -> 
  custom:video-decoder-webm-vp8: 9c59270c3fd7afecdb556c50c9e8de78 -> 
  custom:audio-decoder-ogg-vorbis: bf7c407c2cedff20999df2af8eb42d56 -> 
========================================================================
Received Import Request.
  Time since last request: 777066.470095 seconds.
  path: Assets/Fantasy Skybox/Cubemaps/FS001/Images/FS001_Sunrise_Cubemap.cubemap
  artifactKey: Guid(e48886d663a38f64b804900eb559772c) Importer(815301076,1909f56bfc062723c751e8b465ee728b)
Start importing Assets/Fantasy Skybox/Cubemaps/FS001/Images/FS001_Sunrise_Cubemap.cubemap using Guid(e48886d663a38f64b804900eb559772c) Importer(815301076,1909f56bfc062723c751e8b465ee728b)  -> (artifact id: '4624b67318fae2250df2cfb727485461') in 1.983766 seconds 
========================================================================
Received Import Request.
  Time since last request: 0.000044 seconds.
  path: Assets/Fantasy Skybox/Cubemaps/FS008/Images/FS008_Day_Cubemap.cubemap
  artifactKey: Guid(7e8a42331bec4c14192e247f9acf5a4a) Importer(815301076,1909f56bfc062723c751e8b465ee728b)
Start importing Assets/Fantasy Skybox/Cubemaps/FS008/Images/FS008_Day_Cubemap.cubemap using Guid(7e8a42331bec4c14192e247f9acf5a4a) Importer(815301076,1909f56bfc062723c751e8b465ee728b)  -> (artifact id: '5ffe73984118c5cbcc41e1796bc9a61b') in 0.347999 seconds 
========================================================================
Received Import Request.
  Time since last request: 0.000048 seconds.
  path: Assets/Fantasy Skybox/Cubemaps/FS012/Images/FS012_Day_Sunless_Cubemap.cubemap
  artifactKey: Guid(4455024782670c44d8678ffb7d449830) Importer(815301076,1909f56bfc062723c751e8b465ee728b)
Start importing Assets/Fantasy Skybox/Cubemaps/FS012/Images/FS012_Day_Sunless_Cubemap.cubemap using Guid(4455024782670c44d8678ffb7d449830) Importer(815301076,1909f56bfc062723c751e8b465ee728b)  -> (artifact id: '4743c885586477a160a7333cad9b58d6') in 0.413793 seconds 
========================================================================
Received Import Request.
  Time since last request: 0.000093 seconds.
  path: Assets/Fantasy Skybox/Cubemaps/FS013/Images/FS013_Sunrise_Cubemap.cubemap
  artifactKey: Guid(e490253d7b8ca854d953333a043d583e) Importer(815301076,1909f56bfc062723c751e8b465ee728b)
Start importing Assets/Fantasy Skybox/Cubemaps/FS013/Images/FS013_Sunrise_Cubemap.cubemap using Guid(e490253d7b8ca854d953333a043d583e) Importer(815301076,1909f56bfc062723c751e8b465ee728b)  -> (artifact id: 'b5f5e8711c8054f006dee094edd8bac9') in 0.363191 seconds 
========================================================================
Received Import Request.
  Time since last request: 0.000042 seconds.
  path: Assets/Fantasy Skybox/Cubemaps/Classic/FS000_Night_02_Moonless.png
  artifactKey: Guid(6b1d9786203d21246bc448213b0f9aed) Importer(815301076,1909f56bfc062723c751e8b465ee728b)
Start importing Assets/Fantasy Skybox/Cubemaps/Classic/FS000_Night_02_Moonless.png using Guid(6b1d9786203d21246bc448213b0f9aed) Importer(815301076,1909f56bfc062723c751e8b465ee728b)  -> (artifact id: '0a90b6affdb44526e2502b54fb7973bf') in 1.177223 seconds 
========================================================================
Received Import Request.
  Time since last request: 0.000044 seconds.
  path: Assets/Fantasy Skybox/Cubemaps/Classic/FS000_Day_03.mat
  artifactKey: Guid(33ab377b49aa14f6fae6e5bac230a5d4) Importer(815301076,1909f56bfc062723c751e8b465ee728b)
Start importing Assets/Fantasy Skybox/Cubemaps/Classic/FS000_Day_03.mat using Guid(33ab377b49aa14f6fae6e5bac230a5d4) Importer(815301076,1909f56bfc062723c751e8b465ee728b)  -> (artifact id: 'c61a07f2792002d52f61d097066f584b') in 0.050582 seconds 
========================================================================
Received Import Request.
  Time since last request: 0.000048 seconds.
  path: Assets/Fantasy Skybox/Cubemaps/Classic/FS000_Day_04.mat
  artifactKey: Guid(1700716a8dd8948cf8c66ea34a2786d5) Importer(815301076,1909f56bfc062723c751e8b465ee728b)
Start importing Assets/Fantasy Skybox/Cubemaps/Classic/FS000_Day_04.mat using Guid(1700716a8dd8948cf8c66ea34a2786d5) Importer(815301076,1909f56bfc062723c751e8b465ee728b)  -> (artifact id: 'ba74c80d95071375c68fca1ec2fb4a96') in 0.033647 seconds 
========================================================================
Received Import Request.
  Time since last request: 0.000293 seconds.
  path: Assets/Fantasy Skybox/Cubemaps/FS005/Images/FS005_Sunset_Cubemap.cubemap
  artifactKey: Guid(bf49240d06876f64590ff5e44a9769ed) Importer(815301076,1909f56bfc062723c751e8b465ee728b)
Start importing Assets/Fantasy Skybox/Cubemaps/FS005/Images/FS005_Sunset_Cubemap.cubemap using Guid(bf49240d06876f64590ff5e44a9769ed) Importer(815301076,1909f56bfc062723c751e8b465ee728b)  -> (artifact id: 'a78fad9ff3afa59593effc22a5e65c0f') in 0.367455 seconds 
========================================================================
Received Import Request.
  Time since last request: 0.003393 seconds.
  path: Assets/Fantasy Skybox/Cubemaps/FS005/Images/FS005_Rainy_Cubemap.cubemap
  artifactKey: Guid(8722df7a2a4c0c8439eb4200908a83c1) Importer(815301076,1909f56bfc062723c751e8b465ee728b)
Start importing Assets/Fantasy Skybox/Cubemaps/FS005/Images/FS005_Rainy_Cubemap.cubemap using Guid(8722df7a2a4c0c8439eb4200908a83c1) Importer(815301076,1909f56bfc062723c751e8b465ee728b)  -> (artifact id: '46b54f32b7f45e9d490bd7393a809d69') in 0.416858 seconds 
========================================================================
Received Import Request.
  Time since last request: 0.000036 seconds.
  path: Assets/Fantasy Skybox/Cubemaps/FS007/Images/FS007_Rainy_Cubemap.cubemap
  artifactKey: Guid(bfd375a772a0be94bb9d810689386097) Importer(815301076,1909f56bfc062723c751e8b465ee728b)
Start importing Assets/Fantasy Skybox/Cubemaps/FS007/Images/FS007_Rainy_Cubemap.cubemap using Guid(bfd375a772a0be94bb9d810689386097) Importer(815301076,1909f56bfc062723c751e8b465ee728b)  -> (artifact id: '0fbef0d9ed21280b81d6b3427ed59f89') in 0.383630 seconds 
========================================================================
Received Import Request.
  Time since last request: 0.024769 seconds.
  path: Assets/Fantasy Skybox/Cubemaps/FS001/Images/FS001_Night_Moonless_Cubemap.cubemap
  artifactKey: Guid(cc01552e7cf3710429a592c8829687ef) Importer(815301076,1909f56bfc062723c751e8b465ee728b)
Start importing Assets/Fantasy Skybox/Cubemaps/FS001/Images/FS001_Night_Moonless_Cubemap.cubemap using Guid(cc01552e7cf3710429a592c8829687ef) Importer(815301076,1909f56bfc062723c751e8b465ee728b)  -> (artifact id: '3c75275aa0e26c09abff0f861e644875') in 0.307405 seconds 
========================================================================
Received Import Request.
  Time since last request: 0.000037 seconds.
  path: Assets/Fantasy Skybox/Cubemaps/Classic/FS000_Day_05_Sunless.png
  artifactKey: Guid(33762238fbd938c4c97707195d7e97e2) Importer(815301076,1909f56bfc062723c751e8b465ee728b)
Start importing Assets/Fantasy Skybox/Cubemaps/Classic/FS000_Day_05_Sunless.png using Guid(33762238fbd938c4c97707195d7e97e2) Importer(815301076,1909f56bfc062723c751e8b465ee728b)  -> (artifact id: '221dbaee752ed5f77624b0f96727a51a') in 0.360087 seconds 
========================================================================
Received Import Request.
  Time since last request: 0.000038 seconds.
  path: Assets/Fantasy Skybox/Cubemaps/FS011/Images/FS011_Day_Cubemap.cubemap
  artifactKey: Guid(90b16739975482a428e7b36f6b21e08f) Importer(815301076,1909f56bfc062723c751e8b465ee728b)
Start importing Assets/Fantasy Skybox/Cubemaps/FS011/Images/FS011_Day_Cubemap.cubemap using Guid(90b16739975482a428e7b36f6b21e08f) Importer(815301076,1909f56bfc062723c751e8b465ee728b)  -> (artifact id: '0ec1b749b70a08c7cd24d78f40dca192') in 0.351361 seconds 
========================================================================
Received Import Request.
  Time since last request: 0.000044 seconds.
  path: Assets/Fantasy Skybox/Cubemaps/FS006/Images/FS006_Night_Moonless_Cubemap.cubemap
  artifactKey: Guid(52d1963347afd2f40bc8ba92e5484100) Importer(815301076,1909f56bfc062723c751e8b465ee728b)
Start importing Assets/Fantasy Skybox/Cubemaps/FS006/Images/FS006_Night_Moonless_Cubemap.cubemap using Guid(52d1963347afd2f40bc8ba92e5484100) Importer(815301076,1909f56bfc062723c751e8b465ee728b)  -> (artifact id: 'aab44e74087466d31ef4312f09d310c2') in 0.390806 seconds 
========================================================================
Received Import Request.
  Time since last request: 0.018914 seconds.
  path: Assets/Fantasy Skybox/Cubemaps/FS008/Images/FS008_Snowy_Cubemap.cubemap
  artifactKey: Guid(f5e382e45c4f610448c7f01e5f38bc00) Importer(815301076,1909f56bfc062723c751e8b465ee728b)
Start importing Assets/Fantasy Skybox/Cubemaps/FS008/Images/FS008_Snowy_Cubemap.cubemap using Guid(f5e382e45c4f610448c7f01e5f38bc00) Importer(815301076,1909f56bfc062723c751e8b465ee728b)  -> (artifact id: 'cc7e61efca1b420d4851e2b02b6a50b3') in 0.340035 seconds 
========================================================================
Received Import Request.
  Time since last request: 15.680668 seconds.
  path: Assets/Fantasy Skybox/Cubemaps/Classic/FS000_Night_03_Moonless.mat
  artifactKey: Guid(42dc3b9b0dd2040fc9ef0182fdea0e50) Importer(815301076,1909f56bfc062723c751e8b465ee728b)
Start importing Assets/Fantasy Skybox/Cubemaps/Classic/FS000_Night_03_Moonless.mat using Guid(42dc3b9b0dd2040fc9ef0182fdea0e50) Importer(815301076,1909f56bfc062723c751e8b465ee728b)  -> (artifact id: '7186b6ec34f5d4c5b7442ee32f79186e') in 0.016926 seconds 
========================================================================
Received Import Request.
  Time since last request: 3.623873 seconds.
  path: Assets/Fantasy Skybox/Cubemaps/FS001/FS001_Night_Cubemap.mat
  artifactKey: Guid(9ab6eb474fad26a4caf7d235f70200cd) Importer(815301076,1909f56bfc062723c751e8b465ee728b)
Start importing Assets/Fantasy Skybox/Cubemaps/FS001/FS001_Night_Cubemap.mat using Guid(9ab6eb474fad26a4caf7d235f70200cd) Importer(815301076,1909f56bfc062723c751e8b465ee728b)  -> (artifact id: '982731e969d983eaa11c106ef6c6b418') in 0.126780 seconds 
========================================================================
Received Import Request.
  Time since last request: 0.000037 seconds.
  path: Assets/Fantasy Skybox/Cubemaps/FS001/FS001_Snowy_Cubemap.mat
  artifactKey: Guid(810b260774e207a4789a6546784b3889) Importer(815301076,1909f56bfc062723c751e8b465ee728b)
Start importing Assets/Fantasy Skybox/Cubemaps/FS001/FS001_Snowy_Cubemap.mat using Guid(810b260774e207a4789a6546784b3889) Importer(815301076,1909f56bfc062723c751e8b465ee728b)  -> (artifact id: 'cd2746a7a63557b59ce62d65d8fb491b') in 0.014208 seconds 
========================================================================
Received Import Request.
  Time since last request: 11.682966 seconds.
  path: Assets/Fantasy Skybox/Cubemaps/FS001/Images/FS001_Day_Cubemap_front.png
  artifactKey: Guid(ed84898882270714e9116634eebb8ab1) Importer(815301076,1909f56bfc062723c751e8b465ee728b)
Start importing Assets/Fantasy Skybox/Cubemaps/FS001/Images/FS001_Day_Cubemap_front.png using Guid(ed84898882270714e9116634eebb8ab1) Importer(815301076,1909f56bfc062723c751e8b465ee728b)  -> (artifact id: '4e163db54f4934e7b6afc7910cc1dad6') in 0.040029 seconds 
========================================================================
Received Import Request.
  Time since last request: 0.000031 seconds.
  path: Assets/Fantasy Skybox/Cubemaps/FS001/Images/FS001_Night_Cubemap_up.png
  artifactKey: Guid(21ff8fdeed8925f44843eb0b5b3444ea) Importer(815301076,1909f56bfc062723c751e8b465ee728b)
Start importing Assets/Fantasy Skybox/Cubemaps/FS001/Images/FS001_Night_Cubemap_up.png using Guid(21ff8fdeed8925f44843eb0b5b3444ea) Importer(815301076,1909f56bfc062723c751e8b465ee728b)  -> (artifact id: '2a93e29583965ef60dcecb13ee43507d') in 0.020473 seconds 
========================================================================
Received Import Request.
  Time since last request: 0.000033 seconds.
  path: Assets/Fantasy Skybox/Cubemaps/FS001/Images/FS001_Day_Sunless_Cubemap_left.png
  artifactKey: Guid(6fffa187497b9c440a75b4a47799443d) Importer(815301076,1909f56bfc062723c751e8b465ee728b)
Start importing Assets/Fantasy Skybox/Cubemaps/FS001/Images/FS001_Day_Sunless_Cubemap_left.png using Guid(6fffa187497b9c440a75b4a47799443d) Importer(815301076,1909f56bfc062723c751e8b465ee728b)  -> (artifact id: '0e9387337a976c3078b668427e2c66ac') in 0.027139 seconds 
========================================================================
Received Import Request.
  Time since last request: 0.000045 seconds.
  path: Assets/Fantasy Skybox/Cubemaps/FS001/Images/FS001_Day_Cubemap_up.png
  artifactKey: Guid(a2aa473fbdbfba34a96dd50404daf1d8) Importer(815301076,1909f56bfc062723c751e8b465ee728b)
Start importing Assets/Fantasy Skybox/Cubemaps/FS001/Images/FS001_Day_Cubemap_up.png using Guid(a2aa473fbdbfba34a96dd50404daf1d8) Importer(815301076,1909f56bfc062723c751e8b465ee728b)  -> (artifact id: '31b4089e0ac5300a7667f009c1400893') in 0.049923 seconds 
========================================================================
Received Import Request.
  Time since last request: 0.000040 seconds.
  path: Assets/Fantasy Skybox/Cubemaps/FS001/Images/FS001_Night_Moonless_Cubemap_right.png
  artifactKey: Guid(a019a3a9dc677864f8412c407b4c4d88) Importer(815301076,1909f56bfc062723c751e8b465ee728b)
Start importing Assets/Fantasy Skybox/Cubemaps/FS001/Images/FS001_Night_Moonless_Cubemap_right.png using Guid(a019a3a9dc677864f8412c407b4c4d88) Importer(815301076,1909f56bfc062723c751e8b465ee728b)  -> (artifact id: '68c4577ef29e95a32fb76cf153ba177c') in 0.026624 seconds 
========================================================================
Received Import Request.
  Time since last request: 0.480330 seconds.
  path: Assets/Fantasy Skybox/Cubemaps/FS001/Images/FS001_Rainy_Cubemap_front.png
  artifactKey: Guid(08f33e15e6d0a524e82fd1b3560653a0) Importer(815301076,1909f56bfc062723c751e8b465ee728b)
Start importing Assets/Fantasy Skybox/Cubemaps/FS001/Images/FS001_Rainy_Cubemap_front.png using Guid(08f33e15e6d0a524e82fd1b3560653a0) Importer(815301076,1909f56bfc062723c751e8b465ee728b)  -> (artifact id: '68e718e1513e7542ce539ded61bd0f55') in 0.024454 seconds 
========================================================================
Received Import Request.
  Time since last request: 0.199493 seconds.
  path: Assets/Fantasy Skybox/Cubemaps/FS001/Images/FS001_Snowy_Cubemap_back.png
  artifactKey: Guid(d8ff303303c19f34b84f8a29064557c6) Importer(815301076,1909f56bfc062723c751e8b465ee728b)
Start importing Assets/Fantasy Skybox/Cubemaps/FS001/Images/FS001_Snowy_Cubemap_back.png using Guid(d8ff303303c19f34b84f8a29064557c6) Importer(815301076,1909f56bfc062723c751e8b465ee728b)  -> (artifact id: '14df1526196a77517f0c9f69e64bd01a') in 0.016073 seconds 
========================================================================
Received Import Request.
  Time since last request: 0.000038 seconds.
  path: Assets/Fantasy Skybox/Cubemaps/FS001/Images/FS001_Snowy_Cubemap_left.png
  artifactKey: Guid(a32c77296233c584b80f96ce6f21a090) Importer(815301076,1909f56bfc062723c751e8b465ee728b)
Start importing Assets/Fantasy Skybox/Cubemaps/FS001/Images/FS001_Snowy_Cubemap_left.png using Guid(a32c77296233c584b80f96ce6f21a090) Importer(815301076,1909f56bfc062723c751e8b465ee728b)  -> (artifact id: '798fe187cd998980d54976ec4a48a0a0') in 0.026420 seconds 
========================================================================
Received Import Request.
  Time since last request: 0.050983 seconds.
  path: Assets/Fantasy Skybox/Cubemaps/FS001/Images/FS001_Sunrise_Cubemap_down.png
  artifactKey: Guid(93d5530aa39d10e43b6c6c2faa0ecf90) Importer(815301076,1909f56bfc062723c751e8b465ee728b)
Start importing Assets/Fantasy Skybox/Cubemaps/FS001/Images/FS001_Sunrise_Cubemap_down.png using Guid(93d5530aa39d10e43b6c6c2faa0ecf90) Importer(815301076,1909f56bfc062723c751e8b465ee728b)  -> (artifact id: '9954ee305f4c30ba67e7371f1a25c552') in 0.012578 seconds 
========================================================================
Received Import Request.
  Time since last request: 18.321002 seconds.
  path: Assets/Fantasy Skybox/Cubemaps/FS001/Images/FS001_Sunrise_Cubemap_right.png
  artifactKey: Guid(f629f013417d7a34c864f54c6e5274f3) Importer(815301076,1909f56bfc062723c751e8b465ee728b)
Start importing Assets/Fantasy Skybox/Cubemaps/FS001/Images/FS001_Sunrise_Cubemap_right.png using Guid(f629f013417d7a34c864f54c6e5274f3) Importer(815301076,1909f56bfc062723c751e8b465ee728b)  -> (artifact id: '9ee1639f907532a8716777eaf4af9f86') in 0.020133 seconds 
========================================================================
Received Import Request.
  Time since last request: 0.359635 seconds.
  path: Assets/Fantasy Skybox/Cubemaps/FS001/Images/FS001_Sunset_Cubemap_down.png
  artifactKey: Guid(86d44922744460e45b651b74b464e76d) Importer(815301076,1909f56bfc062723c751e8b465ee728b)
Start importing Assets/Fantasy Skybox/Cubemaps/FS001/Images/FS001_Sunset_Cubemap_down.png using Guid(86d44922744460e45b651b74b464e76d) Importer(815301076,1909f56bfc062723c751e8b465ee728b)  -> (artifact id: '37f75ab75ca4fc9dff0f9d0b850d8ae9') in 0.050147 seconds 
========================================================================
Received Import Request.
  Time since last request: 9.613506 seconds.
  path: Assets/Fantasy Skybox/Cubemaps/FS002/FS002_Night_Cubemap.mat
  artifactKey: Guid(3575d3169337671429e593a35670ba8d) Importer(815301076,1909f56bfc062723c751e8b465ee728b)
Start importing Assets/Fantasy Skybox/Cubemaps/FS002/FS002_Night_Cubemap.mat using Guid(3575d3169337671429e593a35670ba8d) Importer(815301076,1909f56bfc062723c751e8b465ee728b)  -> (artifact id: '1aa988c6f8a7c8cc0ad746acde941912') in 0.029793 seconds 
========================================================================
Received Import Request.
  Time since last request: 0.001750 seconds.
  path: Assets/Fantasy Skybox/Cubemaps/FS002/FS002_Sunset_Cubemap.mat
  artifactKey: Guid(730d008840a095749b0f65dd936adef8) Importer(815301076,1909f56bfc062723c751e8b465ee728b)
Start importing Assets/Fantasy Skybox/Cubemaps/FS002/FS002_Sunset_Cubemap.mat using Guid(730d008840a095749b0f65dd936adef8) Importer(815301076,1909f56bfc062723c751e8b465ee728b)  -> (artifact id: '6a75a1f6139838e6adc3b594a758e1fc') in 0.030853 seconds 
========================================================================
Received Import Request.
  Time since last request: 0.710807 seconds.
  path: Assets/Fantasy Skybox/Cubemaps/FS002/Images/FS002_Day_Cubemap_front.png
  artifactKey: Guid(27244fc624968ae46800a85ce47ac395) Importer(815301076,1909f56bfc062723c751e8b465ee728b)
Start importing Assets/Fantasy Skybox/Cubemaps/FS002/Images/FS002_Day_Cubemap_front.png using Guid(27244fc624968ae46800a85ce47ac395) Importer(815301076,1909f56bfc062723c751e8b465ee728b)  -> (artifact id: 'd08d13393511ec67770cc4178935a3fd') in 0.031531 seconds 
========================================================================
Received Import Request.
  Time since last request: 0.000033 seconds.
  path: Assets/Fantasy Skybox/Cubemaps/FS002/Images/FS002_Night_Cubemap_left.png
  artifactKey: Guid(6bd5e8c3ae913fd4cbe3bdc5fcdde778) Importer(815301076,1909f56bfc062723c751e8b465ee728b)
Start importing Assets/Fantasy Skybox/Cubemaps/FS002/Images/FS002_Night_Cubemap_left.png using Guid(6bd5e8c3ae913fd4cbe3bdc5fcdde778) Importer(815301076,1909f56bfc062723c751e8b465ee728b)  -> (artifact id: '1f90f8084e571cc444d85abdc96ffde2') in 0.027009 seconds 
========================================================================
Received Import Request.
  Time since last request: 0.000034 seconds.
  path: Assets/Fantasy Skybox/Cubemaps/FS002/Images/FS002_Day_Sunless_Cubemap_right.png
  artifactKey: Guid(f946e7d4cfdc3f044abdf68ac4b9addd) Importer(815301076,1909f56bfc062723c751e8b465ee728b)
Start importing Assets/Fantasy Skybox/Cubemaps/FS002/Images/FS002_Day_Sunless_Cubemap_right.png using Guid(f946e7d4cfdc3f044abdf68ac4b9addd) Importer(815301076,1909f56bfc062723c751e8b465ee728b)  -> (artifact id: 'a226fb955338c70c3958ef20de3a32e7') in 0.024581 seconds 
========================================================================
Received Import Request.
  Time since last request: 0.000305 seconds.
  path: Assets/Fantasy Skybox/Cubemaps/FS002/Images/FS002_Night_Moonless_Cubemap_up.png
  artifactKey: Guid(03651b288218b8e4a9872d533d2dbef7) Importer(815301076,1909f56bfc062723c751e8b465ee728b)
Start importing Assets/Fantasy Skybox/Cubemaps/FS002/Images/FS002_Night_Moonless_Cubemap_up.png using Guid(03651b288218b8e4a9872d533d2dbef7) Importer(815301076,1909f56bfc062723c751e8b465ee728b)  -> (artifact id: 'ab9ff2a881a9a1c0c1773c55acf70bc2') in 0.028120 seconds 
========================================================================
Received Import Request.
  Time since last request: 0.450337 seconds.
  path: Assets/Fantasy Skybox/Cubemaps/FS002/Images/FS002_Rainy_Cubemap_front.png
  artifactKey: Guid(3821304291deea747a15f3ac0a91f490) Importer(815301076,1909f56bfc062723c751e8b465ee728b)
Start importing Assets/Fantasy Skybox/Cubemaps/FS002/Images/FS002_Rainy_Cubemap_front.png using Guid(3821304291deea747a15f3ac0a91f490) Importer(815301076,1909f56bfc062723c751e8b465ee728b)  -> (artifact id: '48e6b32f5705a903414c4de61af6852d') in 0.025126 seconds 
========================================================================
Received Import Request.
  Time since last request: 0.037224 seconds.
  path: Assets/Fantasy Skybox/Cubemaps/FS002/Images/FS002_Snowy_Cubemap_back.png
  artifactKey: Guid(c5b272d542629f848bca8d3a0438efb6) Importer(815301076,1909f56bfc062723c751e8b465ee728b)
Start importing Assets/Fantasy Skybox/Cubemaps/FS002/Images/FS002_Snowy_Cubemap_back.png using Guid(c5b272d542629f848bca8d3a0438efb6) Importer(815301076,1909f56bfc062723c751e8b465ee728b)  -> (artifact id: '278d856d4f9162f18c7f5e844989fb46') in 0.015300 seconds 
========================================================================
Received Import Request.
  Time since last request: 0.119356 seconds.
  path: Assets/Fantasy Skybox/Cubemaps/FS002/Images/FS002_Snowy_Cubemap_left.png
  artifactKey: Guid(2da2c01fdcb15f141a77ee1bb01f0777) Importer(815301076,1909f56bfc062723c751e8b465ee728b)
Start importing Assets/Fantasy Skybox/Cubemaps/FS002/Images/FS002_Snowy_Cubemap_left.png using Guid(2da2c01fdcb15f141a77ee1bb01f0777) Importer(815301076,1909f56bfc062723c751e8b465ee728b)  -> (artifact id: '98ad5e70ce4e44cc0d048a7b879e96ec') in 0.023239 seconds 
========================================================================
Received Import Request.
  Time since last request: 0.091014 seconds.
  path: Assets/Fantasy Skybox/Cubemaps/FS002/Images/FS002_Sunrise_Cubemap_down.png
  artifactKey: Guid(4c82adcecf09b8a47961205c365da7d6) Importer(815301076,1909f56bfc062723c751e8b465ee728b)
Start importing Assets/Fantasy Skybox/Cubemaps/FS002/Images/FS002_Sunrise_Cubemap_down.png using Guid(4c82adcecf09b8a47961205c365da7d6) Importer(815301076,1909f56bfc062723c751e8b465ee728b)  -> (artifact id: '2a17288e2bb2b7c4503119ae29ba4674') in 0.011193 seconds 
========================================================================
Received Import Request.
  Time since last request: 0.209705 seconds.
  path: Assets/Fantasy Skybox/Cubemaps/FS002/Images/FS002_Sunrise_Cubemap_right.png
  artifactKey: Guid(1cd80971161e5a44bad9cbb237b5876e) Importer(815301076,1909f56bfc062723c751e8b465ee728b)
Start importing Assets/Fantasy Skybox/Cubemaps/FS002/Images/FS002_Sunrise_Cubemap_right.png using Guid(1cd80971161e5a44bad9cbb237b5876e) Importer(815301076,1909f56bfc062723c751e8b465ee728b)  -> (artifact id: '1c9756f38f018a8fa58546927e8dd3e1') in 0.035416 seconds 
========================================================================
Received Import Request.
  Time since last request: 0.000032 seconds.
  path: Assets/Fantasy Skybox/Cubemaps/FS002/Images/FS002_Sunset_Cubemap_front.png
  artifactKey: Guid(bc924b0919864444eae86aec122dae0b) Importer(815301076,1909f56bfc062723c751e8b465ee728b)
Start importing Assets/Fantasy Skybox/Cubemaps/FS002/Images/FS002_Sunset_Cubemap_front.png using Guid(bc924b0919864444eae86aec122dae0b) Importer(815301076,1909f56bfc062723c751e8b465ee728b)  -> (artifact id: 'dc925c15052914ecd92d99cacfb275f6') in 0.024355 seconds 
========================================================================
Received Import Request.
  Time since last request: 30.137196 seconds.
  path: Assets/Fantasy Skybox/Cubemaps/FS005/FS005_Night_Cubemap.mat
  artifactKey: Guid(e2ed18deeb6ec0640ae6f5cc19429d09) Importer(815301076,1909f56bfc062723c751e8b465ee728b)
Start importing Assets/Fantasy Skybox/Cubemaps/FS005/FS005_Night_Cubemap.mat using Guid(e2ed18deeb6ec0640ae6f5cc19429d09) Importer(815301076,1909f56bfc062723c751e8b465ee728b)  -> (artifact id: '58a3fb1e7477a7271c3576620157e2e2') in 0.030096 seconds 
========================================================================
Received Import Request.
  Time since last request: 0.000040 seconds.
  path: Assets/Fantasy Skybox/Cubemaps/FS005/FS005_Snowy_Cubemap.mat
  artifactKey: Guid(b24dca13434166c4eaa118300d27e6ac) Importer(815301076,1909f56bfc062723c751e8b465ee728b)
Start importing Assets/Fantasy Skybox/Cubemaps/FS005/FS005_Snowy_Cubemap.mat using Guid(b24dca13434166c4eaa118300d27e6ac) Importer(815301076,1909f56bfc062723c751e8b465ee728b)  -> (artifact id: 'cdd05e6cb581dd821b02f1bf41f28adc') in 0.024599 seconds 
========================================================================
Received Import Request.
  Time since last request: 1.646420 seconds.
  path: Assets/Fantasy Skybox/Cubemaps/FS005/Images/FS005_Day_Cubemap_front.png
  artifactKey: Guid(90fdf68c1cd57ed4a8a08eb2b3ee76a9) Importer(815301076,1909f56bfc062723c751e8b465ee728b)
Start importing Assets/Fantasy Skybox/Cubemaps/FS005/Images/FS005_Day_Cubemap_front.png using Guid(90fdf68c1cd57ed4a8a08eb2b3ee76a9) Importer(815301076,1909f56bfc062723c751e8b465ee728b)  -> (artifact id: '7af050897c4c34d8785d65144b824a35') in 0.023257 seconds 
========================================================================
Received Import Request.
  Time since last request: 0.000033 seconds.
  path: Assets/Fantasy Skybox/Cubemaps/FS005/Images/FS005_Night_Moonless_Cubemap_back.png
  artifactKey: Guid(a35f1a7aaccb684409dda87465b800e4) Importer(815301076,1909f56bfc062723c751e8b465ee728b)
Start importing Assets/Fantasy Skybox/Cubemaps/FS005/Images/FS005_Night_Moonless_Cubemap_back.png using Guid(a35f1a7aaccb684409dda87465b800e4) Importer(815301076,1909f56bfc062723c751e8b465ee728b)  -> (artifact id: '15e4800a05aac31d7e838a0a8b331d68') in 0.020710 seconds 
========================================================================
Received Import Request.
  Time since last request: 0.000038 seconds.
  path: Assets/Fantasy Skybox/Cubemaps/FS005/Images/FS005_Night_Cubemap_up.png
  artifactKey: Guid(f09d4e11ddfd33648a671f3815340da2) Importer(815301076,1909f56bfc062723c751e8b465ee728b)
Start importing Assets/Fantasy Skybox/Cubemaps/FS005/Images/FS005_Night_Cubemap_up.png using Guid(f09d4e11ddfd33648a671f3815340da2) Importer(815301076,1909f56bfc062723c751e8b465ee728b)  -> (artifact id: '417a55f9f7aade69d387682a2d5fa18f') in 0.045185 seconds 
========================================================================
Received Import Request.
  Time since last request: 0.002291 seconds.
  path: Assets/Fantasy Skybox/Cubemaps/FS005/Images/FS005_Night_Moonless_Cubemap_up.png
  artifactKey: Guid(e7792e0743b66fe4aad9fedcd050bbdc) Importer(815301076,1909f56bfc062723c751e8b465ee728b)
Start importing Assets/Fantasy Skybox/Cubemaps/FS005/Images/FS005_Night_Moonless_Cubemap_up.png using Guid(e7792e0743b66fe4aad9fedcd050bbdc) Importer(815301076,1909f56bfc062723c751e8b465ee728b)  -> (artifact id: '98bf386140c3630d2d4f777fe0c5a86a') in 0.018410 seconds 
========================================================================
Received Import Request.
  Time since last request: 0.000040 seconds.
  path: Assets/Fantasy Skybox/Cubemaps/FS005/Images/FS005_Night_Moonless_Cubemap_right.png
  artifactKey: Guid(5b61b4f57b4a70e4bbb6fd1563444f27) Importer(815301076,1909f56bfc062723c751e8b465ee728b)
Start importing Assets/Fantasy Skybox/Cubemaps/FS005/Images/FS005_Night_Moonless_Cubemap_right.png using Guid(5b61b4f57b4a70e4bbb6fd1563444f27) Importer(815301076,1909f56bfc062723c751e8b465ee728b)  -> (artifact id: '2cad1ac671f2587eef2480c26b373f3e') in 0.019742 seconds 
========================================================================
Received Import Request.
  Time since last request: 0.707380 seconds.
  path: Assets/Fantasy Skybox/Cubemaps/FS005/Images/FS005_Rainy_Cubemap_front.png
  artifactKey: Guid(7bb5d46628f542e42b5caf7b3e03f862) Importer(815301076,1909f56bfc062723c751e8b465ee728b)
Start importing Assets/Fantasy Skybox/Cubemaps/FS005/Images/FS005_Rainy_Cubemap_front.png using Guid(7bb5d46628f542e42b5caf7b3e03f862) Importer(815301076,1909f56bfc062723c751e8b465ee728b)  -> (artifact id: 'f639c406fafff65e75b90f5baf1211f7') in 0.018036 seconds 
========================================================================
Received Import Request.
  Time since last request: 0.093897 seconds.
  path: Assets/Fantasy Skybox/Cubemaps/FS005/Images/FS005_Snowy_Cubemap_back.png
  artifactKey: Guid(1a534459d0908c94aa19ffe219a3b008) Importer(815301076,1909f56bfc062723c751e8b465ee728b)
Start importing Assets/Fantasy Skybox/Cubemaps/FS005/Images/FS005_Snowy_Cubemap_back.png using Guid(1a534459d0908c94aa19ffe219a3b008) Importer(815301076,1909f56bfc062723c751e8b465ee728b)  -> (artifact id: 'af7c3ab78c29540061a54d5cb75b6ae8') in 0.015488 seconds 
========================================================================
Received Import Request.
  Time since last request: 1.670643 seconds.
  path: Assets/Fantasy Skybox/Cubemaps/FS005/Images/FS005_Snowy_Cubemap_left.png
  artifactKey: Guid(ee1913e0525d9c6429c84076025e7c42) Importer(815301076,1909f56bfc062723c751e8b465ee728b)
Start importing Assets/Fantasy Skybox/Cubemaps/FS005/Images/FS005_Snowy_Cubemap_left.png using Guid(ee1913e0525d9c6429c84076025e7c42) Importer(815301076,1909f56bfc062723c751e8b465ee728b)  -> (artifact id: '316b58c1b46e17dddea93f3b62b607c9') in 0.019657 seconds 
========================================================================
Received Import Request.
  Time since last request: 0.000032 seconds.
  path: Assets/Fantasy Skybox/Cubemaps/FS005/Images/FS005_Sunrise_Cubemap_down.png
  artifactKey: Guid(22fbd07ff4273a84f8ca9bcf8dbd2137) Importer(815301076,1909f56bfc062723c751e8b465ee728b)
Start importing Assets/Fantasy Skybox/Cubemaps/FS005/Images/FS005_Sunrise_Cubemap_down.png using Guid(22fbd07ff4273a84f8ca9bcf8dbd2137) Importer(815301076,1909f56bfc062723c751e8b465ee728b)  -> (artifact id: '5168dcd82f7e88574abd31cd5f6373c8') in 0.040301 seconds 
========================================================================
Received Import Request.
  Time since last request: 0.212742 seconds.
  path: Assets/Fantasy Skybox/Cubemaps/FS005/Images/FS005_Sunset_Cubemap_front.png
  artifactKey: Guid(3f5184a71dea3f94f8d1f3a38fd7448a) Importer(815301076,1909f56bfc062723c751e8b465ee728b)
Start importing Assets/Fantasy Skybox/Cubemaps/FS005/Images/FS005_Sunset_Cubemap_front.png using Guid(3f5184a71dea3f94f8d1f3a38fd7448a) Importer(815301076,1909f56bfc062723c751e8b465ee728b)  -> (artifact id: '5da5323115239f747d95f6230f5f6b09') in 0.013180 seconds 
========================================================================
Received Import Request.
  Time since last request: 0.000038 seconds.
  path: Assets/Fantasy Skybox/Cubemaps/FS005/Images/FS005_Sunset_Cubemap_right.png
  artifactKey: Guid(4be0c720ef4240f479eaf0e7e9491386) Importer(815301076,1909f56bfc062723c751e8b465ee728b)
Start importing Assets/Fantasy Skybox/Cubemaps/FS005/Images/FS005_Sunset_Cubemap_right.png using Guid(4be0c720ef4240f479eaf0e7e9491386) Importer(815301076,1909f56bfc062723c751e8b465ee728b)  -> (artifact id: '481b4386b2bfb25a80775c6ddc6c9562') in 0.023895 seconds 
========================================================================
Received Import Request.
  Time since last request: 147.431862 seconds.
  path: Assets/Fantasy Skybox/Cubemaps/FS006
  artifactKey: Guid(9382d837f63661b4cae115c3084f1b04) Importer(815301076,1909f56bfc062723c751e8b465ee728b)
Start importing Assets/Fantasy Skybox/Cubemaps/FS006 using Guid(9382d837f63661b4cae115c3084f1b04) Importer(815301076,1909f56bfc062723c751e8b465ee728b)  -> (artifact id: '6f22636cbcfd94ba3221bf43bb539b05') in 0.002848 seconds 
========================================================================
Received Import Request.
  Time since last request: 0.055534 seconds.
  path: Assets/Fantasy Skybox/Cubemaps/FS006/FS006_Day_Cubemap.mat
  artifactKey: Guid(51cad095d93fcec4f89efd69d4752c97) Importer(815301076,1909f56bfc062723c751e8b465ee728b)
Start importing Assets/Fantasy Skybox/Cubemaps/FS006/FS006_Day_Cubemap.mat using Guid(51cad095d93fcec4f89efd69d4752c97) Importer(815301076,1909f56bfc062723c751e8b465ee728b)  -> (artifact id: 'b6b4a9b3e54437fb11b3d73aa2fee80d') in 0.025025 seconds 
========================================================================
Received Import Request.
  Time since last request: 0.029159 seconds.
  path: Assets/Fantasy Skybox/Cubemaps/FS006/FS006_Night_Cubemap.mat
  artifactKey: Guid(abc6a8212f0e90840bc88b6b6244b507) Importer(815301076,1909f56bfc062723c751e8b465ee728b)
Start importing Assets/Fantasy Skybox/Cubemaps/FS006/FS006_Night_Cubemap.mat using Guid(abc6a8212f0e90840bc88b6b6244b507) Importer(815301076,1909f56bfc062723c751e8b465ee728b)  -> (artifact id: '55b9c74e4620f816e279cbe86bdb68da') in 0.043676 seconds 
========================================================================
Received Import Request.
  Time since last request: 0.000034 seconds.
  path: Assets/Fantasy Skybox/Cubemaps/FS006/FS006_Snowy_Cubemap.mat
  artifactKey: Guid(a881f36890168384e8eafaa4d1ceca03) Importer(815301076,1909f56bfc062723c751e8b465ee728b)
Start importing Assets/Fantasy Skybox/Cubemaps/FS006/FS006_Snowy_Cubemap.mat using Guid(a881f36890168384e8eafaa4d1ceca03) Importer(815301076,1909f56bfc062723c751e8b465ee728b)  -> (artifact id: '22562dd32c3151313d8a4fe9c4e5e460') in 0.023320 seconds 
========================================================================
Received Import Request.
  Time since last request: 0.000034 seconds.
  path: Assets/Fantasy Skybox/Cubemaps/FS006/FS006_Night_Moonless_Cubemap.mat
  artifactKey: Guid(60a42e3be3941754cba41be1166e5110) Importer(815301076,1909f56bfc062723c751e8b465ee728b)
Start importing Assets/Fantasy Skybox/Cubemaps/FS006/FS006_Night_Moonless_Cubemap.mat using Guid(60a42e3be3941754cba41be1166e5110) Importer(815301076,1909f56bfc062723c751e8b465ee728b)  -> (artifact id: '11036279e65b389c3b8e728d1b26d666') in 0.027798 seconds 
========================================================================
Received Import Request.
  Time since last request: 1.257644 seconds.
  path: Assets/Fantasy Skybox/Cubemaps/FS006/Images
  artifactKey: Guid(692d3b39917676249a033158728fd030) Importer(815301076,1909f56bfc062723c751e8b465ee728b)
Start importing Assets/Fantasy Skybox/Cubemaps/FS006/Images using Guid(692d3b39917676249a033158728fd030) Importer(815301076,1909f56bfc062723c751e8b465ee728b)  -> (artifact id: '4b52eb4f2fb2ecc920d9cbe6a73f1a98') in 0.002693 seconds 
========================================================================
Received Import Request.
  Time since last request: 0.072494 seconds.
  path: Assets/Fantasy Skybox/Cubemaps/FS006/Images/FS006_Day_Cubemap_back.png
  artifactKey: Guid(ace26ed9c9ceba2409c53b64fff91b69) Importer(815301076,1909f56bfc062723c751e8b465ee728b)
Start importing Assets/Fantasy Skybox/Cubemaps/FS006/Images/FS006_Day_Cubemap_back.png using Guid(ace26ed9c9ceba2409c53b64fff91b69) Importer(815301076,1909f56bfc062723c751e8b465ee728b)  -> (artifact id: '5d3ce94ff10440247acf8fbd0790a1da') in 0.014060 seconds 
========================================================================
Received Import Request.
  Time since last request: 0.000768 seconds.
  path: Assets/Fantasy Skybox/Cubemaps/FS006/Images/FS006_Day_Cubemap_front.png
  artifactKey: Guid(548368ee630ebfa4c9fab7a508d0697f) Importer(815301076,1909f56bfc062723c751e8b465ee728b)
Start importing Assets/Fantasy Skybox/Cubemaps/FS006/Images/FS006_Day_Cubemap_front.png using Guid(548368ee630ebfa4c9fab7a508d0697f) Importer(815301076,1909f56bfc062723c751e8b465ee728b)  -> (artifact id: '2217c4e2ed3355168bb710912628d383') in 0.026873 seconds 
========================================================================
Received Import Request.
  Time since last request: 0.000040 seconds.
  path: Assets/Fantasy Skybox/Cubemaps/FS006/Images/FS006_Night_Moonless_Cubemap_right.png
  artifactKey: Guid(48f0951da2ec09047b7b52c314f72d3f) Importer(815301076,1909f56bfc062723c751e8b465ee728b)
Start importing Assets/Fantasy Skybox/Cubemaps/FS006/Images/FS006_Night_Moonless_Cubemap_right.png using Guid(48f0951da2ec09047b7b52c314f72d3f) Importer(815301076,1909f56bfc062723c751e8b465ee728b)  -> (artifact id: 'ce282e065236bc36db34546ac1eabba3') in 0.009392 seconds 
========================================================================
Received Import Request.
  Time since last request: 0.000033 seconds.
  path: Assets/Fantasy Skybox/Cubemaps/FS006/Images/FS006_Night_Cubemap_left.png
  artifactKey: Guid(965cdce0870e70343990f7d6ca90d52b) Importer(815301076,1909f56bfc062723c751e8b465ee728b)
Start importing Assets/Fantasy Skybox/Cubemaps/FS006/Images/FS006_Night_Cubemap_left.png using Guid(965cdce0870e70343990f7d6ca90d52b) Importer(815301076,1909f56bfc062723c751e8b465ee728b)  -> (artifact id: 'b86c34e2a007ad788c0c95987f38f253') in 0.013934 seconds 
========================================================================
Received Import Request.
  Time since last request: 0.000035 seconds.
  path: Assets/Fantasy Skybox/Cubemaps/FS006/Images/FS006_Night_Cubemap_up.png
  artifactKey: Guid(2a3f9e3e11358f447aa58b039d9ec6e0) Importer(815301076,1909f56bfc062723c751e8b465ee728b)
Start importing Assets/Fantasy Skybox/Cubemaps/FS006/Images/FS006_Night_Cubemap_up.png using Guid(2a3f9e3e11358f447aa58b039d9ec6e0) Importer(815301076,1909f56bfc062723c751e8b465ee728b)  -> (artifact id: '58d4b34190e2ad0cb964723984011abe') in 0.010190 seconds 
========================================================================
Received Import Request.
  Time since last request: 0.000044 seconds.
  path: Assets/Fantasy Skybox/Cubemaps/FS006/Images/FS006_Day_Cubemap_left.png
  artifactKey: Guid(8489cf05e3f73db4b98ff6b103691cf4) Importer(815301076,1909f56bfc062723c751e8b465ee728b)
Start importing Assets/Fantasy Skybox/Cubemaps/FS006/Images/FS006_Day_Cubemap_left.png using Guid(8489cf05e3f73db4b98ff6b103691cf4) Importer(815301076,1909f56bfc062723c751e8b465ee728b)  -> (artifact id: '960c24e6ad958b075b0dad7fbdfccf14') in 0.026269 seconds 
========================================================================
Received Import Request.
  Time since last request: 0.000035 seconds.
  path: Assets/Fantasy Skybox/Cubemaps/FS006/Images/FS006_Day_Cubemap_up.png
  artifactKey: Guid(151fc65d5714a854d825de7d9927e73e) Importer(815301076,1909f56bfc062723c751e8b465ee728b)
Start importing Assets/Fantasy Skybox/Cubemaps/FS006/Images/FS006_Day_Cubemap_up.png using Guid(151fc65d5714a854d825de7d9927e73e) Importer(815301076,1909f56bfc062723c751e8b465ee728b)  -> (artifact id: '7e21669c413b55064310f11e62e0e4d5') in 0.009999 seconds 
========================================================================
Received Import Request.
  Time since last request: 0.000033 seconds.
  path: Assets/Fantasy Skybox/Cubemaps/FS006/Images/FS006_Night_Cubemap_down.png
  artifactKey: Guid(bfb33b573fb60dd4a8205ba3eaceadbe) Importer(815301076,1909f56bfc062723c751e8b465ee728b)
Start importing Assets/Fantasy Skybox/Cubemaps/FS006/Images/FS006_Night_Cubemap_down.png using Guid(bfb33b573fb60dd4a8205ba3eaceadbe) Importer(815301076,1909f56bfc062723c751e8b465ee728b)  -> (artifact id: '702e914a1737ec0a0bc913345430c812') in 0.010657 seconds 
========================================================================
Received Import Request.
  Time since last request: 0.000034 seconds.
  path: Assets/Fantasy Skybox/Cubemaps/FS006/Images/FS006_Day_Sunless_Cubemap_front.png
  artifactKey: Guid(1e515f7b830876744807f91704b0097b) Importer(815301076,1909f56bfc062723c751e8b465ee728b)
Start importing Assets/Fantasy Skybox/Cubemaps/FS006/Images/FS006_Day_Sunless_Cubemap_front.png using Guid(1e515f7b830876744807f91704b0097b) Importer(815301076,1909f56bfc062723c751e8b465ee728b)  -> (artifact id: '1e4ebd5340599983c0d15568b50006b5') in 0.011064 seconds 
========================================================================
Received Import Request.
  Time since last request: 0.000031 seconds.
  path: Assets/Fantasy Skybox/Cubemaps/FS006/Images/FS006_Day_Sunless_Cubemap_up.png
  artifactKey: Guid(0ae29bfb2648ef746891c913d172c6fe) Importer(815301076,1909f56bfc062723c751e8b465ee728b)
Start importing Assets/Fantasy Skybox/Cubemaps/FS006/Images/FS006_Day_Sunless_Cubemap_up.png using Guid(0ae29bfb2648ef746891c913d172c6fe) Importer(815301076,1909f56bfc062723c751e8b465ee728b)  -> (artifact id: '9f6a96d367cb731c411d18d675fd57db') in 0.012573 seconds 
========================================================================
Received Import Request.
  Time since last request: 0.000044 seconds.
  path: Assets/Fantasy Skybox/Cubemaps/FS006/Images/FS006_Night_Moonless_Cubemap_up.png
  artifactKey: Guid(d827dd7141f5e6d4f875ae3310f9ad73) Importer(815301076,1909f56bfc062723c751e8b465ee728b)
Start importing Assets/Fantasy Skybox/Cubemaps/FS006/Images/FS006_Night_Moonless_Cubemap_up.png using Guid(d827dd7141f5e6d4f875ae3310f9ad73) Importer(815301076,1909f56bfc062723c751e8b465ee728b)  -> (artifact id: '38b7db86d9fc8884f4c7e459a8c721f4') in 0.039502 seconds 
========================================================================
Received Import Request.
  Time since last request: 0.000300 seconds.
  path: Assets/Fantasy Skybox/Cubemaps/FS006/Images/FS006_Night_Cubemap_right.png
  artifactKey: Guid(dbbc7aafde751bd45a0c7bef3e657bf5) Importer(815301076,1909f56bfc062723c751e8b465ee728b)
Start importing Assets/Fantasy Skybox/Cubemaps/FS006/Images/FS006_Night_Cubemap_right.png using Guid(dbbc7aafde751bd45a0c7bef3e657bf5) Importer(815301076,1909f56bfc062723c751e8b465ee728b)  -> (artifact id: '07d6ead392556c14910693baa37e197b') in 0.014715 seconds 
========================================================================
Received Import Request.
  Time since last request: 0.000032 seconds.
  path: Assets/Fantasy Skybox/Cubemaps/FS006/Images/FS006_Day_Sunless_Cubemap_right.png
  artifactKey: Guid(9e57a35cb53c6e341a171a3279390b80) Importer(815301076,1909f56bfc062723c751e8b465ee728b)
Start importing Assets/Fantasy Skybox/Cubemaps/FS006/Images/FS006_Day_Sunless_Cubemap_right.png using Guid(9e57a35cb53c6e341a171a3279390b80) Importer(815301076,1909f56bfc062723c751e8b465ee728b)  -> (artifact id: '710f775a8b846b9a4e79fb1a1ca6ac3b') in 0.016153 seconds 
========================================================================
Received Import Request.
  Time since last request: 0.813625 seconds.
  path: Assets/Fantasy Skybox/Cubemaps/FS006/Images/FS006_Rainy_Cubemap_back.png
  artifactKey: Guid(e120df068b1d4cd458fa915d0a62084a) Importer(815301076,1909f56bfc062723c751e8b465ee728b)
Start importing Assets/Fantasy Skybox/Cubemaps/FS006/Images/FS006_Rainy_Cubemap_back.png using Guid(e120df068b1d4cd458fa915d0a62084a) Importer(815301076,1909f56bfc062723c751e8b465ee728b)  -> (artifact id: 'e9a2a0ee4114a3e12db448119809eb9e') in 0.012825 seconds 
========================================================================
Received Import Request.
  Time since last request: 0.000033 seconds.
  path: Assets/Fantasy Skybox/Cubemaps/FS006/Images/FS006_Rainy_Cubemap_front.png
  artifactKey: Guid(6a46c5ee7449d6f4fa5df08f53e67ba1) Importer(815301076,1909f56bfc062723c751e8b465ee728b)
Start importing Assets/Fantasy Skybox/Cubemaps/FS006/Images/FS006_Rainy_Cubemap_front.png using Guid(6a46c5ee7449d6f4fa5df08f53e67ba1) Importer(815301076,1909f56bfc062723c751e8b465ee728b)  -> (artifact id: '55352538c90073deb2f9982a216e87c7') in 0.034059 seconds 
========================================================================
Received Import Request.
  Time since last request: 0.000031 seconds.
  path: Assets/Fantasy Skybox/Cubemaps/FS006/Images/FS006_Rainy_Cubemap_right.png
  artifactKey: Guid(696a4ba970b6a9740a4a834c87c87c4b) Importer(815301076,1909f56bfc062723c751e8b465ee728b)
Start importing Assets/Fantasy Skybox/Cubemaps/FS006/Images/FS006_Rainy_Cubemap_right.png using Guid(696a4ba970b6a9740a4a834c87c87c4b) Importer(815301076,1909f56bfc062723c751e8b465ee728b)  -> (artifact id: '692ba0ea2887c8f96b46177597987a26') in 0.013109 seconds 
========================================================================
Received Import Request.
  Time since last request: 0.000033 seconds.
  path: Assets/Fantasy Skybox/Cubemaps/FS006/Images/FS006_Snowy_Cubemap_back.png
  artifactKey: Guid(b3a7514487381d14d90d43161e4ddd4e) Importer(815301076,1909f56bfc062723c751e8b465ee728b)
Start importing Assets/Fantasy Skybox/Cubemaps/FS006/Images/FS006_Snowy_Cubemap_back.png using Guid(b3a7514487381d14d90d43161e4ddd4e) Importer(815301076,1909f56bfc062723c751e8b465ee728b)  -> (artifact id: 'f1e5c74d854d6244bafde6471eabb78a') in 0.010171 seconds 
========================================================================
Received Import Request.
  Time since last request: 0.296228 seconds.
  path: Assets/Fantasy Skybox/Cubemaps/FS006/Images/FS006_Snowy_Cubemap_down.png
  artifactKey: Guid(de0f13414b0813649b3b291711ca2160) Importer(815301076,1909f56bfc062723c751e8b465ee728b)
Start importing Assets/Fantasy Skybox/Cubemaps/FS006/Images/FS006_Snowy_Cubemap_down.png using Guid(de0f13414b0813649b3b291711ca2160) Importer(815301076,1909f56bfc062723c751e8b465ee728b)  -> (artifact id: '718aad10ee33424bd11c822e35528cce') in 0.009919 seconds 
========================================================================
Received Import Request.
  Time since last request: 0.000031 seconds.
  path: Assets/Fantasy Skybox/Cubemaps/FS006/Images/FS006_Snowy_Cubemap_right.png
  artifactKey: Guid(b98269f6bb9c92a4c8fc1f6ba0dfdafc) Importer(815301076,1909f56bfc062723c751e8b465ee728b)
Start importing Assets/Fantasy Skybox/Cubemaps/FS006/Images/FS006_Snowy_Cubemap_right.png using Guid(b98269f6bb9c92a4c8fc1f6ba0dfdafc) Importer(815301076,1909f56bfc062723c751e8b465ee728b)  -> (artifact id: 'fe58e396b21a00ccfcb52d2248437076') in 0.028149 seconds 
========================================================================
Received Import Request.
  Time since last request: 0.000034 seconds.
  path: Assets/Fantasy Skybox/Cubemaps/FS006/Images/FS006_Snowy_Cubemap_up.png
  artifactKey: Guid(0ed840d0d3000234d9f67e83a5007f5f) Importer(815301076,1909f56bfc062723c751e8b465ee728b)
Start importing Assets/Fantasy Skybox/Cubemaps/FS006/Images/FS006_Snowy_Cubemap_up.png using Guid(0ed840d0d3000234d9f67e83a5007f5f) Importer(815301076,1909f56bfc062723c751e8b465ee728b)  -> (artifact id: '6ffc62c1dd529bbd32eaafde26443c6d') in 0.026009 seconds 
========================================================================
Received Import Request.
  Time since last request: 0.000041 seconds.
  path: Assets/Fantasy Skybox/Cubemaps/FS006/Images/FS006_Sunrise_Cubemap_front.png
  artifactKey: Guid(a8a395548f6f9e742a7e886bd9d16bf9) Importer(815301076,1909f56bfc062723c751e8b465ee728b)
Start importing Assets/Fantasy Skybox/Cubemaps/FS006/Images/FS006_Sunrise_Cubemap_front.png using Guid(a8a395548f6f9e742a7e886bd9d16bf9) Importer(815301076,1909f56bfc062723c751e8b465ee728b)  -> (artifact id: 'bab63960674e987bbad032f90fa67872') in 0.010473 seconds 
========================================================================
Received Import Request.
  Time since last request: 0.000046 seconds.
  path: Assets/Fantasy Skybox/Cubemaps/FS006/Images/FS006_Sunrise_Cubemap_down.png
  artifactKey: Guid(738b4bbfe0f702c4e895d0d0e2a273ad) Importer(815301076,1909f56bfc062723c751e8b465ee728b)
Start importing Assets/Fantasy Skybox/Cubemaps/FS006/Images/FS006_Sunrise_Cubemap_down.png using Guid(738b4bbfe0f702c4e895d0d0e2a273ad) Importer(815301076,1909f56bfc062723c751e8b465ee728b)  -> (artifact id: 'a37afb40d72161529ec5bf088c381e3f') in 0.032415 seconds 
========================================================================
Received Import Request.
  Time since last request: 0.317340 seconds.
  path: Assets/Fantasy Skybox/Cubemaps/FS006/Images/FS006_Sunset_Cubemap_back.png
  artifactKey: Guid(2ef551be2142e3346a0dd2d0a821e205) Importer(815301076,1909f56bfc062723c751e8b465ee728b)
Start importing Assets/Fantasy Skybox/Cubemaps/FS006/Images/FS006_Sunset_Cubemap_back.png using Guid(2ef551be2142e3346a0dd2d0a821e205) Importer(815301076,1909f56bfc062723c751e8b465ee728b)  -> (artifact id: '68a27a8b893d5cff1907f92d9396e6d5') in 0.034202 seconds 
========================================================================
Received Import Request.
  Time since last request: 0.000034 seconds.
  path: Assets/Fantasy Skybox/Cubemaps/FS006/Images/FS006_Sunset_Cubemap_right.png
  artifactKey: Guid(62b5890538e4a1d44abe958f7495573a) Importer(815301076,1909f56bfc062723c751e8b465ee728b)
Start importing Assets/Fantasy Skybox/Cubemaps/FS006/Images/FS006_Sunset_Cubemap_right.png using Guid(62b5890538e4a1d44abe958f7495573a) Importer(815301076,1909f56bfc062723c751e8b465ee728b)  -> (artifact id: '51b93a59ab4a1676dbc3b83fac384cfc') in 0.014030 seconds 
========================================================================
Received Import Request.
  Time since last request: 0.000044 seconds.
  path: Assets/Fantasy Skybox/Cubemaps/FS006/Images/FS006_Sunset_Cubemap_up.png
  artifactKey: Guid(24573f60dc28c0043837967a0c630bc2) Importer(815301076,1909f56bfc062723c751e8b465ee728b)
Start importing Assets/Fantasy Skybox/Cubemaps/FS006/Images/FS006_Sunset_Cubemap_up.png using Guid(24573f60dc28c0043837967a0c630bc2) Importer(815301076,1909f56bfc062723c751e8b465ee728b)  -> (artifact id: 'e914e34720949bfeeda48ef200a32fae') in 0.027118 seconds 
========================================================================
Received Import Request.
  Time since last request: 3.319288 seconds.
  path: Assets/Fantasy Skybox/Cubemaps/FS013
  artifactKey: Guid(08e03ba84e015a54dad9a0d623354e0e) Importer(815301076,1909f56bfc062723c751e8b465ee728b)
Start importing Assets/Fantasy Skybox/Cubemaps/FS013 using Guid(08e03ba84e015a54dad9a0d623354e0e) Importer(815301076,1909f56bfc062723c751e8b465ee728b)  -> (artifact id: '54d6d1181a66e6c03d0d8289a65dfc30') in 0.002942 seconds 
========================================================================
Received Import Request.
  Time since last request: 0.054242 seconds.
  path: Assets/Fantasy Skybox/Cubemaps/FS013/FS013_Day_Cubemap.mat
  artifactKey: Guid(72b15d8106f5d304a93524f1bec1cb7c) Importer(815301076,1909f56bfc062723c751e8b465ee728b)
Start importing Assets/Fantasy Skybox/Cubemaps/FS013/FS013_Day_Cubemap.mat using Guid(72b15d8106f5d304a93524f1bec1cb7c) Importer(815301076,1909f56bfc062723c751e8b465ee728b)  -> (artifact id: 'ebba9003242c28946e6ebf9b629375a7') in 0.033557 seconds 
========================================================================
Received Import Request.
  Time since last request: 0.000038 seconds.
  path: Assets/Fantasy Skybox/Cubemaps/FS013/FS013_Rainy_Cubemap.mat
  artifactKey: Guid(531a0951fa00af14599a7b9273a8e3bb) Importer(815301076,1909f56bfc062723c751e8b465ee728b)
Start importing Assets/Fantasy Skybox/Cubemaps/FS013/FS013_Rainy_Cubemap.mat using Guid(531a0951fa00af14599a7b9273a8e3bb) Importer(815301076,1909f56bfc062723c751e8b465ee728b)  -> (artifact id: '347af5a0a044468f9701bdbc751e882b') in 0.058800 seconds 
========================================================================
Received Import Request.
  Time since last request: 0.000048 seconds.
  path: Assets/Fantasy Skybox/Cubemaps/FS013/FS013_Night_Cubemap.mat
  artifactKey: Guid(6a238b7a33b0ad247bedb0f29615d1da) Importer(815301076,1909f56bfc062723c751e8b465ee728b)
Start importing Assets/Fantasy Skybox/Cubemaps/FS013/FS013_Night_Cubemap.mat using Guid(6a238b7a33b0ad247bedb0f29615d1da) Importer(815301076,1909f56bfc062723c751e8b465ee728b)  -> (artifact id: 'da754d96a3ded2bab42288e309ce6ea1') in 0.057002 seconds 
========================================================================
Received Import Request.
  Time since last request: 0.000050 seconds.
  path: Assets/Fantasy Skybox/Cubemaps/FS013/FS013_Sunset_Cubemap.mat
  artifactKey: Guid(e8b9b8f16ff757248bbc0694bfbb9b13) Importer(815301076,1909f56bfc062723c751e8b465ee728b)
Start importing Assets/Fantasy Skybox/Cubemaps/FS013/FS013_Sunset_Cubemap.mat using Guid(e8b9b8f16ff757248bbc0694bfbb9b13) Importer(815301076,1909f56bfc062723c751e8b465ee728b)  -> (artifact id: '27dd07e3bed8c2aaa6694f912990d93e') in 0.024008 seconds 
========================================================================
Received Import Request.
  Time since last request: 0.733147 seconds.
  path: Assets/Fantasy Skybox/Cubemaps/FS013/Images
  artifactKey: Guid(59d068ad76a48fc4eab46b0c6b86f474) Importer(815301076,1909f56bfc062723c751e8b465ee728b)
Start importing Assets/Fantasy Skybox/Cubemaps/FS013/Images using Guid(59d068ad76a48fc4eab46b0c6b86f474) Importer(815301076,1909f56bfc062723c751e8b465ee728b)  -> (artifact id: '468f0a66506e50e6aa8786402a8b72a9') in 0.006516 seconds 
========================================================================
Received Import Request.
  Time since last request: 0.051664 seconds.
  path: Assets/Fantasy Skybox/Cubemaps/FS013/Images/FS013_Day_Cubemap_back.png
  artifactKey: Guid(425a05c0171e42049b991dc5cb2d98bd) Importer(815301076,1909f56bfc062723c751e8b465ee728b)
Start importing Assets/Fantasy Skybox/Cubemaps/FS013/Images/FS013_Day_Cubemap_back.png using Guid(425a05c0171e42049b991dc5cb2d98bd) Importer(815301076,1909f56bfc062723c751e8b465ee728b)  -> (artifact id: '89fed09dea455d6c6666828de7ceb391') in 0.022208 seconds 
========================================================================
Received Import Request.
  Time since last request: 0.000041 seconds.
  path: Assets/Fantasy Skybox/Cubemaps/FS013/Images/FS013_Night_Moonless_Cubemap_up.png
  artifactKey: Guid(e6a017ee4d958364188e4c77da6affd0) Importer(815301076,1909f56bfc062723c751e8b465ee728b)
Start importing Assets/Fantasy Skybox/Cubemaps/FS013/Images/FS013_Night_Moonless_Cubemap_up.png using Guid(e6a017ee4d958364188e4c77da6affd0) Importer(815301076,1909f56bfc062723c751e8b465ee728b)  -> (artifact id: '71d124a65b5e7ae292ab4b905f7e2a2e') in 0.013861 seconds 
========================================================================
Received Import Request.
  Time since last request: 0.000043 seconds.
  path: Assets/Fantasy Skybox/Cubemaps/FS013/Images/FS013_Day_Sunless_Cubemap_down.png
  artifactKey: Guid(f1cb0743dc0e041489f5f357e6dc947a) Importer(815301076,1909f56bfc062723c751e8b465ee728b)
Start importing Assets/Fantasy Skybox/Cubemaps/FS013/Images/FS013_Day_Sunless_Cubemap_down.png using Guid(f1cb0743dc0e041489f5f357e6dc947a) Importer(815301076,1909f56bfc062723c751e8b465ee728b)  -> (artifact id: '522e5e22d93d0b6f7564823fd64425fc') in 0.017866 seconds 
========================================================================
Received Import Request.
  Time since last request: 0.000037 seconds.
  path: Assets/Fantasy Skybox/Cubemaps/FS013/Images/FS013_Day_Cubemap_up.png
  artifactKey: Guid(26850900398d13a4393760b2ae113639) Importer(815301076,1909f56bfc062723c751e8b465ee728b)
Start importing Assets/Fantasy Skybox/Cubemaps/FS013/Images/FS013_Day_Cubemap_up.png using Guid(26850900398d13a4393760b2ae113639) Importer(815301076,1909f56bfc062723c751e8b465ee728b)  -> (artifact id: '4ec7146ec5ba1b178657815444947f90') in 0.030816 seconds 
========================================================================
Received Import Request.
  Time since last request: 0.000040 seconds.
  path: Assets/Fantasy Skybox/Cubemaps/FS013/Images/FS013_Night_Cubemap_front.png
  artifactKey: Guid(204a1f3c7406be14cb77cc5905b1ffc6) Importer(815301076,1909f56bfc062723c751e8b465ee728b)
Start importing Assets/Fantasy Skybox/Cubemaps/FS013/Images/FS013_Night_Cubemap_front.png using Guid(204a1f3c7406be14cb77cc5905b1ffc6) Importer(815301076,1909f56bfc062723c751e8b465ee728b)  -> (artifact id: '5afd188ad0bdbb9a106de41a65c4df0d') in 0.021758 seconds 
========================================================================
Received Import Request.
  Time since last request: 0.000051 seconds.
  path: Assets/Fantasy Skybox/Cubemaps/FS013/Images/FS013_Night_Cubemap_right.png
  artifactKey: Guid(57b7d6e730c7b5f47945815068d176e7) Importer(815301076,1909f56bfc062723c751e8b465ee728b)
Start importing Assets/Fantasy Skybox/Cubemaps/FS013/Images/FS013_Night_Cubemap_right.png using Guid(57b7d6e730c7b5f47945815068d176e7) Importer(815301076,1909f56bfc062723c751e8b465ee728b)  -> (artifact id: '493a2828c76e5ff6dd0fbe0e7812998e') in 0.025265 seconds 
========================================================================
Received Import Request.
  Time since last request: 0.000055 seconds.
  path: Assets/Fantasy Skybox/Cubemaps/FS013/Images/FS013_Day_Sunless_Cubemap_up.png
  artifactKey: Guid(234eecc35b11fa64ea0753e78976863d) Importer(815301076,1909f56bfc062723c751e8b465ee728b)
Start importing Assets/Fantasy Skybox/Cubemaps/FS013/Images/FS013_Day_Sunless_Cubemap_up.png using Guid(234eecc35b11fa64ea0753e78976863d) Importer(815301076,1909f56bfc062723c751e8b465ee728b)  -> (artifact id: 'a2152d2d1545407c92f6e0315891d4d1') in 0.013262 seconds 
========================================================================
Received Import Request.
  Time since last request: 0.000034 seconds.
  path: Assets/Fantasy Skybox/Cubemaps/FS013/Images/FS013_Night_Cubemap_up.png
  artifactKey: Guid(e77a6c1262ce2ca41a7c57b92a6fc131) Importer(815301076,1909f56bfc062723c751e8b465ee728b)
Start importing Assets/Fantasy Skybox/Cubemaps/FS013/Images/FS013_Night_Cubemap_up.png using Guid(e77a6c1262ce2ca41a7c57b92a6fc131) Importer(815301076,1909f56bfc062723c751e8b465ee728b)  -> (artifact id: '59231c3a6685d89a77d4f47dc1760e2c') in 0.026653 seconds 
========================================================================
Received Import Request.
  Time since last request: 0.000039 seconds.
  path: Assets/Fantasy Skybox/Cubemaps/FS013/Images/FS013_Day_Cubemap_front.png
  artifactKey: Guid(5bf5a2b7816f2a8459b7244d397aa927) Importer(815301076,1909f56bfc062723c751e8b465ee728b)
Start importing Assets/Fantasy Skybox/Cubemaps/FS013/Images/FS013_Day_Cubemap_front.png using Guid(5bf5a2b7816f2a8459b7244d397aa927) Importer(815301076,1909f56bfc062723c751e8b465ee728b)  -> (artifact id: '0fcb5499777fb9c46c0ebbf52686a4b2') in 0.024419 seconds 
========================================================================
Received Import Request.
  Time since last request: 0.000040 seconds.
  path: Assets/Fantasy Skybox/Cubemaps/FS013/Images/FS013_Night_Cubemap_left.png
  artifactKey: Guid(b794f2de6df81cb4bb7beab54ffd9320) Importer(815301076,1909f56bfc062723c751e8b465ee728b)
Start importing Assets/Fantasy Skybox/Cubemaps/FS013/Images/FS013_Night_Cubemap_left.png using Guid(b794f2de6df81cb4bb7beab54ffd9320) Importer(815301076,1909f56bfc062723c751e8b465ee728b)  -> (artifact id: '64143091e2d9893e9c8aae9fc5186e6c') in 0.027674 seconds 
========================================================================
Received Import Request.
  Time since last request: 0.000044 seconds.
  path: Assets/Fantasy Skybox/Cubemaps/FS013/Images/FS013_Night_Moonless_Cubemap_down.png
  artifactKey: Guid(e9164904e6c626444b327798922e2f4c) Importer(815301076,1909f56bfc062723c751e8b465ee728b)
Start importing Assets/Fantasy Skybox/Cubemaps/FS013/Images/FS013_Night_Moonless_Cubemap_down.png using Guid(e9164904e6c626444b327798922e2f4c) Importer(815301076,1909f56bfc062723c751e8b465ee728b)  -> (artifact id: 'a61a5d5e266a9c65dfd5e4d301cbd6dc') in 0.031316 seconds 
========================================================================
Received Import Request.
  Time since last request: 0.000037 seconds.
  path: Assets/Fantasy Skybox/Cubemaps/FS013/Images/FS013_Day_Sunless_Cubemap_left.png
  artifactKey: Guid(a497bada0e044d3499e7639ed61fae29) Importer(815301076,1909f56bfc062723c751e8b465ee728b)
Start importing Assets/Fantasy Skybox/Cubemaps/FS013/Images/FS013_Day_Sunless_Cubemap_left.png using Guid(a497bada0e044d3499e7639ed61fae29) Importer(815301076,1909f56bfc062723c751e8b465ee728b)  -> (artifact id: '5ff7b55d96a49f9a1e89dc75b656c217') in 0.010648 seconds 
========================================================================
Received Import Request.
  Time since last request: 0.000052 seconds.
  path: Assets/Fantasy Skybox/Cubemaps/FS013/Images/FS013_Day_Sunless_Cubemap_front.png
  artifactKey: Guid(0c152a74ada13b145960d7cb5ea9df1b) Importer(815301076,1909f56bfc062723c751e8b465ee728b)
Start importing Assets/Fantasy Skybox/Cubemaps/FS013/Images/FS013_Day_Sunless_Cubemap_front.png using Guid(0c152a74ada13b145960d7cb5ea9df1b) Importer(815301076,1909f56bfc062723c751e8b465ee728b)  -> (artifact id: '51e1bab48b41f6e3a71f01562a330b56') in 0.019707 seconds 
========================================================================
Received Import Request.
  Time since last request: 10.728383 seconds.
  path: Assets/Fantasy Skybox/Cubemaps/FS013/Images/FS013_Rainy_Cubemap_back.png
  artifactKey: Guid(e68eaebee954d2b4fae1869a0a34c81e) Importer(815301076,1909f56bfc062723c751e8b465ee728b)
Start importing Assets/Fantasy Skybox/Cubemaps/FS013/Images/FS013_Rainy_Cubemap_back.png using Guid(e68eaebee954d2b4fae1869a0a34c81e) Importer(815301076,1909f56bfc062723c751e8b465ee728b)  -> (artifact id: 'b5533da50ae2490c963df719577ca3f0') in 0.022450 seconds 
========================================================================
Received Import Request.
  Time since last request: 0.000050 seconds.
  path: Assets/Fantasy Skybox/Cubemaps/FS013/Images/FS013_Rainy_Cubemap_up.png
  artifactKey: Guid(2381b5c39ef3abe45a3b5d385cc41c74) Importer(815301076,1909f56bfc062723c751e8b465ee728b)
Start importing Assets/Fantasy Skybox/Cubemaps/FS013/Images/FS013_Rainy_Cubemap_up.png using Guid(2381b5c39ef3abe45a3b5d385cc41c74) Importer(815301076,1909f56bfc062723c751e8b465ee728b)  -> (artifact id: '34bb136d62e26148bad6e2871359c300') in 0.016235 seconds 
========================================================================
Received Import Request.
  Time since last request: 0.020578 seconds.
  path: Assets/Fantasy Skybox/Cubemaps/FS013/Images/FS013_Snowy_Cubemap_down.png
  artifactKey: Guid(1d2ff1aae32784a428bcc712ee606745) Importer(815301076,1909f56bfc062723c751e8b465ee728b)
Start importing Assets/Fantasy Skybox/Cubemaps/FS013/Images/FS013_Snowy_Cubemap_down.png using Guid(1d2ff1aae32784a428bcc712ee606745) Importer(815301076,1909f56bfc062723c751e8b465ee728b)  -> (artifact id: 'e2b665fb3cad6740439edc95cef7fb2e') in 0.013341 seconds 
========================================================================
Received Import Request.
  Time since last request: 0.000037 seconds.
  path: Assets/Fantasy Skybox/Cubemaps/FS013/Images/FS013_Snowy_Cubemap_right.png
  artifactKey: Guid(03345d163ecd1e846a20d443dc4c1f44) Importer(815301076,1909f56bfc062723c751e8b465ee728b)
Start importing Assets/Fantasy Skybox/Cubemaps/FS013/Images/FS013_Snowy_Cubemap_right.png using Guid(03345d163ecd1e846a20d443dc4c1f44) Importer(815301076,1909f56bfc062723c751e8b465ee728b)  -> (artifact id: 'f57f1a11f7e5e0cc072bb9611ac178b1') in 0.012182 seconds 
========================================================================
Received Import Request.
  Time since last request: 0.281990 seconds.
  path: Assets/Fantasy Skybox/Cubemaps/FS013/Images/FS013_Snowy_Cubemap_up.png
  artifactKey: Guid(7d5b8e669d92e6b46b3e0d8af92cdee4) Importer(815301076,1909f56bfc062723c751e8b465ee728b)
Start importing Assets/Fantasy Skybox/Cubemaps/FS013/Images/FS013_Snowy_Cubemap_up.png using Guid(7d5b8e669d92e6b46b3e0d8af92cdee4) Importer(815301076,1909f56bfc062723c751e8b465ee728b)  -> (artifact id: 'a1c8e15cf17ee1c527a06bcbefd86b8b') in 0.016237 seconds 
========================================================================
Received Import Request.
  Time since last request: 0.000039 seconds.
  path: Assets/Fantasy Skybox/Cubemaps/FS013/Images/FS013_Sunrise_Cubemap_front.png
  artifactKey: Guid(c910cd3670dbbd246ad546086a208ae0) Importer(815301076,1909f56bfc062723c751e8b465ee728b)
Start importing Assets/Fantasy Skybox/Cubemaps/FS013/Images/FS013_Sunrise_Cubemap_front.png using Guid(c910cd3670dbbd246ad546086a208ae0) Importer(815301076,1909f56bfc062723c751e8b465ee728b)  -> (artifact id: '65d7063fa3aacbc34122dc78a5bb50d4') in 0.019153 seconds 
========================================================================
Received Import Request.
  Time since last request: 2.630034 seconds.
  path: Assets/Fantasy Skybox/Cubemaps/FS013/Images/FS013_Sunset_Cubemap_back.png
  artifactKey: Guid(ba0f43da8e38c724d82c9ad6502045b9) Importer(815301076,1909f56bfc062723c751e8b465ee728b)
Start importing Assets/Fantasy Skybox/Cubemaps/FS013/Images/FS013_Sunset_Cubemap_back.png using Guid(ba0f43da8e38c724d82c9ad6502045b9) Importer(815301076,1909f56bfc062723c751e8b465ee728b)  -> (artifact id: '4545956b7080585ceddeee84adae9878') in 0.020118 seconds 
========================================================================
Received Import Request.
  Time since last request: 0.043346 seconds.
  path: Assets/Fantasy Skybox/Cubemaps/FS013/Images/FS013_Sunset_Cubemap_left.png
  artifactKey: Guid(115d1b9e80be10043a2ef4a167cb6721) Importer(815301076,1909f56bfc062723c751e8b465ee728b)
Start importing Assets/Fantasy Skybox/Cubemaps/FS013/Images/FS013_Sunset_Cubemap_left.png using Guid(115d1b9e80be10043a2ef4a167cb6721) Importer(815301076,1909f56bfc062723c751e8b465ee728b)  -> (artifact id: 'ff52bbaf389dde9f5f2168cb69ad9842') in 0.016242 seconds 
========================================================================
Received Import Request.
  Time since last request: 15.324197 seconds.
  path: Assets/Fantasy Skybox/Cubemaps/FS014
  artifactKey: Guid(33596bc63223a7f418bcec57f1869afb) Importer(815301076,1909f56bfc062723c751e8b465ee728b)
Start importing Assets/Fantasy Skybox/Cubemaps/FS014 using Guid(33596bc63223a7f418bcec57f1869afb) Importer(815301076,1909f56bfc062723c751e8b465ee728b)  -> (artifact id: 'a63a4fa95195d31f92218be88856b1bd') in 0.004483 seconds 
========================================================================
Received Import Request.
  Time since last request: 0.488486 seconds.
  path: Assets/Fantasy Skybox/Cubemaps/FS014/FS014_Day_Cubemap.mat
  artifactKey: Guid(45c395f6326457a45afff8f07bb65448) Importer(815301076,1909f56bfc062723c751e8b465ee728b)
Start importing Assets/Fantasy Skybox/Cubemaps/FS014/FS014_Day_Cubemap.mat using Guid(45c395f6326457a45afff8f07bb65448) Importer(815301076,1909f56bfc062723c751e8b465ee728b)  -> (artifact id: 'd076224cd356de4c032b1198cbe81ea3') in 0.041989 seconds 
========================================================================
Received Import Request.
  Time since last request: 0.000033 seconds.
  path: Assets/Fantasy Skybox/Cubemaps/FS014/FS014_Snowy_Cubemap.mat
  artifactKey: Guid(42c9c99bb012ed74086064b629f283e8) Importer(815301076,1909f56bfc062723c751e8b465ee728b)
Start importing Assets/Fantasy Skybox/Cubemaps/FS014/FS014_Snowy_Cubemap.mat using Guid(42c9c99bb012ed74086064b629f283e8) Importer(815301076,1909f56bfc062723c751e8b465ee728b)  -> (artifact id: 'b94e9096c5edd4382aa073e81f257ac1') in 0.038318 seconds 
========================================================================
Received Import Request.
  Time since last request: 1.420965 seconds.
  path: Assets/Fantasy Skybox/Cubemaps/FS014/Images
  artifactKey: Guid(64f816031410b5b44b5748dbd99890be) Importer(815301076,1909f56bfc062723c751e8b465ee728b)
Start importing Assets/Fantasy Skybox/Cubemaps/FS014/Images using Guid(64f816031410b5b44b5748dbd99890be) Importer(815301076,1909f56bfc062723c751e8b465ee728b)  -> (artifact id: '5dedfcd98fd52d68c35691f43d5c165d') in 0.001442 seconds 
========================================================================
Received Import Request.
  Time since last request: 0.052192 seconds.
  path: Assets/Fantasy Skybox/Cubemaps/FS014/Images/FS014_Day_Cubemap_back.png
  artifactKey: Guid(150f1fc2f939b3c43a9d37377598df93) Importer(815301076,1909f56bfc062723c751e8b465ee728b)
Start importing Assets/Fantasy Skybox/Cubemaps/FS014/Images/FS014_Day_Cubemap_back.png using Guid(150f1fc2f939b3c43a9d37377598df93) Importer(815301076,1909f56bfc062723c751e8b465ee728b)  -> (artifact id: '3469cfae3adae898bbc68342ffe4f40b') in 0.045427 seconds 
========================================================================
Received Import Request.
  Time since last request: 0.001899 seconds.
  path: Assets/Fantasy Skybox/Cubemaps/FS014/Images/FS014_Night_Cubemap_front.png
  artifactKey: Guid(60132b732704fff42b59c5aaf6fc7988) Importer(815301076,1909f56bfc062723c751e8b465ee728b)
Start importing Assets/Fantasy Skybox/Cubemaps/FS014/Images/FS014_Night_Cubemap_front.png using Guid(60132b732704fff42b59c5aaf6fc7988) Importer(815301076,1909f56bfc062723c751e8b465ee728b)  -> (artifact id: '2854f402dbaa7c1e8311a1c270c34d24') in 0.053819 seconds 
========================================================================
Received Import Request.
  Time since last request: 0.000032 seconds.
  path: Assets/Fantasy Skybox/Cubemaps/FS014/Images/FS014_Day_Cubemap_left.png
  artifactKey: Guid(73b60eb84795bab41b85c8b70b3dc2d0) Importer(815301076,1909f56bfc062723c751e8b465ee728b)
Start importing Assets/Fantasy Skybox/Cubemaps/FS014/Images/FS014_Day_Cubemap_left.png using Guid(73b60eb84795bab41b85c8b70b3dc2d0) Importer(815301076,1909f56bfc062723c751e8b465ee728b)  -> (artifact id: '4c9cbc25ef7c5ffbbc67344aa5dc0bef') in 0.028156 seconds 
========================================================================
Received Import Request.
  Time since last request: 0.000032 seconds.
  path: Assets/Fantasy Skybox/Cubemaps/FS014/Images/FS014_Night_Cubemap_up.png
  artifactKey: Guid(07a3d79851c893047bedcc8f9e935135) Importer(815301076,1909f56bfc062723c751e8b465ee728b)
Start importing Assets/Fantasy Skybox/Cubemaps/FS014/Images/FS014_Night_Cubemap_up.png using Guid(07a3d79851c893047bedcc8f9e935135) Importer(815301076,1909f56bfc062723c751e8b465ee728b)  -> (artifact id: '6878296a706b7f205a4ad3ef8871e96c') in 0.046225 seconds 
========================================================================
Received Import Request.
  Time since last request: 0.000034 seconds.
  path: Assets/Fantasy Skybox/Cubemaps/FS014/Images/FS014_Night_Moonless_Cubemap_left.png
  artifactKey: Guid(34ffbdc49b2af7c41acea14ed71871c4) Importer(815301076,1909f56bfc062723c751e8b465ee728b)
Start importing Assets/Fantasy Skybox/Cubemaps/FS014/Images/FS014_Night_Moonless_Cubemap_left.png using Guid(34ffbdc49b2af7c41acea14ed71871c4) Importer(815301076,1909f56bfc062723c751e8b465ee728b)  -> (artifact id: 'e1c5cce18b81f2f6b1f44e8a0a5428c7') in 0.055779 seconds 
========================================================================
Received Import Request.
  Time since last request: 0.000266 seconds.
  path: Assets/Fantasy Skybox/Cubemaps/FS014/Images/FS014_Night_Moonless_Cubemap_front.png
  artifactKey: Guid(536d320ebbafe1b429b2a918942b7c2d) Importer(815301076,1909f56bfc062723c751e8b465ee728b)
Start importing Assets/Fantasy Skybox/Cubemaps/FS014/Images/FS014_Night_Moonless_Cubemap_front.png using Guid(536d320ebbafe1b429b2a918942b7c2d) Importer(815301076,1909f56bfc062723c751e8b465ee728b)  -> (artifact id: '99ad6dd2ad9f70258ebbe501153f969f') in 0.013894 seconds 
========================================================================
Received Import Request.
  Time since last request: 0.000034 seconds.
  path: Assets/Fantasy Skybox/Cubemaps/FS014/Images/FS014_Day_Sunless_Cubemap_back.png
  artifactKey: Guid(fdb2b179f2582994b9e97b65445e9e14) Importer(815301076,1909f56bfc062723c751e8b465ee728b)
Start importing Assets/Fantasy Skybox/Cubemaps/FS014/Images/FS014_Day_Sunless_Cubemap_back.png using Guid(fdb2b179f2582994b9e97b65445e9e14) Importer(815301076,1909f56bfc062723c751e8b465ee728b)  -> (artifact id: '4fdf002f4eb406dd61cc67dd133ee761') in 0.020010 seconds 
========================================================================
Received Import Request.
  Time since last request: 0.000030 seconds.
  path: Assets/Fantasy Skybox/Cubemaps/FS014/Images/FS014_Day_Sunless_Cubemap_left.png
  artifactKey: Guid(d3d59dafa4febb04b934c94c3f3b1dc2) Importer(815301076,1909f56bfc062723c751e8b465ee728b)
Start importing Assets/Fantasy Skybox/Cubemaps/FS014/Images/FS014_Day_Sunless_Cubemap_left.png using Guid(d3d59dafa4febb04b934c94c3f3b1dc2) Importer(815301076,1909f56bfc062723c751e8b465ee728b)  -> (artifact id: '6d85a6400053b1c80110752f7397c021') in 0.051070 seconds 
========================================================================
Received Import Request.
  Time since last request: 0.004524 seconds.
  path: Assets/Fantasy Skybox/Cubemaps/FS014/Images/FS014_Day_Sunless_Cubemap_front.png
  artifactKey: Guid(afce632e68993a341915235866aa44d4) Importer(815301076,1909f56bfc062723c751e8b465ee728b)
Start importing Assets/Fantasy Skybox/Cubemaps/FS014/Images/FS014_Day_Sunless_Cubemap_front.png using Guid(afce632e68993a341915235866aa44d4) Importer(815301076,1909f56bfc062723c751e8b465ee728b)  -> (artifact id: 'f7ce36e50fb586b734f1a7e3a9cd6f9f') in 0.057217 seconds 
========================================================================
Received Import Request.
  Time since last request: 0.000032 seconds.
  path: Assets/Fantasy Skybox/Cubemaps/FS014/Images/FS014_Day_Sunless_Cubemap_up.png
  artifactKey: Guid(d972fafa1128ef54a841d1190c8e1c6e) Importer(815301076,1909f56bfc062723c751e8b465ee728b)
Start importing Assets/Fantasy Skybox/Cubemaps/FS014/Images/FS014_Day_Sunless_Cubemap_up.png using Guid(d972fafa1128ef54a841d1190c8e1c6e) Importer(815301076,1909f56bfc062723c751e8b465ee728b)  -> (artifact id: 'b96cc93e56fe878ecb1859d9d7454ed3') in 0.052291 seconds 
========================================================================
Received Import Request.
  Time since last request: 0.000049 seconds.
  path: Assets/Fantasy Skybox/Cubemaps/FS014/Images/FS014_Day_Sunless_Cubemap_down.png
  artifactKey: Guid(3e106ccff1cdce947a90b3d58e163606) Importer(815301076,1909f56bfc062723c751e8b465ee728b)
Start importing Assets/Fantasy Skybox/Cubemaps/FS014/Images/FS014_Day_Sunless_Cubemap_down.png using Guid(3e106ccff1cdce947a90b3d58e163606) Importer(815301076,1909f56bfc062723c751e8b465ee728b)  -> (artifact id: 'af1a16250820735a602e41ba75a8782c') in 0.047036 seconds 
========================================================================
Received Import Request.
  Time since last request: 0.006666 seconds.
  path: Assets/Fantasy Skybox/Cubemaps/FS014/Images/FS014_Night_Moonless_Cubemap_up.png
  artifactKey: Guid(1e42ac3ca698a114faecaa27fe613fce) Importer(815301076,1909f56bfc062723c751e8b465ee728b)
Start importing Assets/Fantasy Skybox/Cubemaps/FS014/Images/FS014_Night_Moonless_Cubemap_up.png using Guid(1e42ac3ca698a114faecaa27fe613fce) Importer(815301076,1909f56bfc062723c751e8b465ee728b)  -> (artifact id: '7685214c3a0dfd041da8ddf578ec8468') in 0.034799 seconds 
========================================================================
Received Import Request.
  Time since last request: 10.262136 seconds.
  path: Assets/Fantasy Skybox/Cubemaps/FS017/Images/FS017_Sunrise_Cubemap.cubemap
  artifactKey: Guid(00d99b03382153c46afe28a66ea8c441) Importer(815301076,1909f56bfc062723c751e8b465ee728b)
Start importing Assets/Fantasy Skybox/Cubemaps/FS017/Images/FS017_Sunrise_Cubemap.cubemap using Guid(00d99b03382153c46afe28a66ea8c441) Importer(815301076,1909f56bfc062723c751e8b465ee728b)  -> (artifact id: '0abd8aae42de9c8dc2c6399704125a92') in 0.391582 seconds 
========================================================================
Received Import Request.
  Time since last request: 0.000042 seconds.
  path: Assets/Fantasy Skybox/Cubemaps/FS020/Images/FS020_Sunset_Cubemap.cubemap
  artifactKey: Guid(f95042ba11df1b64fa0b0094ada8bf53) Importer(815301076,1909f56bfc062723c751e8b465ee728b)
Start importing Assets/Fantasy Skybox/Cubemaps/FS020/Images/FS020_Sunset_Cubemap.cubemap using Guid(f95042ba11df1b64fa0b0094ada8bf53) Importer(815301076,1909f56bfc062723c751e8b465ee728b)  -> (artifact id: '750d6a33cf67df282f8ca522b0842d42') in 0.348683 seconds 
========================================================================
Received Import Request.
  Time since last request: 0.000047 seconds.
  path: Assets/Fantasy Skybox/Cubemaps/FS020/Images/FS020_Day_Sunless_Cubemap.cubemap
  artifactKey: Guid(be67a71a7607c824fb80bb62b1a8b59f) Importer(815301076,1909f56bfc062723c751e8b465ee728b)
Start importing Assets/Fantasy Skybox/Cubemaps/FS020/Images/FS020_Day_Sunless_Cubemap.cubemap using Guid(be67a71a7607c824fb80bb62b1a8b59f) Importer(815301076,1909f56bfc062723c751e8b465ee728b)  -> (artifact id: '099976458c217a56a07b653de3a98225') in 0.343528 seconds 
========================================================================
Received Import Request.
  Time since last request: 0.000043 seconds.
  path: Assets/Fantasy Skybox/Cubemaps/FS020/Images/FS020_Snowy_Cubemap.cubemap
  artifactKey: Guid(1802f347bd98f1b48aeb622cc70092df) Importer(815301076,1909f56bfc062723c751e8b465ee728b)
Start importing Assets/Fantasy Skybox/Cubemaps/FS020/Images/FS020_Snowy_Cubemap.cubemap using Guid(1802f347bd98f1b48aeb622cc70092df) Importer(815301076,1909f56bfc062723c751e8b465ee728b)  -> (artifact id: '19520be43fcbe648db3e96dc4a26e0df') in 0.319924 seconds 
========================================================================
Received Import Request.
  Time since last request: 0.000048 seconds.
  path: Assets/Fantasy Skybox/Cubemaps/FS019/Images/FS019_Snowy_Cubemap.cubemap
  artifactKey: Guid(824f6b30d17b84c46b02e3024713621b) Importer(815301076,1909f56bfc062723c751e8b465ee728b)
Start importing Assets/Fantasy Skybox/Cubemaps/FS019/Images/FS019_Snowy_Cubemap.cubemap using Guid(824f6b30d17b84c46b02e3024713621b) Importer(815301076,1909f56bfc062723c751e8b465ee728b)  -> (artifact id: '99ab9b2ed971cf685a9b9f8e585160b6') in 0.372396 seconds 
========================================================================
Received Import Request.
  Time since last request: 19.598131 seconds.
  path: Assets/Fantasy Skybox/Cubemaps/FS011/Images/FS011_Day_Cubemap_back.png
  artifactKey: Guid(924c018907b28a14aa96bbc58449afda) Importer(815301076,1909f56bfc062723c751e8b465ee728b)
Start importing Assets/Fantasy Skybox/Cubemaps/FS011/Images/FS011_Day_Cubemap_back.png using Guid(924c018907b28a14aa96bbc58449afda) Importer(815301076,1909f56bfc062723c751e8b465ee728b)  -> (artifact id: 'fa12a404b7b1048af7fbd7061465b753') in 0.030050 seconds 
========================================================================
Received Import Request.
  Time since last request: 0.000029 seconds.
  path: Assets/Fantasy Skybox/Cubemaps/FS011/Images/FS011_Night_Moonless_Cubemap_back.png
  artifactKey: Guid(b5231bd67cef31e488481f384ed916a7) Importer(815301076,1909f56bfc062723c751e8b465ee728b)
Start importing Assets/Fantasy Skybox/Cubemaps/FS011/Images/FS011_Night_Moonless_Cubemap_back.png using Guid(b5231bd67cef31e488481f384ed916a7) Importer(815301076,1909f56bfc062723c751e8b465ee728b)  -> (artifact id: 'ffa70eebda8b0a81c2a9524e88397509') in 0.020826 seconds 
========================================================================
Received Import Request.
  Time since last request: 0.000036 seconds.
  path: Assets/Fantasy Skybox/Cubemaps/FS011/Images/FS011_Night_Cubemap_down.png
  artifactKey: Guid(ecc51bec5f7ac864ba1e4709e28df494) Importer(815301076,1909f56bfc062723c751e8b465ee728b)
Start importing Assets/Fantasy Skybox/Cubemaps/FS011/Images/FS011_Night_Cubemap_down.png using Guid(ecc51bec5f7ac864ba1e4709e28df494) Importer(815301076,1909f56bfc062723c751e8b465ee728b)  -> (artifact id: 'a2565b4f5b8ceceb4e3fb21e4e719e4a') in 0.014141 seconds 
========================================================================
Received Import Request.
  Time since last request: 0.000039 seconds.
  path: Assets/Fantasy Skybox/Cubemaps/FS011/Images/FS011_Day_Sunless_Cubemap_up.png
  artifactKey: Guid(9808b7e2e5d2ebe4697774351bc794d5) Importer(815301076,1909f56bfc062723c751e8b465ee728b)
Start importing Assets/Fantasy Skybox/Cubemaps/FS011/Images/FS011_Day_Sunless_Cubemap_up.png using Guid(9808b7e2e5d2ebe4697774351bc794d5) Importer(815301076,1909f56bfc062723c751e8b465ee728b)  -> (artifact id: '65b7ab5059dd17ad2c99e7822ebeb43c') in 0.026284 seconds 
========================================================================
Received Import Request.
  Time since last request: 0.000034 seconds.
  path: Assets/Fantasy Skybox/Cubemaps/FS011/Images/FS011_Night_Cubemap_left.png
  artifactKey: Guid(8e17207cd9a7bec47853ad3f8d39b716) Importer(815301076,1909f56bfc062723c751e8b465ee728b)
Start importing Assets/Fantasy Skybox/Cubemaps/FS011/Images/FS011_Night_Cubemap_left.png using Guid(8e17207cd9a7bec47853ad3f8d39b716) Importer(815301076,1909f56bfc062723c751e8b465ee728b)  -> (artifact id: 'ac38093b784029616e5580ffe4c9bb51') in 0.016400 seconds 
========================================================================
Received Import Request.
  Time since last request: 0.000050 seconds.
  path: Assets/Fantasy Skybox/Cubemaps/FS011/Images/FS011_Day_Sunless_Cubemap_back.png
  artifactKey: Guid(99c814c8dd6d52742b633f9b36eb79d0) Importer(815301076,1909f56bfc062723c751e8b465ee728b)
Start importing Assets/Fantasy Skybox/Cubemaps/FS011/Images/FS011_Day_Sunless_Cubemap_back.png using Guid(99c814c8dd6d52742b633f9b36eb79d0) Importer(815301076,1909f56bfc062723c751e8b465ee728b)  -> (artifact id: 'b8c08af0c3513c163abe63ccc9d6bc8b') in 0.012381 seconds 
========================================================================
Received Import Request.
  Time since last request: 5.637580 seconds.
  path: Assets/Fantasy Skybox/Cubemaps/FS011/Images/FS011_Day_Cubemap.cubemap
  artifactKey: Guid(90b16739975482a428e7b36f6b21e08f) Importer(815301076,1909f56bfc062723c751e8b465ee728b)
Start importing Assets/Fantasy Skybox/Cubemaps/FS011/Images/FS011_Day_Cubemap.cubemap using Guid(90b16739975482a428e7b36f6b21e08f) Importer(815301076,1909f56bfc062723c751e8b465ee728b)  -> (artifact id: '48e1e5c7c75b97ca87132d74d99be7e7') in 1.285237 seconds 
========================================================================
Received Import Request.
  Time since last request: 38.516340 seconds.
  path: Assets/Fantasy Skybox/Cubemaps/FS011/Images/FS011_Rainy_Cubemap_back.png
  artifactKey: Guid(0bb13de00a9d0f74ab3582360b179c83) Importer(815301076,1909f56bfc062723c751e8b465ee728b)
Start importing Assets/Fantasy Skybox/Cubemaps/FS011/Images/FS011_Rainy_Cubemap_back.png using Guid(0bb13de00a9d0f74ab3582360b179c83) Importer(815301076,1909f56bfc062723c751e8b465ee728b)  -> (artifact id: '41f7b94527a1563e2af45c5cbf3f8953') in 0.041090 seconds 
========================================================================
Received Import Request.
  Time since last request: 0.096291 seconds.
  path: Assets/Fantasy Skybox/Cubemaps/FS011/Images/FS011_Snowy_Cubemap_down.png
  artifactKey: Guid(c3c7345a5a3464b4697704931b0c5048) Importer(815301076,1909f56bfc062723c751e8b465ee728b)
Start importing Assets/Fantasy Skybox/Cubemaps/FS011/Images/FS011_Snowy_Cubemap_down.png using Guid(c3c7345a5a3464b4697704931b0c5048) Importer(815301076,1909f56bfc062723c751e8b465ee728b)  -> (artifact id: 'f52e8e08dac740952591238df22600ea') in 0.022789 seconds 
========================================================================
Received Import Request.
  Time since last request: 0.616159 seconds.
  path: Assets/Fantasy Skybox/Cubemaps/FS011/Images/FS011_Snowy_Cubemap_up.png
  artifactKey: Guid(00d8ad1d29ed76a4580dc195c94cfe1e) Importer(815301076,1909f56bfc062723c751e8b465ee728b)
Start importing Assets/Fantasy Skybox/Cubemaps/FS011/Images/FS011_Snowy_Cubemap_up.png using Guid(00d8ad1d29ed76a4580dc195c94cfe1e) Importer(815301076,1909f56bfc062723c751e8b465ee728b)  -> (artifact id: 'd0d582eb1171463a50807df023662443') in 0.030163 seconds 
========================================================================
Received Import Request.
  Time since last request: 0.000036 seconds.
  path: Assets/Fantasy Skybox/Cubemaps/FS011/Images/FS011_Sunrise_Cubemap_up.png
  artifactKey: Guid(93f93b17096c2574e8d1a3062dd70f5b) Importer(815301076,1909f56bfc062723c751e8b465ee728b)
Start importing Assets/Fantasy Skybox/Cubemaps/FS011/Images/FS011_Sunrise_Cubemap_up.png using Guid(93f93b17096c2574e8d1a3062dd70f5b) Importer(815301076,1909f56bfc062723c751e8b465ee728b)  -> (artifact id: '4e11d23d87df6d47733c44a81e3c9c93') in 0.036501 seconds 
========================================================================
Received Import Request.
  Time since last request: 0.078411 seconds.
  path: Assets/Fantasy Skybox/Cubemaps/FS011/Images/FS011_Sunset_Cubemap_left.png
  artifactKey: Guid(9b40971366bb8f34b87a8e513a35fa25) Importer(815301076,1909f56bfc062723c751e8b465ee728b)
Start importing Assets/Fantasy Skybox/Cubemaps/FS011/Images/FS011_Sunset_Cubemap_left.png using Guid(9b40971366bb8f34b87a8e513a35fa25) Importer(815301076,1909f56bfc062723c751e8b465ee728b)  -> (artifact id: 'a8de069147291f89d9de1f0f47c0a571') in 0.013846 seconds 
Editor requested this worker to shutdown with reason: Scaling down because of idle timeout
AssetImportWorker is now disconnected from the server
Process exiting
Exiting without the bug reporter. Application will terminate with return code 0